#
# There is insufficient memory for the Java Runtime Environment to continue.
# Native memory allocation (malloc) failed to allocate 65552 bytes for Chunk::new
# Possible reasons:
#   The system is out of physical RAM or swap space
#   In 32 bit mode, the process size limit was hit
# Possible solutions:
#   Reduce memory load on the system
#   Increase physical memory or swap space
#   Check if swap backing store is full
#   Use 64 bit Java on a 64 bit OS
#   Decrease Java heap size (-Xmx/-Xms)
#   Decrease number of Java threads
#   Decrease Java thread stack sizes (-Xss)
#   Set larger code cache with -XX:ReservedCodeCacheSize=
# This output file may be truncated or incomplete.
#
#  Out of Memory Error (allocation.cpp:388), pid=12472, tid=5760
#
# JRE version: Java(TM) SE Runtime Environment (8.0_05-b13) (build 1.8.0_05-b13)
# Java VM: Java HotSpot(TM) 64-Bit Server VM (25.5-b02 mixed mode windows-amd64 compressed oops)
# Failed to write core dump. Minidumps are not enabled by default on client versions of Windows
#

---------------  T H R E A D  ---------------

Current thread (0x0000000016a2e800):  JavaThread "C2 CompilerThread1" daemon [_thread_in_native, id=5760, stack(0x00000000170e0000,0x00000000171e0000)]

Stack: [0x00000000170e0000,0x00000000171e0000]
Native frames: (J=compiled Java code, j=interpreted, Vv=VM code, C=native code)
V  [jvm.dll+0x308dea]
V  [jvm.dll+0x25def1]
V  [jvm.dll+0x25eb0f]
V  [jvm.dll+0x2564e5]
V  [jvm.dll+0xbcfc5]
V  [jvm.dll+0xbd45c]
V  [jvm.dll+0xbd704]
V  [jvm.dll+0x4bea70]
V  [jvm.dll+0x4d56c0]
V  [jvm.dll+0x44200a]
V  [jvm.dll+0x44366b]
V  [jvm.dll+0x427532]
V  [jvm.dll+0x96702]
V  [jvm.dll+0x96ef3]
V  [jvm.dll+0x2232c4]
V  [jvm.dll+0x27baca]
C  [msvcr100.dll+0x21d9f]
C  [msvcr100.dll+0x21e3b]
C  [KERNEL32.DLL+0x8364]
C  [ntdll.dll+0x670d1]


Current CompileTask:
C2:    709  659       4       com.android.dx.ssa.SsaBasicBlock::forEachInsn (37 bytes)


---------------  P R O C E S S  ---------------

Java Threads: ( => current thread )
  0x0000000016cb3800 JavaThread "pool-1-thread-4" [_thread_in_Java, id=6608, stack(0x00000000178e0000,0x00000000179e0000)]
  0x0000000016cbe000 JavaThread "pool-1-thread-3" [_thread_in_vm, id=19948, stack(0x00000000177e0000,0x00000000178e0000)]
  0x0000000016cb2800 JavaThread "pool-1-thread-2" [_thread_in_Java, id=1600, stack(0x00000000176e0000,0x00000000177e0000)]
  0x0000000016bc4800 JavaThread "pool-2-thread-1" [_thread_blocked, id=17568, stack(0x00000000175e0000,0x00000000176e0000)]
  0x0000000016bc4000 JavaThread "pool-1-thread-1" [_thread_in_Java, id=5500, stack(0x00000000174e0000,0x00000000175e0000)]
  0x0000000016a46000 JavaThread "Service Thread" daemon [_thread_blocked, id=24520, stack(0x00000000172e0000,0x00000000173e0000)]
  0x0000000016a41800 JavaThread "C1 CompilerThread2" daemon [_thread_in_native, id=21432, stack(0x00000000171e0000,0x00000000172e0000)]
=>0x0000000016a2e800 JavaThread "C2 CompilerThread1" daemon [_thread_in_native, id=5760, stack(0x00000000170e0000,0x00000000171e0000)]
  0x00000000156a4000 JavaThread "C2 CompilerThread0" daemon [_thread_in_native, id=15336, stack(0x0000000016fe0000,0x00000000170e0000)]
  0x00000000156a3000 JavaThread "Attach Listener" daemon [_thread_blocked, id=6180, stack(0x0000000016ee0000,0x0000000016fe0000)]
  0x0000000016a23000 JavaThread "Signal Dispatcher" daemon [_thread_blocked, id=17576, stack(0x0000000016de0000,0x0000000016ee0000)]
  0x0000000002faf000 JavaThread "Finalizer" daemon [_thread_blocked, id=21376, stack(0x00000000168e0000,0x00000000169e0000)]
  0x0000000015658000 JavaThread "Reference Handler" daemon [_thread_blocked, id=10632, stack(0x00000000167e0000,0x00000000168e0000)]
  0x0000000002a3d800 JavaThread "main" [_thread_blocked, id=21876, stack(0x0000000002dc0000,0x0000000002ec0000)]

Other Threads:
  0x0000000015655800 VMThread [stack: 0x00000000166e0000,0x00000000167e0000] [id=19312]
  0x0000000016a48800 WatcherThread [stack: 0x00000000173e0000,0x00000000174e0000] [id=14744]

VM state:not at safepoint (normal execution)

VM Mutex/Monitor currently owned by a thread: None

Heap:
 PSYoungGen      total 5632K, used 4340K [0x00000000eab00000, 0x00000000eb880000, 0x0000000100000000)
  eden space 4096K, 69% used [0x00000000eab00000,0x00000000eadc39e0,0x00000000eaf00000)
  from space 1536K, 98% used [0x00000000eaf00000,0x00000000eb0798b8,0x00000000eb080000)
  to   space 3584K, 0% used [0x00000000eb500000,0x00000000eb500000,0x00000000eb880000)
 ParOldGen       total 129536K, used 3770K [0x00000000c0000000, 0x00000000c7e80000, 0x00000000eab00000)
  object space 129536K, 2% used [0x00000000c0000000,0x00000000c03ae848,0x00000000c7e80000)
 Metaspace       used 5658K, capacity 6704K, committed 6784K, reserved 1056768K
  class space    used 597K, capacity 616K, committed 640K, reserved 1048576K

Card table byte_map: [0x0000000012380000,0x0000000012590000] byte_map_base: 0x0000000011d80000

Marking Bits: (ParMarkBitMap*) 0x00000000743213b0
 Begin Bits: [0x0000000012af0000, 0x0000000013af0000)
 End Bits:   [0x0000000013af0000, 0x0000000014af0000)

Polling page: 0x0000000000e20000

CodeCache: size=245760Kb used=2906Kb max_used=2906Kb free=242853Kb
 bounds [0x0000000002fc0000, 0x00000000032a0000, 0x0000000011fc0000]
 total_blobs=1025 nmethods=758 adapters=181
 compilation: enabled

Compilation events (10 events):
Event: 0.584 Thread 0x0000000016a41800  724       3       com.android.dx.rop.code.RopMethod::labelToPredecessors (54 bytes)
Event: 0.621 Thread 0x00000000156a4000  661       4       com.android.dx.ssa.NormalSsaInsn::getOpcode (8 bytes)
Event: 0.621 Thread 0x0000000016a41800 nmethod 724 0x000000000324f390 code [0x000000000324f580, 0x000000000324fe18]
Event: 0.621 Thread 0x0000000016a41800  709       3       com.android.dx.rop.cst.CstString::hashCode (8 bytes)
Event: 0.622 Thread 0x0000000016a41800 nmethod 709 0x0000000003252ed0 code [0x0000000003253040, 0x0000000003253248]
Event: 0.622 Thread 0x0000000016a41800  720       3       java.util.ArrayList::subList (22 bytes)
Event: 0.622 Thread 0x0000000016a41800 nmethod 720 0x0000000003253310 code [0x0000000003253480, 0x00000000032536b8]
Event: 0.622 Thread 0x0000000016a41800  725       3       com.android.dx.rop.code.RegisterSpecSet::mutableCopy (57 bytes)
Event: 0.622 Thread 0x0000000016a41800 nmethod 725 0x0000000003253790 code [0x0000000003253940, 0x0000000003253ee8]
Event: 0.622 Thread 0x0000000016a41800  721       3       java.util.ArrayList::subListRangeCheck (110 bytes)

GC Heap History (10 events):
Event: 0.220 GC heap before
{Heap before GC invocations=4 (full 0):
 PSYoungGen      total 1536K, used 1528K [0x00000000eab00000, 0x00000000eae00000, 0x0000000100000000)
  eden space 1024K, 99% used [0x00000000eab00000,0x00000000eabffa38,0x00000000eac00000)
  from space 512K, 98% used [0x00000000eac00000,0x00000000eac7e620,0x00000000eac80000)
  to   space 512K, 0% used [0x00000000ead80000,0x00000000ead80000,0x00000000eae00000)
 ParOldGen       total 129536K, used 553K [0x00000000c0000000, 0x00000000c7e80000, 0x00000000eab00000)
  object space 129536K, 0% used [0x00000000c0000000,0x00000000c008a408,0x00000000c7e80000)
 Metaspace       used 3627K, capacity 4880K, committed 5120K, reserved 1056768K
  class space    used 402K, capacity 456K, committed 512K, reserved 1048576K
Event: 0.222 GC heap after
Heap after GC invocations=4 (full 0):
 PSYoungGen      total 2560K, used 505K [0x00000000eab00000, 0x00000000eae00000, 0x0000000100000000)
  eden space 2048K, 0% used [0x00000000eab00000,0x00000000eab00000,0x00000000ead00000)
  from space 512K, 98% used [0x00000000ead80000,0x00000000eadfe620,0x00000000eae00000)
  to   space 512K, 0% used [0x00000000ead00000,0x00000000ead00000,0x00000000ead80000)
 ParOldGen       total 129536K, used 756K [0x00000000c0000000, 0x00000000c7e80000, 0x00000000eab00000)
  object space 129536K, 0% used [0x00000000c0000000,0x00000000c00bd168,0x00000000c7e80000)
 Metaspace       used 3627K, capacity 4880K, committed 5120K, reserved 1056768K
  class space    used 402K, capacity 456K, committed 512K, reserved 1048576K
}
Event: 0.293 GC heap before
{Heap before GC invocations=5 (full 0):
 PSYoungGen      total 2560K, used 2553K [0x00000000eab00000, 0x00000000eae00000, 0x0000000100000000)
  eden space 2048K, 100% used [0x00000000eab00000,0x00000000ead00000,0x00000000ead00000)
  from space 512K, 98% used [0x00000000ead80000,0x00000000eadfe620,0x00000000eae00000)
  to   space 512K, 0% used [0x00000000ead00000,0x00000000ead00000,0x00000000ead80000)
 ParOldGen       total 129536K, used 756K [0x00000000c0000000, 0x00000000c7e80000, 0x00000000eab00000)
  object space 129536K, 0% used [0x00000000c0000000,0x00000000c00bd168,0x00000000c7e80000)
 Metaspace       used 4063K, capacity 5296K, committed 5376K, reserved 1056768K
  class space    used 454K, capacity 488K, committed 512K, reserved 1048576K
Event: 0.302 GC heap after
Heap after GC invocations=5 (full 0):
 PSYoungGen      total 2560K, used 492K [0x00000000eab00000, 0x00000000eb200000, 0x0000000100000000)
  eden space 2048K, 0% used [0x00000000eab00000,0x00000000eab00000,0x00000000ead00000)
  from space 512K, 96% used [0x00000000ead00000,0x00000000ead7b198,0x00000000ead80000)
  to   space 1536K, 0% used [0x00000000eb080000,0x00000000eb080000,0x00000000eb200000)
 ParOldGen       total 129536K, used 1556K [0x00000000c0000000, 0x00000000c7e80000, 0x00000000eab00000)
  object space 129536K, 1% used [0x00000000c0000000,0x00000000c01850b0,0x00000000c7e80000)
 Metaspace       used 4063K, capacity 5296K, committed 5376K, reserved 1056768K
  class space    used 454K, capacity 488K, committed 512K, reserved 1048576K
}
Event: 0.334 GC heap before
{Heap before GC invocations=6 (full 0):
 PSYoungGen      total 2560K, used 2540K [0x00000000eab00000, 0x00000000eb200000, 0x0000000100000000)
  eden space 2048K, 100% used [0x00000000eab00000,0x00000000ead00000,0x00000000ead00000)
  from space 512K, 96% used [0x00000000ead00000,0x00000000ead7b198,0x00000000ead80000)
  to   space 1536K, 0% used [0x00000000eb080000,0x00000000eb080000,0x00000000eb200000)
 ParOldGen       total 129536K, used 1556K [0x00000000c0000000, 0x00000000c7e80000, 0x00000000eab00000)
  object space 129536K, 1% used [0x00000000c0000000,0x00000000c01850b0,0x00000000c7e80000)
 Metaspace       used 4581K, capacity 5744K, committed 6016K, reserved 1056768K
  class space    used 506K, capacity 552K, committed 640K, reserved 1048576K
Event: 0.340 GC heap after
Heap after GC invocations=6 (full 0):
 PSYoungGen      total 5632K, used 1338K [0x00000000eab00000, 0x00000000eb200000, 0x0000000100000000)
  eden space 4096K, 0% used [0x00000000eab00000,0x00000000eab00000,0x00000000eaf00000)
  from space 1536K, 87% used [0x00000000eb080000,0x00000000eb1ceb90,0x00000000eb200000)
  to   space 1536K, 0% used [0x00000000eaf00000,0x00000000eaf00000,0x00000000eb080000)
 ParOldGen       total 129536K, used 1556K [0x00000000c0000000, 0x00000000c7e80000, 0x00000000eab00000)
  object space 129536K, 1% used [0x00000000c0000000,0x00000000c01850b0,0x00000000c7e80000)
 Metaspace       used 4581K, capacity 5744K, committed 6016K, reserved 1056768K
  class space    used 506K, capacity 552K, committed 640K, reserved 1048576K
}
Event: 0.461 GC heap before
{Heap before GC invocations=7 (full 0):
 PSYoungGen      total 5632K, used 5434K [0x00000000eab00000, 0x00000000eb200000, 0x0000000100000000)
  eden space 4096K, 100% used [0x00000000eab00000,0x00000000eaf00000,0x00000000eaf00000)
  from space 1536K, 87% used [0x00000000eb080000,0x00000000eb1ceb90,0x00000000eb200000)
  to   space 1536K, 0% used [0x00000000eaf00000,0x00000000eaf00000,0x00000000eb080000)
 ParOldGen       total 129536K, used 1556K [0x00000000c0000000, 0x00000000c7e80000, 0x00000000eab00000)
  object space 129536K, 1% used [0x00000000c0000000,0x00000000c01850b0,0x00000000c7e80000)
 Metaspace       used 5385K, capacity 6448K, committed 6528K, reserved 1056768K
  class space    used 589K, capacity 616K, committed 640K, reserved 1048576K
Event: 0.552 GC heap after
Heap after GC invocations=7 (full 0):
 PSYoungGen      total 5632K, used 1506K [0x00000000eab00000, 0x00000000eb800000, 0x0000000100000000)
  eden space 4096K, 0% used [0x00000000eab00000,0x00000000eab00000,0x00000000eaf00000)
  from space 1536K, 98% used [0x00000000eaf00000,0x00000000eb078b48,0x00000000eb080000)
  to   space 2560K, 0% used [0x00000000eb580000,0x00000000eb580000,0x00000000eb800000)
 ParOldGen       total 129536K, used 2357K [0x00000000c0000000, 0x00000000c7e80000, 0x00000000eab00000)
  object space 129536K, 1% used [0x00000000c0000000,0x00000000c024d488,0x00000000c7e80000)
 Metaspace       used 5385K, capacity 6448K, committed 6528K, reserved 1056768K
  class space    used 589K, capacity 616K, committed 640K, reserved 1048576K
}
Event: 0.584 GC heap before
{Heap before GC invocations=8 (full 0):
 PSYoungGen      total 5632K, used 5602K [0x00000000eab00000, 0x00000000eb800000, 0x0000000100000000)
  eden space 4096K, 100% used [0x00000000eab00000,0x00000000eaf00000,0x00000000eaf00000)
  from space 1536K, 98% used [0x00000000eaf00000,0x00000000eb078b48,0x00000000eb080000)
  to   space 2560K, 0% used [0x00000000eb580000,0x00000000eb580000,0x00000000eb800000)
 ParOldGen       total 129536K, used 2357K [0x00000000c0000000, 0x00000000c7e80000, 0x00000000eab00000)
  object space 129536K, 1% used [0x00000000c0000000,0x00000000c024d488,0x00000000c7e80000)
 Metaspace       used 5608K, capacity 6640K, committed 6784K, reserved 1056768K
  class space    used 597K, capacity 616K, committed 640K, reserved 1048576K
Event: 0.621 GC heap after
Heap after GC invocations=8 (full 0):
 PSYoungGen      total 6656K, used 2488K [0x00000000eab00000, 0x00000000eb800000, 0x0000000100000000)
  eden space 4096K, 0% used [0x00000000eab00000,0x00000000eab00000,0x00000000eaf00000)
  from space 2560K, 97% used [0x00000000eb580000,0x00000000eb7ee3f0,0x00000000eb800000)
  to   space 1536K, 0% used [0x00000000eaf00000,0x00000000eaf00000,0x00000000eb080000)
 ParOldGen       total 129536K, used 2421K [0x00000000c0000000, 0x00000000c7e80000, 0x00000000eab00000)
  object space 129536K, 1% used [0x00000000c0000000,0x00000000c025d488,0x00000000c7e80000)
 Metaspace       used 5608K, capacity 6640K, committed 6784K, reserved 1056768K
  class space    used 597K, capacity 616K, committed 640K, reserved 1048576K
}

Deoptimization events (0 events):
No events

Internal exceptions (10 events):
Event: 0.434 Thread 0x0000000016cb2800 Exception <a 'java/security/PrivilegedActionException'> (0x00000000eadc87f0) thrown at [D:\re\workspace\8-2-build-windows-amd64-cygwin\jdk8u5\2488\hotspot\src\share\vm\prims\jvm.cpp, line 1248]
Event: 0.435 Thread 0x0000000016cb2800 Exception <a 'java/security/PrivilegedActionException'> (0x00000000eadd1330) thrown at [D:\re\workspace\8-2-build-windows-amd64-cygwin\jdk8u5\2488\hotspot\src\share\vm\prims\jvm.cpp, line 1248]
Event: 0.442 Thread 0x0000000016cb2800 Exception <a 'java/security/PrivilegedActionException'> (0x00000000eae69100) thrown at [D:\re\workspace\8-2-build-windows-amd64-cygwin\jdk8u5\2488\hotspot\src\share\vm\prims\jvm.cpp, line 1248]
Event: 0.444 Thread 0x0000000016bc4000 Exception <a 'java/security/PrivilegedActionException'> (0x00000000eaede138) thrown at [D:\re\workspace\8-2-build-windows-amd64-cygwin\jdk8u5\2488\hotspot\src\share\vm\prims\jvm.cpp, line 1248]
Event: 0.557 Thread 0x0000000002a3d800 Exception <a 'java/security/PrivilegedActionException'> (0x00000000eaba9f88) thrown at [D:\re\workspace\8-2-build-windows-amd64-cygwin\jdk8u5\2488\hotspot\src\share\vm\prims\jvm.cpp, line 1248]
Event: 0.563 Thread 0x0000000016cbe000 Exception <a 'java/security/PrivilegedActionException'> (0x00000000eac45fa0) thrown at [D:\re\workspace\8-2-build-windows-amd64-cygwin\jdk8u5\2488\hotspot\src\share\vm\prims\jvm.cpp, line 1248]
Event: 0.563 Thread 0x0000000016cbe000 Exception <a 'java/security/PrivilegedActionException'> (0x00000000eac494d0) thrown at [D:\re\workspace\8-2-build-windows-amd64-cygwin\jdk8u5\2488\hotspot\src\share\vm\prims\jvm.cpp, line 1248]
Event: 0.563 Thread 0x0000000016cbe000 Exception <a 'java/security/PrivilegedActionException'> (0x00000000eac4f688) thrown at [D:\re\workspace\8-2-build-windows-amd64-cygwin\jdk8u5\2488\hotspot\src\share\vm\prims\jvm.cpp, line 1248]
Event: 0.564 Thread 0x0000000002a3d800 Exception <a 'java/security/PrivilegedActionException'> (0x00000000eac57d90) thrown at [D:\re\workspace\8-2-build-windows-amd64-cygwin\jdk8u5\2488\hotspot\src\share\vm\prims\jvm.cpp, line 1248]
Event: 0.568 Thread 0x0000000016cb3800 Exception <a 'java/security/PrivilegedActionException'> (0x00000000eacdb318) thrown at [D:\re\workspace\8-2-build-windows-amd64-cygwin\jdk8u5\2488\hotspot\src\share\vm\prims\jvm.cpp, line 1248]

Events (10 events):
Event: 0.569 loading class java/util/ArrayList$1
Event: 0.569 loading class java/util/ArrayList$1 done
Event: 0.575 loading class java/util/HashMap$Values
Event: 0.575 loading class java/util/HashMap$Values done
Event: 0.576 loading class java/util/HashMap$ValueIterator
Event: 0.576 loading class java/util/HashMap$ValueIterator done
Event: 0.579 loading class java/util/DualPivotQuicksort
Event: 0.579 loading class java/util/DualPivotQuicksort done
Event: 0.584 Executing VM operation: ParallelGCFailedAllocation
Event: 0.621 Executing VM operation: ParallelGCFailedAllocation done


Dynamic libraries:
0x00007ff796bc0000 - 0x00007ff796bf4000 	C:\Program Files\Java\jdk1.8.0_05\bin\java.exe
0x00007ff9a7460000 - 0x00007ff9a7631000 	C:\WINDOWS\SYSTEM32\ntdll.dll
0x00007ff9a64a0000 - 0x00007ff9a654b000 	C:\WINDOWS\System32\KERNEL32.DLL
0x00007ff9a4220000 - 0x00007ff9a443d000 	C:\WINDOWS\System32\KERNELBASE.dll
0x00007ff9a6d90000 - 0x00007ff9a6e32000 	C:\WINDOWS\System32\ADVAPI32.dll
0x00007ff9a6e40000 - 0x00007ff9a6ede000 	C:\WINDOWS\System32\msvcrt.dll
0x00007ff9a6c60000 - 0x00007ff9a6cb9000 	C:\WINDOWS\System32\sechost.dll
0x00007ff9a7330000 - 0x00007ff9a7451000 	C:\WINDOWS\System32\RPCRT4.dll
0x00007ff9a65b0000 - 0x00007ff9a6715000 	C:\WINDOWS\System32\USER32.dll
0x00007ff9a3950000 - 0x00007ff9a396e000 	C:\WINDOWS\System32\win32u.dll
0x00007ff9a67b0000 - 0x00007ff9a67e4000 	C:\WINDOWS\System32\GDI32.dll
0x00007ff9a47b0000 - 0x00007ff9a4932000 	C:\WINDOWS\System32\gdi32full.dll
0x00007ff99dfe0000 - 0x00007ff99e259000 	C:\WINDOWS\WinSxS\amd64_microsoft.windows.common-controls_6595b64144ccf1df_6.0.14393.447_none_42191651c6827bb3\COMCTL32.dll
0x00007ff9a4bb0000 - 0x00007ff9a4e78000 	C:\WINDOWS\System32\combase.dll
0x00007ff9a45b0000 - 0x00007ff9a46a5000 	C:\WINDOWS\System32\ucrtbase.dll
0x00007ff9a44f0000 - 0x00007ff9a455a000 	C:\WINDOWS\System32\bcryptPrimitives.dll
0x00007ff9a6780000 - 0x00007ff9a67ae000 	C:\WINDOWS\System32\IMM32.DLL
0x0000000073120000 - 0x00000000731f2000 	C:\Program Files\Java\jdk1.8.0_05\jre\bin\msvcr100.dll
0x0000000073b70000 - 0x000000007439a000 	C:\Program Files\Java\jdk1.8.0_05\jre\bin\server\jvm.dll
0x00007ff9a6ee0000 - 0x00007ff9a6ee8000 	C:\WINDOWS\System32\PSAPI.DLL
0x00007ff9a1dd0000 - 0x00007ff9a1df3000 	C:\WINDOWS\SYSTEM32\WINMM.dll
0x00007ff9a1d70000 - 0x00007ff9a1d9b000 	C:\WINDOWS\SYSTEM32\WINMMBASE.dll
0x00007ff9a4560000 - 0x00007ff9a45a2000 	C:\WINDOWS\System32\cfgmgr32.dll
0x00007ff9a1ee0000 - 0x00007ff9a1ee9000 	C:\WINDOWS\SYSTEM32\WSOCK32.dll
0x00007ff9a6ab0000 - 0x00007ff9a6b1a000 	C:\WINDOWS\System32\WS2_32.dll
0x0000000073a80000 - 0x0000000073a8f000 	C:\Program Files\Java\jdk1.8.0_05\jre\bin\verify.dll
0x0000000073a50000 - 0x0000000073a78000 	C:\Program Files\Java\jdk1.8.0_05\jre\bin\java.dll
0x0000000073a30000 - 0x0000000073a46000 	C:\Program Files\Java\jdk1.8.0_05\jre\bin\zip.dll
0x00007ff9a4e80000 - 0x00007ff9a6389000 	C:\WINDOWS\System32\SHELL32.dll
0x00007ff9a3b40000 - 0x00007ff9a421a000 	C:\WINDOWS\System32\windows.storage.dll
0x00007ff9a38d0000 - 0x00007ff9a391c000 	C:\WINDOWS\System32\powrprof.dll
0x00007ff9a6550000 - 0x00007ff9a65a2000 	C:\WINDOWS\System32\shlwapi.dll
0x00007ff9a3920000 - 0x00007ff9a392f000 	C:\WINDOWS\System32\kernel.appcore.dll
0x00007ff9a4940000 - 0x00007ff9a49e9000 	C:\WINDOWS\System32\shcore.dll
0x00007ff9a3930000 - 0x00007ff9a3944000 	C:\WINDOWS\System32\profapi.dll
0x00007ff995cc0000 - 0x00007ff995e52000 	C:\WINDOWS\SYSTEM32\dbghelp.dll

VM Arguments:
jvm_args: -Djava.awt.headless=true -Xmx1024M -Dfile.encoding=x-windows-949 -Duser.country=KR -Duser.language=ko -Duser.variant 
java_command: com.android.dx.command.Main --dex --num-threads=4 --output C:\tmp\T02.04-Exercise-ConnectingToTheInternet\app\intermediates\pre-dexed\debug\com.android.support-support-fragment-25.0.1_4ebca5559c9fb98d43cd45643c7e87029d492e53.jar C:\tmp\T02.04-Exercise-ConnectingToTheInternet\app\intermediates\exploded-aar\com.android.support\support-fragment\25.0.1\jars\classes.jar
java_class_path (initial): F:\sdk\build-tools\25.0.1\lib\dx.jar
Launcher Type: SUN_STANDARD

Environment Variables:
JAVA_HOME=C:\Program Files\Java\jdk1.8.0_05
PATH=C:\ProgramData\Oracle\Java\javapath;C:\Program Files (x86)\NVIDIA Corporation\PhysX\Common;C:\Program Files (x86)\Intel\iCLS Client\;C:\Program Files\Intel\iCLS Client\;C:\WINDOWS\system32;C:\WINDOWS;C:\WINDOWS\System32\Wbem;C:\WINDOWS\System32\WindowsPowerShell\v1.0\;C:\Program Files\Microsoft SQL Server\110\Tools\Binn\;C:\Program Files\Microsoft SQL Server\120\Tools\Binn\;C:\Program Files\Intel\Intel(R) Management Engine Components\DAL;C:\Program Files\Intel\Intel(R) Management Engine Components\IPT;C:\Program Files (x86)\Intel\Intel(R) Management Engine Components\DAL;C:\Program Files (x86)\Intel\Intel(R) Management Engine Components\IPT;C:\Program Files\MySQL\MySQL Utilities 1.6\;C:\WINDOWS\system32\config\systemprofile\.dnx\bin;C:\Program Files\Microsoft DNX\Dnvm\;C:\Program Files\Microsoft SQL Server\130\Tools\Binn\;C:\Program Files (x86)\Windows Kits\8.1\Windows Performance Toolkit\;C:\Program Files (x86)\Brackets\command;C:\Python34;C:\Python34\Scripts;C:\Users\user\Anaconda3;C:\Users\user\Anaconda3\Scripts;C:\Users\user\Anaconda3\Library\bin;C:\Program Files\Java\jdk1.8.0_05\bin;C:\Users\user\Downloads\shell.w32-ix86;C:\Users\user\AppData\Local\atom\bin;C:\MinGW\bin;C:\Program Files\MongoDB\Server\3.2\bin;USERPROFILE\AppData\Local\Microsoft\WindowsApps;
USERNAME=user
OS=Windows_NT
PROCESSOR_IDENTIFIER=Intel64 Family 6 Model 60 Stepping 3, GenuineIntel



---------------  S Y S T E M  ---------------

OS: Windows 8.1 , 64 bit Build 9600 

CPU:total 4 (4 cores per cpu, 1 threads per core) family 6 model 60 stepping 3, cmov, cx8, fxsr, mmx, sse, sse2, sse3, ssse3, sse4.1, sse4.2, popcnt, avx, avx2, aes, clmul, erms, tsc, tscinvbit

Memory: 4k page, physical 8342076k(1637988k free), swap 8342076k(7576k free)

vm_info: Java HotSpot(TM) 64-Bit Server VM (25.5-b02) for windows-amd64 JRE (1.8.0_05-b13), built on Mar 18 2014 01:08:39 by "java_re" with MS VC++ 10.0 (VS2010)

time: Thu Jan 05 20:23:17 2017
elapsed time: 0 seconds

