#
# There is insufficient memory for the Java Runtime Environment to continue.
# Native memory allocation (malloc) failed to allocate 757776 bytes for Chunk::new
# Possible reasons:
#   The system is out of physical RAM or swap space
#   In 32 bit mode, the process size limit was hit
# Possible solutions:
#   Reduce memory load on the system
#   Increase physical memory or swap space
#   Check if swap backing store is full
#   Use 64 bit Java on a 64 bit OS
#   Decrease Java heap size (-Xmx/-Xms)
#   Decrease number of Java threads
#   Decrease Java thread stack sizes (-Xss)
#   Set larger code cache with -XX:ReservedCodeCacheSize=
# This output file may be truncated or incomplete.
#
#  Out of Memory Error (allocation.cpp:388), pid=9020, tid=21708
#
# JRE version: Java(TM) SE Runtime Environment (8.0_05-b13) (build 1.8.0_05-b13)
# Java VM: Java HotSpot(TM) 64-Bit Server VM (25.5-b02 mixed mode windows-amd64 compressed oops)
# Failed to write core dump. Minidumps are not enabled by default on client versions of Windows
#

---------------  T H R E A D  ---------------

Current thread (0x0000000015a1e800):  JavaThread "C2 CompilerThread1" daemon [_thread_in_native, id=21708, stack(0x0000000017460000,0x0000000017560000)]

Stack: [0x0000000017460000,0x0000000017560000]
[error occurred during error reporting (printing stack bounds), id 0xc0000005]

Native frames: (J=compiled Java code, j=interpreted, Vv=VM code, C=native code)
V  [jvm.dll+0x308dea]
V  [jvm.dll+0x25def1]
V  [jvm.dll+0x25eb0f]
V  [jvm.dll+0x277136]
V  [jvm.dll+0x27aca3]
V  [jvm.dll+0x59668f]
C  [msvcr100.dll+0x712e3]
V  [jvm.dll+0x595dad]
C  [ntdll.dll+0xaab9d]
C  [ntdll.dll+0x49913]
C  [ntdll.dll+0xa9cba]
V  [jvm.dll+0x1fdd91]


Current CompileTask:
C2:   1088 1235       4       com.android.dx.ssa.SCCP::simulateStmt (481 bytes)


---------------  P R O C E S S  ---------------

Java Threads: ( => current thread )
  0x00000000170fa000 JavaThread "pool-1-thread-4" [_thread_blocked, id=8028, stack(0x0000000018460000,0x0000000018560000)]
  0x00000000170f9800 JavaThread "pool-1-thread-3" [_thread_blocked, id=19792, stack(0x0000000018360000,0x0000000018460000)]
  0x00000000170b9800 JavaThread "pool-1-thread-2" [_thread_blocked, id=6300, stack(0x0000000018260000,0x0000000018360000)]
  0x000000001702b800 JavaThread "pool-2-thread-1" [_thread_blocked, id=22296, stack(0x0000000018160000,0x0000000018260000)]
  0x000000001702a800 JavaThread "pool-1-thread-1" [_thread_blocked, id=17040, stack(0x0000000018060000,0x0000000018160000)]
  0x0000000016dc5000 JavaThread "Service Thread" daemon [_thread_blocked, id=5780, stack(0x0000000017660000,0x0000000017760000)]
  0x0000000015a5b000 JavaThread "C1 CompilerThread2" daemon [_thread_blocked, id=16508, stack(0x0000000017560000,0x0000000017660000)]
=>0x0000000015a1e800 JavaThread "C2 CompilerThread1" daemon [_thread_in_native, id=21708, stack(0x0000000017460000,0x0000000017560000)]
  0x0000000015a13000 JavaThread "C2 CompilerThread0" daemon [_thread_blocked, id=20844, stack(0x0000000017360000,0x0000000017460000)]
  0x0000000015a12000 JavaThread "Attach Listener" daemon [_thread_blocked, id=13476, stack(0x0000000017260000,0x0000000017360000)]
  0x0000000016da3000 JavaThread "Signal Dispatcher" daemon [_thread_blocked, id=7152, stack(0x0000000017160000,0x0000000017260000)]
  0x000000000331f000 JavaThread "Finalizer" daemon [_thread_blocked, id=14420, stack(0x0000000016c60000,0x0000000016d60000)]
  0x00000000159c8000 JavaThread "Reference Handler" daemon [_thread_blocked, id=16072, stack(0x0000000016b60000,0x0000000016c60000)]
  0x0000000002d6d800 JavaThread "main" [_thread_blocked, id=18440, stack(0x0000000003130000,0x0000000003230000)]

Other Threads:
  0x00000000159c5800 VMThread [stack: 0x0000000016a60000,0x0000000016b60000] [id=9652]
  0x0000000016dc7800 WatcherThread [stack: 0x0000000017760000,0x0000000017860000] [id=20260]

VM state:at safepoint (normal execution)

VM Mutex/Monitor currently owned by a thread:  ([mutex/lock_event])
[0x0000000002d6cad0] Threads_lock - owner thread: 0x00000000159c5800
[0x0000000002d6cbd0] Heap_lock - owner thread: 0x00000000170f9800

Heap:
 PSYoungGen      total 9728K, used 9703K [0x00000000eab00000, 0x00000000ebd00000, 0x0000000100000000)
  eden space 8192K, 100% used [0x00000000eab00000,0x00000000eb300000,0x00000000eb300000)
  from space 1536K, 98% used [0x00000000eb300000,0x00000000eb479c68,0x00000000eb480000)
  to   space 2560K, 83% used [0x00000000eba80000,0x00000000ebc98000,0x00000000ebd00000)
 ParOldGen       total 129536K, used 2785K [0x00000000c0000000, 0x00000000c7e80000, 0x00000000eab00000)
  object space 129536K, 2% used [0x00000000c0000000,0x00000000c02b84e0,0x00000000c7e80000)
 Metaspace       used 5860K, capacity 6832K, committed 7040K, reserved 1056768K
  class space    used 598K, capacity 616K, committed 640K, reserved 1048576K

Card table byte_map: [0x00000000126f0000,0x0000000012900000] byte_map_base: 0x00000000120f0000

Marking Bits: (ParMarkBitMap*) 0x00000000743213b0
 Begin Bits: [0x0000000012e60000, 0x0000000013e60000)
 End Bits:   [0x0000000013e60000, 0x0000000014e60000)

Polling page: 0x00000000015f0000

CodeCache: size=245760Kb used=4927Kb max_used=4927Kb free=240832Kb
 bounds [0x0000000003330000, 0x0000000003810000, 0x0000000012330000]
 total_blobs=1555 nmethods=1288 adapters=181
 compilation: enabled

Compilation events (10 events):
Event: 1.075 Thread 0x0000000015a5b000 1278       3       com.android.dx.cf.code.Simulator::<init> (66 bytes)
Event: 1.075 Thread 0x0000000015a5b000 nmethod 1278 0x00000000037f5910 code [0x00000000037f5ac0, 0x00000000037f61b8]
Event: 1.076 Thread 0x0000000015a5b000 1279       3       com.android.dx.dex.code.RopTranslator$1::visitPlainCstInsn (64 bytes)
Event: 1.077 Thread 0x0000000015a5b000 nmethod 1279 0x00000000037f4e50 code [0x00000000037f4fe0, 0x00000000037f5730]
Event: 1.077 Thread 0x0000000015a5b000 1282       3       com.android.dx.ssa.SsaConverter::edgeSplitPredecessors (44 bytes)
Event: 1.077 Thread 0x0000000015a5b000 nmethod 1282 0x00000000037f7810 code [0x00000000037f7a00, 0x00000000037f8388]
Event: 1.077 Thread 0x0000000015a5b000 1286       3       com.android.dx.rop.code.BasicBlockList::getInstructionCount (48 bytes)
Event: 1.077 Thread 0x0000000015a5b000 nmethod 1286 0x00000000037f4410 code [0x00000000037f45a0, 0x00000000037f4c10]
Event: 1.077 Thread 0x0000000015a5b000 1284       3       com.android.dx.ssa.back.FirstFitLocalCombiningAllocator::handleNormalUnassociated (99 bytes)
Event: 1.077 Thread 0x0000000015a13000 nmethod 1272 0x00000000037fb750 code [0x00000000037fb8a0, 0x00000000037fbaf8]

GC Heap History (10 events):
Event: 0.282 GC heap before
{Heap before GC invocations=5 (full 0):
 PSYoungGen      total 2560K, used 2537K [0x00000000eab00000, 0x00000000eae00000, 0x0000000100000000)
  eden space 2048K, 100% used [0x00000000eab00000,0x00000000ead00000,0x00000000ead00000)
  from space 512K, 95% used [0x00000000ead80000,0x00000000eadfa610,0x00000000eae00000)
  to   space 512K, 0% used [0x00000000ead00000,0x00000000ead00000,0x00000000ead80000)
 ParOldGen       total 129536K, used 732K [0x00000000c0000000, 0x00000000c7e80000, 0x00000000eab00000)
  object space 129536K, 0% used [0x00000000c0000000,0x00000000c00b70e8,0x00000000c7e80000)
 Metaspace       used 3512K, capacity 4720K, committed 4864K, reserved 1056768K
  class space    used 379K, capacity 424K, committed 512K, reserved 1048576K
Event: 0.284 GC heap after
Heap after GC invocations=5 (full 0):
 PSYoungGen      total 2560K, used 489K [0x00000000eab00000, 0x00000000eb100000, 0x0000000100000000)
  eden space 2048K, 0% used [0x00000000eab00000,0x00000000eab00000,0x00000000ead00000)
  from space 512K, 95% used [0x00000000ead00000,0x00000000ead7a610,0x00000000ead80000)
  to   space 1024K, 0% used [0x00000000eb000000,0x00000000eb000000,0x00000000eb100000)
 ParOldGen       total 129536K, used 748K [0x00000000c0000000, 0x00000000c7e80000, 0x00000000eab00000)
  object space 129536K, 0% used [0x00000000c0000000,0x00000000c00bb0e8,0x00000000c7e80000)
 Metaspace       used 3512K, capacity 4720K, committed 4864K, reserved 1056768K
  class space    used 379K, capacity 424K, committed 512K, reserved 1048576K
}
Event: 0.289 GC heap before
{Heap before GC invocations=6 (full 0):
 PSYoungGen      total 2560K, used 2537K [0x00000000eab00000, 0x00000000eb100000, 0x0000000100000000)
  eden space 2048K, 100% used [0x00000000eab00000,0x00000000ead00000,0x00000000ead00000)
  from space 512K, 95% used [0x00000000ead00000,0x00000000ead7a610,0x00000000ead80000)
  to   space 1024K, 0% used [0x00000000eb000000,0x00000000eb000000,0x00000000eb100000)
 ParOldGen       total 129536K, used 748K [0x00000000c0000000, 0x00000000c7e80000, 0x00000000eab00000)
  object space 129536K, 0% used [0x00000000c0000000,0x00000000c00bb0e8,0x00000000c7e80000)
 Metaspace       used 3512K, capacity 4720K, committed 4864K, reserved 1056768K
  class space    used 379K, capacity 424K, committed 512K, reserved 1048576K
Event: 0.300 GC heap after
Heap after GC invocations=6 (full 0):
 PSYoungGen      total 5120K, used 505K [0x00000000eab00000, 0x00000000eb100000, 0x0000000100000000)
  eden space 4096K, 0% used [0x00000000eab00000,0x00000000eab00000,0x00000000eaf00000)
  from space 1024K, 49% used [0x00000000eb000000,0x00000000eb07e620,0x00000000eb100000)
  to   space 1024K, 0% used [0x00000000eaf00000,0x00000000eaf00000,0x00000000eb000000)
 ParOldGen       total 129536K, used 748K [0x00000000c0000000, 0x00000000c7e80000, 0x00000000eab00000)
  object space 129536K, 0% used [0x00000000c0000000,0x00000000c00bb0e8,0x00000000c7e80000)
 Metaspace       used 3512K, capacity 4720K, committed 4864K, reserved 1056768K
  class space    used 379K, capacity 424K, committed 512K, reserved 1048576K
}
Event: 0.431 GC heap before
{Heap before GC invocations=7 (full 0):
 PSYoungGen      total 5120K, used 4601K [0x00000000eab00000, 0x00000000eb100000, 0x0000000100000000)
  eden space 4096K, 100% used [0x00000000eab00000,0x00000000eaf00000,0x00000000eaf00000)
  from space 1024K, 49% used [0x00000000eb000000,0x00000000eb07e620,0x00000000eb100000)
  to   space 1024K, 0% used [0x00000000eaf00000,0x00000000eaf00000,0x00000000eb000000)
 ParOldGen       total 129536K, used 748K [0x00000000c0000000, 0x00000000c7e80000, 0x00000000eab00000)
  object space 129536K, 0% used [0x00000000c0000000,0x00000000c00bb0e8,0x00000000c7e80000)
 Metaspace       used 4133K, capacity 5296K, committed 5376K, reserved 1056768K
  class space    used 461K, capacity 488K, committed 512K, reserved 1048576K
Event: 0.481 GC heap after
Heap after GC invocations=7 (full 0):
 PSYoungGen      total 5120K, used 986K [0x00000000eab00000, 0x00000000eb600000, 0x0000000100000000)
  eden space 4096K, 0% used [0x00000000eab00000,0x00000000eab00000,0x00000000eaf00000)
  from space 1024K, 96% used [0x00000000eaf00000,0x00000000eaff6a80,0x00000000eb000000)
  to   space 1536K, 0% used [0x00000000eb480000,0x00000000eb480000,0x00000000eb600000)
 ParOldGen       total 129536K, used 1109K [0x00000000c0000000, 0x00000000c7e80000, 0x00000000eab00000)
  object space 129536K, 0% used [0x00000000c0000000,0x00000000c01157b0,0x00000000c7e80000)
 Metaspace       used 4133K, capacity 5296K, committed 5376K, reserved 1056768K
  class space    used 461K, capacity 488K, committed 512K, reserved 1048576K
}
Event: 0.623 GC heap before
{Heap before GC invocations=8 (full 0):
 PSYoungGen      total 5120K, used 5082K [0x00000000eab00000, 0x00000000eb600000, 0x0000000100000000)
  eden space 4096K, 100% used [0x00000000eab00000,0x00000000eaf00000,0x00000000eaf00000)
  from space 1024K, 96% used [0x00000000eaf00000,0x00000000eaff6a80,0x00000000eb000000)
  to   space 1536K, 0% used [0x00000000eb480000,0x00000000eb480000,0x00000000eb600000)
 ParOldGen       total 129536K, used 1109K [0x00000000c0000000, 0x00000000c7e80000, 0x00000000eab00000)
  object space 129536K, 0% used [0x00000000c0000000,0x00000000c01157b0,0x00000000c7e80000)
 Metaspace       used 5270K, capacity 6320K, committed 6528K, reserved 1056768K
  class space    used 582K, capacity 616K, committed 640K, reserved 1048576K
Event: 0.675 GC heap after
Heap after GC invocations=8 (full 0):
 PSYoungGen      total 9728K, used 1508K [0x00000000eab00000, 0x00000000eb600000, 0x0000000100000000)
  eden space 8192K, 0% used [0x00000000eab00000,0x00000000eab00000,0x00000000eb300000)
  from space 1536K, 98% used [0x00000000eb480000,0x00000000eb5f9360,0x00000000eb600000)
  to   space 1536K, 0% used [0x00000000eb300000,0x00000000eb300000,0x00000000eb480000)
 ParOldGen       total 129536K, used 1434K [0x00000000c0000000, 0x00000000c7e80000, 0x00000000eab00000)
  object space 129536K, 1% used [0x00000000c0000000,0x00000000c0166818,0x00000000c7e80000)
 Metaspace       used 5270K, capacity 6320K, committed 6528K, reserved 1056768K
  class space    used 582K, capacity 616K, committed 640K, reserved 1048576K
}
Event: 0.842 GC heap before
{Heap before GC invocations=9 (full 0):
 PSYoungGen      total 9728K, used 9700K [0x00000000eab00000, 0x00000000eb600000, 0x0000000100000000)
  eden space 8192K, 100% used [0x00000000eab00000,0x00000000eb300000,0x00000000eb300000)
  from space 1536K, 98% used [0x00000000eb480000,0x00000000eb5f9360,0x00000000eb600000)
  to   space 1536K, 0% used [0x00000000eb300000,0x00000000eb300000,0x00000000eb480000)
 ParOldGen       total 129536K, used 1434K [0x00000000c0000000, 0x00000000c7e80000, 0x00000000eab00000)
  object space 129536K, 1% used [0x00000000c0000000,0x00000000c0166818,0x00000000c7e80000)
 Metaspace       used 5690K, capacity 6704K, committed 6784K, reserved 1056768K
  class space    used 598K, capacity 616K, committed 640K, reserved 1048576K
Event: 0.844 GC heap after
Heap after GC invocations=9 (full 0):
 PSYoungGen      total 9728K, used 1511K [0x00000000eab00000, 0x00000000ebd00000, 0x0000000100000000)
  eden space 8192K, 0% used [0x00000000eab00000,0x00000000eab00000,0x00000000eb300000)
  from space 1536K, 98% used [0x00000000eb300000,0x00000000eb479c68,0x00000000eb480000)
  to   space 2560K, 0% used [0x00000000eba80000,0x00000000eba80000,0x00000000ebd00000)
 ParOldGen       total 129536K, used 2208K [0x00000000c0000000, 0x00000000c7e80000, 0x00000000eab00000)
  object space 129536K, 1% used [0x00000000c0000000,0x00000000c0228188,0x00000000c7e80000)
 Metaspace       used 5690K, capacity 6704K, committed 6784K, reserved 1056768K
  class space    used 598K, capacity 616K, committed 640K, reserved 1048576K
}

Deoptimization events (3 events):
Event: 0.715 Thread 0x00000000170fa000 Uncommon trap: reason=class_check action=maybe_recompile pc=0x00000000035921f0 method=com.android.dx.ssa.NormalSsaInsn.accept(Lcom/android/dx/ssa/SsaInsn$Visitor;)V @ 9
Event: 0.718 Thread 0x00000000170fa000 Uncommon trap: reason=class_check action=maybe_recompile pc=0x00000000035921f0 method=com.android.dx.ssa.NormalSsaInsn.accept(Lcom/android/dx/ssa/SsaInsn$Visitor;)V @ 9
Event: 0.720 Thread 0x00000000170fa000 Uncommon trap: reason=class_check action=maybe_recompile pc=0x00000000035921f0 method=com.android.dx.ssa.NormalSsaInsn.accept(Lcom/android/dx/ssa/SsaInsn$Visitor;)V @ 9

Internal exceptions (10 events):
Event: 0.686 Thread 0x00000000170f9800 Exception <a 'java/security/PrivilegedActionException'> (0x00000000eabe5a18) thrown at [D:\re\workspace\8-2-build-windows-amd64-cygwin\jdk8u5\2488\hotspot\src\share\vm\prims\jvm.cpp, line 1248]
Event: 0.690 Thread 0x00000000170b9800 Exception <a 'java/security/PrivilegedActionException'> (0x00000000eac94f98) thrown at [D:\re\workspace\8-2-build-windows-amd64-cygwin\jdk8u5\2488\hotspot\src\share\vm\prims\jvm.cpp, line 1248]
Event: 0.691 Thread 0x00000000170fa000 Exception <a 'java/security/PrivilegedActionException'> (0x00000000eab9fcc0) thrown at [D:\re\workspace\8-2-build-windows-amd64-cygwin\jdk8u5\2488\hotspot\src\share\vm\prims\jvm.cpp, line 1248]
Event: 0.692 Thread 0x00000000170fa000 Exception <a 'java/security/PrivilegedActionException'> (0x00000000eaba53e0) thrown at [D:\re\workspace\8-2-build-windows-amd64-cygwin\jdk8u5\2488\hotspot\src\share\vm\prims\jvm.cpp, line 1248]
Event: 0.692 Thread 0x00000000170f9800 Exception <a 'java/security/PrivilegedActionException'> (0x00000000eac8e568) thrown at [D:\re\workspace\8-2-build-windows-amd64-cygwin\jdk8u5\2488\hotspot\src\share\vm\prims\jvm.cpp, line 1248]
Event: 0.692 Thread 0x00000000170fa000 Exception <a 'java/security/PrivilegedActionException'> (0x00000000eabaa7b0) thrown at [D:\re\workspace\8-2-build-windows-amd64-cygwin\jdk8u5\2488\hotspot\src\share\vm\prims\jvm.cpp, line 1248]
Event: 0.711 Thread 0x0000000002d6d800 Exception <a 'java/security/PrivilegedActionException'> (0x00000000eaecf8c8) thrown at [D:\re\workspace\8-2-build-windows-amd64-cygwin\jdk8u5\2488\hotspot\src\share\vm\prims\jvm.cpp, line 1248]
Event: 0.720 Thread 0x0000000002d6d800 Exception <a 'java/security/PrivilegedActionException'> (0x00000000eb052548) thrown at [D:\re\workspace\8-2-build-windows-amd64-cygwin\jdk8u5\2488\hotspot\src\share\vm\prims\jvm.cpp, line 1248]
Event: 0.832 Thread 0x00000000170fa000 Exception <a 'java/security/PrivilegedActionException'> (0x00000000eb1cc9c0) thrown at [D:\re\workspace\8-2-build-windows-amd64-cygwin\jdk8u5\2488\hotspot\src\share\vm\prims\jvm.cpp, line 1248]
Event: 0.835 Thread 0x000000001702a800 Exception <a 'java/security/PrivilegedActionException'> (0x00000000eb236720) thrown at [D:\re\workspace\8-2-build-windows-amd64-cygwin\jdk8u5\2488\hotspot\src\share\vm\prims\jvm.cpp, line 1248]

Events (10 events):
Event: 0.832 loading class com/android/dx/dex/file/FieldAnnotationStruct
Event: 0.832 loading class com/android/dx/dex/file/FieldAnnotationStruct done
Event: 0.835 loading class java/util/TreeMap$EntrySet
Event: 0.835 loading class com/android/dx/rop/code/RegOps
Event: 0.835 loading class com/android/dx/rop/code/RegOps done
Event: 0.835 loading class java/util/TreeMap$EntrySet done
Event: 0.835 loading class java/util/TreeMap$EntryIterator
Event: 0.835 loading class java/util/TreeMap$EntryIterator done
Event: 0.842 Executing VM operation: ParallelGCFailedAllocation
Event: 0.844 Executing VM operation: ParallelGCFailedAllocation done


Dynamic libraries:
0x00007ff796bc0000 - 0x00007ff796bf4000 	C:\Program Files\Java\jdk1.8.0_05\bin\java.exe
0x00007ff9a7460000 - 0x00007ff9a7631000 	C:\WINDOWS\SYSTEM32\ntdll.dll
0x00007ff9a64a0000 - 0x00007ff9a654b000 	C:\WINDOWS\System32\KERNEL32.DLL
0x00007ff9a4220000 - 0x00007ff9a443d000 	C:\WINDOWS\System32\KERNELBASE.dll
0x00007ff9a6d90000 - 0x00007ff9a6e32000 	C:\WINDOWS\System32\ADVAPI32.dll
0x00007ff9a6e40000 - 0x00007ff9a6ede000 	C:\WINDOWS\System32\msvcrt.dll
0x00007ff9a6c60000 - 0x00007ff9a6cb9000 	C:\WINDOWS\System32\sechost.dll
0x00007ff9a7330000 - 0x00007ff9a7451000 	C:\WINDOWS\System32\RPCRT4.dll
0x00007ff9a65b0000 - 0x00007ff9a6715000 	C:\WINDOWS\System32\USER32.dll
0x00007ff9a3950000 - 0x00007ff9a396e000 	C:\WINDOWS\System32\win32u.dll
0x00007ff9a67b0000 - 0x00007ff9a67e4000 	C:\WINDOWS\System32\GDI32.dll
0x00007ff9a47b0000 - 0x00007ff9a4932000 	C:\WINDOWS\System32\gdi32full.dll
0x00007ff99dfe0000 - 0x00007ff99e259000 	C:\WINDOWS\WinSxS\amd64_microsoft.windows.common-controls_6595b64144ccf1df_6.0.14393.447_none_42191651c6827bb3\COMCTL32.dll
0x00007ff9a4bb0000 - 0x00007ff9a4e78000 	C:\WINDOWS\System32\combase.dll
0x00007ff9a45b0000 - 0x00007ff9a46a5000 	C:\WINDOWS\System32\ucrtbase.dll
0x00007ff9a44f0000 - 0x00007ff9a455a000 	C:\WINDOWS\System32\bcryptPrimitives.dll
0x00007ff9a6780000 - 0x00007ff9a67ae000 	C:\WINDOWS\System32\IMM32.DLL
0x0000000073120000 - 0x00000000731f2000 	C:\Program Files\Java\jdk1.8.0_05\jre\bin\msvcr100.dll
0x0000000073b70000 - 0x000000007439a000 	C:\Program Files\Java\jdk1.8.0_05\jre\bin\server\jvm.dll
0x00007ff9a6ee0000 - 0x00007ff9a6ee8000 	C:\WINDOWS\System32\PSAPI.DLL
0x00007ff9a1ee0000 - 0x00007ff9a1ee9000 	C:\WINDOWS\SYSTEM32\WSOCK32.dll
0x00007ff9a6ab0000 - 0x00007ff9a6b1a000 	C:\WINDOWS\System32\WS2_32.dll
0x00007ff9a1dd0000 - 0x00007ff9a1df3000 	C:\WINDOWS\SYSTEM32\WINMM.dll
0x00007ff9a1d70000 - 0x00007ff9a1d9b000 	C:\WINDOWS\SYSTEM32\WINMMBASE.dll
0x00007ff9a4560000 - 0x00007ff9a45a2000 	C:\WINDOWS\System32\cfgmgr32.dll
0x0000000073a80000 - 0x0000000073a8f000 	C:\Program Files\Java\jdk1.8.0_05\jre\bin\verify.dll
0x0000000073a50000 - 0x0000000073a78000 	C:\Program Files\Java\jdk1.8.0_05\jre\bin\java.dll
0x0000000073a30000 - 0x0000000073a46000 	C:\Program Files\Java\jdk1.8.0_05\jre\bin\zip.dll
0x00007ff9a4e80000 - 0x00007ff9a6389000 	C:\WINDOWS\System32\SHELL32.dll
0x00007ff9a3b40000 - 0x00007ff9a421a000 	C:\WINDOWS\System32\windows.storage.dll
0x00007ff9a38d0000 - 0x00007ff9a391c000 	C:\WINDOWS\System32\powrprof.dll
0x00007ff9a6550000 - 0x00007ff9a65a2000 	C:\WINDOWS\System32\shlwapi.dll
0x00007ff9a3920000 - 0x00007ff9a392f000 	C:\WINDOWS\System32\kernel.appcore.dll
0x00007ff9a4940000 - 0x00007ff9a49e9000 	C:\WINDOWS\System32\shcore.dll
0x00007ff9a3930000 - 0x00007ff9a3944000 	C:\WINDOWS\System32\profapi.dll
0x00007ff995cc0000 - 0x00007ff995e52000 	C:\WINDOWS\SYSTEM32\dbghelp.dll

VM Arguments:
jvm_args: -Djava.awt.headless=true -Xmx1024M -Dfile.encoding=x-windows-949 -Duser.country=KR -Duser.language=ko -Duser.variant 
java_command: com.android.dx.command.Main --dex --num-threads=4 --output C:\tmp\T02.04-Exercise-ConnectingToTheInternet\app\intermediates\pre-dexed\debug\com.android.support-support-compat-25.0.1_c63b4083dd6b25b7aef6106092c180ca294091e3.jar C:\tmp\T02.04-Exercise-ConnectingToTheInternet\app\intermediates\exploded-aar\com.android.support\support-compat\25.0.1\jars\classes.jar
java_class_path (initial): F:\sdk\build-tools\25.0.1\lib\dx.jar
Launcher Type: SUN_STANDARD

Environment Variables:
JAVA_HOME=C:\Program Files\Java\jdk1.8.0_05
PATH=C:\ProgramData\Oracle\Java\javapath;C:\Program Files (x86)\NVIDIA Corporation\PhysX\Common;C:\Program Files (x86)\Intel\iCLS Client\;C:\Program Files\Intel\iCLS Client\;C:\WINDOWS\system32;C:\WINDOWS;C:\WINDOWS\System32\Wbem;C:\WINDOWS\System32\WindowsPowerShell\v1.0\;C:\Program Files\Microsoft SQL Server\110\Tools\Binn\;C:\Program Files\Microsoft SQL Server\120\Tools\Binn\;C:\Program Files\Intel\Intel(R) Management Engine Components\DAL;C:\Program Files\Intel\Intel(R) Management Engine Components\IPT;C:\Program Files (x86)\Intel\Intel(R) Management Engine Components\DAL;C:\Program Files (x86)\Intel\Intel(R) Management Engine Components\IPT;C:\Program Files\MySQL\MySQL Utilities 1.6\;C:\WINDOWS\system32\config\systemprofile\.dnx\bin;C:\Program Files\Microsoft DNX\Dnvm\;C:\Program Files\Microsoft SQL Server\130\Tools\Binn\;C:\Program Files (x86)\Windows Kits\8.1\Windows Performance Toolkit\;C:\Program Files (x86)\Brackets\command;C:\Python34;C:\Python34\Scripts;C:\Users\user\Anaconda3;C:\Users\user\Anaconda3\Scripts;C:\Users\user\Anaconda3\Library\bin;C:\Program Files\Java\jdk1.8.0_05\bin;C:\Users\user\Downloads\shell.w32-ix86;C:\Users\user\AppData\Local\atom\bin;C:\MinGW\bin;C:\Program Files\MongoDB\Server\3.2\bin;USERPROFILE\AppData\Local\Microsoft\WindowsApps;
USERNAME=user
OS=Windows_NT
PROCESSOR_IDENTIFIER=Intel64 Family 6 Model 60 Stepping 3, GenuineIntel



---------------  S Y S T E M  ---------------

OS: Windows 8.1 , 64 bit Build 9600 

CPU:total 4 (4 cores per cpu, 1 threads per core) family 6 model 60 stepping 3, cmov, cx8, fxsr, mmx, sse, sse2, sse3, ssse3, sse4.1, sse4.2, popcnt, avx, avx2, aes, clmul, erms, tsc, tscinvbit

Memory: 4k page, physical 8342076k(1654064k free), swap 8342076k(5132k free)

vm_info: Java HotSpot(TM) 64-Bit Server VM (25.5-b02) for windows-amd64 JRE (1.8.0_05-b13), built on Mar 18 2014 01:08:39 by "java_re" with MS VC++ 10.0 (VS2010)

time: Thu Jan 05 20:23:18 2017
elapsed time: 1 seconds

