#
# There is insufficient memory for the Java Runtime Environment to continue.
# Native memory allocation (malloc) failed to allocate 32744 bytes for ChunkPool::allocate
# Possible reasons:
#   The system is out of physical RAM or swap space
#   In 32 bit mode, the process size limit was hit
# Possible solutions:
#   Reduce memory load on the system
#   Increase physical memory or swap space
#   Check if swap backing store is full
#   Use 64 bit Java on a 64 bit OS
#   Decrease Java heap size (-Xmx/-Xms)
#   Decrease number of Java threads
#   Decrease Java thread stack sizes (-Xss)
#   Set larger code cache with -XX:ReservedCodeCacheSize=
# This output file may be truncated or incomplete.
#
#  Out of Memory Error (allocation.cpp:271), pid=19488, tid=3648
#
# JRE version: Java(TM) SE Runtime Environment (8.0_05-b13) (build 1.8.0_05-b13)
# Java VM: Java HotSpot(TM) 64-Bit Server VM (25.5-b02 mixed mode windows-amd64 compressed oops)
# Failed to write core dump. Minidumps are not enabled by default on client versions of Windows
#

---------------  T H R E A D  ---------------

Current thread (0x000000001595e800):  JavaThread "C2 CompilerThread1" daemon [_thread_in_native, id=3648, stack(0x00000000173a0000,0x00000000174a0000)]

Stack: [0x00000000173a0000,0x00000000174a0000]
[error occurred during error reporting (printing stack bounds), id 0xc0000005]

Native frames: (J=compiled Java code, j=interpreted, Vv=VM code, C=native code)
V  [jvm.dll+0x308dea]


Current CompileTask:
C2:   3763 1314   !   4       com.android.dx.cf.code.BytecodeArray::parseInstruction (2764 bytes)


---------------  P R O C E S S  ---------------

Java Threads: ( => current thread )
  0x0000000016f46000 JavaThread "pool-1-thread-4" [_thread_in_Java, id=15852, stack(0x0000000017ba0000,0x0000000017ca0000)]
  0x0000000016f43800 JavaThread "pool-1-thread-3" [_thread_blocked, id=9240, stack(0x0000000017aa0000,0x0000000017ba0000)]
  0x0000000016f40000 JavaThread "pool-1-thread-2" [_thread_blocked, id=10308, stack(0x00000000179a0000,0x0000000017aa0000)]
  0x0000000016f1f800 JavaThread "pool-2-thread-1" [_thread_blocked, id=9172, stack(0x00000000178a0000,0x00000000179a0000)]
  0x0000000016f1b000 JavaThread "pool-1-thread-1" [_thread_in_Java, id=17740, stack(0x00000000177a0000,0x00000000178a0000)]
  0x000000001599d800 JavaThread "Service Thread" daemon [_thread_blocked, id=9256, stack(0x00000000175a0000,0x00000000176a0000)]
  0x000000001599a800 JavaThread "C1 CompilerThread2" daemon [_thread_in_vm, id=20020, stack(0x00000000174a0000,0x00000000175a0000)]
=>0x000000001595e800 JavaThread "C2 CompilerThread1" daemon [_thread_in_native, id=3648, stack(0x00000000173a0000,0x00000000174a0000)]
  0x0000000015953000 JavaThread "C2 CompilerThread0" daemon [_thread_in_native, id=13976, stack(0x00000000172a0000,0x00000000173a0000)]
  0x0000000015952000 JavaThread "Attach Listener" daemon [_thread_blocked, id=15500, stack(0x00000000171a0000,0x00000000172a0000)]
  0x0000000016ce3000 JavaThread "Signal Dispatcher" daemon [_thread_blocked, id=12988, stack(0x00000000170a0000,0x00000000171a0000)]
  0x000000000325f000 JavaThread "Finalizer" daemon [_thread_blocked, id=12964, stack(0x0000000016ba0000,0x0000000016ca0000)]
  0x0000000015908000 JavaThread "Reference Handler" daemon [_thread_blocked, id=7232, stack(0x0000000016aa0000,0x0000000016ba0000)]
  0x0000000002ddd800 JavaThread "main" [_thread_in_Java, id=16560, stack(0x0000000002c70000,0x0000000002d70000)]

Other Threads:
  0x0000000015905800 VMThread [stack: 0x00000000169a0000,0x0000000016aa0000] [id=23444]
  0x0000000016d00000 WatcherThread [stack: 0x00000000176a0000,0x00000000177a0000] [id=4884]

VM state:not at safepoint (normal execution)

VM Mutex/Monitor currently owned by a thread: None

Heap:
 PSYoungGen      total 15360K, used 11104K [0x00000000eab00000, 0x00000000ec380000, 0x0000000100000000)
  eden space 11776K, 81% used [0x00000000eab00000,0x00000000eb4600b8,0x00000000eb680000)
  from space 3584K, 41% used [0x00000000eb680000,0x00000000eb7f8000,0x00000000eba00000)
  to   space 3072K, 0% used [0x00000000ec080000,0x00000000ec080000,0x00000000ec380000)
 ParOldGen       total 129536K, used 5868K [0x00000000c0000000, 0x00000000c7e80000, 0x00000000eab00000)
  object space 129536K, 4% used [0x00000000c0000000,0x00000000c05bb390,0x00000000c7e80000)
 Metaspace       used 5987K, capacity 6936K, committed 7168K, reserved 1056768K
  class space    used 617K, capacity 656K, committed 768K, reserved 1048576K

Card table byte_map: [0x0000000012630000,0x0000000012840000] byte_map_base: 0x0000000012030000

Marking Bits: (ParMarkBitMap*) 0x00000000743213b0
 Begin Bits: [0x0000000012da0000, 0x0000000013da0000)
 End Bits:   [0x0000000013da0000, 0x0000000014da0000)

Polling page: 0x0000000002d70000

CodeCache: size=245760Kb used=5649Kb max_used=5649Kb free=240110Kb
 bounds [0x0000000003270000, 0x0000000003800000, 0x0000000012270000]
 total_blobs=1728 nmethods=1461 adapters=181
 compilation: enabled

Compilation events (10 events):
Event: 3.753 Thread 0x000000001599a800 1473       3       com.android.dx.ssa.SsaRenamer::equalsHandlesNulls (23 bytes)
Event: 3.753 Thread 0x000000001599a800 nmethod 1473 0x00000000037f7c90 code [0x00000000037f7e00, 0x00000000037f80c8]
Event: 3.753 Thread 0x000000001599a800 1469   !   3       com.android.dx.cf.attrib.AttLineNumberTable::<init> (43 bytes)
Event: 3.753 Thread 0x000000001599a800 nmethod 1469 0x00000000037f8190 code [0x00000000037f8320, 0x00000000037f87d8]
Event: 3.753 Thread 0x000000001599a800 1464       3       com.android.dx.cf.code.Frame::mergeSubroutineLists (90 bytes)
Event: 3.753 Thread 0x000000001599a800 nmethod 1464 0x00000000037f8a10 code [0x00000000037f8be0, 0x00000000037f9448]
Event: 3.753 Thread 0x000000001599a800 1465       1       com.android.dx.cf.attrib.InnerClassList$Item::getInnerClass (5 bytes)
Event: 3.754 Thread 0x000000001599a800 nmethod 1465 0x00000000037f9750 code [0x00000000037f98a0, 0x00000000037f99b0]
Event: 3.754 Thread 0x000000001599a800 1475       2       com.android.dx.rop.code.RegisterSpec::withLocalItem (41 bytes)
Event: 3.754 Thread 0x000000001599a800 nmethod 1475 0x00000000037f9a10 code [0x00000000037f9b80, 0x00000000037f9dd8]

GC Heap History (10 events):
Event: 3.239 GC heap before
{Heap before GC invocations=7 (full 0):
 PSYoungGen      total 5632K, used 5471K [0x00000000eab00000, 0x00000000eb200000, 0x0000000100000000)
  eden space 4096K, 100% used [0x00000000eab00000,0x00000000eaf00000,0x00000000eaf00000)
  from space 1536K, 89% used [0x00000000eb080000,0x00000000eb1d7ea8,0x00000000eb200000)
  to   space 1536K, 0% used [0x00000000eaf00000,0x00000000eaf00000,0x00000000eb080000)
 ParOldGen       total 129536K, used 1037K [0x00000000c0000000, 0x00000000c7e80000, 0x00000000eab00000)
  object space 129536K, 0% used [0x00000000c0000000,0x00000000c0103638,0x00000000c7e80000)
 Metaspace       used 5393K, capacity 6448K, committed 6528K, reserved 1056768K
  class space    used 593K, capacity 616K, committed 640K, reserved 1048576K
Event: 3.334 GC heap after
Heap after GC invocations=7 (full 0):
 PSYoungGen      total 5632K, used 1523K [0x00000000eab00000, 0x00000000eb700000, 0x0000000100000000)
  eden space 4096K, 0% used [0x00000000eab00000,0x00000000eab00000,0x00000000eaf00000)
  from space 1536K, 99% used [0x00000000eaf00000,0x00000000eb07cce0,0x00000000eb080000)
  to   space 2048K, 0% used [0x00000000eb500000,0x00000000eb500000,0x00000000eb700000)
 ParOldGen       total 129536K, used 1632K [0x00000000c0000000, 0x00000000c7e80000, 0x00000000eab00000)
  object space 129536K, 1% used [0x00000000c0000000,0x00000000c0198378,0x00000000c7e80000)
 Metaspace       used 5393K, capacity 6448K, committed 6528K, reserved 1056768K
  class space    used 593K, capacity 616K, committed 640K, reserved 1048576K
}
Event: 3.366 GC heap before
{Heap before GC invocations=8 (full 0):
 PSYoungGen      total 5632K, used 5619K [0x00000000eab00000, 0x00000000eb700000, 0x0000000100000000)
  eden space 4096K, 100% used [0x00000000eab00000,0x00000000eaf00000,0x00000000eaf00000)
  from space 1536K, 99% used [0x00000000eaf00000,0x00000000eb07cce0,0x00000000eb080000)
  to   space 2048K, 0% used [0x00000000eb500000,0x00000000eb500000,0x00000000eb700000)
 ParOldGen       total 129536K, used 1632K [0x00000000c0000000, 0x00000000c7e80000, 0x00000000eab00000)
  object space 129536K, 1% used [0x00000000c0000000,0x00000000c0198378,0x00000000c7e80000)
 Metaspace       used 5577K, capacity 6576K, committed 6784K, reserved 1056768K
  class space    used 595K, capacity 616K, committed 640K, reserved 1048576K
Event: 3.367 GC heap after
Heap after GC invocations=8 (full 0):
 PSYoungGen      total 9728K, used 1696K [0x00000000eab00000, 0x00000000eb800000, 0x0000000100000000)
  eden space 7680K, 0% used [0x00000000eab00000,0x00000000eab00000,0x00000000eb280000)
  from space 2048K, 82% used [0x00000000eb500000,0x00000000eb6a8018,0x00000000eb700000)
  to   space 2560K, 0% used [0x00000000eb280000,0x00000000eb280000,0x00000000eb500000)
 ParOldGen       total 129536K, used 1696K [0x00000000c0000000, 0x00000000c7e80000, 0x00000000eab00000)
  object space 129536K, 1% used [0x00000000c0000000,0x00000000c01a8378,0x00000000c7e80000)
 Metaspace       used 5577K, capacity 6576K, committed 6784K, reserved 1056768K
  class space    used 595K, capacity 616K, committed 640K, reserved 1048576K
}
Event: 3.542 GC heap before
{Heap before GC invocations=9 (full 0):
 PSYoungGen      total 9728K, used 9376K [0x00000000eab00000, 0x00000000eb800000, 0x0000000100000000)
  eden space 7680K, 100% used [0x00000000eab00000,0x00000000eb280000,0x00000000eb280000)
  from space 2048K, 82% used [0x00000000eb500000,0x00000000eb6a8018,0x00000000eb700000)
  to   space 2560K, 0% used [0x00000000eb280000,0x00000000eb280000,0x00000000eb500000)
 ParOldGen       total 129536K, used 1696K [0x00000000c0000000, 0x00000000c7e80000, 0x00000000eab00000)
  object space 129536K, 1% used [0x00000000c0000000,0x00000000c01a8378,0x00000000c7e80000)
 Metaspace       used 5749K, capacity 6768K, committed 7040K, reserved 1056768K
  class space    used 597K, capacity 616K, committed 640K, reserved 1048576K
Event: 3.553 GC heap after
Heap after GC invocations=9 (full 0):
 PSYoungGen      total 10240K, used 2545K [0x00000000eab00000, 0x00000000ebd00000, 0x0000000100000000)
  eden space 7680K, 0% used [0x00000000eab00000,0x00000000eab00000,0x00000000eb280000)
  from space 2560K, 99% used [0x00000000eb280000,0x00000000eb4fc5b8,0x00000000eb500000)
  to   space 3072K, 0% used [0x00000000eba00000,0x00000000eba00000,0x00000000ebd00000)
 ParOldGen       total 129536K, used 2331K [0x00000000c0000000, 0x00000000c7e80000, 0x00000000eab00000)
  object space 129536K, 1% used [0x00000000c0000000,0x00000000c0246ed8,0x00000000c7e80000)
 Metaspace       used 5749K, capacity 6768K, committed 7040K, reserved 1056768K
  class space    used 597K, capacity 616K, committed 640K, reserved 1048576K
}
Event: 3.636 GC heap before
{Heap before GC invocations=10 (full 0):
 PSYoungGen      total 10240K, used 10225K [0x00000000eab00000, 0x00000000ebd00000, 0x0000000100000000)
  eden space 7680K, 100% used [0x00000000eab00000,0x00000000eb280000,0x00000000eb280000)
  from space 2560K, 99% used [0x00000000eb280000,0x00000000eb4fc5b8,0x00000000eb500000)
  to   space 3072K, 0% used [0x00000000eba00000,0x00000000eba00000,0x00000000ebd00000)
 ParOldGen       total 129536K, used 2331K [0x00000000c0000000, 0x00000000c7e80000, 0x00000000eab00000)
  object space 129536K, 1% used [0x00000000c0000000,0x00000000c0246ed8,0x00000000c7e80000)
 Metaspace       used 5826K, capacity 6832K, committed 7040K, reserved 1056768K
  class space    used 597K, capacity 616K, committed 640K, reserved 1048576K
Event: 3.649 GC heap after
Heap after GC invocations=10 (full 0):
 PSYoungGen      total 14848K, used 2625K [0x00000000eab00000, 0x00000000ebe00000, 0x0000000100000000)
  eden space 11776K, 0% used [0x00000000eab00000,0x00000000eab00000,0x00000000eb680000)
  from space 3072K, 85% used [0x00000000eba00000,0x00000000ebc905b8,0x00000000ebd00000)
  to   space 3584K, 0% used [0x00000000eb680000,0x00000000eb680000,0x00000000eba00000)
 ParOldGen       total 129536K, used 3298K [0x00000000c0000000, 0x00000000c7e80000, 0x00000000eab00000)
  object space 129536K, 2% used [0x00000000c0000000,0x00000000c0338b30,0x00000000c7e80000)
 Metaspace       used 5826K, capacity 6832K, committed 7040K, reserved 1056768K
  class space    used 597K, capacity 616K, committed 640K, reserved 1048576K
}
Event: 3.716 GC heap before
{Heap before GC invocations=11 (full 0):
 PSYoungGen      total 14848K, used 14401K [0x00000000eab00000, 0x00000000ebe00000, 0x0000000100000000)
  eden space 11776K, 100% used [0x00000000eab00000,0x00000000eb680000,0x00000000eb680000)
  from space 3072K, 85% used [0x00000000eba00000,0x00000000ebc905b8,0x00000000ebd00000)
  to   space 3584K, 0% used [0x00000000eb680000,0x00000000eb680000,0x00000000eba00000)
 ParOldGen       total 129536K, used 3298K [0x00000000c0000000, 0x00000000c7e80000, 0x00000000eab00000)
  object space 129536K, 2% used [0x00000000c0000000,0x00000000c0338b30,0x00000000c7e80000)
 Metaspace       used 5887K, capacity 6896K, committed 7040K, reserved 1056768K
  class space    used 597K, capacity 616K, committed 640K, reserved 1048576K
Event: 3.737 GC heap after
Heap after GC invocations=11 (full 0):
 PSYoungGen      total 15360K, used 1504K [0x00000000eab00000, 0x00000000ec380000, 0x0000000100000000)
  eden space 11776K, 0% used [0x00000000eab00000,0x00000000eab00000,0x00000000eb680000)
  from space 3584K, 41% used [0x00000000eb680000,0x00000000eb7f8000,0x00000000eba00000)
  to   space 3072K, 0% used [0x00000000ec080000,0x00000000ec080000,0x00000000ec380000)
 ParOldGen       total 129536K, used 5868K [0x00000000c0000000, 0x00000000c7e80000, 0x00000000eab00000)
  object space 129536K, 4% used [0x00000000c0000000,0x00000000c05bb390,0x00000000c7e80000)
 Metaspace       used 5887K, capacity 6896K, committed 7040K, reserved 1056768K
  class space    used 597K, capacity 616K, committed 640K, reserved 1048576K
}

Deoptimization events (10 events):
Event: 3.682 Thread 0x0000000016f40000 Uncommon trap: reason=bimorphic action=maybe_recompile pc=0x00000000034b0060 method=java.util.HashMap.getNode(ILjava/lang/Object;)Ljava/util/HashMap$Node; @ 126
Event: 3.708 Thread 0x0000000016f40000 Uncommon trap: reason=unreached action=reinterpret pc=0x0000000003593534 method=com.android.dx.rop.code.LocalItem.hashCode()I @ 25
Event: 3.708 Thread 0x0000000016f40000 Uncommon trap: reason=unreached action=reinterpret pc=0x00000000035327d8 method=com.android.dx.rop.code.LocalItem.hashCode()I @ 25
Event: 3.708 Thread 0x0000000016f40000 Uncommon trap: reason=unreached action=reinterpret pc=0x0000000003564570 method=com.android.dx.rop.code.LocalItem.hashCode()I @ 25
Event: 3.711 Thread 0x0000000016f46000 Uncommon trap: reason=bimorphic action=maybe_recompile pc=0x000000000361363c method=java.util.HashMap.putVal(ILjava/lang/Object;Ljava/lang/Object;ZZ)Ljava/lang/Object; @ 203
Event: 3.711 Thread 0x0000000016f46000 Uncommon trap: reason=bimorphic action=maybe_recompile pc=0x000000000361363c method=java.util.HashMap.putVal(ILjava/lang/Object;Ljava/lang/Object;ZZ)Ljava/lang/Object; @ 203
Event: 3.711 Thread 0x0000000016f46000 Uncommon trap: reason=bimorphic action=maybe_recompile pc=0x000000000361363c method=java.util.HashMap.putVal(ILjava/lang/Object;Ljava/lang/Object;ZZ)Ljava/lang/Object; @ 203
Event: 3.741 Thread 0x0000000016f40000 Uncommon trap: reason=bimorphic action=maybe_recompile pc=0x000000000361363c method=java.util.HashMap.putVal(ILjava/lang/Object;Ljava/lang/Object;ZZ)Ljava/lang/Object; @ 203
Event: 3.745 Thread 0x0000000016f40000 Uncommon trap: reason=unreached action=reinterpret pc=0x00000000037e95ec method=java.util.HashMap.getNode(ILjava/lang/Object;)Ljava/util/HashMap$Node; @ 84
Event: 3.750 Thread 0x0000000016f43800 Uncommon trap: reason=null_check action=make_not_entrant pc=0x0000000003520958 method=com.android.dx.ssa.SsaRenamer.getLocalForNewReg(I)Lcom/android/dx/rop/code/LocalItem; @ 19

Internal exceptions (10 events):
Event: 3.230 Thread 0x0000000016f1b000 Exception <a 'java/security/PrivilegedActionException'> (0x00000000eae73318) thrown at [D:\re\workspace\8-2-build-windows-amd64-cygwin\jdk8u5\2488\hotspot\src\share\vm\prims\jvm.cpp, line 1248]
Event: 3.239 Thread 0x0000000002ddd800 Exception <a 'java/security/PrivilegedActionException'> (0x00000000eaef75a0) thrown at [D:\re\workspace\8-2-build-windows-amd64-cygwin\jdk8u5\2488\hotspot\src\share\vm\prims\jvm.cpp, line 1248]
Event: 3.354 Thread 0x0000000016f43800 Exception <a 'java/security/PrivilegedActionException'> (0x00000000ead4da60) thrown at [D:\re\workspace\8-2-build-windows-amd64-cygwin\jdk8u5\2488\hotspot\src\share\vm\prims\jvm.cpp, line 1248]
Event: 3.380 Thread 0x0000000002ddd800 Exception <a 'java/security/PrivilegedActionException'> (0x00000000eaba7b28) thrown at [D:\re\workspace\8-2-build-windows-amd64-cygwin\jdk8u5\2488\hotspot\src\share\vm\prims\jvm.cpp, line 1248]
Event: 3.410 Thread 0x0000000016f46000 Exception <a 'java/security/PrivilegedActionException'> (0x00000000ead81d20) thrown at [D:\re\workspace\8-2-build-windows-amd64-cygwin\jdk8u5\2488\hotspot\src\share\vm\prims\jvm.cpp, line 1248]
Event: 3.527 Thread 0x0000000002ddd800 Exception <a 'java/security/PrivilegedActionException'> (0x00000000eb095880) thrown at [D:\re\workspace\8-2-build-windows-amd64-cygwin\jdk8u5\2488\hotspot\src\share\vm\prims\jvm.cpp, line 1248]
Event: 3.743 Thread 0x0000000016f40000 Exception <a 'java/lang/ArrayIndexOutOfBoundsException': 18> (0x00000000eac4c880) thrown at [D:\re\workspace\8-2-build-windows-amd64-cygwin\jdk8u5\2488\hotspot\src\share\vm\interpreter\interpreterRuntime.cpp, line 337]
Event: 3.743 Thread 0x0000000016f40000 Exception <a 'java/lang/ArrayIndexOutOfBoundsException'> (0x00000000eac4e318) thrown at [D:\re\workspace\8-2-build-windows-amd64-cygwin\jdk8u5\2488\hotspot\src\share\vm\runtime\sharedRuntime.cpp, line 595]
Event: 3.743 Thread 0x0000000016f40000 Exception <a 'java/lang/ArrayIndexOutOfBoundsException'> (0x00000000eac4f530) thrown at [D:\re\workspace\8-2-build-windows-amd64-cygwin\jdk8u5\2488\hotspot\src\share\vm\runtime\sharedRuntime.cpp, line 595]
Event: 3.750 Thread 0x0000000016f43800 Implicit null exception at 0x000000000351e885 to 0x0000000003520935

Events (10 events):
Event: 3.744 loading class sun/reflect/generics/reflectiveObjects/TypeVariableImpl
Event: 3.744 loading class sun/reflect/generics/reflectiveObjects/LazyReflectiveObjectGenerator
Event: 3.744 loading class sun/reflect/generics/reflectiveObjects/LazyReflectiveObjectGenerator done
Event: 3.744 loading class sun/reflect/generics/reflectiveObjects/TypeVariableImpl done
Event: 3.745 Thread 0x0000000016f40000 Uncommon trap: trap_request=0xffffffad fr.pc=0x00000000037e95ec
Event: 3.745 Thread 0x0000000016f40000 DEOPT PACKING pc=0x00000000037e95ec sp=0x0000000017a9edd0
Event: 3.745 Thread 0x0000000016f40000 DEOPT UNPACKING pc=0x00000000032b55af sp=0x0000000017a9ed58 mode 2
Event: 3.750 Thread 0x0000000016f43800 Uncommon trap: trap_request=0xfffffff4 fr.pc=0x0000000003520958
Event: 3.750 Thread 0x0000000016f43800 DEOPT PACKING pc=0x0000000003520958 sp=0x0000000017b9ec80
Event: 3.750 Thread 0x0000000016f43800 DEOPT UNPACKING pc=0x00000000032b55af sp=0x0000000017b9eb18 mode 2


Dynamic libraries:
0x00007ff796bc0000 - 0x00007ff796bf4000 	C:\Program Files\Java\jdk1.8.0_05\bin\java.exe
0x00007ff9a7460000 - 0x00007ff9a7631000 	C:\WINDOWS\SYSTEM32\ntdll.dll
0x00007ff9a64a0000 - 0x00007ff9a654b000 	C:\WINDOWS\System32\KERNEL32.DLL
0x00007ff9a4220000 - 0x00007ff9a443d000 	C:\WINDOWS\System32\KERNELBASE.dll
0x00007ff9a6d90000 - 0x00007ff9a6e32000 	C:\WINDOWS\System32\ADVAPI32.dll
0x00007ff9a6e40000 - 0x00007ff9a6ede000 	C:\WINDOWS\System32\msvcrt.dll
0x00007ff9a6c60000 - 0x00007ff9a6cb9000 	C:\WINDOWS\System32\sechost.dll
0x00007ff9a7330000 - 0x00007ff9a7451000 	C:\WINDOWS\System32\RPCRT4.dll
0x00007ff9a65b0000 - 0x00007ff9a6715000 	C:\WINDOWS\System32\USER32.dll
0x00007ff9a3950000 - 0x00007ff9a396e000 	C:\WINDOWS\System32\win32u.dll
0x00007ff9a67b0000 - 0x00007ff9a67e4000 	C:\WINDOWS\System32\GDI32.dll
0x00007ff9a47b0000 - 0x00007ff9a4932000 	C:\WINDOWS\System32\gdi32full.dll
0x00007ff99dfe0000 - 0x00007ff99e259000 	C:\WINDOWS\WinSxS\amd64_microsoft.windows.common-controls_6595b64144ccf1df_6.0.14393.447_none_42191651c6827bb3\COMCTL32.dll
0x00007ff9a4bb0000 - 0x00007ff9a4e78000 	C:\WINDOWS\System32\combase.dll
0x00007ff9a45b0000 - 0x00007ff9a46a5000 	C:\WINDOWS\System32\ucrtbase.dll
0x00007ff9a44f0000 - 0x00007ff9a455a000 	C:\WINDOWS\System32\bcryptPrimitives.dll
0x00007ff9a6780000 - 0x00007ff9a67ae000 	C:\WINDOWS\System32\IMM32.DLL
0x0000000073120000 - 0x00000000731f2000 	C:\Program Files\Java\jdk1.8.0_05\jre\bin\msvcr100.dll
0x0000000073b70000 - 0x000000007439a000 	C:\Program Files\Java\jdk1.8.0_05\jre\bin\server\jvm.dll
0x00007ff9a6ee0000 - 0x00007ff9a6ee8000 	C:\WINDOWS\System32\PSAPI.DLL
0x00007ff9a1ee0000 - 0x00007ff9a1ee9000 	C:\WINDOWS\SYSTEM32\WSOCK32.dll
0x00007ff9a6ab0000 - 0x00007ff9a6b1a000 	C:\WINDOWS\System32\WS2_32.dll
0x00007ff9a1dd0000 - 0x00007ff9a1df3000 	C:\WINDOWS\SYSTEM32\WINMM.dll
0x00007ff9a1d70000 - 0x00007ff9a1d9b000 	C:\WINDOWS\SYSTEM32\WINMMBASE.dll
0x00007ff9a4560000 - 0x00007ff9a45a2000 	C:\WINDOWS\System32\cfgmgr32.dll
0x0000000073a80000 - 0x0000000073a8f000 	C:\Program Files\Java\jdk1.8.0_05\jre\bin\verify.dll
0x0000000073a50000 - 0x0000000073a78000 	C:\Program Files\Java\jdk1.8.0_05\jre\bin\java.dll
0x0000000073a30000 - 0x0000000073a46000 	C:\Program Files\Java\jdk1.8.0_05\jre\bin\zip.dll
0x00007ff9a4e80000 - 0x00007ff9a6389000 	C:\WINDOWS\System32\SHELL32.dll
0x00007ff9a3b40000 - 0x00007ff9a421a000 	C:\WINDOWS\System32\windows.storage.dll
0x00007ff9a38d0000 - 0x00007ff9a391c000 	C:\WINDOWS\System32\powrprof.dll
0x00007ff9a6550000 - 0x00007ff9a65a2000 	C:\WINDOWS\System32\shlwapi.dll
0x00007ff9a3920000 - 0x00007ff9a392f000 	C:\WINDOWS\System32\kernel.appcore.dll
0x00007ff9a4940000 - 0x00007ff9a49e9000 	C:\WINDOWS\System32\shcore.dll
0x00007ff9a3930000 - 0x00007ff9a3944000 	C:\WINDOWS\System32\profapi.dll

VM Arguments:
jvm_args: -Djava.awt.headless=true -Xmx1024M -Dfile.encoding=x-windows-949 -Duser.country=KR -Duser.language=ko -Duser.variant 
java_command: com.android.dx.command.Main --dex --num-threads=4 --output C:\tmp\T02.04-Exercise-ConnectingToTheInternet\app\intermediates\pre-dexed\debug\com.android.support-support-core-ui-25.0.1_33f2351574bc11e3bfa5137c7e62f035fc5ae50e.jar C:\tmp\T02.04-Exercise-ConnectingToTheInternet\app\intermediates\exploded-aar\com.android.support\support-core-ui\25.0.1\jars\classes.jar
java_class_path (initial): F:\sdk\build-tools\25.0.1\lib\dx.jar
Launcher Type: SUN_STANDARD

Environment Variables:
JAVA_HOME=C:\Program Files\Java\jdk1.8.0_05
PATH=C:\ProgramData\Oracle\Java\javapath;C:\Program Files (x86)\NVIDIA Corporation\PhysX\Common;C:\Program Files (x86)\Intel\iCLS Client\;C:\Program Files\Intel\iCLS Client\;C:\WINDOWS\system32;C:\WINDOWS;C:\WINDOWS\System32\Wbem;C:\WINDOWS\System32\WindowsPowerShell\v1.0\;C:\Program Files\Microsoft SQL Server\110\Tools\Binn\;C:\Program Files\Microsoft SQL Server\120\Tools\Binn\;C:\Program Files\Intel\Intel(R) Management Engine Components\DAL;C:\Program Files\Intel\Intel(R) Management Engine Components\IPT;C:\Program Files (x86)\Intel\Intel(R) Management Engine Components\DAL;C:\Program Files (x86)\Intel\Intel(R) Management Engine Components\IPT;C:\Program Files\MySQL\MySQL Utilities 1.6\;C:\WINDOWS\system32\config\systemprofile\.dnx\bin;C:\Program Files\Microsoft DNX\Dnvm\;C:\Program Files\Microsoft SQL Server\130\Tools\Binn\;C:\Program Files (x86)\Windows Kits\8.1\Windows Performance Toolkit\;C:\Program Files (x86)\Brackets\command;C:\Python34;C:\Python34\Scripts;C:\Users\user\Anaconda3;C:\Users\user\Anaconda3\Scripts;C:\Users\user\Anaconda3\Library\bin;C:\Program Files\Java\jdk1.8.0_05\bin;C:\Users\user\Downloads\shell.w32-ix86;C:\Users\user\AppData\Local\atom\bin;C:\MinGW\bin;C:\Program Files\MongoDB\Server\3.2\bin;USERPROFILE\AppData\Local\Microsoft\WindowsApps;
USERNAME=user
OS=Windows_NT
PROCESSOR_IDENTIFIER=Intel64 Family 6 Model 60 Stepping 3, GenuineIntel



---------------  S Y S T E M  ---------------

OS: Windows 8.1 , 64 bit Build 9600 

CPU:total 4 (4 cores per cpu, 1 threads per core) family 6 model 60 stepping 3, cmov, cx8, fxsr, mmx, sse, sse2, sse3, ssse3, sse4.1, sse4.2, popcnt, avx, avx2, aes, clmul, erms, tsc, tscinvbit

Memory: 4k page, physical 8342076k(1636748k free), swap 8342076k(4088k free)

vm_info: Java HotSpot(TM) 64-Bit Server VM (25.5-b02) for windows-amd64 JRE (1.8.0_05-b13), built on Mar 18 2014 01:08:39 by "java_re" with MS VC++ 10.0 (VS2010)

time: Thu Jan 05 20:23:23 2017
elapsed time: 3 seconds

