JvmtiExport can_access_local_variables 0
JvmtiExport can_hotswap_or_post_breakpoint 0
JvmtiExport can_post_on_exceptions 0
# 298 ciObject found
ciMethod java/lang/Object <init> ()V 4097 1 245953 0 0
ciMethod java/lang/System arraycopy (Ljava/lang/Object;ILjava/lang/Object;II)V 7169 1 896 0 -1
ciMethod java/util/ArrayList <init> ()V 121 1 16008 0 -1
ciMethod java/util/ArrayList add (Ljava/lang/Object;)Z 641 1 64838 0 -1
ciMethodData java/lang/Object <init> ()V 2 245953 orig 144 152 11 17 116 0 0 0 0 136 4 250 20 0 0 0 0 168 0 0 0 0 0 0 0 0 0 0 0 0 0 0 0 0 0 0 0 0 0 0 0 0 0 0 0 0 0 0 0 0 0 0 0 0 0 0 0 0 0 0 0 0 0 0 0 1 0 0 0 0 0 0 0 1 0 0 0 0 0 0 0 1 0 0 0 0 0 0 0 0 0 0 0 0 0 0 0 0 2 0 0 9 246 29 0 1 0 0 0 0 0 0 0 0 0 0 0 0 0 3 0 3 0 0 0 0 0 0 0 255 255 255 255 0 0 0 0 0 0 0 0 0 0 0 0 data 0 oops 0
ciMethod java/lang/IllegalArgumentException <init> (Ljava/lang/String;)V 0 0 1 0 -1
ciMethod com/android/dx/rop/cst/ConstantPool get (I)Lcom/android/dx/rop/cst/Constant; 0 0 1 0 -1
ciMethod com/android/dx/util/ByteArray getByte (I)I 81 1 54 0 0
ciMethod com/android/dx/util/ByteArray getShort (I)I 1257 1 568 0 0
ciMethod com/android/dx/util/ByteArray getInt (I)I 161 1 1655 0 0
ciMethod com/android/dx/util/ByteArray getUnsignedByte (I)I 2089 1 44074 0 160
ciMethod com/android/dx/util/ByteArray getUnsignedShort (I)I 2049 1 15485 0 224
ciMethod com/android/dx/util/ByteArray checkOffsets (II)V 2049 1 5376 0 96
ciMethod com/android/dx/util/ByteArray getByte0 (I)I 2049 1 2283 0 0
ciMethod com/android/dx/util/ByteArray getUnsignedByte0 (I)I 2353 1 90430 0 96
ciMethod com/android/dx/cf/code/BytecodeArray$Visitor visitInvalid (III)V 0 0 1 0 -1
ciMethod com/android/dx/cf/code/BytecodeArray$Visitor visitNoArgs (IIILcom/android/dx/rop/type/Type;)V 0 0 1 0 -1
ciMethod com/android/dx/cf/code/BytecodeArray$Visitor visitLocal (IIIILcom/android/dx/rop/type/Type;I)V 0 0 1 0 -1
ciMethod com/android/dx/cf/code/BytecodeArray$Visitor visitConstant (IIILcom/android/dx/rop/cst/Constant;I)V 0 0 1 0 -1
ciMethod com/android/dx/cf/code/BytecodeArray$Visitor visitBranch (IIII)V 0 0 1 0 -1
ciMethod com/android/dx/cf/code/BytecodeArray$Visitor visitSwitch (IIILcom/android/dx/cf/code/SwitchList;I)V 0 0 1 0 -1
ciMethod com/android/dx/cf/code/BytecodeArray$Visitor visitNewarray (IILcom/android/dx/rop/cst/CstType;Ljava/util/ArrayList;)V 0 0 1 0 -1
ciMethod com/android/dx/cf/code/BytecodeArray$Visitor getPreviousOffset ()I 0 0 1 0 -1
ciMethod com/android/dx/rop/cst/CstInteger make (I)Lcom/android/dx/rop/cst/CstInteger; 89 1 620 0 -1
ciMethod com/android/dx/rop/cst/CstInteger <init> (I)V 401 1 58 0 -1
ciMethod com/android/dx/rop/cst/CstInteger getValue ()I 4097 1 2064 0 -1
ciMethod com/android/dx/rop/cst/CstLiteral32 getIntBits ()I 1625 1 203 0 -1
ciMethod com/android/dx/rop/cst/CstFieldRef getType ()Lcom/android/dx/rop/type/Type; 3001 1 891 0 -1
ciMethod com/android/dx/rop/cst/CstBaseMethodRef getPrototype (Z)Lcom/android/dx/rop/type/Prototype; 4049 1 849 0 -1
ciMethod com/android/dx/rop/cst/CstInterfaceMethodRef toMethodRef ()Lcom/android/dx/rop/cst/CstMethodRef; 169 1 31 0 -1
ciMethod com/android/dx/rop/cst/StdConstantPool get (I)Lcom/android/dx/rop/cst/Constant; 2121 1 7863 0 0
ciMethod com/android/dx/rop/cst/StdConstantPool throwInvalid (I)Lcom/android/dx/rop/cst/Constant; 0 0 1 0 -1
ciMethod com/android/dx/util/MutabilityControl <init> (Z)V 2225 1 27834 0 32
ciMethod com/android/dx/util/MutabilityControl setImmutable ()V 2049 1 33950 0 0
ciMethod com/android/dx/util/MutabilityControl throwIfImmutable ()V 2065 1 93722 0 64
ciMethod com/android/dx/rop/type/Type getBasicFrameType ()I 4097 1 2821 0 -1
ciMethod com/android/dx/rop/type/Type isCategory1 ()Z 209 1 26 0 -1
ciMethod com/android/dx/rop/type/Type isCategory2 ()Z 4097 1 1231 0 -1
ciMethod com/android/dx/rop/type/Type isArrayOrKnownNull ()Z 9 1 1 0 -1
ciMethod com/android/dx/rop/type/Type getComponentType ()Lcom/android/dx/rop/type/Type; 217 1 59 0 -1
ciMethod com/android/dx/rop/type/Prototype internInts (Lcom/android/dx/rop/type/Type;I)Lcom/android/dx/rop/type/Prototype; 0 0 1 0 -1
ciMethod com/android/dx/util/FixedSizeList size ()I 3153 1 82234 0 -1
ciMethod com/android/dx/util/FixedSizeList get0 (I)Ljava/lang/Object; 2137 1 5438 0 -1
ciMethodData com/android/dx/util/ByteArray getUnsignedByte0 (I)I 2 90430 orig 144 152 11 17 116 0 0 0 0 192 146 61 21 0 0 0 0 176 0 0 0 0 0 0 0 0 0 0 0 0 0 0 0 0 0 0 0 0 0 0 0 0 0 0 0 0 0 0 0 0 0 0 0 0 0 0 0 0 0 0 0 0 0 0 0 1 0 0 0 0 0 0 0 0 0 0 0 0 0 0 0 1 0 0 0 0 0 0 0 0 0 0 0 0 0 0 0 38 1 0 0 193 0 11 0 1 0 0 0 0 0 0 0 0 0 0 0 0 0 3 0 4 0 0 0 0 0 0 0 255 255 255 255 0 0 0 0 0 0 0 0 0 0 0 0 data 0 oops 0
ciMethodData com/android/dx/util/ByteArray checkOffsets (II)V 2 5376 orig 144 152 11 17 116 0 0 0 0 56 145 61 21 0 0 0 0 136 2 0 0 64 0 0 0 0 0 0 0 0 0 0 0 0 0 0 0 0 0 0 0 0 0 0 0 0 0 0 0 0 0 0 0 0 0 0 0 0 0 0 0 0 0 0 0 25 0 0 0 0 0 0 0 0 0 0 0 0 0 0 0 1 0 0 0 0 0 0 0 0 0 0 0 0 0 0 0 0 1 0 0 1 160 0 0 1 0 0 0 0 0 0 0 0 0 0 0 0 0 10 0 4 0 1 0 208 1 0 0 255 255 255 255 0 0 0 0 7 0 1 0 0 0 0 0 data 58 0x10007 0x0 0x60 0x1400 0x60007 0x0 0x40 0x1400 0xe0007 0x1400 0x190 0x0 0x190002 0x0 0x1e0005 0x0 0x0 0x0 0x0 0x0 0x220005 0x0 0x0 0x0 0x0 0x0 0x270005 0x0 0x0 0x0 0x0 0x0 0x2b0005 0x0 0x0 0x0 0x0 0x0 0x300005 0x0 0x0 0x0 0x0 0x0 0x370005 0x0 0x0 0x0 0x0 0x0 0x3a0005 0x0 0x0 0x0 0x0 0x0 0x3d0002 0x0 oops 0
ciMethodData com/android/dx/util/ByteArray getUnsignedByte (I)I 2 44074 orig 144 152 11 17 116 0 0 0 0 120 142 61 21 0 0 0 0 208 0 0 0 0 0 0 0 0 0 0 0 0 0 0 0 0 0 0 0 0 0 0 0 0 0 0 0 0 0 0 0 0 0 0 0 0 0 0 0 0 0 0 0 0 0 0 0 17 0 0 0 0 0 0 0 0 0 0 0 0 0 0 0 1 0 0 0 0 0 0 0 0 0 0 0 0 0 0 0 5 1 0 0 41 89 5 0 1 0 0 0 0 0 0 0 0 0 0 0 0 0 3 0 4 0 1 0 32 0 0 0 255 255 255 255 0 0 0 0 2 0 5 0 0 0 0 0 data 4 0x50002 0xab25 0xa0002 0xab25 oops 0
ciMethod com/android/dx/cf/code/BytecodeArray parseInstruction (ILcom/android/dx/cf/code/BytecodeArray$Visitor;)I 4105 1 8744 0 -1
ciMethod com/android/dx/cf/code/BytecodeArray parseTableswitch (ILcom/android/dx/cf/code/BytecodeArray$Visitor;)I 1 1 2 0 0
ciMethod com/android/dx/cf/code/BytecodeArray parseLookupswitch (ILcom/android/dx/cf/code/BytecodeArray$Visitor;)I 1 1 4 0 0
ciMethod com/android/dx/cf/code/BytecodeArray parseNewarray (ILcom/android/dx/cf/code/BytecodeArray$Visitor;)I 1 1 6 0 0
ciMethod com/android/dx/cf/code/BytecodeArray parseWide (ILcom/android/dx/cf/code/BytecodeArray$Visitor;)I 0 0 1 0 0
ciMethod com/android/dx/cf/code/ByteCatchList <init> (I)V 225 1 40 0 -1
ciMethod com/android/dx/cf/code/ByteCatchList get (I)Lcom/android/dx/cf/code/ByteCatchList$Item; 1209 1 231 0 -1
ciMethod com/android/dx/cf/code/ByteCatchList set (ILcom/android/dx/cf/code/ByteCatchList$Item;)V 161 1 32 0 -1
ciMethod com/android/dx/cf/code/ByteCatchList listFor (I)Lcom/android/dx/cf/code/ByteCatchList; 4097 473 1441 0 0
ciMethod com/android/dx/cf/code/ByteCatchList typeNotFound (Lcom/android/dx/cf/code/ByteCatchList$Item;[Lcom/android/dx/cf/code/ByteCatchList$Item;I)Z 161 1 32 0 -1
ciMethod com/android/dx/cf/code/ByteCatchList toTargetList (I)Lcom/android/dx/util/IntList; 4097 97 1441 0 0
ciMethod com/android/dx/cf/code/LocalVariableList pcAndIndexToLocal (II)Lcom/android/dx/cf/code/LocalVariableList$Item; 4417 5177 2219 0 -1
ciMethod com/android/dx/cf/code/LocalVariableList$Item getLocalItem ()Lcom/android/dx/rop/code/LocalItem; 3105 1 667 0 -1
ciMethod com/android/dx/cf/code/LocalVariableList$Item getType ()Lcom/android/dx/rop/type/Type; 4097 1 1722 0 -1
ciMethod com/android/dx/cf/attrib/AttCode getCatches ()Lcom/android/dx/cf/code/ByteCatchList; 1353 1 169 0 0
ciMethodData com/android/dx/util/ByteArray getUnsignedShort (I)I 2 15485 orig 144 152 11 17 116 0 0 0 0 64 143 61 21 0 0 0 0 224 0 0 0 0 0 0 0 0 0 0 0 0 0 0 0 0 0 0 0 0 0 0 0 0 0 0 0 0 0 0 0 0 0 0 0 0 0 0 0 0 0 0 0 0 0 0 0 0 0 0 0 0 0 0 0 0 0 0 0 0 0 0 0 0 0 0 0 0 0 0 0 0 0 0 0 0 0 0 0 0 1 0 0 233 219 1 0 1 0 0 0 0 0 0 0 0 0 0 0 0 0 3 0 4 0 1 0 48 0 0 0 255 255 255 255 0 0 0 0 2 0 5 0 0 0 0 0 data 6 0x50002 0x3b7d 0xa0002 0x3b7c 0x140002 0x3b7d oops 0
ciMethodData com/android/dx/util/MutabilityControl throwIfImmutable ()V 2 93722 orig 144 152 11 17 116 0 0 0 0 136 116 62 21 0 0 0 0 216 0 0 0 0 0 0 0 0 0 0 0 0 0 0 0 0 0 0 0 0 0 0 0 0 0 0 0 0 0 0 0 0 0 0 0 0 0 0 0 0 0 0 0 0 0 0 0 25 0 0 0 0 0 0 0 0 0 0 0 0 0 0 0 1 0 0 0 0 0 0 0 0 0 0 0 0 0 0 0 2 1 0 0 193 104 11 0 1 0 0 0 0 0 0 0 0 0 0 0 0 0 5 0 4 0 1 0 48 0 0 0 255 255 255 255 0 0 0 0 7 0 4 0 0 0 0 0 data 6 0x40007 0x16d24 0x30 0x0 0xd0002 0x0 oops 0
ciMethodData com/android/dx/util/ByteArray getInt (I)I 2 1655 orig 144 152 11 17 116 0 0 0 0 144 140 61 21 0 0 0 0 0 1 0 0 0 0 0 0 0 0 0 0 0 0 0 0 0 0 0 0 0 0 0 0 0 0 0 0 0 0 0 0 0 0 0 0 0 0 0 0 0 0 0 0 0 0 0 0 0 0 0 0 0 0 0 0 0 0 0 0 0 0 0 0 0 0 0 0 0 0 0 0 0 0 0 0 0 0 0 0 20 0 0 0 25 51 0 0 1 0 0 0 0 0 0 0 0 0 0 0 0 0 3 0 3 0 1 0 80 0 0 0 255 255 255 255 0 0 0 0 2 0 5 0 0 0 0 0 data 10 0x50002 0x663 0xa0002 0x663 0x140002 0x663 0x1f0002 0x663 0x2a0002 0x663 oops 0
ciMethodData com/android/dx/rop/cst/CstInteger make (I)Lcom/android/dx/rop/cst/CstInteger; 1 639 orig 144 152 11 17 116 0 0 0 0 168 241 61 21 0 0 0 0 88 1 0 0 80 0 0 0 0 0 0 0 0 0 0 0 0 0 0 0 0 0 0 0 0 0 0 0 0 0 0 0 0 0 0 0 0 0 0 0 0 0 0 0 0 0 0 0 0 0 0 0 0 0 0 0 0 0 0 0 0 0 0 0 0 0 0 0 0 0 0 0 0 0 0 0 0 0 0 0 11 0 0 0 161 19 0 0 1 0 0 0 0 0 0 0 0 0 0 0 0 0 8 0 3 0 1 0 176 0 0 0 255 255 255 255 0 0 0 0 7 0 17 0 0 0 0 0 data 22 0x110007 0x20 0x70 0x254 0x150005 0x1ea 0x16fb9b90 0x6a 0x0 0x0 0x190007 0x11 0x20 0x243 0x230002 0x31 0x2c0004 0x0 0x16fb9b90 0x31 0x0 0x0 oops 2