#
# There is insufficient memory for the Java Runtime Environment to continue.
# Native memory allocation (malloc) failed to allocate 51984 bytes for Chunk::new
# Possible reasons:
#   The system is out of physical RAM or swap space
#   In 32 bit mode, the process size limit was hit
# Possible solutions:
#   Reduce memory load on the system
#   Increase physical memory or swap space
#   Check if swap backing store is full
#   Use 64 bit Java on a 64 bit OS
#   Decrease Java heap size (-Xmx/-Xms)
#   Decrease number of Java threads
#   Decrease Java thread stack sizes (-Xss)
#   Set larger code cache with -XX:ReservedCodeCacheSize=
# This output file may be truncated or incomplete.
#
#  Out of Memory Error (allocation.cpp:388), pid=12216, tid=7100
#
# JRE version: Java(TM) SE Runtime Environment (8.0_05-b13) (build 1.8.0_05-b13)
# Java VM: Java HotSpot(TM) 64-Bit Server VM (25.5-b02 mixed mode windows-amd64 compressed oops)
# Failed to write core dump. Minidumps are not enabled by default on client versions of Windows
#

---------------  T H R E A D  ---------------

Current thread (0x0000000016647800):  JavaThread "C2 CompilerThread1" daemon [_thread_in_native, id=7100, stack(0x0000000016cf0000,0x0000000016df0000)]

Stack: [0x0000000016cf0000,0x0000000016df0000]
[error occurred during error reporting (printing stack bounds), id 0xc0000005]

Native frames: (J=compiled Java code, j=interpreted, Vv=VM code, C=native code)
V  [jvm.dll+0x308dea]


Current CompileTask:
C2:    389  231       4       com.android.dx.rop.cst.CstString::utf8BytesToString (391 bytes)


---------------  P R O C E S S  ---------------

Java Threads: ( => current thread )
  0x000000001683f800 JavaThread "pool-1-thread-4" [_thread_new, id=13236, stack(0x0000000000000000,0x0000000000000000)]
  0x000000001682c000 JavaThread "pool-1-thread-3" [_thread_new, id=12556, stack(0x0000000000000000,0x0000000000000000)]
  0x0000000016782000 JavaThread "pool-1-thread-2" [_thread_blocked, id=11984, stack(0x00000000172f0000,0x00000000173f0000)]
  0x0000000016762000 JavaThread "pool-2-thread-1" [_thread_blocked, id=8816, stack(0x00000000171f0000,0x00000000172f0000)]
  0x0000000016761000 JavaThread "pool-1-thread-1" [_thread_in_vm, id=7316, stack(0x00000000170f0000,0x00000000171f0000)]
  0x000000001664f000 JavaThread "Service Thread" daemon [_thread_blocked, id=9680, stack(0x0000000016ef0000,0x0000000016ff0000)]
  0x000000001664a800 JavaThread "C1 CompilerThread2" daemon [_thread_blocked, id=11696, stack(0x0000000016df0000,0x0000000016ef0000)]
=>0x0000000016647800 JavaThread "C2 CompilerThread1" daemon [_thread_in_native, id=7100, stack(0x0000000016cf0000,0x0000000016df0000)]
  0x00000000152ae000 JavaThread "C2 CompilerThread0" daemon [_thread_blocked, id=2564, stack(0x0000000016bf0000,0x0000000016cf0000)]
  0x00000000152a3000 JavaThread "Attach Listener" daemon [_thread_blocked, id=824, stack(0x0000000016af0000,0x0000000016bf0000)]
  0x0000000016633800 JavaThread "Signal Dispatcher" daemon [_thread_blocked, id=2996, stack(0x00000000169f0000,0x0000000016af0000)]
  0x0000000002baf000 JavaThread "Finalizer" daemon [_thread_blocked, id=11396, stack(0x00000000164f0000,0x00000000165f0000)]
  0x0000000015258000 JavaThread "Reference Handler" daemon [_thread_blocked, id=10964, stack(0x00000000163f0000,0x00000000164f0000)]
  0x0000000002abd800 JavaThread "main" [_thread_blocked, id=2432, stack(0x0000000002430000,0x0000000002530000)]

Other Threads:
  0x0000000015255800 VMThread [stack: 0x00000000162f0000,0x00000000163f0000] [id=3896]
  0x0000000016651800 WatcherThread [stack: 0x0000000016ff0000,0x00000000170f0000] [id=3548]

VM state:synchronizing (normal execution)

VM Mutex/Monitor currently owned by a thread:  ([mutex/lock_event])
[0x0000000002abca00] Safepoint_lock - owner thread: 0x0000000015255800
[0x0000000002abc800] Threads_lock - owner thread: 0x0000000015255800
[0x0000000002abc600] Heap_lock - owner thread: 0x0000000016761000

Heap:
 PSYoungGen      total 1536K, used 1513K [0x00000000eab00000, 0x00000000ead00000, 0x0000000100000000)
  eden space 1024K, 100% used [0x00000000eab00000,0x00000000eac00000,0x00000000eac00000)
  from space 512K, 95% used [0x00000000eac00000,0x00000000eac7a630,0x00000000eac80000)
  to   space 512K, 0% used [0x00000000eac80000,0x00000000eac80000,0x00000000ead00000)
 ParOldGen       total 129536K, used 935K [0x00000000c0000000, 0x00000000c7e80000, 0x00000000eab00000)
  object space 129536K, 0% used [0x00000000c0000000,0x00000000c00e9dd0,0x00000000c7e80000)
 Metaspace       used 3932K, capacity 5168K, committed 5376K, reserved 1056768K
  class space    used 440K, capacity 488K, committed 512K, reserved 1048576K

Card table byte_map: [0x0000000011f80000,0x0000000012190000] byte_map_base: 0x0000000011980000

Marking Bits: (ParMarkBitMap*) 0x000000006d7413b0
 Begin Bits: [0x00000000126f0000, 0x00000000136f0000)
 End Bits:   [0x00000000136f0000, 0x00000000146f0000)

Polling page: 0x0000000000e40000

CodeCache: size=245760Kb used=1627Kb max_used=1627Kb free=244132Kb
 bounds [0x0000000002bc0000, 0x0000000002e30000, 0x0000000011bc0000]
 total_blobs=494 nmethods=239 adapters=169
 compilation: enabled

Compilation events (10 events):
Event: 0.386 Thread 0x000000001664a800 nmethod 226 0x0000000002d45950 code [0x0000000002d45b40, 0x0000000002d46578]
Event: 0.386 Thread 0x000000001664a800  233       3       com.android.dx.cf.direct.StdAttributeFactory::parse0 (532 bytes)
Event: 0.388 Thread 0x000000001664a800 nmethod 233 0x0000000002d4f1d0 code [0x0000000002d4f920, 0x0000000002d53878]
Event: 0.388 Thread 0x000000001664a800  234       3       com.android.dx.cf.attrib.BaseAttribute::<init> (24 bytes)
Event: 0.388 Thread 0x000000001664a800 nmethod 234 0x0000000002d44750 code [0x0000000002d448c0, 0x0000000002d44b68]
Event: 0.388 Thread 0x000000001664a800  235       3       com.android.dx.cf.iface.StdAttributeList::set (7 bytes)
Event: 0.388 Thread 0x000000001664a800 nmethod 235 0x0000000002d4e390 code [0x0000000002d4e560, 0x0000000002d4ece8]
Event: 0.388 Thread 0x000000001664a800  227       3       com.android.dx.cf.iface.StdField::<init> (10 bytes)
Event: 0.388 Thread 0x000000001664a800 nmethod 227 0x0000000002d44390 code [0x0000000002d44500, 0x0000000002d44688]
Event: 0.388 Thread 0x000000001664a800  228       3       com.android.dx.cf.iface.StdFieldList::set (7 bytes)

GC Heap History (10 events):
Event: 0.199 GC heap before
{Heap before GC invocations=1 (full 0):
 PSYoungGen      total 1024K, used 512K [0x00000000eab00000, 0x00000000eac80000, 0x0000000100000000)
  eden space 512K, 100% used [0x00000000eab00000,0x00000000eab80000,0x00000000eab80000)
  from space 512K, 0% used [0x00000000eac00000,0x00000000eac00000,0x00000000eac80000)
  to   space 512K, 0% used [0x00000000eab80000,0x00000000eab80000,0x00000000eac00000)
 ParOldGen       total 129536K, used 0K [0x00000000c0000000, 0x00000000c7e80000, 0x00000000eab00000)
  object space 129536K, 0% used [0x00000000c0000000,0x00000000c0000000,0x00000000c7e80000)
 Metaspace       used 1806K, capacity 4480K, committed 4480K, reserved 1056768K
  class space    used 200K, capacity 384K, committed 384K, reserved 1048576K
Event: 0.200 GC heap after
Heap after GC invocations=1 (full 0):
 PSYoungGen      total 1024K, used 457K [0x00000000eab00000, 0x00000000eac80000, 0x0000000100000000)
  eden space 512K, 0% used [0x00000000eab00000,0x00000000eab00000,0x00000000eab80000)
  from space 512K, 89% used [0x00000000eab80000,0x00000000eabf2610,0x00000000eac00000)
  to   space 512K, 0% used [0x00000000eac00000,0x00000000eac00000,0x00000000eac80000)
 ParOldGen       total 129536K, used 0K [0x00000000c0000000, 0x00000000c7e80000, 0x00000000eab00000)
  object space 129536K, 0% used [0x00000000c0000000,0x00000000c0000000,0x00000000c7e80000)
 Metaspace       used 1806K, capacity 4480K, committed 4480K, reserved 1056768K
  class space    used 200K, capacity 384K, committed 384K, reserved 1048576K
}
Event: 0.263 GC heap before
{Heap before GC invocations=2 (full 0):
 PSYoungGen      total 1024K, used 965K [0x00000000eab00000, 0x00000000eac80000, 0x0000000100000000)
  eden space 512K, 99% used [0x00000000eab00000,0x00000000eab7f0a0,0x00000000eab80000)
  from space 512K, 89% used [0x00000000eab80000,0x00000000eabf2610,0x00000000eac00000)
  to   space 512K, 0% used [0x00000000eac00000,0x00000000eac00000,0x00000000eac80000)
 ParOldGen       total 129536K, used 0K [0x00000000c0000000, 0x00000000c7e80000, 0x00000000eab00000)
  object space 129536K, 0% used [0x00000000c0000000,0x00000000c0000000,0x00000000c7e80000)
 Metaspace       used 2905K, capacity 4490K, committed 4864K, reserved 1056768K
  class space    used 311K, capacity 386K, committed 512K, reserved 1048576K
Event: 0.270 GC heap after
Heap after GC invocations=2 (full 0):
 PSYoungGen      total 1024K, used 502K [0x00000000eab00000, 0x00000000ead00000, 0x0000000100000000)
  eden space 512K, 0% used [0x00000000eab00000,0x00000000eab00000,0x00000000eab80000)
  from space 512K, 98% used [0x00000000eac00000,0x00000000eac7dbf0,0x00000000eac80000)
  to   space 512K, 0% used [0x00000000eab80000,0x00000000eab80000,0x00000000eac00000)
 ParOldGen       total 129536K, used 268K [0x00000000c0000000, 0x00000000c7e80000, 0x00000000eab00000)
  object space 129536K, 0% used [0x00000000c0000000,0x00000000c0043330,0x00000000c7e80000)
 Metaspace       used 2905K, capacity 4490K, committed 4864K, reserved 1056768K
  class space    used 311K, capacity 386K, committed 512K, reserved 1048576K
}
Event: 0.286 GC heap before
{Heap before GC invocations=3 (full 0):
 PSYoungGen      total 1024K, used 1014K [0x00000000eab00000, 0x00000000ead00000, 0x0000000100000000)
  eden space 512K, 100% used [0x00000000eab00000,0x00000000eab80000,0x00000000eab80000)
  from space 512K, 98% used [0x00000000eac00000,0x00000000eac7dbf0,0x00000000eac80000)
  to   space 512K, 0% used [0x00000000eab80000,0x00000000eab80000,0x00000000eac00000)
 ParOldGen       total 129536K, used 268K [0x00000000c0000000, 0x00000000c7e80000, 0x00000000eab00000)
  object space 129536K, 0% used [0x00000000c0000000,0x00000000c0043330,0x00000000c7e80000)
 Metaspace       used 3092K, capacity 4656K, committed 4864K, reserved 1056768K
  class space    used 335K, capacity 424K, committed 512K, reserved 1048576K
Event: 0.299 GC heap after
Heap after GC invocations=3 (full 0):
 PSYoungGen      total 1024K, used 505K [0x00000000eab00000, 0x00000000ead00000, 0x0000000100000000)
  eden space 512K, 0% used [0x00000000eab00000,0x00000000eab00000,0x00000000eab80000)
  from space 512K, 98% used [0x00000000eab80000,0x00000000eabfe620,0x00000000eac00000)
  to   space 512K, 0% used [0x00000000eac80000,0x00000000eac80000,0x00000000ead00000)
 ParOldGen       total 129536K, used 426K [0x00000000c0000000, 0x00000000c7e80000, 0x00000000eab00000)
  object space 129536K, 0% used [0x00000000c0000000,0x00000000c006ab68,0x00000000c7e80000)
 Metaspace       used 3092K, capacity 4656K, committed 4864K, reserved 1056768K
  class space    used 335K, capacity 424K, committed 512K, reserved 1048576K
}
Event: 0.321 GC heap before
{Heap before GC invocations=4 (full 0):
 PSYoungGen      total 1024K, used 1017K [0x00000000eab00000, 0x00000000ead00000, 0x0000000100000000)
  eden space 512K, 100% used [0x00000000eab00000,0x00000000eab80000,0x00000000eab80000)
  from space 512K, 98% used [0x00000000eab80000,0x00000000eabfe620,0x00000000eac00000)
  to   space 512K, 0% used [0x00000000eac80000,0x00000000eac80000,0x00000000ead00000)
 ParOldGen       total 129536K, used 426K [0x00000000c0000000, 0x00000000c7e80000, 0x00000000eab00000)
  object space 129536K, 0% used [0x00000000c0000000,0x00000000c006ab68,0x00000000c7e80000)
 Metaspace       used 3488K, capacity 4784K, committed 5120K, reserved 1056768K
  class space    used 385K, capacity 424K, committed 512K, reserved 1048576K
Event: 0.323 GC heap after
Heap after GC invocations=4 (full 0):
 PSYoungGen      total 1536K, used 505K [0x00000000eab00000, 0x00000000ead00000, 0x0000000100000000)
  eden space 1024K, 0% used [0x00000000eab00000,0x00000000eab00000,0x00000000eac00000)
  from space 512K, 98% used [0x00000000eac80000,0x00000000eacfe620,0x00000000ead00000)
  to   space 512K, 0% used [0x00000000eac00000,0x00000000eac00000,0x00000000eac80000)
 ParOldGen       total 129536K, used 570K [0x00000000c0000000, 0x00000000c7e80000, 0x00000000eab00000)
  object space 129536K, 0% used [0x00000000c0000000,0x00000000c008e9e0,0x00000000c7e80000)
 Metaspace       used 3488K, capacity 4784K, committed 5120K, reserved 1056768K
  class space    used 385K, capacity 424K, committed 512K, reserved 1048576K
}
Event: 0.373 GC heap before
{Heap before GC invocations=5 (full 0):
 PSYoungGen      total 1536K, used 1529K [0x00000000eab00000, 0x00000000ead00000, 0x0000000100000000)
  eden space 1024K, 100% used [0x00000000eab00000,0x00000000eac00000,0x00000000eac00000)
  from space 512K, 98% used [0x00000000eac80000,0x00000000eacfe620,0x00000000ead00000)
  to   space 512K, 0% used [0x00000000eac00000,0x00000000eac00000,0x00000000eac80000)
 ParOldGen       total 129536K, used 570K [0x00000000c0000000, 0x00000000c7e80000, 0x00000000eab00000)
  object space 129536K, 0% used [0x00000000c0000000,0x00000000c008e9e0,0x00000000c7e80000)
 Metaspace       used 3795K, capacity 5040K, committed 5120K, reserved 1056768K
  class space    used 430K, capacity 488K, committed 512K, reserved 1048576K
Event: 0.374 GC heap after
Heap after GC invocations=5 (full 0):
 PSYoungGen      total 1536K, used 489K [0x00000000eab00000, 0x00000000ead00000, 0x0000000100000000)
  eden space 1024K, 0% used [0x00000000eab00000,0x00000000eab00000,0x00000000eac00000)
  from space 512K, 95% used [0x00000000eac00000,0x00000000eac7a630,0x00000000eac80000)
  to   space 512K, 0% used [0x00000000eac80000,0x00000000eac80000,0x00000000ead00000)
 ParOldGen       total 129536K, used 935K [0x00000000c0000000, 0x00000000c7e80000, 0x00000000eab00000)
  object space 129536K, 0% used [0x00000000c0000000,0x00000000c00e9dd0,0x00000000c7e80000)
 Metaspace       used 3795K, capacity 5040K, committed 5120K, reserved 1056768K
  class space    used 430K, capacity 488K, committed 512K, reserved 1048576K
}

Deoptimization events (0 events):
No events

Internal exceptions (10 events):
Event: 0.380 Thread 0x0000000016761000 Exception <a 'java/security/PrivilegedActionException'> (0x00000000eab48018) thrown at [D:\re\workspace\8-2-build-windows-amd64-cygwin\jdk8u5\2488\hotspot\src\share\vm\prims\jvm.cpp, line 1248]
Event: 0.380 Thread 0x0000000016761000 Exception <a 'java/security/PrivilegedActionException'> (0x00000000eab4eee8) thrown at [D:\re\workspace\8-2-build-windows-amd64-cygwin\jdk8u5\2488\hotspot\src\share\vm\prims\jvm.cpp, line 1248]
Event: 0.380 Thread 0x0000000016761000 Exception <a 'java/security/PrivilegedActionException'> (0x00000000eab54a08) thrown at [D:\re\workspace\8-2-build-windows-amd64-cygwin\jdk8u5\2488\hotspot\src\share\vm\prims\jvm.cpp, line 1248]
Event: 0.381 Thread 0x0000000016761000 Exception <a 'java/security/PrivilegedActionException'> (0x00000000eab64fd8) thrown at [D:\re\workspace\8-2-build-windows-amd64-cygwin\jdk8u5\2488\hotspot\src\share\vm\prims\jvm.cpp, line 1248]
Event: 0.381 Thread 0x0000000016761000 Exception <a 'java/security/PrivilegedActionException'> (0x00000000eab69c70) thrown at [D:\re\workspace\8-2-build-windows-amd64-cygwin\jdk8u5\2488\hotspot\src\share\vm\prims\jvm.cpp, line 1248]
Event: 0.386 Thread 0x0000000016761000 Exception <a 'java/security/PrivilegedActionException'> (0x00000000eabd9df0) thrown at [D:\re\workspace\8-2-build-windows-amd64-cygwin\jdk8u5\2488\hotspot\src\share\vm\prims\jvm.cpp, line 1248]
Event: 0.386 Thread 0x0000000016761000 Exception <a 'java/security/PrivilegedActionException'> (0x00000000eabde088) thrown at [D:\re\workspace\8-2-build-windows-amd64-cygwin\jdk8u5\2488\hotspot\src\share\vm\prims\jvm.cpp, line 1248]
Event: 0.386 Thread 0x0000000016761000 Exception <a 'java/security/PrivilegedActionException'> (0x00000000eabe72b0) thrown at [D:\re\workspace\8-2-build-windows-amd64-cygwin\jdk8u5\2488\hotspot\src\share\vm\prims\jvm.cpp, line 1248]
Event: 0.387 Thread 0x0000000016761000 Exception <a 'java/security/PrivilegedActionException'> (0x00000000eabe95b0) thrown at [D:\re\workspace\8-2-build-windows-amd64-cygwin\jdk8u5\2488\hotspot\src\share\vm\prims\jvm.cpp, line 1248]
Event: 0.388 Thread 0x0000000016761000 Exception <a 'java/security/PrivilegedActionException'> (0x00000000eabf53c0) thrown at [D:\re\workspace\8-2-build-windows-amd64-cygwin\jdk8u5\2488\hotspot\src\share\vm\prims\jvm.cpp, line 1248]

Events (10 events):
Event: 0.386 loading class com/android/dx/dex/file/EncodedArrayItem
Event: 0.386 loading class com/android/dx/dex/file/EncodedArrayItem done
Event: 0.386 loading class com/android/dx/dex/file/ClassDataItem
Event: 0.386 loading class com/android/dx/dex/file/ClassDataItem done
Event: 0.386 loading class com/android/dx/dex/file/AnnotationsDirectoryItem
Event: 0.386 loading class com/android/dx/dex/file/AnnotationsDirectoryItem done
Event: 0.387 loading class com/android/dx/dex/file/AnnotationSetItem
Event: 0.387 loading class com/android/dx/dex/file/AnnotationSetItem done
Event: 0.388 loading class com/android/dx/dex/cf/AttributeTranslator
Event: 0.388 loading class com/android/dx/dex/cf/AttributeTranslator done


Dynamic libraries:
0x00007ff771c80000 - 0x00007ff771cb4000 	C:\Program Files\Java\jdk1.8.0_05\bin\java.exe
0x00007fff65520000 - 0x00007fff656f1000 	C:\WINDOWS\SYSTEM32\ntdll.dll
0x00007fff64a80000 - 0x00007fff64b2b000 	C:\WINDOWS\System32\KERNEL32.DLL
0x00007fff61a10000 - 0x00007fff61c2d000 	C:\WINDOWS\System32\KERNELBASE.dll
0x00007fff64bd0000 - 0x00007fff64c72000 	C:\WINDOWS\System32\ADVAPI32.dll
0x00007fff64630000 - 0x00007fff646ce000 	C:\WINDOWS\System32\msvcrt.dll
0x00007fff64a20000 - 0x00007fff64a79000 	C:\WINDOWS\System32\sechost.dll
0x00007fff65020000 - 0x00007fff65141000 	C:\WINDOWS\System32\RPCRT4.dll
0x00007fff65350000 - 0x00007fff654b5000 	C:\WINDOWS\System32\USER32.dll
0x00007fff62a90000 - 0x00007fff62aae000 	C:\WINDOWS\System32\win32u.dll
0x00007fff65250000 - 0x00007fff65284000 	C:\WINDOWS\System32\GDI32.dll
0x00007fff61c30000 - 0x00007fff61db2000 	C:\WINDOWS\System32\gdi32full.dll
0x00007fff5ced0000 - 0x00007fff5d149000 	C:\WINDOWS\WinSxS\amd64_microsoft.windows.common-controls_6595b64144ccf1df_6.0.14393.447_none_42191651c6827bb3\COMCTL32.dll
0x00007fff646d0000 - 0x00007fff64998000 	C:\WINDOWS\System32\combase.dll
0x00007fff61e70000 - 0x00007fff61f65000 	C:\WINDOWS\System32\ucrtbase.dll
0x00007fff62a20000 - 0x00007fff62a8a000 	C:\WINDOWS\System32\bcryptPrimitives.dll
0x00007fff64b30000 - 0x00007fff64b5e000 	C:\WINDOWS\System32\IMM32.DLL
0x000000006ceb0000 - 0x000000006cf82000 	C:\Program Files\Java\jdk1.8.0_05\jre\bin\msvcr100.dll
0x000000006cf90000 - 0x000000006d7ba000 	C:\Program Files\Java\jdk1.8.0_05\jre\bin\server\jvm.dll
0x00007fff649a0000 - 0x00007fff649a8000 	C:\WINDOWS\System32\PSAPI.DLL
0x00007fff592d0000 - 0x00007fff592d9000 	C:\WINDOWS\SYSTEM32\WSOCK32.dll
0x00007fff64b60000 - 0x00007fff64bca000 	C:\WINDOWS\System32\WS2_32.dll
0x00007fff5faa0000 - 0x00007fff5fac3000 	C:\WINDOWS\SYSTEM32\WINMM.dll
0x00007fff5f800000 - 0x00007fff5f82b000 	C:\WINDOWS\SYSTEM32\WINMMBASE.dll
0x00007fff62120000 - 0x00007fff62162000 	C:\WINDOWS\System32\cfgmgr32.dll
0x000000006e700000 - 0x000000006e70f000 	C:\Program Files\Java\jdk1.8.0_05\jre\bin\verify.dll
0x000000006e6d0000 - 0x000000006e6f8000 	C:\Program Files\Java\jdk1.8.0_05\jre\bin\java.dll
0x000000006e6b0000 - 0x000000006e6c6000 	C:\Program Files\Java\jdk1.8.0_05\jre\bin\zip.dll
0x00007fff63080000 - 0x00007fff64589000 	C:\WINDOWS\System32\SHELL32.dll
0x00007fff62170000 - 0x00007fff6284a000 	C:\WINDOWS\System32\windows.storage.dll
0x00007fff619b0000 - 0x00007fff619fc000 	C:\WINDOWS\System32\powrprof.dll
0x00007fff651f0000 - 0x00007fff65242000 	C:\WINDOWS\System32\shlwapi.dll
0x00007fff619a0000 - 0x00007fff619af000 	C:\WINDOWS\System32\kernel.appcore.dll
0x00007fff61dc0000 - 0x00007fff61e69000 	C:\WINDOWS\System32\shcore.dll
0x00007fff61980000 - 0x00007fff61994000 	C:\WINDOWS\System32\profapi.dll

VM Arguments:
jvm_args: -Djava.awt.headless=true -Xmx1024M -Dfile.encoding=x-windows-949 -Duser.country=KR -Duser.language=ko -Duser.variant 
java_command: com.android.dx.command.Main --dex --num-threads=4 --output C:\tmp\T05b.01-Exercise-SaveResults\app\intermediates\pre-dexed\debug\debug_2dd5aa56b69059b6fbaeeae19b4aba6257f5a3f8.jar C:\tmp\T05b.01-Exercise-SaveResults\app\intermediates\classes\debug
java_class_path (initial): F:\sdk\build-tools\25.0.1\lib\dx.jar
Launcher Type: SUN_STANDARD

Environment Variables:
JAVA_HOME=C:\Program Files\Java\jdk1.8.0_05
PATH=C:\ProgramData\Oracle\Java\javapath;C:\Program Files (x86)\NVIDIA Corporation\PhysX\Common;C:\Program Files (x86)\Intel\iCLS Client\;C:\Program Files\Intel\iCLS Client\;C:\WINDOWS\system32;C:\WINDOWS;C:\WINDOWS\System32\Wbem;C:\WINDOWS\System32\WindowsPowerShell\v1.0\;C:\Program Files\Microsoft SQL Server\110\Tools\Binn\;C:\Program Files\Microsoft SQL Server\120\Tools\Binn\;C:\Program Files\Intel\Intel(R) Management Engine Components\DAL;C:\Program Files\Intel\Intel(R) Management Engine Components\IPT;C:\Program Files (x86)\Intel\Intel(R) Management Engine Components\DAL;C:\Program Files (x86)\Intel\Intel(R) Management Engine Components\IPT;C:\Program Files\MySQL\MySQL Utilities 1.6\;C:\WINDOWS\system32\config\systemprofile\.dnx\bin;C:\Program Files\Microsoft DNX\Dnvm\;C:\Program Files\Microsoft SQL Server\130\Tools\Binn\;C:\Program Files (x86)\Windows Kits\8.1\Windows Performance Toolkit\;C:\Program Files (x86)\Brackets\command;C:\Python34;C:\Python34\Scripts;C:\Users\user\Anaconda3;C:\Users\user\Anaconda3\Scripts;C:\Users\user\Anaconda3\Library\bin;C:\Program Files\Java\jdk1.8.0_05\bin;C:\Users\user\Downloads\shell.w32-ix86;C:\Users\user\AppData\Local\atom\bin;C:\MinGW\bin;C:\Program Files\MongoDB\Server\3.2\bin;USERPROFILE\AppData\Local\Microsoft\WindowsApps;
USERNAME=user
OS=Windows_NT
PROCESSOR_IDENTIFIER=Intel64 Family 6 Model 60 Stepping 3, GenuineIntel



---------------  S Y S T E M  ---------------

OS: Windows 8.1 , 64 bit Build 9600 

CPU:total 4 (4 cores per cpu, 1 threads per core) family 6 model 60 stepping 3, cmov, cx8, fxsr, mmx, sse, sse2, sse3, ssse3, sse4.1, sse4.2, popcnt, avx, avx2, aes, clmul, erms, tsc, tscinvbit

Memory: 4k page, physical 8342076k(1331680k free), swap 8342076k(5168k free)

vm_info: Java HotSpot(TM) 64-Bit Server VM (25.5-b02) for windows-amd64 JRE (1.8.0_05-b13), built on Mar 18 2014 01:08:39 by "java_re" with MS VC++ 10.0 (VS2010)

time: Thu Jan 12 15:32:21 2017
elapsed time: 0 seconds

