#
# There is insufficient memory for the Java Runtime Environment to continue.
# Native memory allocation (malloc) failed to allocate 37296 bytes for Chunk::new
# Possible reasons:
#   The system is out of physical RAM or swap space
#   In 32 bit mode, the process size limit was hit
# Possible solutions:
#   Reduce memory load on the system
#   Increase physical memory or swap space
#   Check if swap backing store is full
#   Use 64 bit Java on a 64 bit OS
#   Decrease Java heap size (-Xmx/-Xms)
#   Decrease number of Java threads
#   Decrease Java thread stack sizes (-Xss)
#   Set larger code cache with -XX:ReservedCodeCacheSize=
# This output file may be truncated or incomplete.
#
#  Out of Memory Error (allocation.cpp:388), pid=8712, tid=4964
#
# JRE version: Java(TM) SE Runtime Environment (8.0_05-b13) (build 1.8.0_05-b13)
# Java VM: Java HotSpot(TM) 64-Bit Server VM (25.5-b02 mixed mode windows-amd64 compressed oops)
# Failed to write core dump. Minidumps are not enabled by default on client versions of Windows
#

---------------  T H R E A D  ---------------

Current thread (0x0000000015a5f800):  JavaThread "C2 CompilerThread0" daemon [_thread_in_native, id=4964, stack(0x00000000173a0000,0x00000000174a0000)]

Stack: [0x00000000173a0000,0x00000000174a0000]
Native frames: (J=compiled Java code, j=interpreted, Vv=VM code, C=native code)
V  [jvm.dll+0x308dea]
V  [jvm.dll+0x25def1]
V  [jvm.dll+0x25eb0f]
V  [jvm.dll+0x2564e5]
V  [jvm.dll+0xbcfc5]
V  [jvm.dll+0xbd45c]
V  [jvm.dll+0x468bac]
V  [jvm.dll+0x43638b]
V  [jvm.dll+0x44111e]
V  [jvm.dll+0x4436a9]
V  [jvm.dll+0x427532]
V  [jvm.dll+0x96702]
V  [jvm.dll+0x96ef3]
V  [jvm.dll+0x2232c4]
V  [jvm.dll+0x27baca]
C  [msvcr100.dll+0x21d9f]
C  [msvcr100.dll+0x21e3b]
C  [KERNEL32.DLL+0x8364]
C  [ntdll.dll+0x670d1]


Current CompileTask:
C2:    221   36       4       sun.misc.ASCIICaseInsensitiveComparator::compare (13 bytes)


---------------  P R O C E S S  ---------------

Java Threads: ( => current thread )
  0x0000000016fc1000 JavaThread "pool-1-thread-4" [_thread_in_vm, id=9668, stack(0x0000000017ca0000,0x0000000017da0000)]
  0x0000000016fc0000 JavaThread "pool-1-thread-3" [_thread_in_vm, id=348, stack(0x0000000017ba0000,0x0000000017ca0000)]
  0x0000000016fc8000 JavaThread "pool-1-thread-2" [_thread_blocked, id=8812, stack(0x0000000017aa0000,0x0000000017ba0000)]
  0x0000000016fbe800 JavaThread "pool-2-thread-1" [_thread_blocked, id=9620, stack(0x00000000179a0000,0x0000000017aa0000)]
  0x0000000016fb1800 JavaThread "pool-1-thread-1" [_thread_blocked, id=208, stack(0x00000000178a0000,0x00000000179a0000)]
  0x0000000016e1a000 JavaThread "Service Thread" daemon [_thread_blocked, id=12856, stack(0x00000000176a0000,0x00000000177a0000)]
  0x0000000015a9c800 JavaThread "C1 CompilerThread2" daemon [_thread_in_native, id=5136, stack(0x00000000175a0000,0x00000000176a0000)]
  0x0000000015a61000 JavaThread "C2 CompilerThread1" daemon [_thread_blocked, id=10048, stack(0x00000000174a0000,0x00000000175a0000)]
=>0x0000000015a5f800 JavaThread "C2 CompilerThread0" daemon [_thread_in_native, id=4964, stack(0x00000000173a0000,0x00000000174a0000)]
  0x0000000015a55000 JavaThread "Attach Listener" daemon [_thread_blocked, id=10732, stack(0x00000000172a0000,0x00000000173a0000)]
  0x0000000016de3000 JavaThread "Signal Dispatcher" daemon [_thread_blocked, id=1676, stack(0x00000000171a0000,0x00000000172a0000)]
  0x0000000003366800 JavaThread "Finalizer" daemon [_thread_blocked, id=1332, stack(0x0000000016ca0000,0x0000000016da0000)]
  0x000000000335b800 JavaThread "Reference Handler" daemon [_thread_blocked, id=2068, stack(0x0000000016ba0000,0x0000000016ca0000)]
  0x0000000002d5d800 JavaThread "main" [_thread_blocked, id=2548, stack(0x0000000003170000,0x0000000003270000)]

Other Threads:
  0x0000000015a05800 VMThread [stack: 0x0000000016aa0000,0x0000000016ba0000] [id=9112]
  0x0000000016e1b800 WatcherThread [stack: 0x00000000177a0000,0x00000000178a0000] [id=8]

VM state:not at safepoint (normal execution)

VM Mutex/Monitor currently owned by a thread: None

Heap:
 PSYoungGen      total 1536K, used 1499K [0x00000000eab00000, 0x00000000eae00000, 0x0000000100000000)
  eden space 1024K, 97% used [0x00000000eab00000,0x00000000eabfaba8,0x00000000eac00000)
  from space 512K, 97% used [0x00000000eac80000,0x00000000eacfc318,0x00000000ead00000)
  to   space 512K, 0% used [0x00000000eac00000,0x00000000eac00000,0x00000000eac80000)
 ParOldGen       total 129536K, used 2179K [0x00000000c0000000, 0x00000000c7e80000, 0x00000000eab00000)
  object space 129536K, 1% used [0x00000000c0000000,0x00000000c0220cb8,0x00000000c7e80000)
 Metaspace       used 5262K, capacity 6384K, committed 6528K, reserved 1056768K
  class space    used 582K, capacity 616K, committed 640K, reserved 1048576K

Card table byte_map: [0x0000000012730000,0x0000000012940000] byte_map_base: 0x0000000012130000

Marking Bits: (ParMarkBitMap*) 0x000000006d7413b0
 Begin Bits: [0x0000000012ea0000, 0x0000000013ea0000)
 End Bits:   [0x0000000013ea0000, 0x0000000014ea0000)

Polling page: 0x0000000001100000

CodeCache: size=245760Kb used=1922Kb max_used=1925Kb free=243838Kb
 bounds [0x0000000003370000, 0x00000000035e0000, 0x0000000012370000]
 total_blobs=723 nmethods=456 adapters=181
 compilation: enabled

Compilation events (10 events):
Event: 0.092 Thread 0x0000000015a9c800   45       3       java.lang.String::indexOf (7 bytes)
Event: 0.093 Thread 0x0000000015a9c800 nmethod 45 0x00000000034907d0 code [0x0000000003490940, 0x0000000003490b48]
Event: 0.093 Thread 0x0000000015a9c800   47       3       java.util.HashMap::putVal (300 bytes)
Event: 0.093 Thread 0x0000000015a9c800 nmethod 47 0x000000000348ebd0 code [0x000000000348ee40, 0x00000000034900f8]
Event: 0.093 Thread 0x0000000015a9c800   46       3       java.util.HashMap::put (13 bytes)
Event: 0.093 Thread 0x0000000015a9c800 nmethod 46 0x000000000348e550 code [0x000000000348e6e0, 0x000000000348ea98]
Event: 0.093 Thread 0x0000000015a9c800   48       3       java.util.Arrays::copyOf (19 bytes)
Event: 0.093 Thread 0x0000000015a9c800 nmethod 48 0x00000000034911d0 code [0x0000000003491340, 0x0000000003491668]
Event: 0.094 Thread 0x0000000015a9c800   49       3       java.lang.String::lastIndexOf (52 bytes)
Event: 0.094 Thread 0x0000000015a9c800 nmethod 49 0x0000000003491790 code [0x0000000003491920, 0x0000000003491ca8]

GC Heap History (4 events):
Event: 0.048 GC heap before
{Heap before GC invocations=1 (full 0):
 PSYoungGen      total 1024K, used 512K [0x00000000eab00000, 0x00000000eac80000, 0x0000000100000000)
  eden space 512K, 100% used [0x00000000eab00000,0x00000000eab80000,0x00000000eab80000)
  from space 512K, 0% used [0x00000000eac00000,0x00000000eac00000,0x00000000eac80000)
  to   space 512K, 0% used [0x00000000eab80000,0x00000000eab80000,0x00000000eac00000)
 ParOldGen       total 129536K, used 0K [0x00000000c0000000, 0x00000000c7e80000, 0x00000000eab00000)
  object space 129536K, 0% used [0x00000000c0000000,0x00000000c0000000,0x00000000c7e80000)
 Metaspace       used 1707K, capacity 4480K, committed 4480K, reserved 1056768K
  class space    used 185K, capacity 384K, committed 384K, reserved 1048576K
Event: 0.049 GC heap after
Heap after GC invocations=1 (full 0):
 PSYoungGen      total 1024K, used 473K [0x00000000eab00000, 0x00000000ead00000, 0x0000000100000000)
  eden space 512K, 0% used [0x00000000eab00000,0x00000000eab00000,0x00000000eab80000)
  from space 512K, 92% used [0x00000000eab80000,0x00000000eabf6620,0x00000000eac00000)
  to   space 512K, 0% used [0x00000000eac80000,0x00000000eac80000,0x00000000ead00000)
 ParOldGen       total 129536K, used 0K [0x00000000c0000000, 0x00000000c7e80000, 0x00000000eab00000)
  object space 129536K, 0% used [0x00000000c0000000,0x00000000c0000000,0x00000000c7e80000)
 Metaspace       used 1707K, capacity 4480K, committed 4480K, reserved 1056768K
  class space    used 185K, capacity 384K, committed 384K, reserved 1048576K
}
Event: 0.087 GC heap before
{Heap before GC invocations=2 (full 0):
 PSYoungGen      total 1024K, used 958K [0x00000000eab00000, 0x00000000ead00000, 0x0000000100000000)
  eden space 512K, 94% used [0x00000000eab00000,0x00000000eab79378,0x00000000eab80000)
  from space 512K, 92% used [0x00000000eab80000,0x00000000eabf6620,0x00000000eac00000)
  to   space 512K, 0% used [0x00000000eac80000,0x00000000eac80000,0x00000000ead00000)
 ParOldGen       total 129536K, used 0K [0x00000000c0000000, 0x00000000c7e80000, 0x00000000eab00000)
  object space 129536K, 0% used [0x00000000c0000000,0x00000000c0000000,0x00000000c7e80000)
 Metaspace       used 2905K, capacity 4490K, committed 4864K, reserved 1056768K
  class space    used 311K, capacity 386K, committed 512K, reserved 1048576K
Event: 0.090 GC heap after
Heap after GC invocations=2 (full 0):
 PSYoungGen      total 1536K, used 505K [0x00000000eab00000, 0x00000000ead00000, 0x0000000100000000)
  eden space 1024K, 0% used [0x00000000eab00000,0x00000000eab00000,0x00000000eac00000)
  from space 512K, 98% used [0x00000000eac80000,0x00000000eacfe620,0x00000000ead00000)
  to   space 512K, 0% used [0x00000000eac00000,0x00000000eac00000,0x00000000eac80000)
 ParOldGen       total 129536K, used 236K [0x00000000c0000000, 0x00000000c7e80000, 0x00000000eab00000)
  object space 129536K, 0% used [0x00000000c0000000,0x00000000c003b330,0x00000000c7e80000)
 Metaspace       used 2905K, capacity 4490K, committed 4864K, reserved 1056768K
  class space    used 311K, capacity 386K, committed 512K, reserved 1048576K
}

Deoptimization events (0 events):
No events

Internal exceptions (10 events):
Event: 0.091 Thread 0x0000000002d5d800 Exception <a 'java/security/PrivilegedActionException'> (0x00000000eab17a78) thrown at [D:\re\workspace\8-2-build-windows-amd64-cygwin\jdk8u5\2488\hotspot\src\share\vm\prims\jvm.cpp, line 1248]
Event: 0.091 Thread 0x0000000002d5d800 Exception <a 'java/security/PrivilegedActionException'> (0x00000000eab19880) thrown at [D:\re\workspace\8-2-build-windows-amd64-cygwin\jdk8u5\2488\hotspot\src\share\vm\prims\jvm.cpp, line 1248]
Event: 0.092 Thread 0x0000000002d5d800 Exception <a 'java/security/PrivilegedActionException'> (0x00000000eab1d320) thrown at [D:\re\workspace\8-2-build-windows-amd64-cygwin\jdk8u5\2488\hotspot\src\share\vm\prims\jvm.cpp, line 1248]
Event: 0.092 Thread 0x0000000002d5d800 Exception <a 'java/security/PrivilegedActionException'> (0x00000000eab1f3e0) thrown at [D:\re\workspace\8-2-build-windows-amd64-cygwin\jdk8u5\2488\hotspot\src\share\vm\prims\jvm.cpp, line 1248]
Event: 0.092 Thread 0x0000000002d5d800 Exception <a 'java/security/PrivilegedActionException'> (0x00000000eab21818) thrown at [D:\re\workspace\8-2-build-windows-amd64-cygwin\jdk8u5\2488\hotspot\src\share\vm\prims\jvm.cpp, line 1248]
Event: 0.093 Thread 0x0000000002d5d800 Exception <a 'java/security/PrivilegedActionException'> (0x00000000eab24740) thrown at [D:\re\workspace\8-2-build-windows-amd64-cygwin\jdk8u5\2488\hotspot\src\share\vm\prims\jvm.cpp, line 1248]
Event: 0.093 Thread 0x0000000002d5d800 Exception <a 'java/security/PrivilegedActionException'> (0x00000000eab26dd0) thrown at [D:\re\workspace\8-2-build-windows-amd64-cygwin\jdk8u5\2488\hotspot\src\share\vm\prims\jvm.cpp, line 1248]
Event: 0.094 Thread 0x0000000002d5d800 Exception <a 'java/security/PrivilegedActionException'> (0x00000000eab299c0) thrown at [D:\re\workspace\8-2-build-windows-amd64-cygwin\jdk8u5\2488\hotspot\src\share\vm\prims\jvm.cpp, line 1248]
Event: 0.094 Thread 0x0000000002d5d800 Exception <a 'java/security/PrivilegedActionException'> (0x00000000eab3d050) thrown at [D:\re\workspace\8-2-build-windows-amd64-cygwin\jdk8u5\2488\hotspot\src\share\vm\prims\jvm.cpp, line 1248]
Event: 0.095 Thread 0x0000000002d5d800 Exception <a 'java/security/PrivilegedActionException'> (0x00000000eab45a78) thrown at [D:\re\workspace\8-2-build-windows-amd64-cygwin\jdk8u5\2488\hotspot\src\share\vm\prims\jvm.cpp, line 1248]

Events (10 events):
Event: 0.093 loading class com/android/dx/cf/direct/AttributeFactory
Event: 0.093 loading class com/android/dx/cf/direct/AttributeFactory done
Event: 0.093 loading class com/android/dx/cf/direct/StdAttributeFactory
Event: 0.093 loading class com/android/dx/cf/direct/StdAttributeFactory done
Event: 0.094 loading class com/android/dx/command/dexer/Main$Arguments
Event: 0.094 loading class com/android/dx/command/dexer/Main$Arguments done
Event: 0.095 loading class java/io/IOException
Event: 0.095 loading class java/io/IOException done
Event: 0.095 loading class com/android/dx/command/dexer/Main$Arguments$ArgumentsParser
Event: 0.095 loading class com/android/dx/command/dexer/Main$Arguments$ArgumentsParser done


Dynamic libraries:
0x00007ff771c80000 - 0x00007ff771cb4000 	C:\Program Files\Java\jdk1.8.0_05\bin\java.exe
0x00007fff65520000 - 0x00007fff656f1000 	C:\WINDOWS\SYSTEM32\ntdll.dll
0x00007fff64a80000 - 0x00007fff64b2b000 	C:\WINDOWS\System32\KERNEL32.DLL
0x00007fff61a10000 - 0x00007fff61c2d000 	C:\WINDOWS\System32\KERNELBASE.dll
0x00007fff64bd0000 - 0x00007fff64c72000 	C:\WINDOWS\System32\ADVAPI32.dll
0x00007fff64630000 - 0x00007fff646ce000 	C:\WINDOWS\System32\msvcrt.dll
0x00007fff64a20000 - 0x00007fff64a79000 	C:\WINDOWS\System32\sechost.dll
0x00007fff65020000 - 0x00007fff65141000 	C:\WINDOWS\System32\RPCRT4.dll
0x00007fff65350000 - 0x00007fff654b5000 	C:\WINDOWS\System32\USER32.dll
0x00007fff62a90000 - 0x00007fff62aae000 	C:\WINDOWS\System32\win32u.dll
0x00007fff65250000 - 0x00007fff65284000 	C:\WINDOWS\System32\GDI32.dll
0x00007fff61c30000 - 0x00007fff61db2000 	C:\WINDOWS\System32\gdi32full.dll
0x00007fff5ced0000 - 0x00007fff5d149000 	C:\WINDOWS\WinSxS\amd64_microsoft.windows.common-controls_6595b64144ccf1df_6.0.14393.447_none_42191651c6827bb3\COMCTL32.dll
0x00007fff646d0000 - 0x00007fff64998000 	C:\WINDOWS\System32\combase.dll
0x00007fff61e70000 - 0x00007fff61f65000 	C:\WINDOWS\System32\ucrtbase.dll
0x00007fff62a20000 - 0x00007fff62a8a000 	C:\WINDOWS\System32\bcryptPrimitives.dll
0x00007fff64b30000 - 0x00007fff64b5e000 	C:\WINDOWS\System32\IMM32.DLL
0x000000006ceb0000 - 0x000000006cf82000 	C:\Program Files\Java\jdk1.8.0_05\jre\bin\msvcr100.dll
0x000000006cf90000 - 0x000000006d7ba000 	C:\Program Files\Java\jdk1.8.0_05\jre\bin\server\jvm.dll
0x00007fff649a0000 - 0x00007fff649a8000 	C:\WINDOWS\System32\PSAPI.DLL
0x00007fff5faa0000 - 0x00007fff5fac3000 	C:\WINDOWS\SYSTEM32\WINMM.dll
0x00007fff592d0000 - 0x00007fff592d9000 	C:\WINDOWS\SYSTEM32\WSOCK32.dll
0x00007fff5f800000 - 0x00007fff5f82b000 	C:\WINDOWS\SYSTEM32\WINMMBASE.dll
0x00007fff64b60000 - 0x00007fff64bca000 	C:\WINDOWS\System32\WS2_32.dll
0x00007fff62120000 - 0x00007fff62162000 	C:\WINDOWS\System32\cfgmgr32.dll
0x000000006e700000 - 0x000000006e70f000 	C:\Program Files\Java\jdk1.8.0_05\jre\bin\verify.dll
0x000000006e6d0000 - 0x000000006e6f8000 	C:\Program Files\Java\jdk1.8.0_05\jre\bin\java.dll
0x000000006e6b0000 - 0x000000006e6c6000 	C:\Program Files\Java\jdk1.8.0_05\jre\bin\zip.dll
0x00007fff63080000 - 0x00007fff64589000 	C:\WINDOWS\System32\SHELL32.dll
0x00007fff62170000 - 0x00007fff6284a000 	C:\WINDOWS\System32\windows.storage.dll
0x00007fff619b0000 - 0x00007fff619fc000 	C:\WINDOWS\System32\powrprof.dll
0x00007fff651f0000 - 0x00007fff65242000 	C:\WINDOWS\System32\shlwapi.dll
0x00007fff619a0000 - 0x00007fff619af000 	C:\WINDOWS\System32\kernel.appcore.dll
0x00007fff61dc0000 - 0x00007fff61e69000 	C:\WINDOWS\System32\shcore.dll
0x00007fff61980000 - 0x00007fff61994000 	C:\WINDOWS\System32\profapi.dll
0x00007fff58df0000 - 0x00007fff58f82000 	C:\WINDOWS\SYSTEM32\dbghelp.dll

VM Arguments:
jvm_args: -Djava.awt.headless=true -Xmx1024M -Dfile.encoding=x-windows-949 -Duser.country=KR -Duser.language=ko -Duser.variant 
java_command: com.android.dx.command.Main --dex --num-threads=4 --output C:\tmp\T05b.01-Exercise-SaveResults\app\intermediates\pre-dexed\debug\internal_impl-25.0.1_bb0f2f09a95877d02ed39a97444914dbdcd555e6.jar C:\tmp\T05b.01-Exercise-SaveResults\app\intermediates\exploded-aar\com.android.support\support-core-ui\25.0.1\jars\libs\internal_impl-25.0.1.jar
java_class_path (initial): F:\sdk\build-tools\25.0.1\lib\dx.jar
Launcher Type: SUN_STANDARD

Environment Variables:
JAVA_HOME=C:\Program Files\Java\jdk1.8.0_05
PATH=C:\ProgramData\Oracle\Java\javapath;C:\Program Files (x86)\NVIDIA Corporation\PhysX\Common;C:\Program Files (x86)\Intel\iCLS Client\;C:\Program Files\Intel\iCLS Client\;C:\WINDOWS\system32;C:\WINDOWS;C:\WINDOWS\System32\Wbem;C:\WINDOWS\System32\WindowsPowerShell\v1.0\;C:\Program Files\Microsoft SQL Server\110\Tools\Binn\;C:\Program Files\Microsoft SQL Server\120\Tools\Binn\;C:\Program Files\Intel\Intel(R) Management Engine Components\DAL;C:\Program Files\Intel\Intel(R) Management Engine Components\IPT;C:\Program Files (x86)\Intel\Intel(R) Management Engine Components\DAL;C:\Program Files (x86)\Intel\Intel(R) Management Engine Components\IPT;C:\Program Files\MySQL\MySQL Utilities 1.6\;C:\WINDOWS\system32\config\systemprofile\.dnx\bin;C:\Program Files\Microsoft DNX\Dnvm\;C:\Program Files\Microsoft SQL Server\130\Tools\Binn\;C:\Program Files (x86)\Windows Kits\8.1\Windows Performance Toolkit\;C:\Program Files (x86)\Brackets\command;C:\Python34;C:\Python34\Scripts;C:\Users\user\Anaconda3;C:\Users\user\Anaconda3\Scripts;C:\Users\user\Anaconda3\Library\bin;C:\Program Files\Java\jdk1.8.0_05\bin;C:\Users\user\Downloads\shell.w32-ix86;C:\Users\user\AppData\Local\atom\bin;C:\MinGW\bin;C:\Program Files\MongoDB\Server\3.2\bin;USERPROFILE\AppData\Local\Microsoft\WindowsApps;
USERNAME=user
OS=Windows_NT
PROCESSOR_IDENTIFIER=Intel64 Family 6 Model 60 Stepping 3, GenuineIntel



---------------  S Y S T E M  ---------------

OS: Windows 8.1 , 64 bit Build 9600 

CPU:total 4 (4 cores per cpu, 1 threads per core) family 6 model 60 stepping 3, cmov, cx8, fxsr, mmx, sse, sse2, sse3, ssse3, sse4.1, sse4.2, popcnt, avx, avx2, aes, clmul, erms, tsc, tscinvbit

Memory: 4k page, physical 8342076k(1317400k free), swap 8342076k(4396k free)

vm_info: Java HotSpot(TM) 64-Bit Server VM (25.5-b02) for windows-amd64 JRE (1.8.0_05-b13), built on Mar 18 2014 01:08:39 by "java_re" with MS VC++ 10.0 (VS2010)

time: Thu Jan 12 15:32:20 2017
elapsed time: 0 seconds

