#
# There is insufficient memory for the Java Runtime Environment to continue.
# Native memory allocation (malloc) failed to allocate 1048576 bytes for AllocateHeap
# Possible reasons:
#   The system is out of physical RAM or swap space
#   In 32 bit mode, the process size limit was hit
# Possible solutions:
#   Reduce memory load on the system
#   Increase physical memory or swap space
#   Check if swap backing store is full
#   Use 64 bit Java on a 64 bit OS
#   Decrease Java heap size (-Xmx/-Xms)
#   Decrease number of Java threads
#   Decrease Java thread stack sizes (-Xss)
#   Set larger code cache with -XX:ReservedCodeCacheSize=
# This output file may be truncated or incomplete.
#
#  Out of Memory Error (memory/allocation.inline.hpp:62), pid=10660, tid=12440
#
# JRE version:  (8.0_05-b13) (build )
# Java VM: Java HotSpot(TM) 64-Bit Server VM (25.5-b02 mixed mode windows-amd64 compressed oops)
# Failed to write core dump. Minidumps are not enabled by default on client versions of Windows
#

---------------  T H R E A D  ---------------

Current thread (0x0000000002f0d800):  JavaThread "Unknown thread" [_thread_in_vm, id=12440, stack(0x0000000002f10000,0x0000000003010000)]

Stack: [0x0000000002f10000,0x0000000003010000]
[error occurred during error reporting (printing stack bounds), id 0xc0000005]

Native frames: (J=compiled Java code, j=interpreted, Vv=VM code, C=native code)
V  [jvm.dll+0x308dea]
V  [jvm.dll+0x25def1]
V  [jvm.dll+0x25eb0f]
V  [jvm.dll+0x27e924]
C  [KERNELBASE.dll+0x55fa7]
C  [ntdll.dll+0xaed1b]
C  [ntdll.dll+0x96bd6]
C  [ntdll.dll+0xaab9d]
C  [ntdll.dll+0x49913]
C  [ntdll.dll+0xa9cba]
V  [jvm.dll+0x1fdd91]


---------------  P R O C E S S  ---------------

Java Threads: ( => current thread )

Other Threads:

=>0x0000000002f0d800 (exited) JavaThread "Unknown thread" [_thread_in_vm, id=12440, stack(0x0000000002f10000,0x0000000003010000)]

VM state:not at safepoint (normal execution)

VM Mutex/Monitor currently owned by a thread: None

Heap:
 PSYoungGen      total 1024K, used 20K [0x00000000eab00000, 0x00000000eac80000, 0x0000000100000000)
  eden space 512K, 4% used [0x00000000eab00000,0x00000000eab05288,0x00000000eab80000)
  from space 512K, 0% used [0x00000000eac00000,0x00000000eac00000,0x00000000eac80000)
  to   space 512K, 0% used [0x00000000eab80000,0x00000000eab80000,0x00000000eac00000)
 ParOldGen       total 129536K, used 0K [0x00000000c0000000, 0x00000000c7e80000, 0x00000000eab00000)
  object space 129536K, 0% used [0x00000000c0000000,0x00000000c0000000,0x00000000c7e80000)
 Metaspace       used 673K, capacity 4480K, committed 4480K, reserved 1056768K
  class space    used 66K, capacity 384K, committed 384K, reserved 1048576K

Card table byte_map: [0x00000000124d0000,0x00000000126e0000] byte_map_base: 0x0000000011ed0000

Marking Bits: (ParMarkBitMap*) 0x000000006d7413b0
 Begin Bits: [0x0000000012c40000, 0x0000000013c40000)
 End Bits:   [0x0000000013c40000, 0x0000000014c40000)

Polling page: 0x0000000000ee0000

CodeCache: size=245760Kb used=327Kb max_used=327Kb free=245432Kb
 bounds [0x0000000003110000, 0x0000000003380000, 0x0000000012110000]
 total_blobs=56 nmethods=0 adapters=37
 compilation: enabled

Compilation events (0 events):
No events

GC Heap History (0 events):
No events

Deoptimization events (0 events):
No events

Internal exceptions (0 events):
No events

Events (10 events):
Event: 0.012 loading class java/lang/Short
Event: 0.012 loading class java/lang/Short done
Event: 0.012 loading class java/lang/Integer
Event: 0.012 loading class java/lang/Integer done
Event: 0.012 loading class java/lang/Long
Event: 0.013 loading class java/lang/Long done
Event: 0.013 loading class java/lang/NullPointerException
Event: 0.013 loading class java/lang/NullPointerException done
Event: 0.013 loading class java/lang/ArithmeticException
Event: 0.013 loading class java/lang/ArithmeticException done


Dynamic libraries:
0x00007ff771c80000 - 0x00007ff771cb4000 	C:\Program Files\Java\jdk1.8.0_05\bin\java.exe
0x00007fff65520000 - 0x00007fff656f1000 	C:\WINDOWS\SYSTEM32\ntdll.dll
0x00007fff64a80000 - 0x00007fff64b2b000 	C:\WINDOWS\System32\KERNEL32.DLL
0x00007fff61a10000 - 0x00007fff61c2d000 	C:\WINDOWS\System32\KERNELBASE.dll
0x00007fff64bd0000 - 0x00007fff64c72000 	C:\WINDOWS\System32\ADVAPI32.dll
0x00007fff64630000 - 0x00007fff646ce000 	C:\WINDOWS\System32\msvcrt.dll
0x00007fff64a20000 - 0x00007fff64a79000 	C:\WINDOWS\System32\sechost.dll
0x00007fff65020000 - 0x00007fff65141000 	C:\WINDOWS\System32\RPCRT4.dll
0x00007fff65350000 - 0x00007fff654b5000 	C:\WINDOWS\System32\USER32.dll
0x00007fff62a90000 - 0x00007fff62aae000 	C:\WINDOWS\System32\win32u.dll
0x00007fff65250000 - 0x00007fff65284000 	C:\WINDOWS\System32\GDI32.dll
0x00007fff61c30000 - 0x00007fff61db2000 	C:\WINDOWS\System32\gdi32full.dll
0x00007fff5ced0000 - 0x00007fff5d149000 	C:\WINDOWS\WinSxS\amd64_microsoft.windows.common-controls_6595b64144ccf1df_6.0.14393.447_none_42191651c6827bb3\COMCTL32.dll
0x00007fff646d0000 - 0x00007fff64998000 	C:\WINDOWS\System32\combase.dll
0x00007fff61e70000 - 0x00007fff61f65000 	C:\WINDOWS\System32\ucrtbase.dll
0x00007fff62a20000 - 0x00007fff62a8a000 	C:\WINDOWS\System32\bcryptPrimitives.dll
0x00007fff64b30000 - 0x00007fff64b5e000 	C:\WINDOWS\System32\IMM32.DLL
0x000000006ceb0000 - 0x000000006cf82000 	C:\Program Files\Java\jdk1.8.0_05\jre\bin\msvcr100.dll
0x000000006cf90000 - 0x000000006d7ba000 	C:\Program Files\Java\jdk1.8.0_05\jre\bin\server\jvm.dll
0x00007fff649a0000 - 0x00007fff649a8000 	C:\WINDOWS\System32\PSAPI.DLL
0x00007fff592d0000 - 0x00007fff592d9000 	C:\WINDOWS\SYSTEM32\WSOCK32.dll
0x00007fff64b60000 - 0x00007fff64bca000 	C:\WINDOWS\System32\WS2_32.dll
0x00007fff5faa0000 - 0x00007fff5fac3000 	C:\WINDOWS\SYSTEM32\WINMM.dll
0x00007fff5f800000 - 0x00007fff5f82b000 	C:\WINDOWS\SYSTEM32\WINMMBASE.dll
0x00007fff62120000 - 0x00007fff62162000 	C:\WINDOWS\System32\cfgmgr32.dll
0x000000006e700000 - 0x000000006e70f000 	C:\Program Files\Java\jdk1.8.0_05\jre\bin\verify.dll
0x000000006e6d0000 - 0x000000006e6f8000 	C:\Program Files\Java\jdk1.8.0_05\jre\bin\java.dll
0x000000006e6b0000 - 0x000000006e6c6000 	C:\Program Files\Java\jdk1.8.0_05\jre\bin\zip.dll
0x00007fff58df0000 - 0x00007fff58f82000 	C:\WINDOWS\SYSTEM32\dbghelp.dll

VM Arguments:
jvm_args: -Djava.awt.headless=true -Xmx1024M -Dfile.encoding=x-windows-949 -Duser.country=KR -Duser.language=ko -Duser.variant 
java_command: com.android.dx.command.Main --dex --num-threads=4 --output C:\tmp\T05b.01-Exercise-SaveResults\app\intermediates\pre-dexed\debug\internal_impl-25.0.1_ab8c6176ed1c24d805cd36606106118f9572b609.jar C:\tmp\T05b.01-Exercise-SaveResults\app\intermediates\exploded-aar\com.android.support\support-compat\25.0.1\jars\libs\internal_impl-25.0.1.jar
java_class_path (initial): F:\sdk\build-tools\25.0.1\lib\dx.jar
Launcher Type: SUN_STANDARD

Environment Variables:
JAVA_HOME=C:\Program Files\Java\jdk1.8.0_05
PATH=C:\ProgramData\Oracle\Java\javapath;C:\Program Files (x86)\NVIDIA Corporation\PhysX\Common;C:\Program Files (x86)\Intel\iCLS Client\;C:\Program Files\Intel\iCLS Client\;C:\WINDOWS\system32;C:\WINDOWS;C:\WINDOWS\System32\Wbem;C:\WINDOWS\System32\WindowsPowerShell\v1.0\;C:\Program Files\Microsoft SQL Server\110\Tools\Binn\;C:\Program Files\Microsoft SQL Server\120\Tools\Binn\;C:\Program Files\Intel\Intel(R) Management Engine Components\DAL;C:\Program Files\Intel\Intel(R) Management Engine Components\IPT;C:\Program Files (x86)\Intel\Intel(R) Management Engine Components\DAL;C:\Program Files (x86)\Intel\Intel(R) Management Engine Components\IPT;C:\Program Files\MySQL\MySQL Utilities 1.6\;C:\WINDOWS\system32\config\systemprofile\.dnx\bin;C:\Program Files\Microsoft DNX\Dnvm\;C:\Program Files\Microsoft SQL Server\130\Tools\Binn\;C:\Program Files (x86)\Windows Kits\8.1\Windows Performance Toolkit\;C:\Program Files (x86)\Brackets\command;C:\Python34;C:\Python34\Scripts;C:\Users\user\Anaconda3;C:\Users\user\Anaconda3\Scripts;C:\Users\user\Anaconda3\Library\bin;C:\Program Files\Java\jdk1.8.0_05\bin;C:\Users\user\Downloads\shell.w32-ix86;C:\Users\user\AppData\Local\atom\bin;C:\MinGW\bin;C:\Program Files\MongoDB\Server\3.2\bin;USERPROFILE\AppData\Local\Microsoft\WindowsApps;
USERNAME=user
OS=Windows_NT
PROCESSOR_IDENTIFIER=Intel64 Family 6 Model 60 Stepping 3, GenuineIntel



---------------  S Y S T E M  ---------------

OS: Windows 8.1 , 64 bit Build 9600 

CPU:total 4 (4 cores per cpu, 1 threads per core) family 6 model 60 stepping 3, cmov, cx8, fxsr, mmx, sse, sse2, sse3, ssse3, sse4.1, sse4.2, popcnt, avx, avx2, aes, clmul, erms, tsc, tscinvbit

Memory: 4k page, physical 8342076k(1317568k free), swap 8342076k(4408k free)

vm_info: Java HotSpot(TM) 64-Bit Server VM (25.5-b02) for windows-amd64 JRE (1.8.0_05-b13), built on Mar 18 2014 01:08:39 by "java_re" with MS VC++ 10.0 (VS2010)

time: Thu Jan 12 15:32:20 2017
elapsed time: 0 seconds

