#
# There is insufficient memory for the Java Runtime Environment to continue.
# Native memory allocation (malloc) failed to allocate 502016 bytes for Chunk::new
# Possible reasons:
#   The system is out of physical RAM or swap space
#   In 32 bit mode, the process size limit was hit
# Possible solutions:
#   Reduce memory load on the system
#   Increase physical memory or swap space
#   Check if swap backing store is full
#   Use 64 bit Java on a 64 bit OS
#   Decrease Java heap size (-Xmx/-Xms)
#   Decrease number of Java threads
#   Decrease Java thread stack sizes (-Xss)
#   Set larger code cache with -XX:ReservedCodeCacheSize=
# This output file may be truncated or incomplete.
#
#  Out of Memory Error (allocation.cpp:388), pid=17120, tid=20280
#
# JRE version: Java(TM) SE Runtime Environment (8.0_05-b13) (build 1.8.0_05-b13)
# Java VM: Java HotSpot(TM) 64-Bit Server VM (25.5-b02 mixed mode windows-amd64 compressed oops)
# Failed to write core dump. Minidumps are not enabled by default on client versions of Windows
#

---------------  T H R E A D  ---------------

Current thread (0x00000000157b1800):  JavaThread "C2 CompilerThread0" daemon [_thread_in_native, id=20280, stack(0x0000000017100000,0x0000000017200000)]

Stack: [0x0000000017100000,0x0000000017200000]
Native frames: (J=compiled Java code, j=interpreted, Vv=VM code, C=native code)
V  [jvm.dll+0x308dea]


Current CompileTask:
C2:   2300 1500       4       com.android.dx.ssa.LocalVariableExtractor::processBlock (383 bytes)


---------------  P R O C E S S  ---------------

Java Threads: ( => current thread )
  0x0000000016e3e800 JavaThread "pool-1-thread-4" [_thread_blocked, id=22872, stack(0x0000000018200000,0x0000000018300000)]
  0x0000000016e3d800 JavaThread "pool-1-thread-3" [_thread_in_Java, id=20540, stack(0x0000000018100000,0x0000000018200000)]
  0x0000000016e3c000 JavaThread "pool-1-thread-2" [_thread_blocked, id=10196, stack(0x0000000018000000,0x0000000018100000)]
  0x0000000016e3b800 JavaThread "pool-2-thread-1" [_thread_blocked, id=23860, stack(0x0000000017f00000,0x0000000018000000)]
  0x0000000016e38800 JavaThread "pool-1-thread-1" [_thread_blocked, id=8568, stack(0x0000000017e00000,0x0000000017f00000)]
  0x0000000016b5e000 JavaThread "Service Thread" daemon [_thread_blocked, id=6552, stack(0x0000000017400000,0x0000000017500000)]
  0x0000000016b58000 JavaThread "C1 CompilerThread2" daemon [_thread_in_native, id=19900, stack(0x0000000017300000,0x0000000017400000)]
  0x00000000157fc800 JavaThread "C2 CompilerThread1" daemon [_thread_in_native, id=20792, stack(0x0000000017200000,0x0000000017300000)]
=>0x00000000157b1800 JavaThread "C2 CompilerThread0" daemon [_thread_in_native, id=20280, stack(0x0000000017100000,0x0000000017200000)]
  0x00000000157af800 JavaThread "Attach Listener" daemon [_thread_blocked, id=23800, stack(0x0000000017000000,0x0000000017100000)]
  0x00000000157af000 JavaThread "Signal Dispatcher" daemon [_thread_blocked, id=6608, stack(0x0000000016f00000,0x0000000017000000)]
  0x00000000030bf000 JavaThread "Finalizer" daemon [_thread_blocked, id=14744, stack(0x0000000016a00000,0x0000000016b00000)]
  0x0000000015768000 JavaThread "Reference Handler" daemon [_thread_blocked, id=22980, stack(0x0000000016900000,0x0000000016a00000)]
  0x0000000002ecd800 JavaThread "main" [_thread_in_Java, id=13352, stack(0x0000000002dc0000,0x0000000002ec0000)]

Other Threads:
  0x0000000015765800 VMThread [stack: 0x0000000016800000,0x0000000016900000] [id=23388]
  0x0000000016b60800 WatcherThread [stack: 0x0000000017500000,0x0000000017600000] [id=10580]

VM state:not at safepoint (normal execution)

VM Mutex/Monitor currently owned by a thread:  ([mutex/lock_event])
[0x0000000002fd1150] MethodData_lock - owner thread: 0x0000000000000000

Heap:
 PSYoungGen      total 22016K, used 13411K [0x00000000eab00000, 0x00000000ec400000, 0x0000000100000000)
  eden space 18432K, 63% used [0x00000000eab00000,0x00000000eb678c80,0x00000000ebd00000)
  from space 3584K, 46% used [0x00000000ec080000,0x00000000ec220000,0x00000000ec400000)
  to   space 3584K, 0% used [0x00000000ebd00000,0x00000000ebd00000,0x00000000ec080000)
 ParOldGen       total 129536K, used 7073K [0x00000000c0000000, 0x00000000c7e80000, 0x00000000eab00000)
  object space 129536K, 5% used [0x00000000c0000000,0x00000000c06e8560,0x00000000c7e80000)
 Metaspace       used 5947K, capacity 6896K, committed 7040K, reserved 1056768K
  class space    used 596K, capacity 616K, committed 640K, reserved 1048576K

Card table byte_map: [0x0000000012490000,0x00000000126a0000] byte_map_base: 0x0000000011e90000

Marking Bits: (ParMarkBitMap*) 0x00000000743213b0
 Begin Bits: [0x0000000012c00000, 0x0000000013c00000)
 End Bits:   [0x0000000013c00000, 0x0000000014c00000)

Polling page: 0x0000000001250000

CodeCache: size=245760Kb used=6250Kb max_used=6250Kb free=239509Kb
 bounds [0x00000000030d0000, 0x00000000036f0000, 0x00000000120d0000]
 total_blobs=1820 nmethods=1554 adapters=180
 compilation: enabled

Compilation events (10 events):
Event: 2.295 Thread 0x0000000016b58000 nmethod 1564 0x00000000036b5190 code [0x00000000036b5360, 0x00000000036b5978]
Event: 2.295 Thread 0x0000000016b58000 1558       3       com.android.dx.ssa.SsaMethod::<init> (50 bytes)
Event: 2.296 Thread 0x0000000016b58000 nmethod 1558 0x00000000036d8190 code [0x00000000036d8340, 0x00000000036d89f8]
Event: 2.296 Thread 0x0000000016b58000 1559       3       com.android.dx.ssa.LocalVariableExtractor::<init> (61 bytes)
Event: 2.296 Thread 0x0000000016b58000 nmethod 1559 0x00000000036d8c90 code [0x00000000036d8e40, 0x00000000036d9308]
Event: 2.296 Thread 0x0000000016b58000 1561       3       com.android.dx.ssa.MoveParamCombiner::run (45 bytes)
Event: 2.296 Thread 0x0000000016b58000 nmethod 1561 0x00000000036d94d0 code [0x00000000036d96a0, 0x00000000036d9f18]
Event: 2.296 Thread 0x0000000016b58000 1562       3       com.android.dx.ssa.back.SsaToRop::convert (99 bytes)
Event: 2.297 Thread 0x0000000016b58000 nmethod 1562 0x00000000036da350 code [0x00000000036da600, 0x00000000036db878]
Event: 2.297 Thread 0x0000000016b58000 1566       3       com.android.dx.cf.code.Ropper::addSetupBlocks (535 bytes)

GC Heap History (10 events):
Event: 0.870 GC heap before
{Heap before GC invocations=8 (full 0):
 PSYoungGen      total 5120K, used 5095K [0x00000000eab00000, 0x00000000eb600000, 0x0000000100000000)
  eden space 4096K, 100% used [0x00000000eab00000,0x00000000eaf00000,0x00000000eaf00000)
  from space 1024K, 97% used [0x00000000eaf00000,0x00000000eaff9d10,0x00000000eb000000)
  to   space 1536K, 0% used [0x00000000eb480000,0x00000000eb480000,0x00000000eb600000)
 ParOldGen       total 129536K, used 1378K [0x00000000c0000000, 0x00000000c7e80000, 0x00000000eab00000)
  object space 129536K, 1% used [0x00000000c0000000,0x00000000c0158b98,0x00000000c7e80000)
 Metaspace       used 5381K, capacity 6448K, committed 6528K, reserved 1056768K
  class space    used 591K, capacity 616K, committed 640K, reserved 1048576K
Event: 0.928 GC heap after
Heap after GC invocations=8 (full 0):
 PSYoungGen      total 9216K, used 1511K [0x00000000eab00000, 0x00000000eb700000, 0x0000000100000000)
  eden space 7680K, 0% used [0x00000000eab00000,0x00000000eab00000,0x00000000eb280000)
  from space 1536K, 98% used [0x00000000eb480000,0x00000000eb5f9c68,0x00000000eb600000)
  to   space 2048K, 0% used [0x00000000eb280000,0x00000000eb280000,0x00000000eb480000)
 ParOldGen       total 129536K, used 1759K [0x00000000c0000000, 0x00000000c7e80000, 0x00000000eab00000)
  object space 129536K, 1% used [0x00000000c0000000,0x00000000c01b7d58,0x00000000c7e80000)
 Metaspace       used 5381K, capacity 6448K, committed 6528K, reserved 1056768K
  class space    used 591K, capacity 616K, committed 640K, reserved 1048576K
}
Event: 1.061 GC heap before
{Heap before GC invocations=9 (full 0):
 PSYoungGen      total 9216K, used 9191K [0x00000000eab00000, 0x00000000eb700000, 0x0000000100000000)
  eden space 7680K, 100% used [0x00000000eab00000,0x00000000eb280000,0x00000000eb280000)
  from space 1536K, 98% used [0x00000000eb480000,0x00000000eb5f9c68,0x00000000eb600000)
  to   space 2048K, 0% used [0x00000000eb280000,0x00000000eb280000,0x00000000eb480000)
 ParOldGen       total 129536K, used 1759K [0x00000000c0000000, 0x00000000c7e80000, 0x00000000eab00000)
  object space 129536K, 1% used [0x00000000c0000000,0x00000000c01b7d58,0x00000000c7e80000)
 Metaspace       used 5701K, capacity 6704K, committed 6784K, reserved 1056768K
  class space    used 595K, capacity 616K, committed 640K, reserved 1048576K
Event: 1.259 GC heap after
Heap after GC invocations=9 (full 0):
 PSYoungGen      total 9728K, used 2026K [0x00000000eab00000, 0x00000000ebc00000, 0x0000000100000000)
  eden space 7680K, 0% used [0x00000000eab00000,0x00000000eab00000,0x00000000eb280000)
  from space 2048K, 98% used [0x00000000eb280000,0x00000000eb47aaa8,0x00000000eb480000)
  to   space 2560K, 0% used [0x00000000eb980000,0x00000000eb980000,0x00000000ebc00000)
 ParOldGen       total 129536K, used 2153K [0x00000000c0000000, 0x00000000c7e80000, 0x00000000eab00000)
  object space 129536K, 1% used [0x00000000c0000000,0x00000000c021a498,0x00000000c7e80000)
 Metaspace       used 5701K, capacity 6704K, committed 6784K, reserved 1056768K
  class space    used 595K, capacity 616K, committed 640K, reserved 1048576K
}
Event: 1.305 GC heap before
{Heap before GC invocations=10 (full 0):
 PSYoungGen      total 9728K, used 9706K [0x00000000eab00000, 0x00000000ebc00000, 0x0000000100000000)
  eden space 7680K, 100% used [0x00000000eab00000,0x00000000eb280000,0x00000000eb280000)
  from space 2048K, 98% used [0x00000000eb280000,0x00000000eb47aaa8,0x00000000eb480000)
  to   space 2560K, 0% used [0x00000000eb980000,0x00000000eb980000,0x00000000ebc00000)
 ParOldGen       total 129536K, used 2153K [0x00000000c0000000, 0x00000000c7e80000, 0x00000000eab00000)
  object space 129536K, 1% used [0x00000000c0000000,0x00000000c021a498,0x00000000c7e80000)
 Metaspace       used 5731K, capacity 6704K, committed 6784K, reserved 1056768K
  class space    used 596K, capacity 616K, committed 640K, reserved 1048576K
Event: 1.309 GC heap after
Heap after GC invocations=10 (full 0):
 PSYoungGen      total 13824K, used 2560K [0x00000000eab00000, 0x00000000ebe00000, 0x0000000100000000)
  eden space 11264K, 0% used [0x00000000eab00000,0x00000000eab00000,0x00000000eb600000)
  from space 2560K, 100% used [0x00000000eb980000,0x00000000ebc00000,0x00000000ebc00000)
  to   space 3584K, 0% used [0x00000000eb600000,0x00000000eb600000,0x00000000eb980000)
 ParOldGen       total 129536K, used 3031K [0x00000000c0000000, 0x00000000c7e80000, 0x00000000eab00000)
  object space 129536K, 2% used [0x00000000c0000000,0x00000000c02f5d38,0x00000000c7e80000)
 Metaspace       used 5731K, capacity 6704K, committed 6784K, reserved 1056768K
  class space    used 596K, capacity 616K, committed 640K, reserved 1048576K
}
Event: 1.887 GC heap before
{Heap before GC invocations=11 (full 0):
 PSYoungGen      total 13824K, used 13824K [0x00000000eab00000, 0x00000000ebe00000, 0x0000000100000000)
  eden space 11264K, 100% used [0x00000000eab00000,0x00000000eb600000,0x00000000eb600000)
  from space 2560K, 100% used [0x00000000eb980000,0x00000000ebc00000,0x00000000ebc00000)
  to   space 3584K, 0% used [0x00000000eb600000,0x00000000eb600000,0x00000000eb980000)
 ParOldGen       total 129536K, used 3031K [0x00000000c0000000, 0x00000000c7e80000, 0x00000000eab00000)
  object space 129536K, 2% used [0x00000000c0000000,0x00000000c02f5d38,0x00000000c7e80000)
 Metaspace       used 5846K, capacity 6832K, committed 7040K, reserved 1056768K
  class space    used 596K, capacity 616K, committed 640K, reserved 1048576K
Event: 2.041 GC heap after
Heap after GC invocations=11 (full 0):
 PSYoungGen      total 14848K, used 2013K [0x00000000eab00000, 0x00000000ec400000, 0x0000000100000000)
  eden space 11264K, 0% used [0x00000000eab00000,0x00000000eab00000,0x00000000eb600000)
  from space 3584K, 56% used [0x00000000eb600000,0x00000000eb7f74d0,0x00000000eb980000)
  to   space 3584K, 0% used [0x00000000ec080000,0x00000000ec080000,0x00000000ec400000)
 ParOldGen       total 129536K, used 5181K [0x00000000c0000000, 0x00000000c7e80000, 0x00000000eab00000)
  object space 129536K, 4% used [0x00000000c0000000,0x00000000c050f6f0,0x00000000c7e80000)
 Metaspace       used 5846K, capacity 6832K, committed 7040K, reserved 1056768K
  class space    used 596K, capacity 616K, committed 640K, reserved 1048576K
}
Event: 2.136 GC heap before
{Heap before GC invocations=12 (full 0):
 PSYoungGen      total 14848K, used 13277K [0x00000000eab00000, 0x00000000ec400000, 0x0000000100000000)
  eden space 11264K, 100% used [0x00000000eab00000,0x00000000eb600000,0x00000000eb600000)
  from space 3584K, 56% used [0x00000000eb600000,0x00000000eb7f74d0,0x00000000eb980000)
  to   space 3584K, 0% used [0x00000000ec080000,0x00000000ec080000,0x00000000ec400000)
 ParOldGen       total 129536K, used 5181K [0x00000000c0000000, 0x00000000c7e80000, 0x00000000eab00000)
  object space 129536K, 4% used [0x00000000c0000000,0x00000000c050f6f0,0x00000000c7e80000)
 Metaspace       used 5921K, capacity 6896K, committed 7040K, reserved 1056768K
  class space    used 596K, capacity 616K, committed 640K, reserved 1048576K
Event: 2.242 GC heap after
Heap after GC invocations=12 (full 0):
 PSYoungGen      total 22016K, used 1664K [0x00000000eab00000, 0x00000000ec400000, 0x0000000100000000)
  eden space 18432K, 0% used [0x00000000eab00000,0x00000000eab00000,0x00000000ebd00000)
  from space 3584K, 46% used [0x00000000ec080000,0x00000000ec220000,0x00000000ec400000)
  to   space 3584K, 0% used [0x00000000ebd00000,0x00000000ebd00000,0x00000000ec080000)
 ParOldGen       total 129536K, used 7073K [0x00000000c0000000, 0x00000000c7e80000, 0x00000000eab00000)
  object space 129536K, 5% used [0x00000000c0000000,0x00000000c06e8560,0x00000000c7e80000)
 Metaspace       used 5921K, capacity 6896K, committed 7040K, reserved 1056768K
  class space    used 596K, capacity 616K, committed 640K, reserved 1048576K
}

Deoptimization events (6 events):
Event: 0.931 Thread 0x0000000002ecd800 Uncommon trap: reason=bimorphic action=maybe_recompile pc=0x000000000331a310 method=java.util.HashMap.getNode(ILjava/lang/Object;)Ljava/util/HashMap$Node; @ 126
Event: 2.063 Thread 0x0000000016e38800 Uncommon trap: reason=unreached action=reinterpret pc=0x000000000346091c method=com.android.dx.rop.cst.Constant.compareTo(Lcom/android/dx/rop/cst/Constant;)I @ 12
Event: 2.094 Thread 0x0000000016e38800 Uncommon trap: reason=bimorphic action=maybe_recompile pc=0x000000000331a310 method=java.util.HashMap.getNode(ILjava/lang/Object;)Ljava/util/HashMap$Node; @ 126
Event: 2.264 Thread 0x0000000016e3c000 Uncommon trap: reason=null_check action=make_not_entrant pc=0x000000000347e190 method=com.android.dx.ssa.SsaRenamer.getLocalForNewReg(I)Lcom/android/dx/rop/code/LocalItem; @ 19
Event: 2.287 Thread 0x0000000016e38800 Uncommon trap: reason=unreached action=reinterpret pc=0x0000000003665570 method=com.android.dx.ssa.SCCP.simulateBranch(Lcom/android/dx/ssa/SsaInsn;)V @ 132
Event: 2.289 Thread 0x0000000016e38800 Uncommon trap: reason=null_check action=make_not_entrant pc=0x000000000346fe20 method=com.android.dx.ssa.SsaRenamer.getLocalForNewReg(I)Lcom/android/dx/rop/code/LocalItem; @ 19

Internal exceptions (10 events):
Event: 0.849 Thread 0x0000000016e3c000 Exception <a 'java/security/PrivilegedActionException'> (0x00000000eae721e0) thrown at [D:\re\workspace\8-2-build-windows-amd64-cygwin\jdk8u5\2488\hotspot\src\share\vm\prims\jvm.cpp, line 1248]
Event: 0.849 Thread 0x0000000016e3c000 Exception <a 'java/security/PrivilegedActionException'> (0x00000000eae77618) thrown at [D:\re\workspace\8-2-build-windows-amd64-cygwin\jdk8u5\2488\hotspot\src\share\vm\prims\jvm.cpp, line 1248]
Event: 0.857 Thread 0x0000000016e3c000 Exception <a 'java/security/PrivilegedActionException'> (0x00000000eaeb1ad0) thrown at [D:\re\workspace\8-2-build-windows-amd64-cygwin\jdk8u5\2488\hotspot\src\share\vm\prims\jvm.cpp, line 1248]
Event: 0.945 Thread 0x0000000016e3e800 Exception <a 'java/security/PrivilegedActionException'> (0x00000000eac9ee28) thrown at [D:\re\workspace\8-2-build-windows-amd64-cygwin\jdk8u5\2488\hotspot\src\share\vm\prims\jvm.cpp, line 1248]
Event: 0.952 Thread 0x0000000016e3e800 Exception <a 'java/security/PrivilegedActionException'> (0x00000000ead61f78) thrown at [D:\re\workspace\8-2-build-windows-amd64-cygwin\jdk8u5\2488\hotspot\src\share\vm\prims\jvm.cpp, line 1248]
Event: 0.959 Thread 0x0000000016e38800 Exception <a 'java/security/PrivilegedActionException'> (0x00000000eae79b00) thrown at [D:\re\workspace\8-2-build-windows-amd64-cygwin\jdk8u5\2488\hotspot\src\share\vm\prims\jvm.cpp, line 1248]
Event: 0.962 Thread 0x0000000002ecd800 Exception <a 'java/security/PrivilegedActionException'> (0x00000000eaee4338) thrown at [D:\re\workspace\8-2-build-windows-amd64-cygwin\jdk8u5\2488\hotspot\src\share\vm\prims\jvm.cpp, line 1248]
Event: 2.264 Thread 0x0000000016e3c000 Implicit null exception at 0x000000000347c30b to 0x000000000347e169
Event: 2.282 Thread 0x0000000002ecd800 Exception <a 'java/security/PrivilegedActionException'> (0x00000000eb2030f8) thrown at [D:\re\workspace\8-2-build-windows-amd64-cygwin\jdk8u5\2488\hotspot\src\share\vm\prims\jvm.cpp, line 1248]
Event: 2.289 Thread 0x0000000016e38800 Implicit null exception at 0x000000000346d7fc to 0x000000000346fdfd

Events (10 events):
Event: 2.264 Thread 0x0000000016e3c000 DEOPT PACKING pc=0x000000000347e190 sp=0x00000000180fed90
Event: 2.264 Thread 0x0000000016e3c000 DEOPT UNPACKING pc=0x00000000031155af sp=0x00000000180febc8 mode 2
Event: 2.282 loading class com/android/dx/cf/attrib/AttExceptions
Event: 2.282 loading class com/android/dx/cf/attrib/AttExceptions done
Event: 2.287 Thread 0x0000000016e38800 Uncommon trap: trap_request=0xffffffad fr.pc=0x0000000003665570
Event: 2.287 Thread 0x0000000016e38800 DEOPT PACKING pc=0x0000000003665570 sp=0x0000000017efe6f0
Event: 2.287 Thread 0x0000000016e38800 DEOPT UNPACKING pc=0x00000000031155af sp=0x0000000017efe6d8 mode 2
Event: 2.289 Thread 0x0000000016e38800 Uncommon trap: trap_request=0xfffffff4 fr.pc=0x000000000346fe20
Event: 2.289 Thread 0x0000000016e38800 DEOPT PACKING pc=0x000000000346fe20 sp=0x0000000017efe690
Event: 2.289 Thread 0x0000000016e38800 DEOPT UNPACKING pc=0x00000000031155af sp=0x0000000017efe528 mode 2


Dynamic libraries:
0x00007ff796bc0000 - 0x00007ff796bf4000 	C:\Program Files\Java\jdk1.8.0_05\bin\java.exe
0x00007ff9a7460000 - 0x00007ff9a7631000 	C:\WINDOWS\SYSTEM32\ntdll.dll
0x00007ff9a64a0000 - 0x00007ff9a654b000 	C:\WINDOWS\System32\KERNEL32.DLL
0x00007ff9a4220000 - 0x00007ff9a443d000 	C:\WINDOWS\System32\KERNELBASE.dll
0x00007ff9a6d90000 - 0x00007ff9a6e32000 	C:\WINDOWS\System32\ADVAPI32.dll
0x00007ff9a6e40000 - 0x00007ff9a6ede000 	C:\WINDOWS\System32\msvcrt.dll
0x00007ff9a6c60000 - 0x00007ff9a6cb9000 	C:\WINDOWS\System32\sechost.dll
0x00007ff9a7330000 - 0x00007ff9a7451000 	C:\WINDOWS\System32\RPCRT4.dll
0x00007ff9a65b0000 - 0x00007ff9a6715000 	C:\WINDOWS\System32\USER32.dll
0x00007ff9a3950000 - 0x00007ff9a396e000 	C:\WINDOWS\System32\win32u.dll
0x00007ff9a67b0000 - 0x00007ff9a67e4000 	C:\WINDOWS\System32\GDI32.dll
0x00007ff9a47b0000 - 0x00007ff9a4932000 	C:\WINDOWS\System32\gdi32full.dll
0x00007ff99dfe0000 - 0x00007ff99e259000 	C:\WINDOWS\WinSxS\amd64_microsoft.windows.common-controls_6595b64144ccf1df_6.0.14393.447_none_42191651c6827bb3\COMCTL32.dll
0x00007ff9a4bb0000 - 0x00007ff9a4e78000 	C:\WINDOWS\System32\combase.dll
0x00007ff9a45b0000 - 0x00007ff9a46a5000 	C:\WINDOWS\System32\ucrtbase.dll
0x00007ff9a44f0000 - 0x00007ff9a455a000 	C:\WINDOWS\System32\bcryptPrimitives.dll
0x00007ff9a6780000 - 0x00007ff9a67ae000 	C:\WINDOWS\System32\IMM32.DLL
0x0000000073120000 - 0x00000000731f2000 	C:\Program Files\Java\jdk1.8.0_05\jre\bin\msvcr100.dll
0x0000000073b70000 - 0x000000007439a000 	C:\Program Files\Java\jdk1.8.0_05\jre\bin\server\jvm.dll
0x00007ff9a6ee0000 - 0x00007ff9a6ee8000 	C:\WINDOWS\System32\PSAPI.DLL
0x00007ff9a1ee0000 - 0x00007ff9a1ee9000 	C:\WINDOWS\SYSTEM32\WSOCK32.dll
0x00007ff9a6ab0000 - 0x00007ff9a6b1a000 	C:\WINDOWS\System32\WS2_32.dll
0x00007ff9a1dd0000 - 0x00007ff9a1df3000 	C:\WINDOWS\SYSTEM32\WINMM.dll
0x00007ff9a1d70000 - 0x00007ff9a1d9b000 	C:\WINDOWS\SYSTEM32\WINMMBASE.dll
0x00007ff9a4560000 - 0x00007ff9a45a2000 	C:\WINDOWS\System32\cfgmgr32.dll
0x0000000073a80000 - 0x0000000073a8f000 	C:\Program Files\Java\jdk1.8.0_05\jre\bin\verify.dll
0x0000000073a50000 - 0x0000000073a78000 	C:\Program Files\Java\jdk1.8.0_05\jre\bin\java.dll
0x0000000073a30000 - 0x0000000073a46000 	C:\Program Files\Java\jdk1.8.0_05\jre\bin\zip.dll
0x00007ff9a4e80000 - 0x00007ff9a6389000 	C:\WINDOWS\System32\SHELL32.dll
0x00007ff9a3b40000 - 0x00007ff9a421a000 	C:\WINDOWS\System32\windows.storage.dll
0x00007ff9a38d0000 - 0x00007ff9a391c000 	C:\WINDOWS\System32\powrprof.dll
0x00007ff9a6550000 - 0x00007ff9a65a2000 	C:\WINDOWS\System32\shlwapi.dll
0x00007ff9a3920000 - 0x00007ff9a392f000 	C:\WINDOWS\System32\kernel.appcore.dll
0x00007ff9a4940000 - 0x00007ff9a49e9000 	C:\WINDOWS\System32\shcore.dll
0x00007ff9a3930000 - 0x00007ff9a3944000 	C:\WINDOWS\System32\profapi.dll

VM Arguments:
jvm_args: -Djava.awt.headless=true -Xmx1024M -Dfile.encoding=x-windows-949 -Duser.country=KR -Duser.language=ko -Duser.variant 
java_command: com.android.dx.command.Main --dex --num-threads=4 --output C:\tmp\T03.01-Exercise-RecyclerViewLayout\app\intermediates\pre-dexed\debug\com.android.support-appcompat-v7-24.1.1_1a67c21f46087b2ef4846e75e77d31c983e21c8c.jar C:\tmp\T03.01-Exercise-RecyclerViewLayout\app\intermediates\exploded-aar\com.android.support\appcompat-v7\24.1.1\jars\classes.jar
java_class_path (initial): F:\sdk\build-tools\24.0.1\lib\dx.jar
Launcher Type: SUN_STANDARD

Environment Variables:
JAVA_HOME=C:\Program Files\Java\jdk1.8.0_05
PATH=C:\ProgramData\Oracle\Java\javapath;C:\Program Files (x86)\NVIDIA Corporation\PhysX\Common;C:\Program Files (x86)\Intel\iCLS Client\;C:\Program Files\Intel\iCLS Client\;C:\WINDOWS\system32;C:\WINDOWS;C:\WINDOWS\System32\Wbem;C:\WINDOWS\System32\WindowsPowerShell\v1.0\;C:\Program Files\Microsoft SQL Server\110\Tools\Binn\;C:\Program Files\Microsoft SQL Server\120\Tools\Binn\;C:\Program Files\Intel\Intel(R) Management Engine Components\DAL;C:\Program Files\Intel\Intel(R) Management Engine Components\IPT;C:\Program Files (x86)\Intel\Intel(R) Management Engine Components\DAL;C:\Program Files (x86)\Intel\Intel(R) Management Engine Components\IPT;C:\Program Files\MySQL\MySQL Utilities 1.6\;C:\WINDOWS\system32\config\systemprofile\.dnx\bin;C:\Program Files\Microsoft DNX\Dnvm\;C:\Program Files\Microsoft SQL Server\130\Tools\Binn\;C:\Program Files (x86)\Windows Kits\8.1\Windows Performance Toolkit\;C:\Program Files (x86)\Brackets\command;C:\Python34;C:\Python34\Scripts;C:\Users\user\Anaconda3;C:\Users\user\Anaconda3\Scripts;C:\Users\user\Anaconda3\Library\bin;C:\Program Files\Java\jdk1.8.0_05\bin;C:\Users\user\Downloads\shell.w32-ix86;C:\Users\user\AppData\Local\atom\bin;C:\MinGW\bin;C:\Program Files\MongoDB\Server\3.2\bin;USERPROFILE\AppData\Local\Microsoft\WindowsApps;
USERNAME=user
OS=Windows_NT
PROCESSOR_IDENTIFIER=Intel64 Family 6 Model 60 Stepping 3, GenuineIntel



---------------  S Y S T E M  ---------------

OS: Windows 8.1 , 64 bit Build 9600 

CPU:total 4 (4 cores per cpu, 1 threads per core) family 6 model 60 stepping 3, cmov, cx8, fxsr, mmx, sse, sse2, sse3, ssse3, sse4.1, sse4.2, popcnt, avx, avx2, aes, clmul, erms, tsc, tscinvbit

Memory: 4k page, physical 8342076k(1902008k free), swap 8342076k(5252k free)

vm_info: Java HotSpot(TM) 64-Bit Server VM (25.5-b02) for windows-amd64 JRE (1.8.0_05-b13), built on Mar 18 2014 01:08:39 by "java_re" with MS VC++ 10.0 (VS2010)

time: Thu Jan 05 21:07:41 2017
elapsed time: 2 seconds

