#
# There is insufficient memory for the Java Runtime Environment to continue.
# Native memory allocation (malloc) failed to allocate 131088 bytes for Chunk::new
# Possible reasons:
#   The system is out of physical RAM or swap space
#   In 32 bit mode, the process size limit was hit
# Possible solutions:
#   Reduce memory load on the system
#   Increase physical memory or swap space
#   Check if swap backing store is full
#   Use 64 bit Java on a 64 bit OS
#   Decrease Java heap size (-Xmx/-Xms)
#   Decrease number of Java threads
#   Decrease Java thread stack sizes (-Xss)
#   Set larger code cache with -XX:ReservedCodeCacheSize=
# This output file may be truncated or incomplete.
#
#  Out of Memory Error (allocation.cpp:388), pid=14032, tid=17460
#
# JRE version: Java(TM) SE Runtime Environment (8.0_05-b13) (build 1.8.0_05-b13)
# Java VM: Java HotSpot(TM) 64-Bit Server VM (25.5-b02 mixed mode windows-amd64 compressed oops)
# Failed to write core dump. Minidumps are not enabled by default on client versions of Windows
#

---------------  T H R E A D  ---------------

Current thread (0x00000000152ae800):  JavaThread "C2 CompilerThread1" daemon [_thread_in_native, id=17460, stack(0x0000000016cf0000,0x0000000016df0000)]

Stack: [0x0000000016cf0000,0x0000000016df0000]
Native frames: (J=compiled Java code, j=interpreted, Vv=VM code, C=native code)
V  [jvm.dll+0x308dea]
V  [jvm.dll+0x25def1]
V  [jvm.dll+0x25eb0f]
V  [jvm.dll+0x2564e5]
V  [jvm.dll+0xbcfc5]
V  [jvm.dll+0xbd45c]
V  [jvm.dll+0xbd704]
V  [jvm.dll+0x4bea70]
V  [jvm.dll+0x48e3e6]
V  [jvm.dll+0x44293e]
V  [jvm.dll+0x44366b]
V  [jvm.dll+0x427532]
V  [jvm.dll+0x96702]
V  [jvm.dll+0x96ef3]
V  [jvm.dll+0x2232c4]
V  [jvm.dll+0x27baca]
C  [msvcr100.dll+0x21d9f]
C  [msvcr100.dll+0x21e3b]
C  [KERNEL32.DLL+0x8364]
C  [ntdll.dll+0x670d1]


Current CompileTask:
C2:   2795 1625       4       com.android.dx.ssa.LiteralOpUpgrader$1::visitNonMoveInsn (203 bytes)


---------------  P R O C E S S  ---------------

Java Threads: ( => current thread )
  0x00000000168d4000 JavaThread "pool-1-thread-4" [_thread_in_vm, id=17388, stack(0x0000000017cf0000,0x0000000017df0000)]
  0x0000000016876000 JavaThread "pool-1-thread-3" [_thread_blocked, id=19048, stack(0x0000000017bf0000,0x0000000017cf0000)]
  0x0000000016875800 JavaThread "pool-1-thread-2" [_thread_blocked, id=23796, stack(0x0000000017af0000,0x0000000017bf0000)]
  0x00000000168ee000 JavaThread "pool-2-thread-1" [_thread_blocked, id=22424, stack(0x00000000179f0000,0x0000000017af0000)]
  0x00000000168ed000 JavaThread "pool-1-thread-1" [_thread_blocked, id=16292, stack(0x00000000178f0000,0x00000000179f0000)]
  0x00000000152ee000 JavaThread "Service Thread" daemon [_thread_blocked, id=11680, stack(0x0000000016ef0000,0x0000000016ff0000)]
  0x00000000152b2000 JavaThread "C1 CompilerThread2" daemon [_thread_in_native, id=3084, stack(0x0000000016df0000,0x0000000016ef0000)]
=>0x00000000152ae800 JavaThread "C2 CompilerThread1" daemon [_thread_in_native, id=17460, stack(0x0000000016cf0000,0x0000000016df0000)]
  0x00000000152a3000 JavaThread "C2 CompilerThread0" daemon [_thread_in_native, id=18580, stack(0x0000000016bf0000,0x0000000016cf0000)]
  0x00000000152a2000 JavaThread "Attach Listener" daemon [_thread_blocked, id=1404, stack(0x0000000016af0000,0x0000000016bf0000)]
  0x0000000016633000 JavaThread "Signal Dispatcher" daemon [_thread_blocked, id=5492, stack(0x00000000169f0000,0x0000000016af0000)]
  0x0000000002baf000 JavaThread "Finalizer" daemon [_thread_blocked, id=24040, stack(0x00000000164f0000,0x00000000165f0000)]
  0x0000000015258000 JavaThread "Reference Handler" daemon [_thread_blocked, id=12620, stack(0x00000000163f0000,0x00000000164f0000)]
  0x00000000024dd800 JavaThread "main" [_thread_blocked, id=23264, stack(0x00000000029c0000,0x0000000002ac0000)]

Other Threads:
  0x0000000015255800 VMThread [stack: 0x00000000162f0000,0x00000000163f0000] [id=15784]
  0x0000000016658000 WatcherThread [stack: 0x0000000016ff0000,0x00000000170f0000] [id=23424]

VM state:not at safepoint (normal execution)

VM Mutex/Monitor currently owned by a thread: None

Heap:
 PSYoungGen      total 29184K, used 19491K [0x00000000eab00000, 0x00000000ecb00000, 0x0000000100000000)
  eden space 25600K, 65% used [0x00000000eab00000,0x00000000ebb48e28,0x00000000ec400000)
  from space 3584K, 78% used [0x00000000ec780000,0x00000000eca40000,0x00000000ecb00000)
  to   space 3584K, 0% used [0x00000000ec400000,0x00000000ec400000,0x00000000ec780000)
 ParOldGen       total 129536K, used 9628K [0x00000000c0000000, 0x00000000c7e80000, 0x00000000eab00000)
  object space 129536K, 7% used [0x00000000c0000000,0x00000000c09672b8,0x00000000c7e80000)
 Metaspace       used 6027K, capacity 6960K, committed 7040K, reserved 1056768K
  class space    used 596K, capacity 616K, committed 640K, reserved 1048576K

Card table byte_map: [0x0000000011f80000,0x0000000012190000] byte_map_base: 0x0000000011980000

Marking Bits: (ParMarkBitMap*) 0x00000000743213b0
 Begin Bits: [0x00000000126f0000, 0x00000000136f0000)
 End Bits:   [0x00000000136f0000, 0x00000000146f0000)

Polling page: 0x0000000000a60000

CodeCache: size=245760Kb used=7042Kb max_used=7042Kb free=238717Kb
 bounds [0x0000000002bc0000, 0x00000000032b0000, 0x0000000011bc0000]
 total_blobs=2020 nmethods=1753 adapters=180
 compilation: enabled

Compilation events (10 events):
Event: 2.635 Thread 0x00000000152b2000 1729       1       com.android.dx.cf.direct.DirectClassFile$DcfTypeList::size (5 bytes)
Event: 2.635 Thread 0x00000000152b2000 nmethod 1729 0x00000000032785d0 code [0x0000000003278720, 0x0000000003278830]
Event: 2.765 Thread 0x00000000152b2000 1730       2       java.util.zip.ZipFile$ZipFileInflaterInputStream::finalize (5 bytes)
Event: 2.765 Thread 0x00000000152b2000 nmethod 1730 0x0000000003279d90 code [0x0000000003279f00, 0x000000000327a068]
Event: 2.765 Thread 0x00000000152b2000 1731       2       java.util.zip.ZipFile$ZipFileInputStream::finalize (5 bytes)
Event: 2.765 Thread 0x00000000152b2000 nmethod 1731 0x000000000327a110 code [0x000000000327a280, 0x000000000327a3e8]
Event: 2.766 Thread 0x00000000152b2000 1732       2       java.util.concurrent.locks.ReentrantLock::lockInterruptibly (9 bytes)
Event: 2.766 Thread 0x00000000152b2000 nmethod 1732 0x000000000327fbd0 code [0x000000000327fd60, 0x000000000327fff8]
Event: 2.766 Thread 0x00000000152b2000 1733       1       java.util.concurrent.locks.AbstractQueuedSynchronizer::compareAndSetState (13 bytes)
Event: 2.766 Thread 0x00000000152b2000 nmethod 1733 0x00000000032801d0 code [0x0000000003280320, 0x0000000003280450]

GC Heap History (10 events):
Event: 0.989 GC heap before
{Heap before GC invocations=12 (full 0):
 PSYoungGen      total 8192K, used 7295K [0x00000000eab00000, 0x00000000eb900000, 0x0000000100000000)
  eden space 6144K, 99% used [0x00000000eab00000,0x00000000eb0ffff8,0x00000000eb100000)
  from space 2048K, 56% used [0x00000000eb100000,0x00000000eb220000,0x00000000eb300000)
  to   space 2048K, 0% used [0x00000000eb700000,0x00000000eb700000,0x00000000eb900000)
 ParOldGen       total 129536K, used 2429K [0x00000000c0000000, 0x00000000c7e80000, 0x00000000eab00000)
  object space 129536K, 1% used [0x00000000c0000000,0x00000000c025f620,0x00000000c7e80000)
 Metaspace       used 5728K, capacity 6768K, committed 7040K, reserved 1056768K
  class space    used 594K, capacity 616K, committed 640K, reserved 1048576K
Event: 0.990 GC heap after
Heap after GC invocations=12 (full 0):
 PSYoungGen      total 12288K, used 1088K [0x00000000eab00000, 0x00000000eb900000, 0x0000000100000000)
  eden space 10240K, 0% used [0x00000000eab00000,0x00000000eab00000,0x00000000eb500000)
  from space 2048K, 53% used [0x00000000eb700000,0x00000000eb810000,0x00000000eb900000)
  to   space 2048K, 0% used [0x00000000eb500000,0x00000000eb500000,0x00000000eb700000)
 ParOldGen       total 129536K, used 3380K [0x00000000c0000000, 0x00000000c7e80000, 0x00000000eab00000)
  object space 129536K, 2% used [0x00000000c0000000,0x00000000c034d008,0x00000000c7e80000)
 Metaspace       used 5728K, capacity 6768K, committed 7040K, reserved 1056768K
  class space    used 594K, capacity 616K, committed 640K, reserved 1048576K
}
Event: 1.336 GC heap before
{Heap before GC invocations=13 (full 0):
 PSYoungGen      total 12288K, used 11328K [0x00000000eab00000, 0x00000000eb900000, 0x0000000100000000)
  eden space 10240K, 100% used [0x00000000eab00000,0x00000000eb500000,0x00000000eb500000)
  from space 2048K, 53% used [0x00000000eb700000,0x00000000eb810000,0x00000000eb900000)
  to   space 2048K, 0% used [0x00000000eb500000,0x00000000eb500000,0x00000000eb700000)
 ParOldGen       total 129536K, used 3380K [0x00000000c0000000, 0x00000000c7e80000, 0x00000000eab00000)
  object space 129536K, 2% used [0x00000000c0000000,0x00000000c034d008,0x00000000c7e80000)
 Metaspace       used 5802K, capacity 6832K, committed 7040K, reserved 1056768K
  class space    used 594K, capacity 616K, committed 640K, reserved 1048576K
Event: 1.619 GC heap after
Heap after GC invocations=13 (full 0):
 PSYoungGen      total 12288K, used 1824K [0x00000000eab00000, 0x00000000ebf00000, 0x0000000100000000)
  eden space 10240K, 0% used [0x00000000eab00000,0x00000000eab00000,0x00000000eb500000)
  from space 2048K, 89% used [0x00000000eb500000,0x00000000eb6c8010,0x00000000eb700000)
  to   space 2048K, 0% used [0x00000000ebd00000,0x00000000ebd00000,0x00000000ebf00000)
 ParOldGen       total 129536K, used 4322K [0x00000000c0000000, 0x00000000c7e80000, 0x00000000eab00000)
  object space 129536K, 3% used [0x00000000c0000000,0x00000000c0438b18,0x00000000c7e80000)
 Metaspace       used 5802K, capacity 6832K, committed 7040K, reserved 1056768K
  class space    used 594K, capacity 616K, committed 640K, reserved 1048576K
}
Event: 1.667 GC heap before
{Heap before GC invocations=14 (full 0):
 PSYoungGen      total 12288K, used 12064K [0x00000000eab00000, 0x00000000ebf00000, 0x0000000100000000)
  eden space 10240K, 100% used [0x00000000eab00000,0x00000000eb500000,0x00000000eb500000)
  from space 2048K, 89% used [0x00000000eb500000,0x00000000eb6c8010,0x00000000eb700000)
  to   space 2048K, 0% used [0x00000000ebd00000,0x00000000ebd00000,0x00000000ebf00000)
 ParOldGen       total 129536K, used 4322K [0x00000000c0000000, 0x00000000c7e80000, 0x00000000eab00000)
  object space 129536K, 3% used [0x00000000c0000000,0x00000000c0438b18,0x00000000c7e80000)
 Metaspace       used 5872K, capacity 6896K, committed 7040K, reserved 1056768K
  class space    used 594K, capacity 616K, committed 640K, reserved 1048576K
Event: 1.686 GC heap after
Heap after GC invocations=14 (full 0):
 PSYoungGen      total 17920K, used 1536K [0x00000000eab00000, 0x00000000ec000000, 0x0000000100000000)
  eden space 15872K, 0% used [0x00000000eab00000,0x00000000eab00000,0x00000000eba80000)
  from space 2048K, 75% used [0x00000000ebd00000,0x00000000ebe80010,0x00000000ebf00000)
  to   space 2560K, 0% used [0x00000000eba80000,0x00000000eba80000,0x00000000ebd00000)
 ParOldGen       total 129536K, used 5595K [0x00000000c0000000, 0x00000000c7e80000, 0x00000000eab00000)
  object space 129536K, 4% used [0x00000000c0000000,0x00000000c0576f80,0x00000000c7e80000)
 Metaspace       used 5872K, capacity 6896K, committed 7040K, reserved 1056768K
  class space    used 594K, capacity 616K, committed 640K, reserved 1048576K
}
Event: 2.081 GC heap before
{Heap before GC invocations=15 (full 0):
 PSYoungGen      total 17920K, used 17408K [0x00000000eab00000, 0x00000000ec000000, 0x0000000100000000)
  eden space 15872K, 100% used [0x00000000eab00000,0x00000000eba80000,0x00000000eba80000)
  from space 2048K, 75% used [0x00000000ebd00000,0x00000000ebe80010,0x00000000ebf00000)
  to   space 2560K, 0% used [0x00000000eba80000,0x00000000eba80000,0x00000000ebd00000)
 ParOldGen       total 129536K, used 5595K [0x00000000c0000000, 0x00000000c7e80000, 0x00000000eab00000)
  object space 129536K, 4% used [0x00000000c0000000,0x00000000c0576f80,0x00000000c7e80000)
 Metaspace       used 5946K, capacity 6960K, committed 7040K, reserved 1056768K
  class space    used 595K, capacity 616K, committed 640K, reserved 1048576K
Event: 2.090 GC heap after
Heap after GC invocations=15 (full 0):
 PSYoungGen      total 18432K, used 2560K [0x00000000eab00000, 0x00000000ecb00000, 0x0000000100000000)
  eden space 15872K, 0% used [0x00000000eab00000,0x00000000eab00000,0x00000000eba80000)
  from space 2560K, 100% used [0x00000000eba80000,0x00000000ebd00000,0x00000000ebd00000)
  to   space 3584K, 0% used [0x00000000ec780000,0x00000000ec780000,0x00000000ecb00000)
 ParOldGen       total 129536K, used 7176K [0x00000000c0000000, 0x00000000c7e80000, 0x00000000eab00000)
  object space 129536K, 5% used [0x00000000c0000000,0x00000000c07023c0,0x00000000c7e80000)
 Metaspace       used 5946K, capacity 6960K, committed 7040K, reserved 1056768K
  class space    used 595K, capacity 616K, committed 640K, reserved 1048576K
}
Event: 2.702 GC heap before
{Heap before GC invocations=16 (full 0):
 PSYoungGen      total 18432K, used 18432K [0x00000000eab00000, 0x00000000ecb00000, 0x0000000100000000)
  eden space 15872K, 100% used [0x00000000eab00000,0x00000000eba80000,0x00000000eba80000)
  from space 2560K, 100% used [0x00000000eba80000,0x00000000ebd00000,0x00000000ebd00000)
  to   space 3584K, 0% used [0x00000000ec780000,0x00000000ec780000,0x00000000ecb00000)
 ParOldGen       total 129536K, used 7176K [0x00000000c0000000, 0x00000000c7e80000, 0x00000000eab00000)
  object space 129536K, 5% used [0x00000000c0000000,0x00000000c07023c0,0x00000000c7e80000)
 Metaspace       used 5999K, capacity 6960K, committed 7040K, reserved 1056768K
  class space    used 596K, capacity 616K, committed 640K, reserved 1048576K
Event: 2.765 GC heap after
Heap after GC invocations=16 (full 0):
 PSYoungGen      total 29184K, used 2816K [0x00000000eab00000, 0x00000000ecb00000, 0x0000000100000000)
  eden space 25600K, 0% used [0x00000000eab00000,0x00000000eab00000,0x00000000ec400000)
  from space 3584K, 78% used [0x00000000ec780000,0x00000000eca40000,0x00000000ecb00000)
  to   space 3584K, 0% used [0x00000000ec400000,0x00000000ec400000,0x00000000ec780000)
 ParOldGen       total 129536K, used 9628K [0x00000000c0000000, 0x00000000c7e80000, 0x00000000eab00000)
  object space 129536K, 7% used [0x00000000c0000000,0x00000000c09672b8,0x00000000c7e80000)
 Metaspace       used 5999K, capacity 6960K, committed 7040K, reserved 1056768K
  class space    used 596K, capacity 616K, committed 640K, reserved 1048576K
}

Deoptimization events (3 events):
Event: 0.934 Thread 0x00000000168d4000 Uncommon trap: reason=unreached action=reinterpret pc=0x0000000002e45664 method=com.android.dx.rop.code.LocalItem.hashCode()I @ 25
Event: 2.569 Thread 0x00000000168d4000 Uncommon trap: reason=bimorphic action=maybe_recompile pc=0x00000000031f1c70 method=com.android.dx.ssa.SCCP.simulatePhi(Lcom/android/dx/ssa/PhiInsn;)V @ 124
Event: 2.596 Thread 0x0000000016875800 Uncommon trap: reason=bimorphic action=maybe_recompile pc=0x00000000031e4e9c method=com.android.dx.rop.code.RegisterSpec.withSimpleType()Lcom/android/dx/rop/code/RegisterSpec; @ 21

Internal exceptions (10 events):
Event: 0.514 Thread 0x00000000024dd800 Exception <a 'java/security/PrivilegedActionException'> (0x00000000eade6748) thrown at [D:\re\workspace\8-2-build-windows-amd64-cygwin\jdk8u5\2488\hotspot\src\share\vm\prims\jvm.cpp, line 1248]
Event: 0.514 Thread 0x00000000168ed000 Exception <a 'java/security/PrivilegedActionException'> (0x00000000eadfbb08) thrown at [D:\re\workspace\8-2-build-windows-amd64-cygwin\jdk8u5\2488\hotspot\src\share\vm\prims\jvm.cpp, line 1248]
Event: 0.515 Thread 0x00000000024dd800 Exception <a 'java/security/PrivilegedActionException'> (0x00000000eae0fdf0) thrown at [D:\re\workspace\8-2-build-windows-amd64-cygwin\jdk8u5\2488\hotspot\src\share\vm\prims\jvm.cpp, line 1248]
Event: 0.515 Thread 0x00000000024dd800 Exception <a 'java/security/PrivilegedActionException'> (0x00000000eae124b8) thrown at [D:\re\workspace\8-2-build-windows-amd64-cygwin\jdk8u5\2488\hotspot\src\share\vm\prims\jvm.cpp, line 1248]
Event: 0.517 Thread 0x00000000024dd800 Exception <a 'java/security/PrivilegedActionException'> (0x00000000eae41400) thrown at [D:\re\workspace\8-2-build-windows-amd64-cygwin\jdk8u5\2488\hotspot\src\share\vm\prims\jvm.cpp, line 1248]
Event: 0.552 Thread 0x00000000024dd800 Exception <a 'java/security/PrivilegedActionException'> (0x00000000eae5bc38) thrown at [D:\re\workspace\8-2-build-windows-amd64-cygwin\jdk8u5\2488\hotspot\src\share\vm\prims\jvm.cpp, line 1248]
Event: 0.553 Thread 0x00000000024dd800 Exception <a 'java/security/PrivilegedActionException'> (0x00000000eae61328) thrown at [D:\re\workspace\8-2-build-windows-amd64-cygwin\jdk8u5\2488\hotspot\src\share\vm\prims\jvm.cpp, line 1248]
Event: 1.743 Thread 0x00000000024dd800 Exception <a 'java/security/PrivilegedActionException'> (0x00000000eaf62440) thrown at [D:\re\workspace\8-2-build-windows-amd64-cygwin\jdk8u5\2488\hotspot\src\share\vm\prims\jvm.cpp, line 1248]
Event: 1.743 Thread 0x00000000024dd800 Exception <a 'java/security/PrivilegedActionException'> (0x00000000eaf648d8) thrown at [D:\re\workspace\8-2-build-windows-amd64-cygwin\jdk8u5\2488\hotspot\src\share\vm\prims\jvm.cpp, line 1248]
Event: 2.581 Thread 0x00000000168d4000 Exception <a 'java/security/PrivilegedActionException'> (0x00000000eb1a8508) thrown at [D:\re\workspace\8-2-build-windows-amd64-cygwin\jdk8u5\2488\hotspot\src\share\vm\prims\jvm.cpp, line 1248]

Events (10 events):
Event: 2.569 Thread 0x00000000168d4000 Uncommon trap: trap_request=0xffffffc6 fr.pc=0x00000000031f1c70
Event: 2.569 Thread 0x00000000168d4000 DEOPT PACKING pc=0x00000000031f1c70 sp=0x0000000017deec80
Event: 2.569 Thread 0x00000000168d4000 DEOPT UNPACKING pc=0x0000000002c055af sp=0x0000000017deec58 mode 2
Event: 2.581 loading class com/android/dx/cf/code/SwitchList
Event: 2.581 loading class com/android/dx/cf/code/SwitchList done
Event: 2.596 Thread 0x0000000016875800 Uncommon trap: trap_request=0xffffffc6 fr.pc=0x00000000031e4e9c
Event: 2.596 Thread 0x0000000016875800 DEOPT PACKING pc=0x00000000031e4e9c sp=0x0000000017bee930
Event: 2.596 Thread 0x0000000016875800 DEOPT UNPACKING pc=0x0000000002c055af sp=0x0000000017bee868 mode 2
Event: 2.636 Executing VM operation: ParallelGCFailedAllocation
Event: 2.765 Executing VM operation: ParallelGCFailedAllocation done


Dynamic libraries:
0x00007ff796bc0000 - 0x00007ff796bf4000 	C:\Program Files\Java\jdk1.8.0_05\bin\java.exe
0x00007ff9a7460000 - 0x00007ff9a7631000 	C:\WINDOWS\SYSTEM32\ntdll.dll
0x00007ff9a64a0000 - 0x00007ff9a654b000 	C:\WINDOWS\System32\KERNEL32.DLL
0x00007ff9a4220000 - 0x00007ff9a443d000 	C:\WINDOWS\System32\KERNELBASE.dll
0x00007ff9a6d90000 - 0x00007ff9a6e32000 	C:\WINDOWS\System32\ADVAPI32.dll
0x00007ff9a6e40000 - 0x00007ff9a6ede000 	C:\WINDOWS\System32\msvcrt.dll
0x00007ff9a6c60000 - 0x00007ff9a6cb9000 	C:\WINDOWS\System32\sechost.dll
0x00007ff9a7330000 - 0x00007ff9a7451000 	C:\WINDOWS\System32\RPCRT4.dll
0x00007ff9a65b0000 - 0x00007ff9a6715000 	C:\WINDOWS\System32\USER32.dll
0x00007ff9a3950000 - 0x00007ff9a396e000 	C:\WINDOWS\System32\win32u.dll
0x00007ff9a67b0000 - 0x00007ff9a67e4000 	C:\WINDOWS\System32\GDI32.dll
0x00007ff9a47b0000 - 0x00007ff9a4932000 	C:\WINDOWS\System32\gdi32full.dll
0x00007ff99dfe0000 - 0x00007ff99e259000 	C:\WINDOWS\WinSxS\amd64_microsoft.windows.common-controls_6595b64144ccf1df_6.0.14393.447_none_42191651c6827bb3\COMCTL32.dll
0x00007ff9a4bb0000 - 0x00007ff9a4e78000 	C:\WINDOWS\System32\combase.dll
0x00007ff9a45b0000 - 0x00007ff9a46a5000 	C:\WINDOWS\System32\ucrtbase.dll
0x00007ff9a44f0000 - 0x00007ff9a455a000 	C:\WINDOWS\System32\bcryptPrimitives.dll
0x00007ff9a6780000 - 0x00007ff9a67ae000 	C:\WINDOWS\System32\IMM32.DLL
0x0000000073120000 - 0x00000000731f2000 	C:\Program Files\Java\jdk1.8.0_05\jre\bin\msvcr100.dll
0x0000000073b70000 - 0x000000007439a000 	C:\Program Files\Java\jdk1.8.0_05\jre\bin\server\jvm.dll
0x00007ff9a6ee0000 - 0x00007ff9a6ee8000 	C:\WINDOWS\System32\PSAPI.DLL
0x00007ff9a1ee0000 - 0x00007ff9a1ee9000 	C:\WINDOWS\SYSTEM32\WSOCK32.dll
0x00007ff9a6ab0000 - 0x00007ff9a6b1a000 	C:\WINDOWS\System32\WS2_32.dll
0x00007ff9a1dd0000 - 0x00007ff9a1df3000 	C:\WINDOWS\SYSTEM32\WINMM.dll
0x00007ff9a1d70000 - 0x00007ff9a1d9b000 	C:\WINDOWS\SYSTEM32\WINMMBASE.dll
0x00007ff9a4560000 - 0x00007ff9a45a2000 	C:\WINDOWS\System32\cfgmgr32.dll
0x0000000073a80000 - 0x0000000073a8f000 	C:\Program Files\Java\jdk1.8.0_05\jre\bin\verify.dll
0x0000000073a50000 - 0x0000000073a78000 	C:\Program Files\Java\jdk1.8.0_05\jre\bin\java.dll
0x0000000073a30000 - 0x0000000073a46000 	C:\Program Files\Java\jdk1.8.0_05\jre\bin\zip.dll
0x00007ff9a4e80000 - 0x00007ff9a6389000 	C:\WINDOWS\System32\SHELL32.dll
0x00007ff9a3b40000 - 0x00007ff9a421a000 	C:\WINDOWS\System32\windows.storage.dll
0x00007ff9a38d0000 - 0x00007ff9a391c000 	C:\WINDOWS\System32\powrprof.dll
0x00007ff9a6550000 - 0x00007ff9a65a2000 	C:\WINDOWS\System32\shlwapi.dll
0x00007ff9a3920000 - 0x00007ff9a392f000 	C:\WINDOWS\System32\kernel.appcore.dll
0x00007ff9a4940000 - 0x00007ff9a49e9000 	C:\WINDOWS\System32\shcore.dll
0x00007ff9a3930000 - 0x00007ff9a3944000 	C:\WINDOWS\System32\profapi.dll
0x00007ff995cc0000 - 0x00007ff995e52000 	C:\WINDOWS\SYSTEM32\dbghelp.dll

VM Arguments:
jvm_args: -Djava.awt.headless=true -Xmx1024M -Dfile.encoding=x-windows-949 -Duser.country=KR -Duser.language=ko -Duser.variant 
java_command: com.android.dx.command.Main --dex --num-threads=4 --output C:\tmp\T03.01-Exercise-RecyclerViewLayout\app\intermediates\pre-dexed\debug\internal_impl-24.1.1_155fb5b2c10a42d21ea4bfceaace23e52c7f0a09.jar C:\tmp\T03.01-Exercise-RecyclerViewLayout\app\intermediates\exploded-aar\com.android.support\support-v4\24.1.1\jars\libs\internal_impl-24.1.1.jar
java_class_path (initial): F:\sdk\build-tools\24.0.1\lib\dx.jar
Launcher Type: SUN_STANDARD

Environment Variables:
JAVA_HOME=C:\Program Files\Java\jdk1.8.0_05
PATH=C:\ProgramData\Oracle\Java\javapath;C:\Program Files (x86)\NVIDIA Corporation\PhysX\Common;C:\Program Files (x86)\Intel\iCLS Client\;C:\Program Files\Intel\iCLS Client\;C:\WINDOWS\system32;C:\WINDOWS;C:\WINDOWS\System32\Wbem;C:\WINDOWS\System32\WindowsPowerShell\v1.0\;C:\Program Files\Microsoft SQL Server\110\Tools\Binn\;C:\Program Files\Microsoft SQL Server\120\Tools\Binn\;C:\Program Files\Intel\Intel(R) Management Engine Components\DAL;C:\Program Files\Intel\Intel(R) Management Engine Components\IPT;C:\Program Files (x86)\Intel\Intel(R) Management Engine Components\DAL;C:\Program Files (x86)\Intel\Intel(R) Management Engine Components\IPT;C:\Program Files\MySQL\MySQL Utilities 1.6\;C:\WINDOWS\system32\config\systemprofile\.dnx\bin;C:\Program Files\Microsoft DNX\Dnvm\;C:\Program Files\Microsoft SQL Server\130\Tools\Binn\;C:\Program Files (x86)\Windows Kits\8.1\Windows Performance Toolkit\;C:\Program Files (x86)\Brackets\command;C:\Python34;C:\Python34\Scripts;C:\Users\user\Anaconda3;C:\Users\user\Anaconda3\Scripts;C:\Users\user\Anaconda3\Library\bin;C:\Program Files\Java\jdk1.8.0_05\bin;C:\Users\user\Downloads\shell.w32-ix86;C:\Users\user\AppData\Local\atom\bin;C:\MinGW\bin;C:\Program Files\MongoDB\Server\3.2\bin;USERPROFILE\AppData\Local\Microsoft\WindowsApps;
USERNAME=user
OS=Windows_NT
PROCESSOR_IDENTIFIER=Intel64 Family 6 Model 60 Stepping 3, GenuineIntel



---------------  S Y S T E M  ---------------

OS: Windows 8.1 , 64 bit Build 9600 

CPU:total 4 (4 cores per cpu, 1 threads per core) family 6 model 60 stepping 3, cmov, cx8, fxsr, mmx, sse, sse2, sse3, ssse3, sse4.1, sse4.2, popcnt, avx, avx2, aes, clmul, erms, tsc, tscinvbit

Memory: 4k page, physical 8342076k(1964716k free), swap 8342076k(8008k free)

vm_info: Java HotSpot(TM) 64-Bit Server VM (25.5-b02) for windows-amd64 JRE (1.8.0_05-b13), built on Mar 18 2014 01:08:39 by "java_re" with MS VC++ 10.0 (VS2010)

time: Thu Jan 05 21:12:33 2017
elapsed time: 2 seconds

