#
# There is insufficient memory for the Java Runtime Environment to continue.
# Native memory allocation (malloc) failed to allocate 1142416 bytes for Chunk::new
# Possible reasons:
#   The system is out of physical RAM or swap space
#   In 32 bit mode, the process size limit was hit
# Possible solutions:
#   Reduce memory load on the system
#   Increase physical memory or swap space
#   Check if swap backing store is full
#   Use 64 bit Java on a 64 bit OS
#   Decrease Java heap size (-Xmx/-Xms)
#   Decrease number of Java threads
#   Decrease Java thread stack sizes (-Xss)
#   Set larger code cache with -XX:ReservedCodeCacheSize=
# This output file may be truncated or incomplete.
#
#  Out of Memory Error (allocation.cpp:388), pid=5764, tid=15336
#
# JRE version: Java(TM) SE Runtime Environment (8.0_05-b13) (build 1.8.0_05-b13)
# Java VM: Java HotSpot(TM) 64-Bit Server VM (25.5-b02 mixed mode windows-amd64 compressed oops)
# Failed to write core dump. Minidumps are not enabled by default on client versions of Windows
#

---------------  T H R E A D  ---------------

Current thread (0x00000000150a3000):  JavaThread "C2 CompilerThread0" daemon [_thread_in_native, id=15336, stack(0x0000000016a00000,0x0000000016b00000)]

Stack: [0x0000000016a00000,0x0000000016b00000]
Native frames: (J=compiled Java code, j=interpreted, Vv=VM code, C=native code)
V  [jvm.dll+0x308dea]
V  [jvm.dll+0x25def1]
V  [jvm.dll+0x25eb0f]
V  [jvm.dll+0x2564e5]
V  [jvm.dll+0xbcfc5]
V  [jvm.dll+0xbd45c]
V  [jvm.dll+0x44d422]
V  [jvm.dll+0x48e13f]
V  [jvm.dll+0x4425d0]
V  [jvm.dll+0x44366b]
V  [jvm.dll+0x427532]
V  [jvm.dll+0x96702]
V  [jvm.dll+0x96ef3]
V  [jvm.dll+0x2232c4]
V  [jvm.dll+0x27baca]
C  [msvcr100.dll+0x21d9f]
C  [msvcr100.dll+0x21e3b]
C  [KERNEL32.DLL+0x8364]
C  [ntdll.dll+0x670d1]


Current CompileTask:
C2:   2305 1590       4       com.android.dx.ssa.SsaRenamer$BlockRenamer::process (191 bytes)


---------------  P R O C E S S  ---------------

Java Threads: ( => current thread )
  0x00000000167b1800 JavaThread "pool-1-thread-4" [_thread_blocked, id=5440, stack(0x0000000017b00000,0x0000000017c00000)]
  0x00000000167b0000 JavaThread "pool-1-thread-3" [_thread_blocked, id=3520, stack(0x0000000017a00000,0x0000000017b00000)]
  0x00000000167af800 JavaThread "pool-1-thread-2" [_thread_blocked, id=5760, stack(0x0000000017900000,0x0000000017a00000)]
  0x00000000167cc000 JavaThread "pool-2-thread-1" [_thread_blocked, id=18928, stack(0x0000000017800000,0x0000000017900000)]
  0x00000000167cb800 JavaThread "pool-1-thread-1" [_thread_blocked, id=19360, stack(0x0000000017700000,0x0000000017800000)]
  0x000000001645d000 JavaThread "Service Thread" daemon [_thread_blocked, id=6536, stack(0x0000000016d00000,0x0000000016e00000)]
  0x00000000150ea800 JavaThread "C1 CompilerThread2" daemon [_thread_blocked, id=14956, stack(0x0000000016c00000,0x0000000016d00000)]
  0x00000000150ae800 JavaThread "C2 CompilerThread1" daemon [_thread_blocked, id=24520, stack(0x0000000016b00000,0x0000000016c00000)]
=>0x00000000150a3000 JavaThread "C2 CompilerThread0" daemon [_thread_in_native, id=15336, stack(0x0000000016a00000,0x0000000016b00000)]
  0x00000000150a2000 JavaThread "Attach Listener" daemon [_thread_blocked, id=21432, stack(0x0000000016900000,0x0000000016a00000)]
  0x0000000016443000 JavaThread "Signal Dispatcher" daemon [_thread_blocked, id=17576, stack(0x0000000016800000,0x0000000016900000)]
  0x00000000029af000 JavaThread "Finalizer" daemon [_thread_blocked, id=16696, stack(0x0000000016300000,0x0000000016400000)]
  0x0000000015058000 JavaThread "Reference Handler" daemon [_thread_blocked, id=24252, stack(0x0000000016200000,0x0000000016300000)]
  0x00000000024fd800 JavaThread "main" [_thread_blocked, id=11644, stack(0x00000000023a0000,0x00000000024a0000)]

Other Threads:
  0x0000000015055800 VMThread [stack: 0x0000000016100000,0x0000000016200000] [id=11380]
  0x000000001645f800 WatcherThread [stack: 0x0000000016e00000,0x0000000016f00000] [id=17812]

VM state:at safepoint (normal execution)

VM Mutex/Monitor currently owned by a thread:  ([mutex/lock_event])
[0x00000000024fc930] Threads_lock - owner thread: 0x0000000015055800
[0x00000000024fca30] Heap_lock - owner thread: 0x00000000167b0000

Heap:
 PSYoungGen      total 23552K, used 23549K [0x00000000eab00000, 0x00000000ed400000, 0x0000000100000000)
  eden space 20480K, 100% used [0x00000000eab00000,0x00000000ebf00000,0x00000000ebf00000)
  from space 3072K, 99% used [0x00000000ebf00000,0x00000000ec1ff510,0x00000000ec200000)
  to   space 4608K, 62% used [0x00000000ecf80000,0x00000000ed250000,0x00000000ed400000)
 ParOldGen       total 129536K, used 11693K [0x00000000c0000000, 0x00000000c7e80000, 0x00000000eab00000)
  object space 129536K, 9% used [0x00000000c0000000,0x00000000c0b6b678,0x00000000c7e80000)
 Metaspace       used 5980K, capacity 6960K, committed 7040K, reserved 1056768K
  class space    used 596K, capacity 616K, committed 640K, reserved 1048576K

Card table byte_map: [0x0000000011d80000,0x0000000011f90000] byte_map_base: 0x0000000011780000

Marking Bits: (ParMarkBitMap*) 0x00000000743213b0
 Begin Bits: [0x00000000124f0000, 0x00000000134f0000)
 End Bits:   [0x00000000134f0000, 0x00000000144f0000)

Polling page: 0x00000000024a0000

CodeCache: size=245760Kb used=6562Kb max_used=6562Kb free=239197Kb
 bounds [0x00000000029c0000, 0x0000000003030000, 0x00000000119c0000]
 total_blobs=1936 nmethods=1670 adapters=180
 compilation: enabled

Compilation events (10 events):
Event: 2.270 Thread 0x00000000150ea800 nmethod 1663 0x0000000003009fd0 code [0x000000000300a1e0, 0x000000000300a8d8]
Event: 2.270 Thread 0x00000000150ea800 1664       2       com.android.dx.ssa.back.FirstFitLocalCombiningAllocator::handleLocalAssociatedParams (132 bytes)
Event: 2.270 Thread 0x00000000150ea800 nmethod 1664 0x000000000300b010 code [0x000000000300b220, 0x000000000300b808]
Event: 2.270 Thread 0x00000000150ea800 1665       2       com.android.dx.ssa.back.FirstFitLocalCombiningAllocator::handleInvokeRangeInsns (36 bytes)
Event: 2.271 Thread 0x00000000150ea800 nmethod 1665 0x000000000300bed0 code [0x000000000300c060, 0x000000000300c338]
Event: 2.271 Thread 0x00000000150ea800 1666       2       com.android.dx.ssa.back.FirstFitLocalCombiningAllocator::handleCheckCastResults (413 bytes)
Event: 2.272 Thread 0x00000000150ea800 nmethod 1666 0x000000000300c510 code [0x000000000300c8e0, 0x000000000300da98]
Event: 2.272 Thread 0x00000000150ea800 1667       2       com.android.dx.ssa.back.FirstFitLocalCombiningAllocator::handlePhiInsns (36 bytes)
Event: 2.272 Thread 0x00000000150ea800 nmethod 1667 0x000000000300fb10 code [0x000000000300fca0, 0x000000000300ff78]
Event: 2.272 Thread 0x00000000150ea800 1668   !   2       com.android.dx.cf.code.BytecodeArray::parseInstruction (2764 bytes)

GC Heap History (10 events):
Event: 0.855 GC heap before
{Heap before GC invocations=9 (full 0):
 PSYoungGen      total 9216K, used 8224K [0x00000000eab00000, 0x00000000eb500000, 0x0000000100000000)
  eden space 8192K, 100% used [0x00000000eab00000,0x00000000eb300000,0x00000000eb300000)
  from space 1024K, 3% used [0x00000000eb400000,0x00000000eb408000,0x00000000eb500000)
  to   space 1024K, 0% used [0x00000000eb300000,0x00000000eb300000,0x00000000eb400000)
 ParOldGen       total 129536K, used 1273K [0x00000000c0000000, 0x00000000c7e80000, 0x00000000eab00000)
  object space 129536K, 0% used [0x00000000c0000000,0x00000000c013e458,0x00000000c7e80000)
 Metaspace       used 5344K, capacity 6384K, committed 6528K, reserved 1056768K
  class space    used 584K, capacity 616K, committed 640K, reserved 1048576K
Event: 0.872 GC heap after
Heap after GC invocations=9 (full 0):
 PSYoungGen      total 9216K, used 999K [0x00000000eab00000, 0x00000000ebc00000, 0x0000000100000000)
  eden space 8192K, 0% used [0x00000000eab00000,0x00000000eab00000,0x00000000eb300000)
  from space 1024K, 97% used [0x00000000eb300000,0x00000000eb3f9c68,0x00000000eb400000)
  to   space 2048K, 0% used [0x00000000eba00000,0x00000000eba00000,0x00000000ebc00000)
 ParOldGen       total 129536K, used 2536K [0x00000000c0000000, 0x00000000c7e80000, 0x00000000eab00000)
  object space 129536K, 1% used [0x00000000c0000000,0x00000000c027a068,0x00000000c7e80000)
 Metaspace       used 5344K, capacity 6384K, committed 6528K, reserved 1056768K
  class space    used 584K, capacity 616K, committed 640K, reserved 1048576K
}
Event: 1.100 GC heap before
{Heap before GC invocations=10 (full 0):
 PSYoungGen      total 9216K, used 9191K [0x00000000eab00000, 0x00000000ebc00000, 0x0000000100000000)
  eden space 8192K, 100% used [0x00000000eab00000,0x00000000eb300000,0x00000000eb300000)
  from space 1024K, 97% used [0x00000000eb300000,0x00000000eb3f9c68,0x00000000eb400000)
  to   space 2048K, 0% used [0x00000000eba00000,0x00000000eba00000,0x00000000ebc00000)
 ParOldGen       total 129536K, used 2536K [0x00000000c0000000, 0x00000000c7e80000, 0x00000000eab00000)
  object space 129536K, 1% used [0x00000000c0000000,0x00000000c027a068,0x00000000c7e80000)
 Metaspace       used 5678K, capacity 6640K, committed 6784K, reserved 1056768K
  class space    used 594K, capacity 616K, committed 640K, reserved 1048576K
Event: 1.105 GC heap after
Heap after GC invocations=10 (full 0):
 PSYoungGen      total 14848K, used 2017K [0x00000000eab00000, 0x00000000ebd00000, 0x0000000100000000)
  eden space 12800K, 0% used [0x00000000eab00000,0x00000000eab00000,0x00000000eb780000)
  from space 2048K, 98% used [0x00000000eba00000,0x00000000ebbf8638,0x00000000ebc00000)
  to   space 2560K, 0% used [0x00000000eb780000,0x00000000eb780000,0x00000000eba00000)
 ParOldGen       total 129536K, used 2886K [0x00000000c0000000, 0x00000000c7e80000, 0x00000000eab00000)
  object space 129536K, 2% used [0x00000000c0000000,0x00000000c02d1848,0x00000000c7e80000)
 Metaspace       used 5678K, capacity 6640K, committed 6784K, reserved 1056768K
  class space    used 594K, capacity 616K, committed 640K, reserved 1048576K
}
Event: 1.342 GC heap before
{Heap before GC invocations=11 (full 0):
 PSYoungGen      total 14848K, used 14817K [0x00000000eab00000, 0x00000000ebd00000, 0x0000000100000000)
  eden space 12800K, 100% used [0x00000000eab00000,0x00000000eb780000,0x00000000eb780000)
  from space 2048K, 98% used [0x00000000eba00000,0x00000000ebbf8638,0x00000000ebc00000)
  to   space 2560K, 0% used [0x00000000eb780000,0x00000000eb780000,0x00000000eba00000)
 ParOldGen       total 129536K, used 2886K [0x00000000c0000000, 0x00000000c7e80000, 0x00000000eab00000)
  object space 129536K, 2% used [0x00000000c0000000,0x00000000c02d1848,0x00000000c7e80000)
 Metaspace       used 5849K, capacity 6832K, committed 7040K, reserved 1056768K
  class space    used 596K, capacity 616K, committed 640K, reserved 1048576K
Event: 1.350 GC heap after
Heap after GC invocations=11 (full 0):
 PSYoungGen      total 15360K, used 2454K [0x00000000eab00000, 0x00000000ec500000, 0x0000000100000000)
  eden space 12800K, 0% used [0x00000000eab00000,0x00000000eab00000,0x00000000eb780000)
  from space 2560K, 95% used [0x00000000eb780000,0x00000000eb9e5870,0x00000000eba00000)
  to   space 3072K, 0% used [0x00000000ec200000,0x00000000ec200000,0x00000000ec500000)
 ParOldGen       total 129536K, used 4866K [0x00000000c0000000, 0x00000000c7e80000, 0x00000000eab00000)
  object space 129536K, 3% used [0x00000000c0000000,0x00000000c04c08a8,0x00000000c7e80000)
 Metaspace       used 5849K, capacity 6832K, committed 7040K, reserved 1056768K
  class space    used 596K, capacity 616K, committed 640K, reserved 1048576K
}
Event: 1.919 GC heap before
{Heap before GC invocations=12 (full 0):
 PSYoungGen      total 15360K, used 15254K [0x00000000eab00000, 0x00000000ec500000, 0x0000000100000000)
  eden space 12800K, 100% used [0x00000000eab00000,0x00000000eb780000,0x00000000eb780000)
  from space 2560K, 95% used [0x00000000eb780000,0x00000000eb9e5870,0x00000000eba00000)
  to   space 3072K, 0% used [0x00000000ec200000,0x00000000ec200000,0x00000000ec500000)
 ParOldGen       total 129536K, used 4866K [0x00000000c0000000, 0x00000000c7e80000, 0x00000000eab00000)
  object space 129536K, 3% used [0x00000000c0000000,0x00000000c04c08a8,0x00000000c7e80000)
 Metaspace       used 5877K, capacity 6832K, committed 7040K, reserved 1056768K
  class space    used 596K, capacity 616K, committed 640K, reserved 1048576K
Event: 1.937 GC heap after
Heap after GC invocations=12 (full 0):
 PSYoungGen      total 23552K, used 2176K [0x00000000eab00000, 0x00000000ec500000, 0x0000000100000000)
  eden space 20480K, 0% used [0x00000000eab00000,0x00000000eab00000,0x00000000ebf00000)
  from space 3072K, 70% used [0x00000000ec200000,0x00000000ec420000,0x00000000ec500000)
  to   space 3072K, 0% used [0x00000000ebf00000,0x00000000ebf00000,0x00000000ec200000)
 ParOldGen       total 129536K, used 7092K [0x00000000c0000000, 0x00000000c7e80000, 0x00000000eab00000)
  object space 129536K, 5% used [0x00000000c0000000,0x00000000c06ed2d0,0x00000000c7e80000)
 Metaspace       used 5877K, capacity 6832K, committed 7040K, reserved 1056768K
  class space    used 596K, capacity 616K, committed 640K, reserved 1048576K
}
Event: 2.167 GC heap before
{Heap before GC invocations=13 (full 0):
 PSYoungGen      total 23552K, used 22656K [0x00000000eab00000, 0x00000000ec500000, 0x0000000100000000)
  eden space 20480K, 100% used [0x00000000eab00000,0x00000000ebf00000,0x00000000ebf00000)
  from space 3072K, 70% used [0x00000000ec200000,0x00000000ec420000,0x00000000ec500000)
  to   space 3072K, 0% used [0x00000000ebf00000,0x00000000ebf00000,0x00000000ec200000)
 ParOldGen       total 129536K, used 7092K [0x00000000c0000000, 0x00000000c7e80000, 0x00000000eab00000)
  object space 129536K, 5% used [0x00000000c0000000,0x00000000c06ed2d0,0x00000000c7e80000)
 Metaspace       used 5950K, capacity 6896K, committed 7040K, reserved 1056768K
  class space    used 596K, capacity 616K, committed 640K, reserved 1048576K
Event: 2.182 GC heap after
Heap after GC invocations=13 (full 0):
 PSYoungGen      total 23552K, used 3069K [0x00000000eab00000, 0x00000000ed400000, 0x0000000100000000)
  eden space 20480K, 0% used [0x00000000eab00000,0x00000000eab00000,0x00000000ebf00000)
  from space 3072K, 99% used [0x00000000ebf00000,0x00000000ec1ff510,0x00000000ec200000)
  to   space 4608K, 0% used [0x00000000ecf80000,0x00000000ecf80000,0x00000000ed400000)
 ParOldGen       total 129536K, used 9077K [0x00000000c0000000, 0x00000000c7e80000, 0x00000000eab00000)
  object space 129536K, 7% used [0x00000000c0000000,0x00000000c08dd4b0,0x00000000c7e80000)
 Metaspace       used 5950K, capacity 6896K, committed 7040K, reserved 1056768K
  class space    used 596K, capacity 616K, committed 640K, reserved 1048576K
}

Deoptimization events (10 events):
Event: 1.211 Thread 0x00000000167b1800 Uncommon trap: reason=class_check action=maybe_recompile pc=0x0000000002cc3ccc method=com.android.dx.rop.type.Type.equals(Ljava/lang/Object;)Z @ 8
Event: 1.213 Thread 0x00000000167b1800 Uncommon trap: reason=class_check action=maybe_recompile pc=0x0000000002d3257c method=com.android.dx.rop.type.Type.equals(Ljava/lang/Object;)Z @ 8
Event: 1.946 Thread 0x00000000167b0000 Uncommon trap: reason=class_check action=maybe_recompile pc=0x0000000002c78058 method=com.android.dx.rop.type.Type.equals(Ljava/lang/Object;)Z @ 8
Event: 1.977 Thread 0x00000000167af800 Uncommon trap: reason=unreached action=reinterpret pc=0x0000000002cb5adc method=com.android.dx.rop.cst.Constant.compareTo(Lcom/android/dx/rop/cst/Constant;)I @ 12
Event: 2.074 Thread 0x00000000167b1800 Uncommon trap: reason=unreached action=reinterpret pc=0x0000000002f6de34 method=com.android.dx.ssa.LocalVariableExtractor.processBlock(I)V @ 251
Event: 2.265 Thread 0x00000000167af800 Uncommon trap: reason=bimorphic action=maybe_recompile pc=0x0000000002f15a14 method=com.android.dx.cf.code.BytecodeArray.parseInstruction(ILcom/android/dx/cf/code/BytecodeArray$Visitor;)I @ 955
Event: 2.265 Thread 0x00000000167af800 Uncommon trap: reason=bimorphic action=maybe_recompile pc=0x0000000002f15894 method=com.android.dx.cf.code.BytecodeArray.parseInstruction(ILcom/android/dx/cf/code/BytecodeArray$Visitor;)I @ 907
Event: 2.265 Thread 0x00000000167af800 Uncommon trap: reason=bimorphic action=maybe_recompile pc=0x0000000002f174f0 method=com.android.dx.cf.code.BytecodeArray.parseInstruction(ILcom/android/dx/cf/code/BytecodeArray$Visitor;)I @ 1224
Event: 2.265 Thread 0x00000000167af800 Uncommon trap: reason=bimorphic action=maybe_recompile pc=0x0000000002f15914 method=com.android.dx.cf.code.BytecodeArray.parseInstruction(ILcom/android/dx/cf/code/BytecodeArray$Visitor;)I @ 923
Event: 2.265 Thread 0x00000000167af800 Uncommon trap: reason=bimorphic action=maybe_recompile pc=0x0000000002f174f0 method=com.android.dx.cf.code.BytecodeArray.parseInstruction(ILcom/android/dx/cf/code/BytecodeArray$Visitor;)I @ 1224

Internal exceptions (10 events):
Event: 0.901 Thread 0x00000000167b0000 Exception <a 'java/security/PrivilegedActionException'> (0x00000000eabec7f8) thrown at [D:\re\workspace\8-2-build-windows-amd64-cygwin\jdk8u5\2488\hotspot\src\share\vm\prims\jvm.cpp, line 1248]
Event: 0.902 Thread 0x00000000167b0000 Exception <a 'java/security/PrivilegedActionException'> (0x00000000eabf1460) thrown at [D:\re\workspace\8-2-build-windows-amd64-cygwin\jdk8u5\2488\hotspot\src\share\vm\prims\jvm.cpp, line 1248]
Event: 0.902 Thread 0x00000000167b0000 Exception <a 'java/security/PrivilegedActionException'> (0x00000000eabf6b80) thrown at [D:\re\workspace\8-2-build-windows-amd64-cygwin\jdk8u5\2488\hotspot\src\share\vm\prims\jvm.cpp, line 1248]
Event: 0.902 Thread 0x00000000167b0000 Exception <a 'java/security/PrivilegedActionException'> (0x00000000eabfbf48) thrown at [D:\re\workspace\8-2-build-windows-amd64-cygwin\jdk8u5\2488\hotspot\src\share\vm\prims\jvm.cpp, line 1248]
Event: 0.919 Thread 0x00000000024fd800 Exception <a 'java/security/PrivilegedActionException'> (0x00000000eac39fe0) thrown at [D:\re\workspace\8-2-build-windows-amd64-cygwin\jdk8u5\2488\hotspot\src\share\vm\prims\jvm.cpp, line 1248]
Event: 0.930 Thread 0x00000000024fd800 Exception <a 'java/security/PrivilegedActionException'> (0x00000000ead66920) thrown at [D:\re\workspace\8-2-build-windows-amd64-cygwin\jdk8u5\2488\hotspot\src\share\vm\prims\jvm.cpp, line 1248]
Event: 0.930 Thread 0x00000000024fd800 Exception <a 'java/security/PrivilegedActionException'> (0x00000000ead68d38) thrown at [D:\re\workspace\8-2-build-windows-amd64-cygwin\jdk8u5\2488\hotspot\src\share\vm\prims\jvm.cpp, line 1248]
Event: 0.932 Thread 0x00000000167b0000 Exception <a 'java/security/PrivilegedActionException'> (0x00000000eae3be40) thrown at [D:\re\workspace\8-2-build-windows-amd64-cygwin\jdk8u5\2488\hotspot\src\share\vm\prims\jvm.cpp, line 1248]
Event: 1.099 Thread 0x00000000167af800 Exception <a 'java/security/PrivilegedActionException'> (0x00000000eb0c5cd8) thrown at [D:\re\workspace\8-2-build-windows-amd64-cygwin\jdk8u5\2488\hotspot\src\share\vm\prims\jvm.cpp, line 1248]
Event: 1.207 Thread 0x00000000167b1800 Exception <a 'java/security/PrivilegedActionException'> (0x00000000eb2260b0) thrown at [D:\re\workspace\8-2-build-windows-amd64-cygwin\jdk8u5\2488\hotspot\src\share\vm\prims\jvm.cpp, line 1248]

Events (10 events):
Event: 2.265 Thread 0x00000000167af800 DEOPT UNPACKING pc=0x0000000002a055af sp=0x00000000179fe848 mode 2
Event: 2.265 Thread 0x00000000167af800 Uncommon trap: trap_request=0xffffffc6 fr.pc=0x0000000002f174f0
Event: 2.265 Thread 0x00000000167af800 DEOPT PACKING pc=0x0000000002f174f0 sp=0x00000000179fe8a0
Event: 2.265 Thread 0x00000000167af800 DEOPT UNPACKING pc=0x0000000002a055af sp=0x00000000179fe848 mode 2
Event: 2.265 Thread 0x00000000167af800 Uncommon trap: trap_request=0xffffffc6 fr.pc=0x0000000002f15914
Event: 2.265 Thread 0x00000000167af800 DEOPT PACKING pc=0x0000000002f15914 sp=0x00000000179fe8a0
Event: 2.265 Thread 0x00000000167af800 DEOPT UNPACKING pc=0x0000000002a055af sp=0x00000000179fe848 mode 2
Event: 2.265 Thread 0x00000000167af800 Uncommon trap: trap_request=0xffffffc6 fr.pc=0x0000000002f174f0
Event: 2.265 Thread 0x00000000167af800 DEOPT PACKING pc=0x0000000002f174f0 sp=0x00000000179fe8a0
Event: 2.265 Thread 0x00000000167af800 DEOPT UNPACKING pc=0x0000000002a055af sp=0x00000000179fe848 mode 2


Dynamic libraries:
0x00007ff796bc0000 - 0x00007ff796bf4000 	C:\Program Files\Java\jdk1.8.0_05\bin\java.exe
0x00007ff9a7460000 - 0x00007ff9a7631000 	C:\WINDOWS\SYSTEM32\ntdll.dll
0x00007ff9a64a0000 - 0x00007ff9a654b000 	C:\WINDOWS\System32\KERNEL32.DLL
0x00007ff9a4220000 - 0x00007ff9a443d000 	C:\WINDOWS\System32\KERNELBASE.dll
0x00007ff9a6d90000 - 0x00007ff9a6e32000 	C:\WINDOWS\System32\ADVAPI32.dll
0x00007ff9a6e40000 - 0x00007ff9a6ede000 	C:\WINDOWS\System32\msvcrt.dll
0x00007ff9a6c60000 - 0x00007ff9a6cb9000 	C:\WINDOWS\System32\sechost.dll
0x00007ff9a7330000 - 0x00007ff9a7451000 	C:\WINDOWS\System32\RPCRT4.dll
0x00007ff9a65b0000 - 0x00007ff9a6715000 	C:\WINDOWS\System32\USER32.dll
0x00007ff9a3950000 - 0x00007ff9a396e000 	C:\WINDOWS\System32\win32u.dll
0x00007ff9a67b0000 - 0x00007ff9a67e4000 	C:\WINDOWS\System32\GDI32.dll
0x00007ff9a47b0000 - 0x00007ff9a4932000 	C:\WINDOWS\System32\gdi32full.dll
0x00007ff99dfe0000 - 0x00007ff99e259000 	C:\WINDOWS\WinSxS\amd64_microsoft.windows.common-controls_6595b64144ccf1df_6.0.14393.447_none_42191651c6827bb3\COMCTL32.dll
0x00007ff9a4bb0000 - 0x00007ff9a4e78000 	C:\WINDOWS\System32\combase.dll
0x00007ff9a45b0000 - 0x00007ff9a46a5000 	C:\WINDOWS\System32\ucrtbase.dll
0x00007ff9a44f0000 - 0x00007ff9a455a000 	C:\WINDOWS\System32\bcryptPrimitives.dll
0x00007ff9a6780000 - 0x00007ff9a67ae000 	C:\WINDOWS\System32\IMM32.DLL
0x0000000073120000 - 0x00000000731f2000 	C:\Program Files\Java\jdk1.8.0_05\jre\bin\msvcr100.dll
0x0000000073b70000 - 0x000000007439a000 	C:\Program Files\Java\jdk1.8.0_05\jre\bin\server\jvm.dll
0x00007ff9a6ee0000 - 0x00007ff9a6ee8000 	C:\WINDOWS\System32\PSAPI.DLL
0x00007ff9a1ee0000 - 0x00007ff9a1ee9000 	C:\WINDOWS\SYSTEM32\WSOCK32.dll
0x00007ff9a6ab0000 - 0x00007ff9a6b1a000 	C:\WINDOWS\System32\WS2_32.dll
0x00007ff9a1dd0000 - 0x00007ff9a1df3000 	C:\WINDOWS\SYSTEM32\WINMM.dll
0x00007ff9a1d70000 - 0x00007ff9a1d9b000 	C:\WINDOWS\SYSTEM32\WINMMBASE.dll
0x00007ff9a4560000 - 0x00007ff9a45a2000 	C:\WINDOWS\System32\cfgmgr32.dll
0x0000000073a80000 - 0x0000000073a8f000 	C:\Program Files\Java\jdk1.8.0_05\jre\bin\verify.dll
0x0000000073a50000 - 0x0000000073a78000 	C:\Program Files\Java\jdk1.8.0_05\jre\bin\java.dll
0x0000000073a30000 - 0x0000000073a46000 	C:\Program Files\Java\jdk1.8.0_05\jre\bin\zip.dll
0x00007ff9a4e80000 - 0x00007ff9a6389000 	C:\WINDOWS\System32\SHELL32.dll
0x00007ff9a3b40000 - 0x00007ff9a421a000 	C:\WINDOWS\System32\windows.storage.dll
0x00007ff9a38d0000 - 0x00007ff9a391c000 	C:\WINDOWS\System32\powrprof.dll
0x00007ff9a6550000 - 0x00007ff9a65a2000 	C:\WINDOWS\System32\shlwapi.dll
0x00007ff9a3920000 - 0x00007ff9a392f000 	C:\WINDOWS\System32\kernel.appcore.dll
0x00007ff9a4940000 - 0x00007ff9a49e9000 	C:\WINDOWS\System32\shcore.dll
0x00007ff9a3930000 - 0x00007ff9a3944000 	C:\WINDOWS\System32\profapi.dll
0x00007ff995cc0000 - 0x00007ff995e52000 	C:\WINDOWS\SYSTEM32\dbghelp.dll

VM Arguments:
jvm_args: -Djava.awt.headless=true -Xmx1024M -Dfile.encoding=x-windows-949 -Duser.country=KR -Duser.language=ko -Duser.variant 
java_command: com.android.dx.command.Main --dex --num-threads=4 --output C:\tmp\T03.01-Exercise-RecyclerViewLayout\app\intermediates\pre-dexed\debug\com.android.support-support-v4-24.1.1_577fec6146c4225866406cbcc9df4fc128970ec6.jar C:\tmp\T03.01-Exercise-RecyclerViewLayout\app\intermediates\exploded-aar\com.android.support\support-v4\24.1.1\jars\classes.jar
java_class_path (initial): F:\sdk\build-tools\24.0.1\lib\dx.jar
Launcher Type: SUN_STANDARD

Environment Variables:
JAVA_HOME=C:\Program Files\Java\jdk1.8.0_05
PATH=C:\ProgramData\Oracle\Java\javapath;C:\Program Files (x86)\NVIDIA Corporation\PhysX\Common;C:\Program Files (x86)\Intel\iCLS Client\;C:\Program Files\Intel\iCLS Client\;C:\WINDOWS\system32;C:\WINDOWS;C:\WINDOWS\System32\Wbem;C:\WINDOWS\System32\WindowsPowerShell\v1.0\;C:\Program Files\Microsoft SQL Server\110\Tools\Binn\;C:\Program Files\Microsoft SQL Server\120\Tools\Binn\;C:\Program Files\Intel\Intel(R) Management Engine Components\DAL;C:\Program Files\Intel\Intel(R) Management Engine Components\IPT;C:\Program Files (x86)\Intel\Intel(R) Management Engine Components\DAL;C:\Program Files (x86)\Intel\Intel(R) Management Engine Components\IPT;C:\Program Files\MySQL\MySQL Utilities 1.6\;C:\WINDOWS\system32\config\systemprofile\.dnx\bin;C:\Program Files\Microsoft DNX\Dnvm\;C:\Program Files\Microsoft SQL Server\130\Tools\Binn\;C:\Program Files (x86)\Windows Kits\8.1\Windows Performance Toolkit\;C:\Program Files (x86)\Brackets\command;C:\Python34;C:\Python34\Scripts;C:\Users\user\Anaconda3;C:\Users\user\Anaconda3\Scripts;C:\Users\user\Anaconda3\Library\bin;C:\Program Files\Java\jdk1.8.0_05\bin;C:\Users\user\Downloads\shell.w32-ix86;C:\Users\user\AppData\Local\atom\bin;C:\MinGW\bin;C:\Program Files\MongoDB\Server\3.2\bin;USERPROFILE\AppData\Local\Microsoft\WindowsApps;
USERNAME=user
OS=Windows_NT
PROCESSOR_IDENTIFIER=Intel64 Family 6 Model 60 Stepping 3, GenuineIntel



---------------  S Y S T E M  ---------------

OS: Windows 8.1 , 64 bit Build 9600 

CPU:total 4 (4 cores per cpu, 1 threads per core) family 6 model 60 stepping 3, cmov, cx8, fxsr, mmx, sse, sse2, sse3, ssse3, sse4.1, sse4.2, popcnt, avx, avx2, aes, clmul, erms, tsc, tscinvbit

Memory: 4k page, physical 8342076k(1902276k free), swap 8342076k(5212k free)

vm_info: Java HotSpot(TM) 64-Bit Server VM (25.5-b02) for windows-amd64 JRE (1.8.0_05-b13), built on Mar 18 2014 01:08:39 by "java_re" with MS VC++ 10.0 (VS2010)

time: Thu Jan 05 21:07:41 2017
elapsed time: 2 seconds

