JvmtiExport can_access_local_variables 0
JvmtiExport can_hotswap_or_post_breakpoint 0
JvmtiExport can_post_on_exceptions 0
# 499 ciObject found
ciMethod java/lang/Object <init> ()V 4097 1 1586877 0 0
ciMethod java/lang/Object equals (Ljava/lang/Object;)Z 4097 1 7680 0 -1
ciMethod java/lang/String length ()I 4097 1 38233 0 -1
ciMethod java/lang/String charAt (I)C 4097 1 137596 0 128
ciMethod java/lang/String getChars (II[CI)V 2785 1 6387 0 -1
ciMethod java/lang/String equals (Ljava/lang/Object;)Z 2113 10457 1974 0 -1
ciMethod java/lang/String substring (I)Ljava/lang/String; 2985 1 11894 0 -1
ciMethod java/lang/System arraycopy (Ljava/lang/Object;ILjava/lang/Object;II)V 7169 1 896 0 -1
ciMethod java/lang/RuntimeException <init> (Ljava/lang/String;)V 0 0 3 0 -1
ciMethod java/util/Map get (Ljava/lang/Object;)Ljava/lang/Object; 0 0 1 0 -1
ciMethod java/util/Map put (Ljava/lang/Object;Ljava/lang/Object;)Ljava/lang/Object; 0 0 1 0 -1
ciMethod java/lang/AbstractStringBuilder ensureCapacityInternal (I)V 2409 1 11689 0 -1
ciMethod java/lang/AbstractStringBuilder expandCapacity (I)V 649 1 4937 0 -1
ciMethod java/lang/AbstractStringBuilder append (Ljava/lang/String;)Ljava/lang/AbstractStringBuilder; 1305 1 6331 0 -1
ciMethod java/lang/AbstractStringBuilder appendNull ()Ljava/lang/AbstractStringBuilder; 0 0 1 0 -1
ciMethod java/lang/StringBuilder <init> ()V 601 1 15472 0 -1
ciMethod java/lang/StringBuilder append (Ljava/lang/String;)Ljava/lang/StringBuilder; 1185 1 41970 0 -1
ciMethod java/lang/StringBuilder append (C)Ljava/lang/StringBuilder; 4073 1 4470 0 -1
ciMethod java/lang/StringBuilder toString ()Ljava/lang/String; 633 1 15495 0 -1
ciMethod java/lang/NullPointerException <init> (Ljava/lang/String;)V 0 0 1 0 -1
ciMethod java/util/ArrayList ensureCapacityInternal (I)V 641 1 509669 0 -1
ciMethod java/util/ArrayList size ()I 1097 1 137 0 0
ciMethod java/util/ArrayList elementData (I)Ljava/lang/Object; 1977 1 1633860 0 0
ciMethod java/util/ArrayList get (I)Ljava/lang/Object; 1977 1 1595958 0 128
ciMethod java/util/ArrayList set (ILjava/lang/Object;)Ljava/lang/Object; 4097 1 27493 0 0
ciMethod java/util/ArrayList add (Ljava/lang/Object;)Z 641 1 498858 0 736
ciMethod java/util/ArrayList remove (I)Ljava/lang/Object; 3129 1 8892 0 -1
ciMethod java/util/ArrayList clear ()V 3425 8193 21018 0 0
ciMethod java/util/ArrayList rangeCheck (I)V 1977 1 1631451 0 64
ciMethod java/util/ArrayList iterator ()Ljava/util/Iterator; 3161 1 299269 0 192
ciMethod java/util/ArrayList access$100 (Ljava/util/ArrayList;)I 1025 1 128 0 0
ciMethod java/util/HashMap <init> ()V 129 1 108470 0 -1
ciMethodData java/lang/String charAt (I)C 2 137596 orig 144 152 11 17 116 0 0 0 0 56 61 32 21 0 0 0 0 0 1 0 0 32 0 0 0 0 0 0 0 0 0 0 0 0 0 0 0 0 0 0 0 0 0 0 0 0 0 0 0 0 0 0 0 0 0 0 0 0 0 0 0 0 0 0 0 0 0 0 0 0 0 0 0 0 0 0 0 0 0 0 0 0 0 0 0 0 0 0 0 0 0 0 0 0 0 0 0 0 2 0 0 225 187 16 0 1 0 0 0 0 0 0 0 0 0 0 0 0 0 0 0 4 0 1 0 80 0 0 0 255 255 255 255 0 0 0 0 7 0 1 0 0 0 0 0 data 10 0x10007 0x0 0x40 0x2177c 0xa0007 0x2177c 0x30 0x0 0x120002 0x0 oops 0
ciMethodData java/lang/String length ()I 2 38233 orig 144 152 11 17 116 0 0 0 0 232 59 32 21 0 0 0 0 168 0 0 0 0 0 0 0 0 0 0 0 0 0 0 0 0 0 0 0 0 0 0 0 0 0 0 0 0 0 0 0 0 0 0 0 0 0 0 0 0 0 0 0 0 0 0 0 1 0 0 0 0 0 0 0 0 0 0 0 0 0 0 0 1 0 0 0 0 0 0 0 0 0 0 0 0 0 0 0 0 2 0 0 201 154 4 0 1 0 0 0 0 0 0 0 0 0 0 0 0 0 0 0 4 0 1 0 0 0 0 0 255 255 255 255 0 0 0 0 0 0 0 0 0 0 0 0 data 0 oops 0
ciMethodData java/lang/Object <init> ()V 2 1586877 orig 144 152 11 17 116 0 0 0 0 136 4 32 21 0 0 0 0 168 0 0 0 0 0 0 0 0 0 0 0 0 0 0 0 0 0 0 0 0 0 0 0 0 0 0 0 0 0 0 0 0 0 0 0 0 0 0 0 0 0 0 0 0 0 0 0 1 0 0 0 0 0 0 0 1 0 0 0 0 0 0 0 1 0 0 0 0 0 0 0 0 0 0 0 0 0 0 0 0 2 0 0 233 165 193 0 1 0 0 0 0 0 0 0 0 0 0 0 0 0 3 0 3 0 0 0 0 0 0 0 255 255 255 255 0 0 0 0 0 0 0 0 0 0 0 0 data 0 oops 0
ciMethod java/util/Iterator hasNext ()Z 0 0 1 0 -1
ciMethod java/util/Iterator next ()Ljava/lang/Object; 0 0 1 0 -1
ciMethod java/lang/IllegalArgumentException <init> (Ljava/lang/String;)V 0 0 1 0 -1
ciMethodData java/lang/AbstractStringBuilder ensureCapacityInternal (I)V 2 11689 orig 144 152 11 17 116 0 0 0 0 104 6 39 21 0 0 0 0 0 1 0 0 0 0 0 0 0 0 0 0 0 0 0 0 0 0 0 0 0 0 0 0 0 0 0 0 0 0 0 0 0 0 0 0 0 0 0 0 0 0 0 0 0 0 0 0 0 0 0 0 0 0 0 0 0 0 0 0 0 0 0 0 0 0 0 0 0 0 0 0 0 0 0 0 0 0 0 0 45 1 0 0 225 99 1 0 1 0 0 0 0 0 0 0 0 0 0 0 0 0 6 0 3 0 1 0 80 0 0 0 255 255 255 255 0 0 0 0 7 0 7 0 0 0 0 0 data 10 0x70007 0x1984 0x50 0x12f8 0xc0005 0x0 0x15ba8220 0x12f8 0x0 0x0 oops 1