#
# There is insufficient memory for the Java Runtime Environment to continue.
# Native memory allocation (malloc) failed to allocate 543216 bytes for Chunk::new
# Possible reasons:
#   The system is out of physical RAM or swap space
#   In 32 bit mode, the process size limit was hit
# Possible solutions:
#   Reduce memory load on the system
#   Increase physical memory or swap space
#   Check if swap backing store is full
#   Use 64 bit Java on a 64 bit OS
#   Decrease Java heap size (-Xmx/-Xms)
#   Decrease number of Java threads
#   Decrease Java thread stack sizes (-Xss)
#   Set larger code cache with -XX:ReservedCodeCacheSize=
# This output file may be truncated or incomplete.
#
#  Out of Memory Error (allocation.cpp:388), pid=14212, tid=2456
#
# JRE version: Java(TM) SE Runtime Environment (8.0_05-b13) (build 1.8.0_05-b13)
# Java VM: Java HotSpot(TM) 64-Bit Server VM (25.5-b02 mixed mode windows-amd64 compressed oops)
# Failed to write core dump. Minidumps are not enabled by default on client versions of Windows
#

---------------  T H R E A D  ---------------

Current thread (0x0000000015693000):  JavaThread "C2 CompilerThread0" daemon [_thread_in_native, id=2456, stack(0x0000000016ff0000,0x00000000170f0000)]

Stack: [0x0000000016ff0000,0x00000000170f0000]
[error occurred during error reporting (printing stack bounds), id 0xc0000005]

Native frames: (J=compiled Java code, j=interpreted, Vv=VM code, C=native code)
V  [jvm.dll+0x308dea]
V  [jvm.dll+0x25def1]
V  [jvm.dll+0x25eb0f]
V  [jvm.dll+0x277136]
V  [jvm.dll+0x27aca3]
V  [jvm.dll+0x59668f]
C  [msvcr100.dll+0x712e3]
V  [jvm.dll+0x595dad]
C  [ntdll.dll+0xaab9d]
C  [ntdll.dll+0x49913]
C  [ntdll.dll+0xa9cba]
V  [jvm.dll+0x1fdd91]


Current CompileTask:
C2:   1516 1615       4       com.android.dx.ssa.SCCP::simulatePhi (169 bytes)


---------------  P R O C E S S  ---------------

Java Threads: ( => current thread )
  0x0000000016cba000 JavaThread "pool-1-thread-2" [_thread_in_Java, id=436, stack(0x00000000176f0000,0x00000000177f0000)]
  0x0000000016cf3800 JavaThread "pool-2-thread-1" [_thread_blocked, id=13504, stack(0x00000000175f0000,0x00000000176f0000)]
  0x0000000016cf1000 JavaThread "pool-1-thread-1" [_thread_in_Java, id=9356, stack(0x00000000174f0000,0x00000000175f0000)]
  0x00000000156de800 JavaThread "Service Thread" daemon [_thread_blocked, id=19192, stack(0x00000000172f0000,0x00000000173f0000)]
  0x00000000156dc800 JavaThread "C1 CompilerThread2" daemon [_thread_blocked, id=19104, stack(0x00000000171f0000,0x00000000172f0000)]
  0x00000000156d2000 JavaThread "C2 CompilerThread1" daemon [_thread_in_native, id=20820, stack(0x00000000170f0000,0x00000000171f0000)]
=>0x0000000015693000 JavaThread "C2 CompilerThread0" daemon [_thread_in_native, id=2456, stack(0x0000000016ff0000,0x00000000170f0000)]
  0x0000000015692000 JavaThread "Attach Listener" daemon [_thread_blocked, id=10020, stack(0x0000000016ef0000,0x0000000016ff0000)]
  0x0000000016a33000 JavaThread "Signal Dispatcher" daemon [_thread_blocked, id=17328, stack(0x0000000016df0000,0x0000000016ef0000)]
  0x0000000002f9f000 JavaThread "Finalizer" daemon [_thread_blocked, id=12696, stack(0x00000000168f0000,0x00000000169f0000)]
  0x0000000015648000 JavaThread "Reference Handler" daemon [_thread_blocked, id=24388, stack(0x00000000167f0000,0x00000000168f0000)]
  0x0000000002ead800 JavaThread "main" [_thread_blocked, id=21892, stack(0x0000000002d20000,0x0000000002e20000)]

Other Threads:
  0x0000000015645800 VMThread [stack: 0x00000000166f0000,0x00000000167f0000] [id=6764]
  0x0000000016a4e000 WatcherThread [stack: 0x00000000173f0000,0x00000000174f0000] [id=20868]

VM state:not at safepoint (normal execution)

VM Mutex/Monitor currently owned by a thread: None

Heap:
 PSYoungGen      total 27136K, used 24402K [0x00000000eab00000, 0x00000000ec880000, 0x0000000100000000)
  eden space 24064K, 88% used [0x00000000eab00000,0x00000000ebfdcb00,0x00000000ec280000)
  from space 3072K, 98% used [0x00000000ec580000,0x00000000ec878010,0x00000000ec880000)
  to   space 3072K, 0% used [0x00000000ec280000,0x00000000ec280000,0x00000000ec580000)
 ParOldGen       total 129536K, used 15003K [0x00000000c0000000, 0x00000000c7e80000, 0x00000000eab00000)
  object space 129536K, 11% used [0x00000000c0000000,0x00000000c0ea6cd8,0x00000000c7e80000)
 Metaspace       used 6108K, capacity 7000K, committed 7168K, reserved 1056768K
  class space    used 619K, capacity 656K, committed 768K, reserved 1048576K

Card table byte_map: [0x0000000012370000,0x0000000012580000] byte_map_base: 0x0000000011d70000

Marking Bits: (ParMarkBitMap*) 0x00000000743213b0
 Begin Bits: [0x0000000012ae0000, 0x0000000013ae0000)
 End Bits:   [0x0000000013ae0000, 0x0000000014ae0000)

Polling page: 0x0000000002e20000

CodeCache: size=245760Kb used=6608Kb max_used=6626Kb free=239151Kb
 bounds [0x0000000002fb0000, 0x0000000003630000, 0x0000000011fb0000]
 total_blobs=1986 nmethods=1718 adapters=181
 compilation: enabled

Compilation events (10 events):
Event: 1.442 Thread 0x00000000156dc800 1741   !   2       com.android.dx.cf.code.BytecodeArray::parseInstruction (2764 bytes)
Event: 1.447 Thread 0x00000000156dc800 nmethod 1741 0x0000000003611fd0 code [0x0000000003612e80, 0x00000000036190e8]
Event: 1.447 Thread 0x00000000156dc800 1744       1       com.android.dx.cf.code.ByteOps::opInfo (6 bytes)
Event: 1.447 Thread 0x00000000156dc800 nmethod 1744 0x00000000036243d0 code [0x0000000003624520, 0x0000000003624630]
Event: 1.447 Thread 0x00000000156dc800 1743       2       com.android.dx.dex.code.RopTranslator::access$600 (6 bytes)
Event: 1.447 Thread 0x00000000156dc800 nmethod 1743 0x0000000003624710 code [0x0000000003624860, 0x00000000036249a8]
Event: 1.447 Thread 0x00000000156dc800 1742       2       com.android.dx.util.ByteArray::getShort (25 bytes)
Event: 1.447 Thread 0x00000000156dc800 nmethod 1742 0x0000000003624a50 code [0x0000000003624bc0, 0x0000000003624da8]
Event: 1.463 Thread 0x00000000156d2000 nmethod 1701 0x0000000003629710 code [0x0000000003629980, 0x000000000362b4e8]
Event: 1.463 Thread 0x00000000156d2000 1713       4       com.android.dx.ssa.SCCP::simulateBlock (54 bytes)

GC Heap History (10 events):
Event: 0.963 GC heap before
{Heap before GC invocations=14 (full 0):
 PSYoungGen      total 11264K, used 10528K [0x00000000eab00000, 0x00000000ebd80000, 0x0000000100000000)
  eden space 9216K, 100% used [0x00000000eab00000,0x00000000eb400000,0x00000000eb400000)
  from space 2048K, 64% used [0x00000000eb400000,0x00000000eb548000,0x00000000eb600000)
  to   space 2048K, 0% used [0x00000000ebb80000,0x00000000ebb80000,0x00000000ebd80000)
 ParOldGen       total 129536K, used 4813K [0x00000000c0000000, 0x00000000c7e80000, 0x00000000eab00000)
  object space 129536K, 3% used [0x00000000c0000000,0x00000000c04b3510,0x00000000c7e80000)
 Metaspace       used 5954K, capacity 6872K, committed 7168K, reserved 1056768K
  class space    used 617K, capacity 656K, committed 768K, reserved 1048576K
Event: 0.972 GC heap after
Heap after GC invocations=14 (full 0):
 PSYoungGen      total 16896K, used 1408K [0x00000000eab00000, 0x00000000ebd80000, 0x0000000100000000)
  eden space 14848K, 0% used [0x00000000eab00000,0x00000000eab00000,0x00000000eb980000)
  from space 2048K, 68% used [0x00000000ebb80000,0x00000000ebce0000,0x00000000ebd80000)
  to   space 2048K, 0% used [0x00000000eb980000,0x00000000eb980000,0x00000000ebb80000)
 ParOldGen       total 129536K, used 5621K [0x00000000c0000000, 0x00000000c7e80000, 0x00000000eab00000)
  object space 129536K, 4% used [0x00000000c0000000,0x00000000c057d5d8,0x00000000c7e80000)
 Metaspace       used 5954K, capacity 6872K, committed 7168K, reserved 1056768K
  class space    used 617K, capacity 656K, committed 768K, reserved 1048576K
}
Event: 1.166 GC heap before
{Heap before GC invocations=15 (full 0):
 PSYoungGen      total 16896K, used 16256K [0x00000000eab00000, 0x00000000ebd80000, 0x0000000100000000)
  eden space 14848K, 100% used [0x00000000eab00000,0x00000000eb980000,0x00000000eb980000)
  from space 2048K, 68% used [0x00000000ebb80000,0x00000000ebce0000,0x00000000ebd80000)
  to   space 2048K, 0% used [0x00000000eb980000,0x00000000eb980000,0x00000000ebb80000)
 ParOldGen       total 129536K, used 5621K [0x00000000c0000000, 0x00000000c7e80000, 0x00000000eab00000)
  object space 129536K, 4% used [0x00000000c0000000,0x00000000c057d5d8,0x00000000c7e80000)
 Metaspace       used 6023K, capacity 6936K, committed 7168K, reserved 1056768K
  class space    used 617K, capacity 656K, committed 768K, reserved 1048576K
Event: 1.169 GC heap after
Heap after GC invocations=15 (full 0):
 PSYoungGen      total 16896K, used 2016K [0x00000000eab00000, 0x00000000ec880000, 0x0000000100000000)
  eden space 14848K, 0% used [0x00000000eab00000,0x00000000eab00000,0x00000000eb980000)
  from space 2048K, 98% used [0x00000000eb980000,0x00000000ebb78010,0x00000000ebb80000)
  to   space 3072K, 0% used [0x00000000ec580000,0x00000000ec580000,0x00000000ec880000)
 ParOldGen       total 129536K, used 6961K [0x00000000c0000000, 0x00000000c7e80000, 0x00000000eab00000)
  object space 129536K, 5% used [0x00000000c0000000,0x00000000c06cc4c0,0x00000000c7e80000)
 Metaspace       used 6023K, capacity 6936K, committed 7168K, reserved 1056768K
  class space    used 617K, capacity 656K, committed 768K, reserved 1048576K
}
Event: 1.226 GC heap before
{Heap before GC invocations=16 (full 0):
 PSYoungGen      total 16896K, used 16864K [0x00000000eab00000, 0x00000000ec880000, 0x0000000100000000)
  eden space 14848K, 100% used [0x00000000eab00000,0x00000000eb980000,0x00000000eb980000)
  from space 2048K, 98% used [0x00000000eb980000,0x00000000ebb78010,0x00000000ebb80000)
  to   space 3072K, 0% used [0x00000000ec580000,0x00000000ec580000,0x00000000ec880000)
 ParOldGen       total 129536K, used 6961K [0x00000000c0000000, 0x00000000c7e80000, 0x00000000eab00000)
  object space 129536K, 5% used [0x00000000c0000000,0x00000000c06cc4c0,0x00000000c7e80000)
 Metaspace       used 6029K, capacity 6936K, committed 7168K, reserved 1056768K
  class space    used 617K, capacity 656K, committed 768K, reserved 1048576K
Event: 1.229 GC heap after
Heap after GC invocations=16 (full 0):
 PSYoungGen      total 27136K, used 2838K [0x00000000eab00000, 0x00000000ec880000, 0x0000000100000000)
  eden space 24064K, 0% used [0x00000000eab00000,0x00000000eab00000,0x00000000ec280000)
  from space 3072K, 92% used [0x00000000ec580000,0x00000000ec845918,0x00000000ec880000)
  to   space 3072K, 0% used [0x00000000ec280000,0x00000000ec280000,0x00000000ec580000)
 ParOldGen       total 129536K, used 8990K [0x00000000c0000000, 0x00000000c7e80000, 0x00000000eab00000)
  object space 129536K, 6% used [0x00000000c0000000,0x00000000c08c7860,0x00000000c7e80000)
 Metaspace       used 6029K, capacity 6936K, committed 7168K, reserved 1056768K
  class space    used 617K, capacity 656K, committed 768K, reserved 1048576K
}
Event: 1.320 GC heap before
{Heap before GC invocations=17 (full 0):
 PSYoungGen      total 27136K, used 26902K [0x00000000eab00000, 0x00000000ec880000, 0x0000000100000000)
  eden space 24064K, 100% used [0x00000000eab00000,0x00000000ec280000,0x00000000ec280000)
  from space 3072K, 92% used [0x00000000ec580000,0x00000000ec845918,0x00000000ec880000)
  to   space 3072K, 0% used [0x00000000ec280000,0x00000000ec280000,0x00000000ec580000)
 ParOldGen       total 129536K, used 8990K [0x00000000c0000000, 0x00000000c7e80000, 0x00000000eab00000)
  object space 129536K, 6% used [0x00000000c0000000,0x00000000c08c7860,0x00000000c7e80000)
 Metaspace       used 6073K, capacity 7000K, committed 7168K, reserved 1056768K
  class space    used 617K, capacity 656K, committed 768K, reserved 1048576K
Event: 1.343 GC heap after
Heap after GC invocations=17 (full 0):
 PSYoungGen      total 27136K, used 3040K [0x00000000eab00000, 0x00000000ec880000, 0x0000000100000000)
  eden space 24064K, 0% used [0x00000000eab00000,0x00000000eab00000,0x00000000ec280000)
  from space 3072K, 98% used [0x00000000ec280000,0x00000000ec578120,0x00000000ec580000)
  to   space 3072K, 0% used [0x00000000ec580000,0x00000000ec580000,0x00000000ec880000)
 ParOldGen       total 129536K, used 11760K [0x00000000c0000000, 0x00000000c7e80000, 0x00000000eab00000)
  object space 129536K, 9% used [0x00000000c0000000,0x00000000c0b7c0e0,0x00000000c7e80000)
 Metaspace       used 6073K, capacity 7000K, committed 7168K, reserved 1056768K
  class space    used 617K, capacity 656K, committed 768K, reserved 1048576K
}
Event: 1.404 GC heap before
{Heap before GC invocations=18 (full 0):
 PSYoungGen      total 27136K, used 27104K [0x00000000eab00000, 0x00000000ec880000, 0x0000000100000000)
  eden space 24064K, 100% used [0x00000000eab00000,0x00000000ec280000,0x00000000ec280000)
  from space 3072K, 98% used [0x00000000ec280000,0x00000000ec578120,0x00000000ec580000)
  to   space 3072K, 0% used [0x00000000ec580000,0x00000000ec580000,0x00000000ec880000)
 ParOldGen       total 129536K, used 11760K [0x00000000c0000000, 0x00000000c7e80000, 0x00000000eab00000)
  object space 129536K, 9% used [0x00000000c0000000,0x00000000c0b7c0e0,0x00000000c7e80000)
 Metaspace       used 6083K, capacity 7000K, committed 7168K, reserved 1056768K
  class space    used 617K, capacity 656K, committed 768K, reserved 1048576K
Event: 1.408 GC heap after
Heap after GC invocations=18 (full 0):
 PSYoungGen      total 27136K, used 3040K [0x00000000eab00000, 0x00000000ec880000, 0x0000000100000000)
  eden space 24064K, 0% used [0x00000000eab00000,0x00000000eab00000,0x00000000ec280000)
  from space 3072K, 98% used [0x00000000ec580000,0x00000000ec878010,0x00000000ec880000)
  to   space 3072K, 0% used [0x00000000ec280000,0x00000000ec280000,0x00000000ec580000)
 ParOldGen       total 129536K, used 15003K [0x00000000c0000000, 0x00000000c7e80000, 0x00000000eab00000)
  object space 129536K, 11% used [0x00000000c0000000,0x00000000c0ea6cd8,0x00000000c7e80000)
 Metaspace       used 6083K, capacity 7000K, committed 7168K, reserved 1056768K
  class space    used 617K, capacity 656K, committed 768K, reserved 1048576K
}

Deoptimization events (10 events):
Event: 1.173 Thread 0x0000000016cba800 Uncommon trap: reason=null_check action=make_not_entrant pc=0x000000000325a56c method=com.android.dx.ssa.SsaRenamer.getLocalForNewReg(I)Lcom/android/dx/rop/code/LocalItem; @ 19
Event: 1.191 Thread 0x0000000002ead800 Uncommon trap: reason=bimorphic action=maybe_recompile pc=0x000000000356cf08 method=com.android.dx.rop.code.RegisterSpec.withSimpleType()Lcom/android/dx/rop/code/RegisterSpec; @ 21
Event: 1.258 Thread 0x0000000016cba800 Uncommon trap: reason=unreached action=reinterpret pc=0x000000000359e284 method=java.util.HashMap.putVal(ILjava/lang/Object;Ljava/lang/Object;ZZ)Ljava/lang/Object; @ 109
Event: 1.345 Thread 0x0000000016cbd800 Uncommon trap: reason=bimorphic action=maybe_recompile pc=0x000000000356cf08 method=com.android.dx.rop.code.RegisterSpec.withSimpleType()Lcom/android/dx/rop/code/RegisterSpec; @ 21
Event: 1.412 Thread 0x0000000016cba000 Uncommon trap: reason=unreached action=reinterpret pc=0x000000000333975c method=com.android.dx.ssa.SsaMethod.updateOneDefinition(Lcom/android/dx/ssa/SsaInsn;Lcom/android/dx/rop/code/RegisterSpec;)V @ 4
Event: 1.418 Thread 0x0000000016cba000 Uncommon trap: reason=class_check action=maybe_recompile pc=0x00000000035f856c method=com.android.dx.cf.code.BytecodeArray.parseInstruction(ILcom/android/dx/cf/code/BytecodeArray$Visitor;)I @ 1258
Event: 1.418 Thread 0x0000000016cba000 Uncommon trap: reason=class_check action=maybe_recompile pc=0x00000000035f856c method=com.android.dx.cf.code.BytecodeArray.parseInstruction(ILcom/android/dx/cf/code/BytecodeArray$Visitor;)I @ 1258
Event: 1.419 Thread 0x0000000016cba000 Uncommon trap: reason=bimorphic action=maybe_recompile pc=0x00000000035f8558 method=com.android.dx.cf.code.BytecodeArray.parseInstruction(ILcom/android/dx/cf/code/BytecodeArray$Visitor;)I @ 1287
Event: 1.442 Thread 0x0000000016cba000 Uncommon trap: reason=bimorphic action=maybe_recompile pc=0x00000000035f9920 method=com.android.dx.cf.code.BytecodeArray.parseInstruction(ILcom/android/dx/cf/code/BytecodeArray$Visitor;)I @ 2135
Event: 1.442 Thread 0x0000000016cba000 Uncommon trap: reason=bimorphic action=maybe_recompile pc=0x00000000035f9920 method=com.android.dx.cf.code.BytecodeArray.parseInstruction(ILcom/android/dx/cf/code/BytecodeArray$Visitor;)I @ 2135

Internal exceptions (10 events):
Event: 0.647 Thread 0x0000000016cbd800 Exception <a 'java/security/PrivilegedActionException'> (0x00000000eabb8418) thrown at [D:\re\workspace\8-2-build-windows-amd64-cygwin\jdk8u5\2488\hotspot\src\share\vm\prims\jvm.cpp, line 1248]
Event: 0.677 Thread 0x0000000016cf1000 Exception <a 'java/security/PrivilegedActionException'> (0x00000000eae4e720) thrown at [D:\re\workspace\8-2-build-windows-amd64-cygwin\jdk8u5\2488\hotspot\src\share\vm\prims\jvm.cpp, line 1248]
Event: 0.692 Thread 0x0000000002ead800 Exception <a 'java/security/PrivilegedActionException'> (0x00000000eac2d810) thrown at [D:\re\workspace\8-2-build-windows-amd64-cygwin\jdk8u5\2488\hotspot\src\share\vm\prims\jvm.cpp, line 1248]
Event: 0.729 Thread 0x0000000016cbd800 Exception <a 'java/security/PrivilegedActionException'> (0x00000000eaeb2170) thrown at [D:\re\workspace\8-2-build-windows-amd64-cygwin\jdk8u5\2488\hotspot\src\share\vm\prims\jvm.cpp, line 1248]
Event: 0.937 Thread 0x0000000002ead800 Exception <a 'java/lang/ArrayIndexOutOfBoundsException': 18> (0x00000000eadd2950) thrown at [D:\re\workspace\8-2-build-windows-amd64-cygwin\jdk8u5\2488\hotspot\src\share\vm\interpreter\interpreterRuntime.cpp, line 337]
Event: 0.937 Thread 0x0000000002ead800 Exception <a 'java/lang/ArrayIndexOutOfBoundsException': 145> (0x00000000eadd43e8) thrown at [D:\re\workspace\8-2-build-windows-amd64-cygwin\jdk8u5\2488\hotspot\src\share\vm\interpreter\interpreterRuntime.cpp, line 337]
Event: 0.937 Thread 0x0000000002ead800 Exception <a 'java/lang/ArrayIndexOutOfBoundsException'> (0x00000000eadd5600) thrown at [D:\re\workspace\8-2-build-windows-amd64-cygwin\jdk8u5\2488\hotspot\src\share\vm\runtime\sharedRuntime.cpp, line 595]
Event: 1.028 Thread 0x0000000002ead800 Implicit null exception at 0x0000000003255922 to 0x0000000003255a15
Event: 1.173 Thread 0x0000000016cba800 Implicit null exception at 0x0000000003258434 to 0x000000000325a545
Event: 1.412 Thread 0x0000000016cba000 Exception <a 'java/security/PrivilegedActionException'> (0x00000000ead3ae58) thrown at [D:\re\workspace\8-2-build-windows-amd64-cygwin\jdk8u5\2488\hotspot\src\share\vm\prims\jvm.cpp, line 1248]

Events (10 events):
Event: 1.435 loading class java/util/HashMap$KeyIterator
Event: 1.435 loading class java/util/HashMap$KeyIterator done
Event: 1.437 Thread 0x0000000016cbd800 Thread exited: 0x0000000016cbd800
Event: 1.437 Thread 0x0000000016cba800 Thread exited: 0x0000000016cba800
Event: 1.442 Thread 0x0000000016cba000 Uncommon trap: trap_request=0xffffffc6 fr.pc=0x00000000035f9920
Event: 1.442 Thread 0x0000000016cba000 DEOPT PACKING pc=0x00000000035f9920 sp=0x00000000177ee3f0
Event: 1.442 Thread 0x0000000016cba000 DEOPT UNPACKING pc=0x0000000002ff55af sp=0x00000000177ee390 mode 2
Event: 1.442 Thread 0x0000000016cba000 Uncommon trap: trap_request=0xffffffc6 fr.pc=0x00000000035f9920
Event: 1.442 Thread 0x0000000016cba000 DEOPT PACKING pc=0x00000000035f9920 sp=0x00000000177ee3f0
Event: 1.442 Thread 0x0000000016cba000 DEOPT UNPACKING pc=0x0000000002ff55af sp=0x00000000177ee390 mode 2


Dynamic libraries:
0x00007ff6e79c0000 - 0x00007ff6e79f4000 	C:\Program Files\Java\jdk1.8.0_05\bin\java.exe
0x00007ff9a7460000 - 0x00007ff9a7631000 	C:\WINDOWS\SYSTEM32\ntdll.dll
0x00007ff9a64a0000 - 0x00007ff9a654b000 	C:\WINDOWS\System32\KERNEL32.DLL
0x00007ff9a4220000 - 0x00007ff9a443d000 	C:\WINDOWS\System32\KERNELBASE.dll
0x00007ff9a6d90000 - 0x00007ff9a6e32000 	C:\WINDOWS\System32\ADVAPI32.dll
0x00007ff9a6e40000 - 0x00007ff9a6ede000 	C:\WINDOWS\System32\msvcrt.dll
0x00007ff9a6c60000 - 0x00007ff9a6cb9000 	C:\WINDOWS\System32\sechost.dll
0x00007ff9a7330000 - 0x00007ff9a7451000 	C:\WINDOWS\System32\RPCRT4.dll
0x00007ff9a65b0000 - 0x00007ff9a6715000 	C:\WINDOWS\System32\USER32.dll
0x00007ff9a3950000 - 0x00007ff9a396e000 	C:\WINDOWS\System32\win32u.dll
0x00007ff9a67b0000 - 0x00007ff9a67e4000 	C:\WINDOWS\System32\GDI32.dll
0x00007ff9a47b0000 - 0x00007ff9a4932000 	C:\WINDOWS\System32\gdi32full.dll
0x00007ff99dfe0000 - 0x00007ff99e259000 	C:\WINDOWS\WinSxS\amd64_microsoft.windows.common-controls_6595b64144ccf1df_6.0.14393.447_none_42191651c6827bb3\COMCTL32.dll
0x00007ff9a4bb0000 - 0x00007ff9a4e78000 	C:\WINDOWS\System32\combase.dll
0x00007ff9a45b0000 - 0x00007ff9a46a5000 	C:\WINDOWS\System32\ucrtbase.dll
0x00007ff9a44f0000 - 0x00007ff9a455a000 	C:\WINDOWS\System32\bcryptPrimitives.dll
0x00007ff9a6780000 - 0x00007ff9a67ae000 	C:\WINDOWS\System32\IMM32.DLL
0x0000000073120000 - 0x00000000731f2000 	C:\Program Files\Java\jdk1.8.0_05\jre\bin\msvcr100.dll
0x0000000073b70000 - 0x000000007439a000 	C:\Program Files\Java\jdk1.8.0_05\jre\bin\server\jvm.dll
0x00007ff9a6ee0000 - 0x00007ff9a6ee8000 	C:\WINDOWS\System32\PSAPI.DLL
0x00007ff9a1ee0000 - 0x00007ff9a1ee9000 	C:\WINDOWS\SYSTEM32\WSOCK32.dll
0x00007ff9a6ab0000 - 0x00007ff9a6b1a000 	C:\WINDOWS\System32\WS2_32.dll
0x00007ff9a1dd0000 - 0x00007ff9a1df3000 	C:\WINDOWS\SYSTEM32\WINMM.dll
0x00007ff9a1d70000 - 0x00007ff9a1d9b000 	C:\WINDOWS\SYSTEM32\WINMMBASE.dll
0x00007ff9a4560000 - 0x00007ff9a45a2000 	C:\WINDOWS\System32\cfgmgr32.dll
0x0000000073a80000 - 0x0000000073a8f000 	C:\Program Files\Java\jdk1.8.0_05\jre\bin\verify.dll
0x0000000073a50000 - 0x0000000073a78000 	C:\Program Files\Java\jdk1.8.0_05\jre\bin\java.dll
0x0000000073a30000 - 0x0000000073a46000 	C:\Program Files\Java\jdk1.8.0_05\jre\bin\zip.dll
0x00007ff9a4e80000 - 0x00007ff9a6389000 	C:\WINDOWS\System32\SHELL32.dll
0x00007ff9a3b40000 - 0x00007ff9a421a000 	C:\WINDOWS\System32\windows.storage.dll
0x00007ff9a38d0000 - 0x00007ff9a391c000 	C:\WINDOWS\System32\powrprof.dll
0x00007ff9a6550000 - 0x00007ff9a65a2000 	C:\WINDOWS\System32\shlwapi.dll
0x00007ff9a3920000 - 0x00007ff9a392f000 	C:\WINDOWS\System32\kernel.appcore.dll
0x00007ff9a4940000 - 0x00007ff9a49e9000 	C:\WINDOWS\System32\shcore.dll
0x00007ff9a3930000 - 0x00007ff9a3944000 	C:\WINDOWS\System32\profapi.dll
0x00007ff995cc0000 - 0x00007ff995e52000 	C:\WINDOWS\SYSTEM32\dbghelp.dll

VM Arguments:
jvm_args: -Djava.awt.headless=true -Xmx1024M -Dfile.encoding=x-windows-949 -Duser.country=KR -Duser.language=ko -Duser.variant 
java_command: com.android.dx.command.Main --dex --num-threads=4 --output C:\tmp\T02.01-Exercise-CreateLayout\app\intermediates\pre-dexed\debug\com.android.support-support-core-ui-25.0.1_e09c7d37ecbdc0c5a109289947c19b7bd00be41b.jar C:\tmp\T02.01-Exercise-CreateLayout\app\intermediates\exploded-aar\com.android.support\support-core-ui\25.0.1\jars\classes.jar
java_class_path (initial): F:\sdk\build-tools\25.0.1\lib\dx.jar
Launcher Type: SUN_STANDARD

Environment Variables:
JAVA_HOME=C:\Program Files\Java\jdk1.8.0_05
PATH=C:\ProgramData\Oracle\Java\javapath;C:\Program Files (x86)\NVIDIA Corporation\PhysX\Common;C:\Program Files (x86)\Intel\iCLS Client\;C:\Program Files\Intel\iCLS Client\;C:\WINDOWS\system32;C:\WINDOWS;C:\WINDOWS\System32\Wbem;C:\WINDOWS\System32\WindowsPowerShell\v1.0\;C:\Program Files\Microsoft SQL Server\110\Tools\Binn\;C:\Program Files\Microsoft SQL Server\120\Tools\Binn\;C:\Program Files\Intel\Intel(R) Management Engine Components\DAL;C:\Program Files\Intel\Intel(R) Management Engine Components\IPT;C:\Program Files (x86)\Intel\Intel(R) Management Engine Components\DAL;C:\Program Files (x86)\Intel\Intel(R) Management Engine Components\IPT;C:\Program Files\MySQL\MySQL Utilities 1.6\;C:\WINDOWS\system32\config\systemprofile\.dnx\bin;C:\Program Files\Microsoft DNX\Dnvm\;C:\Program Files\Microsoft SQL Server\130\Tools\Binn\;C:\Program Files (x86)\Windows Kits\8.1\Windows Performance Toolkit\;C:\Program Files (x86)\Brackets\command;C:\Python34;C:\Python34\Scripts;C:\Users\user\Anaconda3;C:\Users\user\Anaconda3\Scripts;C:\Users\user\Anaconda3\Library\bin;C:\Program Files\Java\jdk1.8.0_05\bin;C:\Users\user\Downloads\shell.w32-ix86;C:\Users\user\AppData\Local\atom\bin;C:\MinGW\bin;C:\Program Files\MongoDB\Server\3.2\bin;USERPROFILE\AppData\Local\Microsoft\WindowsApps;
USERNAME=user
OS=Windows_NT
PROCESSOR_IDENTIFIER=Intel64 Family 6 Model 60 Stepping 3, GenuineIntel



---------------  S Y S T E M  ---------------

OS: Windows 8.1 , 64 bit Build 9600 

CPU:total 4 (4 cores per cpu, 1 threads per core) family 6 model 60 stepping 3, cmov, cx8, fxsr, mmx, sse, sse2, sse3, ssse3, sse4.1, sse4.2, popcnt, avx, avx2, aes, clmul, erms, tsc, tscinvbit

Memory: 4k page, physical 8342076k(1724940k free), swap 8342076k(5120k free)

vm_info: Java HotSpot(TM) 64-Bit Server VM (25.5-b02) for windows-amd64 JRE (1.8.0_05-b13), built on Mar 18 2014 01:08:39 by "java_re" with MS VC++ 10.0 (VS2010)

time: Wed Jan 04 23:11:32 2017
elapsed time: 1 seconds

