#
# There is insufficient memory for the Java Runtime Environment to continue.
# Native memory allocation (malloc) failed to allocate 390096 bytes for Chunk::new
# Possible reasons:
#   The system is out of physical RAM or swap space
#   In 32 bit mode, the process size limit was hit
# Possible solutions:
#   Reduce memory load on the system
#   Increase physical memory or swap space
#   Check if swap backing store is full
#   Use 64 bit Java on a 64 bit OS
#   Decrease Java heap size (-Xmx/-Xms)
#   Decrease number of Java threads
#   Decrease Java thread stack sizes (-Xss)
#   Set larger code cache with -XX:ReservedCodeCacheSize=
# This output file may be truncated or incomplete.
#
#  Out of Memory Error (allocation.cpp:388), pid=18352, tid=6888
#
# JRE version: Java(TM) SE Runtime Environment (8.0_05-b13) (build 1.8.0_05-b13)
# Java VM: Java HotSpot(TM) 64-Bit Server VM (25.5-b02 mixed mode windows-amd64 compressed oops)
# Failed to write core dump. Minidumps are not enabled by default on client versions of Windows
#

---------------  T H R E A D  ---------------

Current thread (0x0000000015c1e800):  JavaThread "C2 CompilerThread1" daemon [_thread_in_native, id=6888, stack(0x0000000017660000,0x0000000017760000)]

Stack: [0x0000000017660000,0x0000000017760000]
[error occurred during error reporting (printing stack bounds), id 0xc0000005]

Native frames: (J=compiled Java code, j=interpreted, Vv=VM code, C=native code)
V  [jvm.dll+0x308dea]
V  [jvm.dll+0x25def1]
V  [jvm.dll+0x25eb0f]
V  [jvm.dll+0x277136]
V  [jvm.dll+0x27aca3]
V  [jvm.dll+0x59668f]
C  [msvcr100.dll+0x712e3]
V  [jvm.dll+0x595dad]
C  [ntdll.dll+0xaab9d]
C  [ntdll.dll+0x49913]
C  [ntdll.dll+0xa9cba]
V  [jvm.dll+0x1fdd91]


Current CompileTask:
C2:   1184 1097       4       com.android.dx.ssa.SsaMethod::forEachInsn (36 bytes)


---------------  P R O C E S S  ---------------

Java Threads: ( => current thread )
  0x00000000171d0000 JavaThread "pool-1-thread-4" [_thread_in_Java, id=1584, stack(0x0000000018660000,0x0000000018760000)]
  0x000000001728d800 JavaThread "pool-1-thread-3" [_thread_blocked, id=3984, stack(0x0000000018560000,0x0000000018660000)]
  0x000000001728d000 JavaThread "pool-1-thread-2" [_thread_blocked, id=19032, stack(0x0000000018460000,0x0000000018560000)]
  0x000000001728c800 JavaThread "pool-2-thread-1" [_thread_blocked, id=1008, stack(0x0000000018360000,0x0000000018460000)]
  0x00000000171e8000 JavaThread "pool-1-thread-1" [_thread_in_Java, id=632, stack(0x0000000018260000,0x0000000018360000)]
  0x0000000015c5c000 JavaThread "Service Thread" daemon [_thread_blocked, id=20144, stack(0x0000000017860000,0x0000000017960000)]
  0x0000000015c57800 JavaThread "C1 CompilerThread2" daemon [_thread_blocked, id=20376, stack(0x0000000017760000,0x0000000017860000)]
=>0x0000000015c1e800 JavaThread "C2 CompilerThread1" daemon [_thread_in_native, id=6888, stack(0x0000000017660000,0x0000000017760000)]
  0x0000000015c13000 JavaThread "C2 CompilerThread0" daemon [_thread_in_native, id=8384, stack(0x0000000017560000,0x0000000017660000)]
  0x0000000015c12000 JavaThread "Attach Listener" daemon [_thread_blocked, id=7564, stack(0x0000000017460000,0x0000000017560000)]
  0x0000000016fa3000 JavaThread "Signal Dispatcher" daemon [_thread_blocked, id=11684, stack(0x0000000017360000,0x0000000017460000)]
  0x000000000351f000 JavaThread "Finalizer" daemon [_thread_blocked, id=2936, stack(0x0000000016e60000,0x0000000016f60000)]
  0x0000000015bc8000 JavaThread "Reference Handler" daemon [_thread_blocked, id=15428, stack(0x0000000016d60000,0x0000000016e60000)]
  0x000000000332d800 JavaThread "main" [_thread_in_Java, id=9644, stack(0x0000000003330000,0x0000000003430000)]

Other Threads:
  0x0000000015bc5800 VMThread [stack: 0x0000000016c60000,0x0000000016d60000] [id=19732]
  0x0000000016fbc000 WatcherThread [stack: 0x0000000017960000,0x0000000017a60000] [id=9924]

VM state:not at safepoint (normal execution)

VM Mutex/Monitor currently owned by a thread: None

Heap:
 PSYoungGen      total 12800K, used 11971K [0x00000000eab00000, 0x00000000eb980000, 0x0000000100000000)
  eden space 10752K, 93% used [0x00000000eab00000,0x00000000eb4de358,0x00000000eb580000)
  from space 2048K, 93% used [0x00000000eb580000,0x00000000eb760000,0x00000000eb780000)
  to   space 2048K, 0% used [0x00000000eb780000,0x00000000eb780000,0x00000000eb980000)
 ParOldGen       total 129536K, used 4901K [0x00000000c0000000, 0x00000000c7e80000, 0x00000000eab00000)
  object space 129536K, 3% used [0x00000000c0000000,0x00000000c04c9720,0x00000000c7e80000)
 Metaspace       used 5805K, capacity 6768K, committed 7040K, reserved 1056768K
  class space    used 596K, capacity 616K, committed 640K, reserved 1048576K

Card table byte_map: [0x00000000128f0000,0x0000000012b00000] byte_map_base: 0x00000000122f0000

Marking Bits: (ParMarkBitMap*) 0x00000000743213b0
 Begin Bits: [0x0000000013060000, 0x0000000014060000)
 End Bits:   [0x0000000014060000, 0x0000000015060000)

Polling page: 0x00000000015f0000

CodeCache: size=245760Kb used=4183Kb max_used=4195Kb free=241576Kb
 bounds [0x0000000003530000, 0x0000000003950000, 0x0000000012530000]
 total_blobs=1395 nmethods=1126 adapters=181
 compilation: disabled (not enough contiguous free space left)

Compilation events (10 events):
Event: 1.130 Thread 0x0000000015c13000 nmethod 1098 0x00000000038ce990 code [0x00000000038ceae0, 0x00000000038ceb48]
Event: 1.130 Thread 0x0000000015c13000 1096       4       com.android.dx.rop.code.PlainInsn::accept (8 bytes)
Event: 1.130 Thread 0x0000000015c13000 nmethod 1096 0x0000000003917d90 code [0x0000000003917ec0, 0x0000000003917f38]
Event: 1.130 Thread 0x0000000015c13000 1107       4       com.android.dx.ssa.SsaMethod$2::addToUses (48 bytes)
Event: 1.130 Thread 0x0000000015c57800 nmethod 1062 0x000000000391ac90 code [0x000000000391b100, 0x000000000391dec8]
Event: 1.130 Thread 0x0000000015c57800 1058       3       com.android.dx.ssa.back.SsaToRop::convertBasicBlocks (151 bytes)
Event: 1.131 Thread 0x0000000015c57800 nmethod 1058 0x0000000003918410 code [0x0000000003918700, 0x0000000003919f38]
Event: 1.131 Thread 0x0000000015c57800 1055       3       com.android.dx.ssa.SsaMethod::getCountReachableBlocks (44 bytes)
Event: 1.131 Thread 0x0000000015c57800 nmethod 1055 0x000000000391fdd0 code [0x000000000391ffa0, 0x0000000003920838]
Event: 1.131 Thread 0x0000000015c57800 1059       3       com.android.dx.ssa.SsaBasicBlock::replaceSuccessor (125 bytes)

GC Heap History (10 events):
Event: 0.557 GC heap before
{Heap before GC invocations=8 (full 0):
 PSYoungGen      total 3072K, used 2208K [0x00000000eab00000, 0x00000000eb100000, 0x0000000100000000)
  eden space 2048K, 100% used [0x00000000eab00000,0x00000000ead00000,0x00000000ead00000)
  from space 1024K, 15% used [0x00000000ead00000,0x00000000ead28000,0x00000000eae00000)
  to   space 1024K, 0% used [0x00000000eb000000,0x00000000eb000000,0x00000000eb100000)
 ParOldGen       total 129536K, used 1069K [0x00000000c0000000, 0x00000000c7e80000, 0x00000000eab00000)
  object space 129536K, 0% used [0x00000000c0000000,0x00000000c010b640,0x00000000c7e80000)
 Metaspace       used 4030K, capacity 5232K, committed 5376K, reserved 1056768K
  class space    used 448K, capacity 488K, committed 512K, reserved 1048576K
Event: 0.563 GC heap after
Heap after GC invocations=8 (full 0):
 PSYoungGen      total 5120K, used 775K [0x00000000eab00000, 0x00000000eb100000, 0x0000000100000000)
  eden space 4096K, 0% used [0x00000000eab00000,0x00000000eab00000,0x00000000eaf00000)
  from space 1024K, 75% used [0x00000000eb000000,0x00000000eb0c1c50,0x00000000eb100000)
  to   space 1024K, 0% used [0x00000000eaf00000,0x00000000eaf00000,0x00000000eb000000)
 ParOldGen       total 129536K, used 1173K [0x00000000c0000000, 0x00000000c7e80000, 0x00000000eab00000)
  object space 129536K, 0% used [0x00000000c0000000,0x00000000c0125660,0x00000000c7e80000)
 Metaspace       used 4030K, capacity 5232K, committed 5376K, reserved 1056768K
  class space    used 448K, capacity 488K, committed 512K, reserved 1048576K
}
Event: 0.706 GC heap before
{Heap before GC invocations=9 (full 0):
 PSYoungGen      total 5120K, used 4629K [0x00000000eab00000, 0x00000000eb100000, 0x0000000100000000)
  eden space 4096K, 94% used [0x00000000eab00000,0x00000000eaec3b20,0x00000000eaf00000)
  from space 1024K, 75% used [0x00000000eb000000,0x00000000eb0c1c50,0x00000000eb100000)
  to   space 1024K, 0% used [0x00000000eaf00000,0x00000000eaf00000,0x00000000eb000000)
 ParOldGen       total 129536K, used 1173K [0x00000000c0000000, 0x00000000c7e80000, 0x00000000eab00000)
  object space 129536K, 0% used [0x00000000c0000000,0x00000000c0125660,0x00000000c7e80000)
 Metaspace       used 5178K, capacity 6256K, committed 6528K, reserved 1056768K
  class space    used 576K, capacity 616K, committed 640K, reserved 1048576K
Event: 0.715 GC heap after
Heap after GC invocations=9 (full 0):
 PSYoungGen      total 5120K, used 1015K [0x00000000eab00000, 0x00000000eb480000, 0x0000000100000000)
  eden space 4096K, 0% used [0x00000000eab00000,0x00000000eab00000,0x00000000eaf00000)
  from space 1024K, 99% used [0x00000000eaf00000,0x00000000eaffdf68,0x00000000eb000000)
  to   space 1536K, 0% used [0x00000000eb300000,0x00000000eb300000,0x00000000eb480000)
 ParOldGen       total 129536K, used 1639K [0x00000000c0000000, 0x00000000c7e80000, 0x00000000eab00000)
  object space 129536K, 1% used [0x00000000c0000000,0x00000000c0199d50,0x00000000c7e80000)
 Metaspace       used 5178K, capacity 6256K, committed 6528K, reserved 1056768K
  class space    used 576K, capacity 616K, committed 640K, reserved 1048576K
}
Event: 0.833 GC heap before
{Heap before GC invocations=10 (full 0):
 PSYoungGen      total 5120K, used 5111K [0x00000000eab00000, 0x00000000eb480000, 0x0000000100000000)
  eden space 4096K, 100% used [0x00000000eab00000,0x00000000eaf00000,0x00000000eaf00000)
  from space 1024K, 99% used [0x00000000eaf00000,0x00000000eaffdf68,0x00000000eb000000)
  to   space 1536K, 0% used [0x00000000eb300000,0x00000000eb300000,0x00000000eb480000)
 ParOldGen       total 129536K, used 1639K [0x00000000c0000000, 0x00000000c7e80000, 0x00000000eab00000)
  object space 129536K, 1% used [0x00000000c0000000,0x00000000c0199d50,0x00000000c7e80000)
 Metaspace       used 5495K, capacity 6512K, committed 6784K, reserved 1056768K
  class space    used 588K, capacity 616K, committed 640K, reserved 1048576K
Event: 0.876 GC heap after
Heap after GC invocations=10 (full 0):
 PSYoungGen      total 8192K, used 1216K [0x00000000eab00000, 0x00000000eb480000, 0x0000000100000000)
  eden space 6656K, 0% used [0x00000000eab00000,0x00000000eab00000,0x00000000eb180000)
  from space 1536K, 79% used [0x00000000eb300000,0x00000000eb430018,0x00000000eb480000)
  to   space 1536K, 0% used [0x00000000eb180000,0x00000000eb180000,0x00000000eb300000)
 ParOldGen       total 129536K, used 1889K [0x00000000c0000000, 0x00000000c7e80000, 0x00000000eab00000)
  object space 129536K, 1% used [0x00000000c0000000,0x00000000c01d87d0,0x00000000c7e80000)
 Metaspace       used 5495K, capacity 6512K, committed 6784K, reserved 1056768K
  class space    used 588K, capacity 616K, committed 640K, reserved 1048576K
}
Event: 0.944 GC heap before
{Heap before GC invocations=11 (full 0):
 PSYoungGen      total 8192K, used 7872K [0x00000000eab00000, 0x00000000eb480000, 0x0000000100000000)
  eden space 6656K, 100% used [0x00000000eab00000,0x00000000eb180000,0x00000000eb180000)
  from space 1536K, 79% used [0x00000000eb300000,0x00000000eb430018,0x00000000eb480000)
  to   space 1536K, 0% used [0x00000000eb180000,0x00000000eb180000,0x00000000eb300000)
 ParOldGen       total 129536K, used 1889K [0x00000000c0000000, 0x00000000c7e80000, 0x00000000eab00000)
  object space 129536K, 1% used [0x00000000c0000000,0x00000000c01d87d0,0x00000000c7e80000)
 Metaspace       used 5690K, capacity 6704K, committed 6784K, reserved 1056768K
  class space    used 596K, capacity 616K, committed 640K, reserved 1048576K
Event: 0.947 GC heap after
Heap after GC invocations=11 (full 0):
 PSYoungGen      total 8192K, used 1472K [0x00000000eab00000, 0x00000000eb980000, 0x0000000100000000)
  eden space 6656K, 0% used [0x00000000eab00000,0x00000000eab00000,0x00000000eb180000)
  from space 1536K, 95% used [0x00000000eb180000,0x00000000eb2f0000,0x00000000eb300000)
  to   space 2048K, 0% used [0x00000000eb780000,0x00000000eb780000,0x00000000eb980000)
 ParOldGen       total 129536K, used 2870K [0x00000000c0000000, 0x00000000c7e80000, 0x00000000eab00000)
  object space 129536K, 2% used [0x00000000c0000000,0x00000000c02cdba0,0x00000000c7e80000)
 Metaspace       used 5690K, capacity 6704K, committed 6784K, reserved 1056768K
  class space    used 596K, capacity 616K, committed 640K, reserved 1048576K
}
Event: 1.089 GC heap before
{Heap before GC invocations=12 (full 0):
 PSYoungGen      total 8192K, used 8128K [0x00000000eab00000, 0x00000000eb980000, 0x0000000100000000)
  eden space 6656K, 100% used [0x00000000eab00000,0x00000000eb180000,0x00000000eb180000)
  from space 1536K, 95% used [0x00000000eb180000,0x00000000eb2f0000,0x00000000eb300000)
  to   space 2048K, 0% used [0x00000000eb780000,0x00000000eb780000,0x00000000eb980000)
 ParOldGen       total 129536K, used 2870K [0x00000000c0000000, 0x00000000c7e80000, 0x00000000eab00000)
  object space 129536K, 2% used [0x00000000c0000000,0x00000000c02cdba0,0x00000000c7e80000)
 Metaspace       used 5711K, capacity 6704K, committed 6784K, reserved 1056768K
  class space    used 596K, capacity 616K, committed 640K, reserved 1048576K
Event: 1.120 GC heap after
Heap after GC invocations=12 (full 0):
 PSYoungGen      total 12800K, used 1472K [0x00000000eab00000, 0x00000000eb980000, 0x0000000100000000)
  eden space 10752K, 0% used [0x00000000eab00000,0x00000000eab00000,0x00000000eb580000)
  from space 2048K, 71% used [0x00000000eb780000,0x00000000eb8f0010,0x00000000eb980000)
  to   space 2048K, 0% used [0x00000000eb580000,0x00000000eb580000,0x00000000eb780000)
 ParOldGen       total 129536K, used 3956K [0x00000000c0000000, 0x00000000c7e80000, 0x00000000eab00000)
  object space 129536K, 3% used [0x00000000c0000000,0x00000000c03dd030,0x00000000c7e80000)
 Metaspace       used 5711K, capacity 6704K, committed 6784K, reserved 1056768K
  class space    used 596K, capacity 616K, committed 640K, reserved 1048576K
}

Deoptimization events (6 events):
Event: 0.911 Thread 0x000000001728d800 Uncommon trap: reason=class_check action=maybe_recompile pc=0x0000000003808810 method=com.android.dx.rop.type.Type.equals(Ljava/lang/Object;)Z @ 8
Event: 0.911 Thread 0x000000001728d800 Uncommon trap: reason=class_check action=maybe_recompile pc=0x0000000003808810 method=com.android.dx.rop.type.Type.equals(Ljava/lang/Object;)Z @ 8
Event: 0.911 Thread 0x000000001728d800 Uncommon trap: reason=class_check action=maybe_recompile pc=0x0000000003808810 method=com.android.dx.rop.type.Type.equals(Ljava/lang/Object;)Z @ 8
Event: 0.911 Thread 0x000000001728d800 Uncommon trap: reason=class_check action=maybe_recompile pc=0x0000000003808810 method=com.android.dx.rop.type.Type.equals(Ljava/lang/Object;)Z @ 8
Event: 0.914 Thread 0x000000001728d000 Uncommon trap: reason=class_check action=maybe_recompile pc=0x00000000038137cc method=com.android.dx.rop.type.Type.equals(Ljava/lang/Object;)Z @ 8
Event: 0.918 Thread 0x000000001728d000 Uncommon trap: reason=unreached action=reinterpret pc=0x00000000037e3c9c method=com.android.dx.rop.cst.Constant.compareTo(Lcom/android/dx/rop/cst/Constant;)I @ 12

Internal exceptions (10 events):
Event: 0.732 Thread 0x000000001728d000 Exception <a 'java/security/PrivilegedActionException'> (0x00000000eac57788) thrown at [D:\re\workspace\8-2-build-windows-amd64-cygwin\jdk8u5\2488\hotspot\src\share\vm\prims\jvm.cpp, line 1248]
Event: 0.740 Thread 0x00000000171d0000 Exception <a 'java/security/PrivilegedActionException'> (0x00000000eacf9f08) thrown at [D:\re\workspace\8-2-build-windows-amd64-cygwin\jdk8u5\2488\hotspot\src\share\vm\prims\jvm.cpp, line 1248]
Event: 0.884 Thread 0x000000000332d800 Exception <a 'java/security/PrivilegedActionException'> (0x00000000eabbac88) thrown at [D:\re\workspace\8-2-build-windows-amd64-cygwin\jdk8u5\2488\hotspot\src\share\vm\prims\jvm.cpp, line 1248]
Event: 0.894 Thread 0x000000000332d800 Exception <a 'java/security/PrivilegedActionException'> (0x00000000eac8cdc0) thrown at [D:\re\workspace\8-2-build-windows-amd64-cygwin\jdk8u5\2488\hotspot\src\share\vm\prims\jvm.cpp, line 1248]
Event: 0.897 Thread 0x000000000332d800 Exception <a 'java/security/PrivilegedActionException'> (0x00000000eac8f488) thrown at [D:\re\workspace\8-2-build-windows-amd64-cygwin\jdk8u5\2488\hotspot\src\share\vm\prims\jvm.cpp, line 1248]
Event: 0.907 Thread 0x00000000171d0000 Exception <a 'java/security/PrivilegedActionException'> (0x00000000eae32d68) thrown at [D:\re\workspace\8-2-build-windows-amd64-cygwin\jdk8u5\2488\hotspot\src\share\vm\prims\jvm.cpp, line 1248]
Event: 0.908 Thread 0x00000000171d0000 Exception <a 'java/security/PrivilegedActionException'> (0x00000000eae384a8) thrown at [D:\re\workspace\8-2-build-windows-amd64-cygwin\jdk8u5\2488\hotspot\src\share\vm\prims\jvm.cpp, line 1248]
Event: 0.908 Thread 0x000000000332d800 Exception <a 'java/security/PrivilegedActionException'> (0x00000000ead8a818) thrown at [D:\re\workspace\8-2-build-windows-amd64-cygwin\jdk8u5\2488\hotspot\src\share\vm\prims\jvm.cpp, line 1248]
Event: 0.909 Thread 0x00000000171d0000 Exception <a 'java/security/PrivilegedActionException'> (0x00000000eae3d938) thrown at [D:\re\workspace\8-2-build-windows-amd64-cygwin\jdk8u5\2488\hotspot\src\share\vm\prims\jvm.cpp, line 1248]
Event: 0.914 Thread 0x000000001728d000 Exception <a 'java/security/PrivilegedActionException'> (0x00000000eaec99c0) thrown at [D:\re\workspace\8-2-build-windows-amd64-cygwin\jdk8u5\2488\hotspot\src\share\vm\prims\jvm.cpp, line 1248]

Events (10 events):
Event: 0.941 loading class java/util/TreeMap$EntrySet
Event: 0.941 loading class java/util/TreeMap$EntrySet done
Event: 0.941 loading class java/util/TreeMap$EntryIterator
Event: 0.941 loading class java/util/TreeMap$EntryIterator done
Event: 0.943 Executing VM operation: ForceSafepoint
Event: 0.944 Executing VM operation: ForceSafepoint done
Event: 0.944 Executing VM operation: ParallelGCFailedAllocation
Event: 0.947 Executing VM operation: ParallelGCFailedAllocation done
Event: 0.997 Executing VM operation: ParallelGCFailedAllocation
Event: 1.120 Executing VM operation: ParallelGCFailedAllocation done


Dynamic libraries:
0x00007ff6e79c0000 - 0x00007ff6e79f4000 	C:\Program Files\Java\jdk1.8.0_05\bin\java.exe
0x00007ff9a7460000 - 0x00007ff9a7631000 	C:\WINDOWS\SYSTEM32\ntdll.dll
0x00007ff9a64a0000 - 0x00007ff9a654b000 	C:\WINDOWS\System32\KERNEL32.DLL
0x00007ff9a4220000 - 0x00007ff9a443d000 	C:\WINDOWS\System32\KERNELBASE.dll
0x00007ff9a6d90000 - 0x00007ff9a6e32000 	C:\WINDOWS\System32\ADVAPI32.dll
0x00007ff9a6e40000 - 0x00007ff9a6ede000 	C:\WINDOWS\System32\msvcrt.dll
0x00007ff9a6c60000 - 0x00007ff9a6cb9000 	C:\WINDOWS\System32\sechost.dll
0x00007ff9a7330000 - 0x00007ff9a7451000 	C:\WINDOWS\System32\RPCRT4.dll
0x00007ff9a65b0000 - 0x00007ff9a6715000 	C:\WINDOWS\System32\USER32.dll
0x00007ff9a3950000 - 0x00007ff9a396e000 	C:\WINDOWS\System32\win32u.dll
0x00007ff9a67b0000 - 0x00007ff9a67e4000 	C:\WINDOWS\System32\GDI32.dll
0x00007ff9a47b0000 - 0x00007ff9a4932000 	C:\WINDOWS\System32\gdi32full.dll
0x00007ff99dfe0000 - 0x00007ff99e259000 	C:\WINDOWS\WinSxS\amd64_microsoft.windows.common-controls_6595b64144ccf1df_6.0.14393.447_none_42191651c6827bb3\COMCTL32.dll
0x00007ff9a4bb0000 - 0x00007ff9a4e78000 	C:\WINDOWS\System32\combase.dll
0x00007ff9a45b0000 - 0x00007ff9a46a5000 	C:\WINDOWS\System32\ucrtbase.dll
0x00007ff9a44f0000 - 0x00007ff9a455a000 	C:\WINDOWS\System32\bcryptPrimitives.dll
0x00007ff9a6780000 - 0x00007ff9a67ae000 	C:\WINDOWS\System32\IMM32.DLL
0x0000000073120000 - 0x00000000731f2000 	C:\Program Files\Java\jdk1.8.0_05\jre\bin\msvcr100.dll
0x0000000073b70000 - 0x000000007439a000 	C:\Program Files\Java\jdk1.8.0_05\jre\bin\server\jvm.dll
0x00007ff9a6ee0000 - 0x00007ff9a6ee8000 	C:\WINDOWS\System32\PSAPI.DLL
0x00007ff9a1ee0000 - 0x00007ff9a1ee9000 	C:\WINDOWS\SYSTEM32\WSOCK32.dll
0x00007ff9a6ab0000 - 0x00007ff9a6b1a000 	C:\WINDOWS\System32\WS2_32.dll
0x00007ff9a1dd0000 - 0x00007ff9a1df3000 	C:\WINDOWS\SYSTEM32\WINMM.dll
0x00007ff9a1d70000 - 0x00007ff9a1d9b000 	C:\WINDOWS\SYSTEM32\WINMMBASE.dll
0x00007ff9a4560000 - 0x00007ff9a45a2000 	C:\WINDOWS\System32\cfgmgr32.dll
0x0000000073a80000 - 0x0000000073a8f000 	C:\Program Files\Java\jdk1.8.0_05\jre\bin\verify.dll
0x0000000073a50000 - 0x0000000073a78000 	C:\Program Files\Java\jdk1.8.0_05\jre\bin\java.dll
0x0000000073a30000 - 0x0000000073a46000 	C:\Program Files\Java\jdk1.8.0_05\jre\bin\zip.dll
0x00007ff9a4e80000 - 0x00007ff9a6389000 	C:\WINDOWS\System32\SHELL32.dll
0x00007ff9a3b40000 - 0x00007ff9a421a000 	C:\WINDOWS\System32\windows.storage.dll
0x00007ff9a38d0000 - 0x00007ff9a391c000 	C:\WINDOWS\System32\powrprof.dll
0x00007ff9a6550000 - 0x00007ff9a65a2000 	C:\WINDOWS\System32\shlwapi.dll
0x00007ff9a3920000 - 0x00007ff9a392f000 	C:\WINDOWS\System32\kernel.appcore.dll
0x00007ff9a4940000 - 0x00007ff9a49e9000 	C:\WINDOWS\System32\shcore.dll
0x00007ff9a3930000 - 0x00007ff9a3944000 	C:\WINDOWS\System32\profapi.dll
0x00007ff995cc0000 - 0x00007ff995e52000 	C:\WINDOWS\SYSTEM32\dbghelp.dll

VM Arguments:
jvm_args: -Djava.awt.headless=true -Xmx1024M -Dfile.encoding=x-windows-949 -Duser.country=KR -Duser.language=ko -Duser.variant 
java_command: com.android.dx.command.Main --dex --num-threads=4 --output C:\tmp\T02.01-Exercise-CreateLayout\app\intermediates\pre-dexed\debug\internal_impl-25.0.1_20545567654b41c0ea334415f30271493adffdf6.jar C:\tmp\T02.01-Exercise-CreateLayout\app\intermediates\exploded-aar\com.android.support\support-compat\25.0.1\jars\libs\internal_impl-25.0.1.jar
java_class_path (initial): F:\sdk\build-tools\25.0.1\lib\dx.jar
Launcher Type: SUN_STANDARD

Environment Variables:
JAVA_HOME=C:\Program Files\Java\jdk1.8.0_05
PATH=C:\ProgramData\Oracle\Java\javapath;C:\Program Files (x86)\NVIDIA Corporation\PhysX\Common;C:\Program Files (x86)\Intel\iCLS Client\;C:\Program Files\Intel\iCLS Client\;C:\WINDOWS\system32;C:\WINDOWS;C:\WINDOWS\System32\Wbem;C:\WINDOWS\System32\WindowsPowerShell\v1.0\;C:\Program Files\Microsoft SQL Server\110\Tools\Binn\;C:\Program Files\Microsoft SQL Server\120\Tools\Binn\;C:\Program Files\Intel\Intel(R) Management Engine Components\DAL;C:\Program Files\Intel\Intel(R) Management Engine Components\IPT;C:\Program Files (x86)\Intel\Intel(R) Management Engine Components\DAL;C:\Program Files (x86)\Intel\Intel(R) Management Engine Components\IPT;C:\Program Files\MySQL\MySQL Utilities 1.6\;C:\WINDOWS\system32\config\systemprofile\.dnx\bin;C:\Program Files\Microsoft DNX\Dnvm\;C:\Program Files\Microsoft SQL Server\130\Tools\Binn\;C:\Program Files (x86)\Windows Kits\8.1\Windows Performance Toolkit\;C:\Program Files (x86)\Brackets\command;C:\Python34;C:\Python34\Scripts;C:\Users\user\Anaconda3;C:\Users\user\Anaconda3\Scripts;C:\Users\user\Anaconda3\Library\bin;C:\Program Files\Java\jdk1.8.0_05\bin;C:\Users\user\Downloads\shell.w32-ix86;C:\Users\user\AppData\Local\atom\bin;C:\MinGW\bin;C:\Program Files\MongoDB\Server\3.2\bin;USERPROFILE\AppData\Local\Microsoft\WindowsApps;
USERNAME=user
OS=Windows_NT
PROCESSOR_IDENTIFIER=Intel64 Family 6 Model 60 Stepping 3, GenuineIntel



---------------  S Y S T E M  ---------------

OS: Windows 8.1 , 64 bit Build 9600 

CPU:total 4 (4 cores per cpu, 1 threads per core) family 6 model 60 stepping 3, cmov, cx8, fxsr, mmx, sse, sse2, sse3, ssse3, sse4.1, sse4.2, popcnt, avx, avx2, aes, clmul, erms, tsc, tscinvbit

Memory: 4k page, physical 8342076k(1722012k free), swap 8342076k(4084k free)

vm_info: Java HotSpot(TM) 64-Bit Server VM (25.5-b02) for windows-amd64 JRE (1.8.0_05-b13), built on Mar 18 2014 01:08:39 by "java_re" with MS VC++ 10.0 (VS2010)

time: Wed Jan 04 23:11:30 2017
elapsed time: 1 seconds

