#
# There is insufficient memory for the Java Runtime Environment to continue.
# Native memory allocation (malloc) failed to allocate 937904 bytes for Chunk::new
# Possible reasons:
#   The system is out of physical RAM or swap space
#   In 32 bit mode, the process size limit was hit
# Possible solutions:
#   Reduce memory load on the system
#   Increase physical memory or swap space
#   Check if swap backing store is full
#   Use 64 bit Java on a 64 bit OS
#   Decrease Java heap size (-Xmx/-Xms)
#   Decrease number of Java threads
#   Decrease Java thread stack sizes (-Xss)
#   Set larger code cache with -XX:ReservedCodeCacheSize=
# This output file may be truncated or incomplete.
#
#  Out of Memory Error (allocation.cpp:388), pid=18756, tid=9876
#
# JRE version: Java(TM) SE Runtime Environment (8.0_05-b13) (build 1.8.0_05-b13)
# Java VM: Java HotSpot(TM) 64-Bit Server VM (25.5-b02 mixed mode windows-amd64 compressed oops)
# Failed to write core dump. Minidumps are not enabled by default on client versions of Windows
#

---------------  T H R E A D  ---------------

Current thread (0x00000000161ed000):  JavaThread "C2 CompilerThread1" daemon [_thread_in_native, id=9876, stack(0x00000000168a0000,0x00000000169a0000)]

Stack: [0x00000000168a0000,0x00000000169a0000]
[error occurred during error reporting (printing stack bounds), id 0xc0000005]

Native frames: (J=compiled Java code, j=interpreted, Vv=VM code, C=native code)
V  [jvm.dll+0x308dea]
V  [jvm.dll+0x25def1]
V  [jvm.dll+0x25eb0f]
V  [jvm.dll+0x277136]
V  [jvm.dll+0x27aca3]
V  [jvm.dll+0x59668f]
C  [msvcr100.dll+0x712e3]
V  [jvm.dll+0x595dad]
C  [ntdll.dll+0xaab9d]
C  [ntdll.dll+0x49913]
C  [ntdll.dll+0xa9cba]
V  [jvm.dll+0x1fdd91]


Current CompileTask:
C2:   1847 1587   !   4       com.android.dx.cf.code.BytecodeArray::parseInstruction (2764 bytes)


---------------  P R O C E S S  ---------------

Java Threads: ( => current thread )
  0x000000001655d000 JavaThread "pool-1-thread-4" [_thread_blocked, id=5260, stack(0x00000000178a0000,0x00000000179a0000)]
  0x000000001655c000 JavaThread "pool-1-thread-3" [_thread_blocked, id=17592, stack(0x00000000177a0000,0x00000000178a0000)]
  0x000000001655a800 JavaThread "pool-1-thread-2" [_thread_blocked, id=13272, stack(0x00000000176a0000,0x00000000177a0000)]
  0x0000000016d7c800 JavaThread "pool-2-thread-1" [_thread_blocked, id=19680, stack(0x00000000175a0000,0x00000000176a0000)]
  0x000000001650d000 JavaThread "pool-1-thread-1" [_thread_in_Java, id=21996, stack(0x00000000174a0000,0x00000000175a0000)]
  0x00000000161fd000 JavaThread "Service Thread" daemon [_thread_blocked, id=17520, stack(0x0000000016aa0000,0x0000000016ba0000)]
  0x00000000161f8000 JavaThread "C1 CompilerThread2" daemon [_thread_blocked, id=10972, stack(0x00000000169a0000,0x0000000016aa0000)]
=>0x00000000161ed000 JavaThread "C2 CompilerThread1" daemon [_thread_in_native, id=9876, stack(0x00000000168a0000,0x00000000169a0000)]
  0x0000000014e63000 JavaThread "C2 CompilerThread0" daemon [_thread_in_native, id=23992, stack(0x00000000167a0000,0x00000000168a0000)]
  0x0000000014e62000 JavaThread "Attach Listener" daemon [_thread_blocked, id=19448, stack(0x00000000166a0000,0x00000000167a0000)]
  0x00000000161e3000 JavaThread "Signal Dispatcher" daemon [_thread_blocked, id=220, stack(0x00000000165a0000,0x00000000166a0000)]
  0x000000000276f000 JavaThread "Finalizer" daemon [_thread_blocked, id=12824, stack(0x00000000160a0000,0x00000000161a0000)]
  0x0000000014e18000 JavaThread "Reference Handler" daemon [_thread_blocked, id=12592, stack(0x0000000015fa0000,0x00000000160a0000)]
  0x000000000267d800 JavaThread "main" [_thread_blocked, id=22944, stack(0x0000000000920000,0x0000000000a20000)]

Other Threads:
  0x0000000014e15800 VMThread [stack: 0x0000000015ea0000,0x0000000015fa0000] [id=9720]
  0x00000000161ff800 WatcherThread [stack: 0x0000000016ba0000,0x0000000016ca0000] [id=21492]

VM state:not at safepoint (normal execution)

VM Mutex/Monitor currently owned by a thread: None

Heap:
 PSYoungGen      total 33280K, used 8226K [0x00000000eab00000, 0x00000000ed000000, 0x0000000100000000)
  eden space 28672K, 13% used [0x00000000eab00000,0x00000000eaec4888,0x00000000ec700000)
  from space 4608K, 94% used [0x00000000ecb80000,0x00000000ecfc4020,0x00000000ed000000)
  to   space 4608K, 0% used [0x00000000ec700000,0x00000000ec700000,0x00000000ecb80000)
 ParOldGen       total 129536K, used 23625K [0x00000000c0000000, 0x00000000c7e80000, 0x00000000eab00000)
  object space 129536K, 18% used [0x00000000c0000000,0x00000000c17126d8,0x00000000c7e80000)
 Metaspace       used 6118K, capacity 7024K, committed 7296K, reserved 1056768K
  class space    used 598K, capacity 616K, committed 640K, reserved 1048576K

Card table byte_map: [0x0000000011b40000,0x0000000011d50000] byte_map_base: 0x0000000011540000

Marking Bits: (ParMarkBitMap*) 0x00000000743213b0
 Begin Bits: [0x00000000122b0000, 0x00000000132b0000)
 End Bits:   [0x00000000132b0000, 0x00000000142b0000)

Polling page: 0x0000000000710000

CodeCache: size=245760Kb used=6931Kb max_used=6931Kb free=238828Kb
 bounds [0x0000000002780000, 0x0000000002e50000, 0x0000000011780000]
 total_blobs=2168 nmethods=1900 adapters=181
 compilation: enabled

Compilation events (10 events):
Event: 1.809 Thread 0x00000000161f8000 1929       2       com.android.dx.command.dexer.Main::access$1200 (7 bytes)
Event: 1.809 Thread 0x00000000161f8000 nmethod 1929 0x0000000002e3fb90 code [0x0000000002e3fce0, 0x0000000002e3fe28]
Event: 1.809 Thread 0x00000000161f8000 1932       2       java.util.concurrent.LinkedBlockingQueue::dequeue (32 bytes)
Event: 1.809 Thread 0x00000000161f8000 nmethod 1932 0x0000000002e3fed0 code [0x0000000002e40020, 0x0000000002e401b0]
Event: 1.809 Thread 0x00000000161f8000 1933       2       java.util.concurrent.ArrayBlockingQueue::enqueue (53 bytes)
Event: 1.809 Thread 0x00000000161f8000 nmethod 1933 0x0000000002e40290 code [0x0000000002e40420, 0x0000000002e40748]
Event: 1.811 Thread 0x00000000161f8000 1935       2       java.util.concurrent.locks.ReentrantLock$FairSync::lock (6 bytes)
Event: 1.811 Thread 0x00000000161f8000 nmethod 1935 0x0000000002e40950 code [0x0000000002e40ae0, 0x0000000002e40cf8]
Event: 1.833 Thread 0x00000000161f8000 1936       2       com.android.dx.cf.direct.DirectClassFile::parse0 (920 bytes)
Event: 1.837 Thread 0x00000000161f8000 nmethod 1936 0x0000000002e40e50 code [0x0000000002e416e0, 0x0000000002e45178]

GC Heap History (10 events):
Event: 1.460 GC heap before
{Heap before GC invocations=20 (full 0):
 PSYoungGen      total 17408K, used 17408K [0x00000000eab00000, 0x00000000ec680000, 0x0000000100000000)
  eden space 14848K, 100% used [0x00000000eab00000,0x00000000eb980000,0x00000000eb980000)
  from space 2560K, 100% used [0x00000000eb980000,0x00000000ebc00000,0x00000000ebc00000)
  to   space 3584K, 0% used [0x00000000ec300000,0x00000000ec300000,0x00000000ec680000)
 ParOldGen       total 129536K, used 8911K [0x00000000c0000000, 0x00000000c7e80000, 0x00000000eab00000)
  object space 129536K, 6% used [0x00000000c0000000,0x00000000c08b3d90,0x00000000c7e80000)
 Metaspace       used 6050K, capacity 6960K, committed 7040K, reserved 1056768K
  class space    used 598K, capacity 616K, committed 640K, reserved 1048576K
Event: 1.464 GC heap after
Heap after GC invocations=20 (full 0):
 PSYoungGen      total 24064K, used 2544K [0x00000000eab00000, 0x00000000ec780000, 0x0000000100000000)
  eden space 20480K, 0% used [0x00000000eab00000,0x00000000eab00000,0x00000000ebf00000)
  from space 3584K, 70% used [0x00000000ec300000,0x00000000ec57c010,0x00000000ec680000)
  to   space 4096K, 0% used [0x00000000ebf00000,0x00000000ebf00000,0x00000000ec300000)
 ParOldGen       total 129536K, used 11275K [0x00000000c0000000, 0x00000000c7e80000, 0x00000000eab00000)
  object space 129536K, 8% used [0x00000000c0000000,0x00000000c0b02ff0,0x00000000c7e80000)
 Metaspace       used 6050K, capacity 6960K, committed 7040K, reserved 1056768K
  class space    used 598K, capacity 616K, committed 640K, reserved 1048576K
}
Event: 1.562 GC heap before
{Heap before GC invocations=21 (full 0):
 PSYoungGen      total 24064K, used 23024K [0x00000000eab00000, 0x00000000ec780000, 0x0000000100000000)
  eden space 20480K, 100% used [0x00000000eab00000,0x00000000ebf00000,0x00000000ebf00000)
  from space 3584K, 70% used [0x00000000ec300000,0x00000000ec57c010,0x00000000ec680000)
  to   space 4096K, 0% used [0x00000000ebf00000,0x00000000ebf00000,0x00000000ec300000)
 ParOldGen       total 129536K, used 11275K [0x00000000c0000000, 0x00000000c7e80000, 0x00000000eab00000)
  object space 129536K, 8% used [0x00000000c0000000,0x00000000c0b02ff0,0x00000000c7e80000)
 Metaspace       used 6058K, capacity 6960K, committed 7040K, reserved 1056768K
  class space    used 598K, capacity 616K, committed 640K, reserved 1048576K
Event: 1.572 GC heap after
Heap after GC invocations=21 (full 0):
 PSYoungGen      total 24576K, used 3559K [0x00000000eab00000, 0x00000000ed000000, 0x0000000100000000)
  eden space 20480K, 0% used [0x00000000eab00000,0x00000000eab00000,0x00000000ebf00000)
  from space 4096K, 86% used [0x00000000ebf00000,0x00000000ec279c18,0x00000000ec300000)
  to   space 4608K, 0% used [0x00000000ecb80000,0x00000000ecb80000,0x00000000ed000000)
 ParOldGen       total 129536K, used 13581K [0x00000000c0000000, 0x00000000c7e80000, 0x00000000eab00000)
  object space 129536K, 10% used [0x00000000c0000000,0x00000000c0d436e0,0x00000000c7e80000)
 Metaspace       used 6058K, capacity 6960K, committed 7040K, reserved 1056768K
  class space    used 598K, capacity 616K, committed 640K, reserved 1048576K
}
Event: 1.625 GC heap before
{Heap before GC invocations=22 (full 0):
 PSYoungGen      total 24576K, used 24039K [0x00000000eab00000, 0x00000000ed000000, 0x0000000100000000)
  eden space 20480K, 100% used [0x00000000eab00000,0x00000000ebf00000,0x00000000ebf00000)
  from space 4096K, 86% used [0x00000000ebf00000,0x00000000ec279c18,0x00000000ec300000)
  to   space 4608K, 0% used [0x00000000ecb80000,0x00000000ecb80000,0x00000000ed000000)
 ParOldGen       total 129536K, used 13581K [0x00000000c0000000, 0x00000000c7e80000, 0x00000000eab00000)
  object space 129536K, 10% used [0x00000000c0000000,0x00000000c0d436e0,0x00000000c7e80000)
 Metaspace       used 6088K, capacity 7024K, committed 7296K, reserved 1056768K
  class space    used 598K, capacity 616K, committed 640K, reserved 1048576K
Event: 1.634 GC heap after
Heap after GC invocations=22 (full 0):
 PSYoungGen      total 33280K, used 3207K [0x00000000eab00000, 0x00000000ed000000, 0x0000000100000000)
  eden space 28672K, 0% used [0x00000000eab00000,0x00000000eab00000,0x00000000ec700000)
  from space 4608K, 69% used [0x00000000ecb80000,0x00000000ecea1d90,0x00000000ed000000)
  to   space 4608K, 0% used [0x00000000ec700000,0x00000000ec700000,0x00000000ecb80000)
 ParOldGen       total 129536K, used 16860K [0x00000000c0000000, 0x00000000c7e80000, 0x00000000eab00000)
  object space 129536K, 13% used [0x00000000c0000000,0x00000000c1077310,0x00000000c7e80000)
 Metaspace       used 6088K, capacity 7024K, committed 7296K, reserved 1056768K
  class space    used 598K, capacity 616K, committed 640K, reserved 1048576K
}
Event: 1.692 GC heap before
{Heap before GC invocations=23 (full 0):
 PSYoungGen      total 33280K, used 31879K [0x00000000eab00000, 0x00000000ed000000, 0x0000000100000000)
  eden space 28672K, 100% used [0x00000000eab00000,0x00000000ec700000,0x00000000ec700000)
  from space 4608K, 69% used [0x00000000ecb80000,0x00000000ecea1d90,0x00000000ed000000)
  to   space 4608K, 0% used [0x00000000ec700000,0x00000000ec700000,0x00000000ecb80000)
 ParOldGen       total 129536K, used 16860K [0x00000000c0000000, 0x00000000c7e80000, 0x00000000eab00000)
  object space 129536K, 13% used [0x00000000c0000000,0x00000000c1077310,0x00000000c7e80000)
 Metaspace       used 6103K, capacity 7024K, committed 7296K, reserved 1056768K
  class space    used 598K, capacity 616K, committed 640K, reserved 1048576K
Event: 1.702 GC heap after
Heap after GC invocations=23 (full 0):
 PSYoungGen      total 33280K, used 4114K [0x00000000eab00000, 0x00000000ed000000, 0x0000000100000000)
  eden space 28672K, 0% used [0x00000000eab00000,0x00000000eab00000,0x00000000ec700000)
  from space 4608K, 89% used [0x00000000ec700000,0x00000000ecb04bd8,0x00000000ecb80000)
  to   space 4608K, 0% used [0x00000000ecb80000,0x00000000ecb80000,0x00000000ed000000)
 ParOldGen       total 129536K, used 19728K [0x00000000c0000000, 0x00000000c7e80000, 0x00000000eab00000)
  object space 129536K, 15% used [0x00000000c0000000,0x00000000c1344110,0x00000000c7e80000)
 Metaspace       used 6103K, capacity 7024K, committed 7296K, reserved 1056768K
  class space    used 598K, capacity 616K, committed 640K, reserved 1048576K
}
Event: 1.811 GC heap before
{Heap before GC invocations=24 (full 0):
 PSYoungGen      total 33280K, used 32786K [0x00000000eab00000, 0x00000000ed000000, 0x0000000100000000)
  eden space 28672K, 100% used [0x00000000eab00000,0x00000000ec700000,0x00000000ec700000)
  from space 4608K, 89% used [0x00000000ec700000,0x00000000ecb04bd8,0x00000000ecb80000)
  to   space 4608K, 0% used [0x00000000ecb80000,0x00000000ecb80000,0x00000000ed000000)
 ParOldGen       total 129536K, used 19728K [0x00000000c0000000, 0x00000000c7e80000, 0x00000000eab00000)
  object space 129536K, 15% used [0x00000000c0000000,0x00000000c1344110,0x00000000c7e80000)
 Metaspace       used 6114K, capacity 7024K, committed 7296K, reserved 1056768K
  class space    used 598K, capacity 616K, committed 640K, reserved 1048576K
Event: 1.826 GC heap after
Heap after GC invocations=24 (full 0):
 PSYoungGen      total 33280K, used 4368K [0x00000000eab00000, 0x00000000ed000000, 0x0000000100000000)
  eden space 28672K, 0% used [0x00000000eab00000,0x00000000eab00000,0x00000000ec700000)
  from space 4608K, 94% used [0x00000000ecb80000,0x00000000ecfc4020,0x00000000ed000000)
  to   space 4608K, 0% used [0x00000000ec700000,0x00000000ec700000,0x00000000ecb80000)
 ParOldGen       total 129536K, used 23625K [0x00000000c0000000, 0x00000000c7e80000, 0x00000000eab00000)
  object space 129536K, 18% used [0x00000000c0000000,0x00000000c17126d8,0x00000000c7e80000)
 Metaspace       used 6114K, capacity 7024K, committed 7296K, reserved 1056768K
  class space    used 598K, capacity 616K, committed 640K, reserved 1048576K
}

Deoptimization events (10 events):
Event: 1.476 Thread 0x000000000267d800 Uncommon trap: reason=unloaded action=reinterpret pc=0x0000000002bb0570 method=com.android.dx.cf.cst.ConstantPoolParser.parse0(ILjava/util/BitSet;)Lcom/android/dx/rop/cst/Constant; @ 176
Event: 1.512 Thread 0x000000001655a800 Uncommon trap: reason=unreached action=reinterpret pc=0x0000000002da9bd4 method=com.android.dx.ssa.MoveParamCombiner$1.visitNonMoveInsn(Lcom/android/dx/ssa/NormalSsaInsn;)V @ 27
Event: 1.573 Thread 0x000000001650d000 Uncommon trap: reason=class_check action=maybe_recompile pc=0x0000000002d6097c method=java.util.HashMap.putVal(ILjava/lang/Object;Ljava/lang/Object;ZZ)Ljava/lang/Object; @ 91
Event: 1.573 Thread 0x000000001650d000 Uncommon trap: reason=bimorphic action=maybe_recompile pc=0x0000000002aa2bbc method=java.util.HashMap.getNode(ILjava/lang/Object;)Ljava/util/HashMap$Node; @ 126
Event: 1.575 Thread 0x000000001650d000 Uncommon trap: reason=class_check action=maybe_recompile pc=0x0000000002d6097c method=java.util.HashMap.putVal(ILjava/lang/Object;Ljava/lang/Object;ZZ)Ljava/lang/Object; @ 91
Event: 1.575 Thread 0x000000001650d000 Uncommon trap: reason=bimorphic action=maybe_recompile pc=0x0000000002aa2bbc method=java.util.HashMap.getNode(ILjava/lang/Object;)Ljava/util/HashMap$Node; @ 126
Event: 1.578 Thread 0x000000001655c000 Uncommon trap: reason=class_check action=maybe_recompile pc=0x0000000002d6097c method=java.util.HashMap.putVal(ILjava/lang/Object;Ljava/lang/Object;ZZ)Ljava/lang/Object; @ 91
Event: 1.578 Thread 0x000000001655c000 Uncommon trap: reason=class_check action=maybe_recompile pc=0x0000000002d6097c method=java.util.HashMap.putVal(ILjava/lang/Object;Ljava/lang/Object;ZZ)Ljava/lang/Object; @ 91
Event: 1.718 Thread 0x000000001655d000 Uncommon trap: reason=unreached action=reinterpret pc=0x00000000029b582c method=java.util.HashMap.getNode(ILjava/lang/Object;)Ljava/util/HashMap$Node; @ 84
Event: 1.718 Thread 0x000000001655d000 Uncommon trap: reason=unreached action=reinterpret pc=0x0000000002e1db80 method=java.util.HashMap.putVal(ILjava/lang/Object;Ljava/lang/Object;ZZ)Ljava/lang/Object; @ 109

Internal exceptions (10 events):
Event: 0.970 Thread 0x000000001655d000 Exception <a 'java/security/PrivilegedActionException'> (0x00000000eac67e80) thrown at [D:\re\workspace\8-2-build-windows-amd64-cygwin\jdk8u5\2488\hotspot\src\share\vm\prims\jvm.cpp, line 1248]
Event: 0.970 Thread 0x000000001655d000 Exception <a 'java/security/PrivilegedActionException'> (0x00000000eac79a28) thrown at [D:\re\workspace\8-2-build-windows-amd64-cygwin\jdk8u5\2488\hotspot\src\share\vm\prims\jvm.cpp, line 1248]
Event: 0.970 Thread 0x000000001655d000 Exception <a 'java/security/PrivilegedActionException'> (0x00000000eac7edf8) thrown at [D:\re\workspace\8-2-build-windows-amd64-cygwin\jdk8u5\2488\hotspot\src\share\vm\prims\jvm.cpp, line 1248]
Event: 0.977 Thread 0x000000001655c000 Exception <a 'java/security/PrivilegedActionException'> (0x00000000ead02770) thrown at [D:\re\workspace\8-2-build-windows-amd64-cygwin\jdk8u5\2488\hotspot\src\share\vm\prims\jvm.cpp, line 1248]
Event: 1.046 Thread 0x000000000267d800 Exception <a 'java/security/PrivilegedActionException'> (0x00000000ead79250) thrown at [D:\re\workspace\8-2-build-windows-amd64-cygwin\jdk8u5\2488\hotspot\src\share\vm\prims\jvm.cpp, line 1248]
Event: 1.048 Thread 0x000000001655d000 Exception <a 'java/security/PrivilegedActionException'> (0x00000000eadc4ac0) thrown at [D:\re\workspace\8-2-build-windows-amd64-cygwin\jdk8u5\2488\hotspot\src\share\vm\prims\jvm.cpp, line 1248]
Event: 1.049 Thread 0x000000001655c000 Exception <a 'java/security/PrivilegedActionException'> (0x00000000eadd0928) thrown at [D:\re\workspace\8-2-build-windows-amd64-cygwin\jdk8u5\2488\hotspot\src\share\vm\prims\jvm.cpp, line 1248]
Event: 1.059 Thread 0x000000001655c000 Exception <a 'java/security/PrivilegedActionException'> (0x00000000eadf18b0) thrown at [D:\re\workspace\8-2-build-windows-amd64-cygwin\jdk8u5\2488\hotspot\src\share\vm\prims\jvm.cpp, line 1248]
Event: 1.223 Thread 0x000000001655a800 Implicit null exception at 0x0000000002a3b197 to 0x0000000002a3d369
Event: 1.321 Thread 0x000000001655a800 Implicit null exception at 0x0000000002aa20a2 to 0x0000000002aa2195

Events (10 events):
Event: 1.692 Executing VM operation: ParallelGCFailedAllocation
Event: 1.702 Executing VM operation: ParallelGCFailedAllocation done
Event: 1.718 Thread 0x000000001655d000 Uncommon trap: trap_request=0xffffffad fr.pc=0x00000000029b582c
Event: 1.718 Thread 0x000000001655d000 DEOPT PACKING pc=0x00000000029b582c sp=0x000000001799e260
Event: 1.718 Thread 0x000000001655d000 DEOPT UNPACKING pc=0x00000000027c55af sp=0x000000001799e1d8 mode 2
Event: 1.718 Thread 0x000000001655d000 Uncommon trap: trap_request=0xffffffad fr.pc=0x0000000002e1db80
Event: 1.718 Thread 0x000000001655d000 DEOPT PACKING pc=0x0000000002e1db80 sp=0x000000001799e230
Event: 1.719 Thread 0x000000001655d000 DEOPT UNPACKING pc=0x00000000027c55af sp=0x000000001799e1b0 mode 2
Event: 1.811 Executing VM operation: ParallelGCFailedAllocation
Event: 1.827 Executing VM operation: ParallelGCFailedAllocation done


Dynamic libraries:
0x00007ff6e79c0000 - 0x00007ff6e79f4000 	C:\Program Files\Java\jdk1.8.0_05\bin\java.exe
0x00007ff9a7460000 - 0x00007ff9a7631000 	C:\WINDOWS\SYSTEM32\ntdll.dll
0x00007ff9a64a0000 - 0x00007ff9a654b000 	C:\WINDOWS\System32\KERNEL32.DLL
0x00007ff9a4220000 - 0x00007ff9a443d000 	C:\WINDOWS\System32\KERNELBASE.dll
0x00007ff9a6d90000 - 0x00007ff9a6e32000 	C:\WINDOWS\System32\ADVAPI32.dll
0x00007ff9a6e40000 - 0x00007ff9a6ede000 	C:\WINDOWS\System32\msvcrt.dll
0x00007ff9a6c60000 - 0x00007ff9a6cb9000 	C:\WINDOWS\System32\sechost.dll
0x00007ff9a7330000 - 0x00007ff9a7451000 	C:\WINDOWS\System32\RPCRT4.dll
0x00007ff9a65b0000 - 0x00007ff9a6715000 	C:\WINDOWS\System32\USER32.dll
0x00007ff9a3950000 - 0x00007ff9a396e000 	C:\WINDOWS\System32\win32u.dll
0x00007ff9a67b0000 - 0x00007ff9a67e4000 	C:\WINDOWS\System32\GDI32.dll
0x00007ff9a47b0000 - 0x00007ff9a4932000 	C:\WINDOWS\System32\gdi32full.dll
0x00007ff99dfe0000 - 0x00007ff99e259000 	C:\WINDOWS\WinSxS\amd64_microsoft.windows.common-controls_6595b64144ccf1df_6.0.14393.447_none_42191651c6827bb3\COMCTL32.dll
0x00007ff9a4bb0000 - 0x00007ff9a4e78000 	C:\WINDOWS\System32\combase.dll
0x00007ff9a45b0000 - 0x00007ff9a46a5000 	C:\WINDOWS\System32\ucrtbase.dll
0x00007ff9a44f0000 - 0x00007ff9a455a000 	C:\WINDOWS\System32\bcryptPrimitives.dll
0x00007ff9a6780000 - 0x00007ff9a67ae000 	C:\WINDOWS\System32\IMM32.DLL
0x0000000073120000 - 0x00000000731f2000 	C:\Program Files\Java\jdk1.8.0_05\jre\bin\msvcr100.dll
0x0000000073b70000 - 0x000000007439a000 	C:\Program Files\Java\jdk1.8.0_05\jre\bin\server\jvm.dll
0x00007ff9a6ee0000 - 0x00007ff9a6ee8000 	C:\WINDOWS\System32\PSAPI.DLL
0x00007ff9a1ee0000 - 0x00007ff9a1ee9000 	C:\WINDOWS\SYSTEM32\WSOCK32.dll
0x00007ff9a6ab0000 - 0x00007ff9a6b1a000 	C:\WINDOWS\System32\WS2_32.dll
0x00007ff9a1dd0000 - 0x00007ff9a1df3000 	C:\WINDOWS\SYSTEM32\WINMM.dll
0x00007ff9a1d70000 - 0x00007ff9a1d9b000 	C:\WINDOWS\SYSTEM32\WINMMBASE.dll
0x00007ff9a4560000 - 0x00007ff9a45a2000 	C:\WINDOWS\System32\cfgmgr32.dll
0x0000000073a80000 - 0x0000000073a8f000 	C:\Program Files\Java\jdk1.8.0_05\jre\bin\verify.dll
0x0000000073a50000 - 0x0000000073a78000 	C:\Program Files\Java\jdk1.8.0_05\jre\bin\java.dll
0x0000000073a30000 - 0x0000000073a46000 	C:\Program Files\Java\jdk1.8.0_05\jre\bin\zip.dll
0x00007ff9a4e80000 - 0x00007ff9a6389000 	C:\WINDOWS\System32\SHELL32.dll
0x00007ff9a3b40000 - 0x00007ff9a421a000 	C:\WINDOWS\System32\windows.storage.dll
0x00007ff9a38d0000 - 0x00007ff9a391c000 	C:\WINDOWS\System32\powrprof.dll
0x00007ff9a6550000 - 0x00007ff9a65a2000 	C:\WINDOWS\System32\shlwapi.dll
0x00007ff9a3920000 - 0x00007ff9a392f000 	C:\WINDOWS\System32\kernel.appcore.dll
0x00007ff9a4940000 - 0x00007ff9a49e9000 	C:\WINDOWS\System32\shcore.dll
0x00007ff9a3930000 - 0x00007ff9a3944000 	C:\WINDOWS\System32\profapi.dll
0x00007ff995cc0000 - 0x00007ff995e52000 	C:\WINDOWS\SYSTEM32\dbghelp.dll

VM Arguments:
jvm_args: -Djava.awt.headless=true -Xmx1024M -Dfile.encoding=x-windows-949 -Duser.country=KR -Duser.language=ko -Duser.variant 
java_command: com.android.dx.command.Main --dex --num-threads=4 --output C:\tmp\T02.01-Exercise-CreateLayout\app\intermediates\pre-dexed\debug\com.android.support-support-compat-25.0.1_5366d381943419b1fa8885a5dad836f9431470cf.jar C:\tmp\T02.01-Exercise-CreateLayout\app\intermediates\exploded-aar\com.android.support\support-compat\25.0.1\jars\classes.jar
java_class_path (initial): F:\sdk\build-tools\25.0.1\lib\dx.jar
Launcher Type: SUN_STANDARD

Environment Variables:
JAVA_HOME=C:\Program Files\Java\jdk1.8.0_05
PATH=C:\ProgramData\Oracle\Java\javapath;C:\Program Files (x86)\NVIDIA Corporation\PhysX\Common;C:\Program Files (x86)\Intel\iCLS Client\;C:\Program Files\Intel\iCLS Client\;C:\WINDOWS\system32;C:\WINDOWS;C:\WINDOWS\System32\Wbem;C:\WINDOWS\System32\WindowsPowerShell\v1.0\;C:\Program Files\Microsoft SQL Server\110\Tools\Binn\;C:\Program Files\Microsoft SQL Server\120\Tools\Binn\;C:\Program Files\Intel\Intel(R) Management Engine Components\DAL;C:\Program Files\Intel\Intel(R) Management Engine Components\IPT;C:\Program Files (x86)\Intel\Intel(R) Management Engine Components\DAL;C:\Program Files (x86)\Intel\Intel(R) Management Engine Components\IPT;C:\Program Files\MySQL\MySQL Utilities 1.6\;C:\WINDOWS\system32\config\systemprofile\.dnx\bin;C:\Program Files\Microsoft DNX\Dnvm\;C:\Program Files\Microsoft SQL Server\130\Tools\Binn\;C:\Program Files (x86)\Windows Kits\8.1\Windows Performance Toolkit\;C:\Program Files (x86)\Brackets\command;C:\Python34;C:\Python34\Scripts;C:\Users\user\Anaconda3;C:\Users\user\Anaconda3\Scripts;C:\Users\user\Anaconda3\Library\bin;C:\Program Files\Java\jdk1.8.0_05\bin;C:\Users\user\Downloads\shell.w32-ix86;C:\Users\user\AppData\Local\atom\bin;C:\MinGW\bin;C:\Program Files\MongoDB\Server\3.2\bin;USERPROFILE\AppData\Local\Microsoft\WindowsApps;
USERNAME=user
OS=Windows_NT
PROCESSOR_IDENTIFIER=Intel64 Family 6 Model 60 Stepping 3, GenuineIntel



---------------  S Y S T E M  ---------------

OS: Windows 8.1 , 64 bit Build 9600 

CPU:total 4 (4 cores per cpu, 1 threads per core) family 6 model 60 stepping 3, cmov, cx8, fxsr, mmx, sse, sse2, sse3, ssse3, sse4.1, sse4.2, popcnt, avx, avx2, aes, clmul, erms, tsc, tscinvbit

Memory: 4k page, physical 8342076k(1725476k free), swap 8342076k(5836k free)

vm_info: Java HotSpot(TM) 64-Bit Server VM (25.5-b02) for windows-amd64 JRE (1.8.0_05-b13), built on Mar 18 2014 01:08:39 by "java_re" with MS VC++ 10.0 (VS2010)

time: Wed Jan 04 23:11:33 2017
elapsed time: 1 seconds

