#
# There is insufficient memory for the Java Runtime Environment to continue.
# Native memory allocation (malloc) failed to allocate 1419776 bytes for Chunk::new
# Possible reasons:
#   The system is out of physical RAM or swap space
#   In 32 bit mode, the process size limit was hit
# Possible solutions:
#   Reduce memory load on the system
#   Increase physical memory or swap space
#   Check if swap backing store is full
#   Use 64 bit Java on a 64 bit OS
#   Decrease Java heap size (-Xmx/-Xms)
#   Decrease number of Java threads
#   Decrease Java thread stack sizes (-Xss)
#   Set larger code cache with -XX:ReservedCodeCacheSize=
# This output file may be truncated or incomplete.
#
#  Out of Memory Error (allocation.cpp:388), pid=1364, tid=4796
#
# JRE version: Java(TM) SE Runtime Environment (8.0_05-b13) (build 1.8.0_05-b13)
# Java VM: Java HotSpot(TM) 64-Bit Server VM (25.5-b02 mixed mode windows-amd64 compressed oops)
# Failed to write core dump. Minidumps are not enabled by default on client versions of Windows
#

---------------  T H R E A D  ---------------

Current thread (0x0000000014e1e800):  JavaThread "C2 CompilerThread1" daemon [_thread_in_native, id=4796, stack(0x0000000016870000,0x0000000016970000)]

Stack: [0x0000000016870000,0x0000000016970000]
[error occurred during error reporting (printing stack bounds), id 0xc0000005]

Native frames: (J=compiled Java code, j=interpreted, Vv=VM code, C=native code)
V  [jvm.dll+0x308dea]
V  [jvm.dll+0x25def1]
V  [jvm.dll+0x25eb0f]
V  [jvm.dll+0x277136]
V  [jvm.dll+0x27aca3]
V  [jvm.dll+0x59668f]
C  [msvcr100.dll+0x712e3]
V  [jvm.dll+0x595dad]
C  [ntdll.dll+0xaab9d]
C  [ntdll.dll+0x49913]
C  [ntdll.dll+0xa9cba]
V  [jvm.dll+0x1fdd91]


Current CompileTask:
C2:   1256 1195   !   4       com.android.dx.cf.code.BytecodeArray::parseInstruction (2764 bytes)


---------------  P R O C E S S  ---------------

Java Threads: ( => current thread )
  0x00000000161d5800 JavaThread "Service Thread" daemon [_thread_blocked, id=10928, stack(0x0000000016a70000,0x0000000016b70000)]
  0x0000000014e5b000 JavaThread "C1 CompilerThread2" daemon [_thread_in_native, id=10816, stack(0x0000000016970000,0x0000000016a70000)]
=>0x0000000014e1e800 JavaThread "C2 CompilerThread1" daemon [_thread_in_native, id=4796, stack(0x0000000016870000,0x0000000016970000)]
  0x0000000014e1d000 JavaThread "C2 CompilerThread0" daemon [_thread_in_native, id=9908, stack(0x0000000016770000,0x0000000016870000)]
  0x0000000014e12000 JavaThread "Attach Listener" daemon [_thread_blocked, id=460, stack(0x0000000016670000,0x0000000016770000)]
  0x00000000161b3000 JavaThread "Signal Dispatcher" daemon [_thread_blocked, id=9836, stack(0x0000000016570000,0x0000000016670000)]
  0x000000000271f000 JavaThread "Finalizer" daemon [_thread_blocked, id=11816, stack(0x0000000016070000,0x0000000016170000)]
  0x0000000014dc8000 JavaThread "Reference Handler" daemon [_thread_blocked, id=5300, stack(0x0000000015f70000,0x0000000016070000)]
  0x00000000022ad800 JavaThread "main" [_thread_in_Java, id=8984, stack(0x0000000002170000,0x0000000002270000)]

Other Threads:
  0x0000000014dc5800 VMThread [stack: 0x0000000015e70000,0x0000000015f70000] [id=13300]
  0x00000000161d7800 WatcherThread [stack: 0x0000000016b70000,0x0000000016c70000] [id=11836]

VM state:not at safepoint (normal execution)

VM Mutex/Monitor currently owned by a thread: None

Heap:
 PSYoungGen      total 16896K, used 12036K [0x00000000eab00000, 0x00000000ec700000, 0x0000000100000000)
  eden space 12800K, 76% used [0x00000000eab00000,0x00000000eb489060,0x00000000eb780000)
  from space 4096K, 55% used [0x00000000eb780000,0x00000000eb9b8000,0x00000000ebb80000)
  to   space 4096K, 0% used [0x00000000ec300000,0x00000000ec300000,0x00000000ec700000)
 ParOldGen       total 129536K, used 14176K [0x00000000c0000000, 0x00000000c7e80000, 0x00000000eab00000)
  object space 129536K, 10% used [0x00000000c0000000,0x00000000c0dd8078,0x00000000c7e80000)
 Metaspace       used 6003K, capacity 6992K, committed 7168K, reserved 1056768K
  class space    used 615K, capacity 648K, committed 768K, reserved 1048576K

Card table byte_map: [0x0000000011af0000,0x0000000011d00000] byte_map_base: 0x00000000114f0000

Marking Bits: (ParMarkBitMap*) 0x000000006d7413b0
 Begin Bits: [0x0000000012260000, 0x0000000013260000)
 End Bits:   [0x0000000013260000, 0x0000000014260000)

Polling page: 0x00000000006e0000

CodeCache: size=245760Kb used=4910Kb max_used=4910Kb free=240849Kb
 bounds [0x0000000002730000, 0x0000000002c00000, 0x0000000011730000]
 total_blobs=1596 nmethods=1329 adapters=181
 compilation: enabled

Compilation events (10 events):
Event: 0.719 Thread 0x0000000014e5b000 nmethod 1336 0x0000000002bf3ed0 code [0x0000000002bf4060, 0x0000000002bf4398]
Event: 0.719 Thread 0x0000000014e5b000 1334       2       com.android.dx.ssa.ConstCollector::updateConstUses (248 bytes)
Event: 0.720 Thread 0x0000000014e5b000 nmethod 1334 0x0000000002bf45d0 code [0x0000000002bf4860, 0x0000000002bf52d8]
Event: 0.720 Thread 0x0000000014e5b000 1342       2       com.android.dx.util.FixedSizeList::shrinkToFit (103 bytes)
Event: 0.721 Thread 0x0000000014e5b000 nmethod 1342 0x0000000002bf6050 code [0x0000000002bf61e0, 0x0000000002bf6648]
Event: 0.721 Thread 0x0000000014e5b000 1335       2       com.android.dx.ssa.back.FirstFitLocalCombiningAllocator::canMapRegs (60 bytes)
Event: 0.721 Thread 0x0000000014e5b000 nmethod 1335 0x0000000002bf6910 code [0x0000000002bf6ae0, 0x0000000002bf6fa8]
Event: 0.721 Thread 0x0000000014e5b000 1328       2       com.android.dx.rop.cst.CstKnownNull::hashCode (3 bytes)
Event: 0.721 Thread 0x0000000014e5b000 nmethod 1328 0x0000000002bf74d0 code [0x0000000002bf7620, 0x0000000002bf7770]
Event: 0.721 Thread 0x0000000014e5b000 1333       2       com.android.dx.ssa.back.FirstFitLocalCombiningAllocator::findRopRegForLocal (74 bytes)

GC Heap History (10 events):
Event: 0.416 GC heap before
{Heap before GC invocations=7 (full 0):
 PSYoungGen      total 5632K, used 5395K [0x00000000eab00000, 0x00000000eb200000, 0x0000000100000000)
  eden space 4096K, 100% used [0x00000000eab00000,0x00000000eaf00000,0x00000000eaf00000)
  from space 1536K, 84% used [0x00000000eb080000,0x00000000eb1c4ed8,0x00000000eb200000)
  to   space 1536K, 0% used [0x00000000eaf00000,0x00000000eaf00000,0x00000000eb080000)
 ParOldGen       total 129536K, used 1678K [0x00000000c0000000, 0x00000000c7e80000, 0x00000000eab00000)
  object space 129536K, 1% used [0x00000000c0000000,0x00000000c01a3be0,0x00000000c7e80000)
 Metaspace       used 5494K, capacity 6512K, committed 6784K, reserved 1056768K
  class space    used 591K, capacity 616K, committed 640K, reserved 1048576K
Event: 0.451 GC heap after
Heap after GC invocations=7 (full 0):
 PSYoungGen      total 5632K, used 1523K [0x00000000eab00000, 0x00000000eb800000, 0x0000000100000000)
  eden space 4096K, 0% used [0x00000000eab00000,0x00000000eab00000,0x00000000eaf00000)
  from space 1536K, 99% used [0x00000000eaf00000,0x00000000eb07cce0,0x00000000eb080000)
  to   space 2560K, 0% used [0x00000000eb580000,0x00000000eb580000,0x00000000eb800000)
 ParOldGen       total 129536K, used 2312K [0x00000000c0000000, 0x00000000c7e80000, 0x00000000eab00000)
  object space 129536K, 1% used [0x00000000c0000000,0x00000000c0242320,0x00000000c7e80000)
 Metaspace       used 5494K, capacity 6512K, committed 6784K, reserved 1056768K
  class space    used 591K, capacity 616K, committed 640K, reserved 1048576K
}
Event: 0.478 GC heap before
{Heap before GC invocations=8 (full 0):
 PSYoungGen      total 5632K, used 5619K [0x00000000eab00000, 0x00000000eb800000, 0x0000000100000000)
  eden space 4096K, 100% used [0x00000000eab00000,0x00000000eaf00000,0x00000000eaf00000)
  from space 1536K, 99% used [0x00000000eaf00000,0x00000000eb07cce0,0x00000000eb080000)
  to   space 2560K, 0% used [0x00000000eb580000,0x00000000eb580000,0x00000000eb800000)
 ParOldGen       total 129536K, used 2312K [0x00000000c0000000, 0x00000000c7e80000, 0x00000000eab00000)
  object space 129536K, 1% used [0x00000000c0000000,0x00000000c0242320,0x00000000c7e80000)
 Metaspace       used 5660K, capacity 6640K, committed 6784K, reserved 1056768K
  class space    used 596K, capacity 616K, committed 640K, reserved 1048576K
Event: 0.480 GC heap after
Heap after GC invocations=8 (full 0):
 PSYoungGen      total 10752K, used 2454K [0x00000000eab00000, 0x00000000eb800000, 0x0000000100000000)
  eden space 8192K, 0% used [0x00000000eab00000,0x00000000eab00000,0x00000000eb300000)
  from space 2560K, 95% used [0x00000000eb580000,0x00000000eb7e58c0,0x00000000eb800000)
  to   space 2560K, 0% used [0x00000000eb300000,0x00000000eb300000,0x00000000eb580000)
 ParOldGen       total 129536K, used 2360K [0x00000000c0000000, 0x00000000c7e80000, 0x00000000eab00000)
  object space 129536K, 1% used [0x00000000c0000000,0x00000000c024e320,0x00000000c7e80000)
 Metaspace       used 5660K, capacity 6640K, committed 6784K, reserved 1056768K
  class space    used 596K, capacity 616K, committed 640K, reserved 1048576K
}
Event: 0.578 GC heap before
{Heap before GC invocations=9 (full 0):
 PSYoungGen      total 10752K, used 10646K [0x00000000eab00000, 0x00000000eb800000, 0x0000000100000000)
  eden space 8192K, 100% used [0x00000000eab00000,0x00000000eb300000,0x00000000eb300000)
  from space 2560K, 95% used [0x00000000eb580000,0x00000000eb7e58c0,0x00000000eb800000)
  to   space 2560K, 0% used [0x00000000eb300000,0x00000000eb300000,0x00000000eb580000)
 ParOldGen       total 129536K, used 2360K [0x00000000c0000000, 0x00000000c7e80000, 0x00000000eab00000)
  object space 129536K, 1% used [0x00000000c0000000,0x00000000c024e320,0x00000000c7e80000)
 Metaspace       used 5723K, capacity 6704K, committed 6784K, reserved 1056768K
  class space    used 597K, capacity 616K, committed 640K, reserved 1048576K
Event: 0.581 GC heap after
Heap after GC invocations=9 (full 0):
 PSYoungGen      total 10752K, used 2534K [0x00000000eab00000, 0x00000000ebf00000, 0x0000000100000000)
  eden space 8192K, 0% used [0x00000000eab00000,0x00000000eab00000,0x00000000eb300000)
  from space 2560K, 98% used [0x00000000eb300000,0x00000000eb5798d0,0x00000000eb580000)
  to   space 3584K, 0% used [0x00000000ebb80000,0x00000000ebb80000,0x00000000ebf00000)
 ParOldGen       total 129536K, used 2822K [0x00000000c0000000, 0x00000000c7e80000, 0x00000000eab00000)
  object space 129536K, 2% used [0x00000000c0000000,0x00000000c02c18b8,0x00000000c7e80000)
 Metaspace       used 5723K, capacity 6704K, committed 6784K, reserved 1056768K
  class space    used 597K, capacity 616K, committed 640K, reserved 1048576K
}
Event: 0.632 GC heap before
{Heap before GC invocations=10 (full 0):
 PSYoungGen      total 10752K, used 10726K [0x00000000eab00000, 0x00000000ebf00000, 0x0000000100000000)
  eden space 8192K, 100% used [0x00000000eab00000,0x00000000eb300000,0x00000000eb300000)
  from space 2560K, 98% used [0x00000000eb300000,0x00000000eb5798d0,0x00000000eb580000)
  to   space 3584K, 0% used [0x00000000ebb80000,0x00000000ebb80000,0x00000000ebf00000)
 ParOldGen       total 129536K, used 2822K [0x00000000c0000000, 0x00000000c7e80000, 0x00000000eab00000)
  object space 129536K, 2% used [0x00000000c0000000,0x00000000c02c18b8,0x00000000c7e80000)
 Metaspace       used 5784K, capacity 6768K, committed 7040K, reserved 1056768K
  class space    used 597K, capacity 616K, committed 640K, reserved 1048576K
Event: 0.636 GC heap after
Heap after GC invocations=10 (full 0):
 PSYoungGen      total 16384K, used 3244K [0x00000000eab00000, 0x00000000ec000000, 0x0000000100000000)
  eden space 12800K, 0% used [0x00000000eab00000,0x00000000eab00000,0x00000000eb780000)
  from space 3584K, 90% used [0x00000000ebb80000,0x00000000ebeab188,0x00000000ebf00000)
  to   space 4096K, 0% used [0x00000000eb780000,0x00000000eb780000,0x00000000ebb80000)
 ParOldGen       total 129536K, used 3964K [0x00000000c0000000, 0x00000000c7e80000, 0x00000000eab00000)
  object space 129536K, 3% used [0x00000000c0000000,0x00000000c03df3b8,0x00000000c7e80000)
 Metaspace       used 5784K, capacity 6768K, committed 7040K, reserved 1056768K
  class space    used 597K, capacity 616K, committed 640K, reserved 1048576K
}
Event: 0.712 GC heap before
{Heap before GC invocations=11 (full 0):
 PSYoungGen      total 16384K, used 16044K [0x00000000eab00000, 0x00000000ec000000, 0x0000000100000000)
  eden space 12800K, 100% used [0x00000000eab00000,0x00000000eb780000,0x00000000eb780000)
  from space 3584K, 90% used [0x00000000ebb80000,0x00000000ebeab188,0x00000000ebf00000)
  to   space 4096K, 0% used [0x00000000eb780000,0x00000000eb780000,0x00000000ebb80000)
 ParOldGen       total 129536K, used 3964K [0x00000000c0000000, 0x00000000c7e80000, 0x00000000eab00000)
  object space 129536K, 3% used [0x00000000c0000000,0x00000000c03df3b8,0x00000000c7e80000)
 Metaspace       used 5842K, capacity 6832K, committed 7040K, reserved 1056768K
  class space    used 597K, capacity 616K, committed 640K, reserved 1048576K
Event: 0.715 GC heap after
Heap after GC invocations=11 (full 0):
 PSYoungGen      total 16896K, used 2272K [0x00000000eab00000, 0x00000000ec000000, 0x0000000100000000)
  eden space 12800K, 0% used [0x00000000eab00000,0x00000000eab00000,0x00000000eb780000)
  from space 4096K, 55% used [0x00000000eb780000,0x00000000eb9b8000,0x00000000ebb80000)
  to   space 3584K, 0% used [0x00000000ebb80000,0x00000000ebb80000,0x00000000ebf00000)
 ParOldGen       total 129536K, used 6624K [0x00000000c0000000, 0x00000000c7e80000, 0x00000000eab00000)
  object space 129536K, 5% used [0x00000000c0000000,0x00000000c06783f8,0x00000000c7e80000)
 Metaspace       used 5842K, capacity 6832K, committed 7040K, reserved 1056768K
  class space    used 597K, capacity 616K, committed 640K, reserved 1048576K
}

Deoptimization events (10 events):
Event: 0.596 Thread 0x0000000016348800 Uncommon trap: reason=class_check action=maybe_recompile pc=0x0000000002a3502c method=com.android.dx.ssa.NormalSsaInsn.accept(Lcom/android/dx/ssa/SsaInsn$Visitor;)V @ 9
Event: 0.706 Thread 0x00000000022ad800 Uncommon trap: reason=bimorphic action=maybe_recompile pc=0x00000000029d3404 method=java.util.HashMap.getNode(ILjava/lang/Object;)Ljava/util/HashMap$Node; @ 126
Event: 0.706 Thread 0x00000000022ad800 Uncommon trap: reason=class_check action=maybe_recompile pc=0x0000000002adf9a4 method=java.util.HashMap.putVal(ILjava/lang/Object;Ljava/lang/Object;ZZ)Ljava/lang/Object; @ 203
Event: 0.706 Thread 0x00000000022ad800 Uncommon trap: reason=bimorphic action=maybe_recompile pc=0x00000000029d3404 method=java.util.HashMap.getNode(ILjava/lang/Object;)Ljava/util/HashMap$Node; @ 126
Event: 0.706 Thread 0x00000000022ad800 Uncommon trap: reason=class_check action=maybe_recompile pc=0x0000000002adf9a4 method=java.util.HashMap.putVal(ILjava/lang/Object;Ljava/lang/Object;ZZ)Ljava/lang/Object; @ 203
Event: 0.706 Thread 0x00000000022ad800 Uncommon trap: reason=bimorphic action=maybe_recompile pc=0x00000000029d3404 method=java.util.HashMap.getNode(ILjava/lang/Object;)Ljava/util/HashMap$Node; @ 126
Event: 0.706 Thread 0x00000000022ad800 Uncommon trap: reason=bimorphic action=maybe_recompile pc=0x00000000029d3404 method=java.util.HashMap.getNode(ILjava/lang/Object;)Ljava/util/HashMap$Node; @ 126
Event: 0.706 Thread 0x00000000022ad800 Uncommon trap: reason=unreached action=reinterpret pc=0x00000000029de75c method=com.android.dx.rop.cst.Constant.compareTo(Lcom/android/dx/rop/cst/Constant;)I @ 12
Event: 0.707 Thread 0x00000000022ad800 Uncommon trap: reason=class_check action=maybe_recompile pc=0x0000000002adf9a4 method=java.util.HashMap.putVal(ILjava/lang/Object;Ljava/lang/Object;ZZ)Ljava/lang/Object; @ 203
Event: 0.707 Thread 0x00000000022ad800 Uncommon trap: reason=bimorphic action=maybe_recompile pc=0x000000000296dc50 method=java.util.HashMap.getNode(ILjava/lang/Object;)Ljava/util/HashMap$Node; @ 126

Internal exceptions (10 events):
Event: 0.390 Thread 0x00000000163df800 Exception <a 'java/security/PrivilegedActionException'> (0x00000000eadbe8a0) thrown at [D:\re\workspace\8-2-build-windows-amd64-cygwin\jdk8u5\2488\hotspot\src\share\vm\prims\jvm.cpp, line 1248]
Event: 0.391 Thread 0x00000000163df800 Exception <a 'java/security/PrivilegedActionException'> (0x00000000eadd60f8) thrown at [D:\re\workspace\8-2-build-windows-amd64-cygwin\jdk8u5\2488\hotspot\src\share\vm\prims\jvm.cpp, line 1248]
Event: 0.401 Thread 0x00000000163db000 Exception <a 'java/security/PrivilegedActionException'> (0x00000000eae23d58) thrown at [D:\re\workspace\8-2-build-windows-amd64-cygwin\jdk8u5\2488\hotspot\src\share\vm\prims\jvm.cpp, line 1248]
Event: 0.407 Thread 0x0000000016348800 Exception <a 'java/security/PrivilegedActionException'> (0x00000000eae86fb0) thrown at [D:\re\workspace\8-2-build-windows-amd64-cygwin\jdk8u5\2488\hotspot\src\share\vm\prims\jvm.cpp, line 1248]
Event: 0.458 Thread 0x0000000016348800 Exception <a 'java/security/PrivilegedActionException'> (0x00000000eabc1710) thrown at [D:\re\workspace\8-2-build-windows-amd64-cygwin\jdk8u5\2488\hotspot\src\share\vm\prims\jvm.cpp, line 1248]
Event: 0.459 Thread 0x00000000022ad800 Exception <a 'java/security/PrivilegedActionException'> (0x00000000eabefd80) thrown at [D:\re\workspace\8-2-build-windows-amd64-cygwin\jdk8u5\2488\hotspot\src\share\vm\prims\jvm.cpp, line 1248]
Event: 0.459 Thread 0x00000000022ad800 Exception <a 'java/security/PrivilegedActionException'> (0x00000000eabf4c90) thrown at [D:\re\workspace\8-2-build-windows-amd64-cygwin\jdk8u5\2488\hotspot\src\share\vm\prims\jvm.cpp, line 1248]
Event: 0.460 Thread 0x00000000022ad800 Exception <a 'java/security/PrivilegedActionException'> (0x00000000eac04c20) thrown at [D:\re\workspace\8-2-build-windows-amd64-cygwin\jdk8u5\2488\hotspot\src\share\vm\prims\jvm.cpp, line 1248]
Event: 0.460 Thread 0x00000000022ad800 Exception <a 'java/security/PrivilegedActionException'> (0x00000000eac0a3d0) thrown at [D:\re\workspace\8-2-build-windows-amd64-cygwin\jdk8u5\2488\hotspot\src\share\vm\prims\jvm.cpp, line 1248]
Event: 0.475 Thread 0x00000000163e0000 Exception <a 'java/security/PrivilegedActionException'> (0x00000000eae47b10) thrown at [D:\re\workspace\8-2-build-windows-amd64-cygwin\jdk8u5\2488\hotspot\src\share\vm\prims\jvm.cpp, line 1248]

Events (10 events):
Event: 0.707 Thread 0x00000000022ad800 DEOPT UNPACKING pc=0x00000000027755af sp=0x000000000226e5f8 mode 2
Event: 0.707 Thread 0x00000000022ad800 Uncommon trap: trap_request=0xffffffc6 fr.pc=0x000000000296dc50
Event: 0.707 Thread 0x00000000022ad800 DEOPT PACKING pc=0x000000000296dc50 sp=0x000000000226e5d0
Event: 0.707 Thread 0x00000000022ad800 DEOPT UNPACKING pc=0x00000000027755af sp=0x000000000226e558 mode 2
Event: 0.710 Thread 0x00000000163db000 DEOPT PACKING pc=0x0000000002aa4780 sp=0x0000000016f6e890
Event: 0.710 Thread 0x00000000163db000 DEOPT UNPACKING pc=0x0000000002777604 sp=0x0000000016f6e670 mode 0
Event: 0.711 Executing VM operation: ParallelGCFailedAllocation
Event: 0.715 Executing VM operation: ParallelGCFailedAllocation done
Event: 0.716 Thread 0x00000000022ad800 DEOPT PACKING pc=0x0000000002b03c5f sp=0x000000000226e510
Event: 0.716 Thread 0x00000000022ad800 DEOPT UNPACKING pc=0x0000000002777604 sp=0x000000000226e2d8 mode 0


Dynamic libraries:
0x00007ff771c80000 - 0x00007ff771cb4000 	C:\Program Files\Java\jdk1.8.0_05\bin\java.exe
0x00007fff65520000 - 0x00007fff656f1000 	C:\WINDOWS\SYSTEM32\ntdll.dll
0x00007fff64a80000 - 0x00007fff64b2b000 	C:\WINDOWS\System32\KERNEL32.DLL
0x00007fff61a10000 - 0x00007fff61c2d000 	C:\WINDOWS\System32\KERNELBASE.dll
0x00007fff64bd0000 - 0x00007fff64c72000 	C:\WINDOWS\System32\ADVAPI32.dll
0x00007fff64630000 - 0x00007fff646ce000 	C:\WINDOWS\System32\msvcrt.dll
0x00007fff64a20000 - 0x00007fff64a79000 	C:\WINDOWS\System32\sechost.dll
0x00007fff65020000 - 0x00007fff65141000 	C:\WINDOWS\System32\RPCRT4.dll
0x00007fff65350000 - 0x00007fff654b5000 	C:\WINDOWS\System32\USER32.dll
0x00007fff62a90000 - 0x00007fff62aae000 	C:\WINDOWS\System32\win32u.dll
0x00007fff65250000 - 0x00007fff65284000 	C:\WINDOWS\System32\GDI32.dll
0x00007fff61c30000 - 0x00007fff61db2000 	C:\WINDOWS\System32\gdi32full.dll
0x00007fff5ced0000 - 0x00007fff5d149000 	C:\WINDOWS\WinSxS\amd64_microsoft.windows.common-controls_6595b64144ccf1df_6.0.14393.447_none_42191651c6827bb3\COMCTL32.dll
0x00007fff646d0000 - 0x00007fff64998000 	C:\WINDOWS\System32\combase.dll
0x00007fff61e70000 - 0x00007fff61f65000 	C:\WINDOWS\System32\ucrtbase.dll
0x00007fff62a20000 - 0x00007fff62a8a000 	C:\WINDOWS\System32\bcryptPrimitives.dll
0x00007fff64b30000 - 0x00007fff64b5e000 	C:\WINDOWS\System32\IMM32.DLL
0x000000006ceb0000 - 0x000000006cf82000 	C:\Program Files\Java\jdk1.8.0_05\jre\bin\msvcr100.dll
0x000000006cf90000 - 0x000000006d7ba000 	C:\Program Files\Java\jdk1.8.0_05\jre\bin\server\jvm.dll
0x00007fff649a0000 - 0x00007fff649a8000 	C:\WINDOWS\System32\PSAPI.DLL
0x00007fff55d80000 - 0x00007fff55d89000 	C:\WINDOWS\SYSTEM32\WSOCK32.dll
0x00007fff5faa0000 - 0x00007fff5fac3000 	C:\WINDOWS\SYSTEM32\WINMM.dll
0x00007fff64b60000 - 0x00007fff64bca000 	C:\WINDOWS\System32\WS2_32.dll
0x00007fff5f800000 - 0x00007fff5f82b000 	C:\WINDOWS\SYSTEM32\WINMMBASE.dll
0x00007fff62120000 - 0x00007fff62162000 	C:\WINDOWS\System32\cfgmgr32.dll
0x000000006e700000 - 0x000000006e70f000 	C:\Program Files\Java\jdk1.8.0_05\jre\bin\verify.dll
0x000000006e6d0000 - 0x000000006e6f8000 	C:\Program Files\Java\jdk1.8.0_05\jre\bin\java.dll
0x000000006e6b0000 - 0x000000006e6c6000 	C:\Program Files\Java\jdk1.8.0_05\jre\bin\zip.dll
0x00007fff63080000 - 0x00007fff64589000 	C:\WINDOWS\System32\SHELL32.dll
0x00007fff62170000 - 0x00007fff6284a000 	C:\WINDOWS\System32\windows.storage.dll
0x00007fff619b0000 - 0x00007fff619fc000 	C:\WINDOWS\System32\powrprof.dll
0x00007fff651f0000 - 0x00007fff65242000 	C:\WINDOWS\System32\shlwapi.dll
0x00007fff619a0000 - 0x00007fff619af000 	C:\WINDOWS\System32\kernel.appcore.dll
0x00007fff61dc0000 - 0x00007fff61e69000 	C:\WINDOWS\System32\shcore.dll
0x00007fff61980000 - 0x00007fff61994000 	C:\WINDOWS\System32\profapi.dll
0x00007fff58df0000 - 0x00007fff58f82000 	C:\WINDOWS\SYSTEM32\dbghelp.dll

VM Arguments:
jvm_args: -Djava.awt.headless=true -Xmx1024M -Dfile.encoding=x-windows-949 -Duser.country=KR -Duser.language=ko -Duser.variant 
java_command: com.android.dx.command.Main --dex --num-threads=4 --output C:\tmp\T04a.02-Exercise-StartNewActivity\app\intermediates\pre-dexed\debug\com.android.support-support-fragment-25.0.1_53894f16b17f5bccff171c9a587f0b9761bc85c5.jar C:\tmp\T04a.02-Exercise-StartNewActivity\app\intermediates\exploded-aar\com.android.support\support-fragment\25.0.1\jars\classes.jar
java_class_path (initial): F:\sdk\build-tools\25.0.1\lib\dx.jar
Launcher Type: SUN_STANDARD

Environment Variables:
JAVA_HOME=C:\Program Files\Java\jdk1.8.0_05
PATH=C:\ProgramData\Oracle\Java\javapath;C:\Program Files (x86)\NVIDIA Corporation\PhysX\Common;C:\Program Files (x86)\Intel\iCLS Client\;C:\Program Files\Intel\iCLS Client\;C:\WINDOWS\system32;C:\WINDOWS;C:\WINDOWS\System32\Wbem;C:\WINDOWS\System32\WindowsPowerShell\v1.0\;C:\Program Files\Microsoft SQL Server\110\Tools\Binn\;C:\Program Files\Microsoft SQL Server\120\Tools\Binn\;C:\Program Files\Intel\Intel(R) Management Engine Components\DAL;C:\Program Files\Intel\Intel(R) Management Engine Components\IPT;C:\Program Files (x86)\Intel\Intel(R) Management Engine Components\DAL;C:\Program Files (x86)\Intel\Intel(R) Management Engine Components\IPT;C:\Program Files\MySQL\MySQL Utilities 1.6\;C:\WINDOWS\system32\config\systemprofile\.dnx\bin;C:\Program Files\Microsoft DNX\Dnvm\;C:\Program Files\Microsoft SQL Server\130\Tools\Binn\;C:\Program Files (x86)\Windows Kits\8.1\Windows Performance Toolkit\;C:\Program Files (x86)\Brackets\command;C:\Python34;C:\Python34\Scripts;C:\Users\user\Anaconda3;C:\Users\user\Anaconda3\Scripts;C:\Users\user\Anaconda3\Library\bin;C:\Program Files\Java\jdk1.8.0_05\bin;C:\Users\user\Downloads\shell.w32-ix86;C:\Users\user\AppData\Local\atom\bin;C:\MinGW\bin;C:\Program Files\MongoDB\Server\3.2\bin;USERPROFILE\AppData\Local\Microsoft\WindowsApps;
USERNAME=user
OS=Windows_NT
PROCESSOR_IDENTIFIER=Intel64 Family 6 Model 60 Stepping 3, GenuineIntel



---------------  S Y S T E M  ---------------

OS: Windows 8.1 , 64 bit Build 9600 

CPU:total 4 (4 cores per cpu, 1 threads per core) family 6 model 60 stepping 3, cmov, cx8, fxsr, mmx, sse, sse2, sse3, ssse3, sse4.1, sse4.2, popcnt, avx, avx2, aes, clmul, erms, tsc, tscinvbit

Memory: 4k page, physical 8342076k(1638228k free), swap 8342076k(116044k free)

vm_info: Java HotSpot(TM) 64-Bit Server VM (25.5-b02) for windows-amd64 JRE (1.8.0_05-b13), built on Mar 18 2014 01:08:39 by "java_re" with MS VC++ 10.0 (VS2010)

time: Thu Jan 12 14:31:35 2017
elapsed time: 1 seconds

