#
# There is insufficient memory for the Java Runtime Environment to continue.
# Native memory allocation (malloc) failed to allocate 32744 bytes for ChunkPool::allocate
# Possible reasons:
#   The system is out of physical RAM or swap space
#   In 32 bit mode, the process size limit was hit
# Possible solutions:
#   Reduce memory load on the system
#   Increase physical memory or swap space
#   Check if swap backing store is full
#   Use 64 bit Java on a 64 bit OS
#   Decrease Java heap size (-Xmx/-Xms)
#   Decrease number of Java threads
#   Decrease Java thread stack sizes (-Xss)
#   Set larger code cache with -XX:ReservedCodeCacheSize=
# This output file may be truncated or incomplete.
#
#  Out of Memory Error (allocation.cpp:271), pid=11888, tid=7140
#
# JRE version: Java(TM) SE Runtime Environment (8.0_05-b13) (build 1.8.0_05-b13)
# Java VM: Java HotSpot(TM) 64-Bit Server VM (25.5-b02 mixed mode windows-amd64 compressed oops)
# Failed to write core dump. Minidumps are not enabled by default on client versions of Windows
#

---------------  T H R E A D  ---------------

Current thread (0x00000000157ee800):  JavaThread "C2 CompilerThread1" daemon [_thread_in_native, id=7140, stack(0x0000000017220000,0x0000000017320000)]

Stack: [0x0000000017220000,0x0000000017320000]
[error occurred during error reporting (printing stack bounds), id 0xc0000005]

Native frames: (J=compiled Java code, j=interpreted, Vv=VM code, C=native code)
V  [jvm.dll+0x308dea]
V  [jvm.dll+0x25def1]
V  [jvm.dll+0x25eb0f]
V  [jvm.dll+0x277136]
V  [jvm.dll+0x27aca3]
V  [jvm.dll+0x59668f]
C  [msvcr100.dll+0x712e3]
V  [jvm.dll+0x595dad]
C  [ntdll.dll+0xaab9d]
C  [ntdll.dll+0x49913]
C  [ntdll.dll+0xa9cba]
V  [jvm.dll+0x1fdd91]


Current CompileTask:
C2:   1138  120 %     4       java.lang.String::replace @ 55 (127 bytes)


---------------  P R O C E S S  ---------------

Java Threads: ( => current thread )
  0x0000000015828800 JavaThread "Service Thread" daemon [_thread_blocked, id=10352, stack(0x0000000017420000,0x0000000017520000)]
  0x0000000015827800 JavaThread "C1 CompilerThread2" daemon [_thread_blocked, id=4092, stack(0x0000000017320000,0x0000000017420000)]
=>0x00000000157ee800 JavaThread "C2 CompilerThread1" daemon [_thread_in_native, id=7140, stack(0x0000000017220000,0x0000000017320000)]
  0x00000000157e3000 JavaThread "C2 CompilerThread0" daemon [_thread_in_native, id=4944, stack(0x0000000017120000,0x0000000017220000)]
  0x00000000157e2000 JavaThread "Attach Listener" daemon [_thread_blocked, id=3796, stack(0x0000000017020000,0x0000000017120000)]
  0x0000000016b63000 JavaThread "Signal Dispatcher" daemon [_thread_blocked, id=11876, stack(0x0000000016f20000,0x0000000017020000)]
  0x00000000030ef000 JavaThread "Finalizer" daemon [_thread_blocked, id=2036, stack(0x0000000016a20000,0x0000000016b20000)]
  0x0000000015798000 JavaThread "Reference Handler" daemon [_thread_blocked, id=8256, stack(0x0000000016920000,0x0000000016a20000)]
  0x00000000013fd800 JavaThread "main" [_thread_blocked, id=7540, stack(0x0000000002f00000,0x0000000003000000)]

Other Threads:
  0x0000000015795800 VMThread [stack: 0x0000000016820000,0x0000000016920000] [id=13072]
  0x000000001582b800 WatcherThread [stack: 0x0000000017520000,0x0000000017620000] [id=10984]

VM state:at safepoint (normal execution)

VM Mutex/Monitor currently owned by a thread:  ([mutex/lock_event])
[0x00000000013fc730] Threads_lock - owner thread: 0x0000000015795800
[0x00000000013fccb0] Heap_lock - owner thread: 0x00000000013fd800

Heap:
 PSYoungGen      total 1536K, used 1401K [0x00000000eab00000, 0x00000000ead00000, 0x0000000100000000)
  eden space 1024K, 89% used [0x00000000eab00000,0x00000000eabe4178,0x00000000eac00000)
  from space 512K, 95% used [0x00000000eac00000,0x00000000eac7a610,0x00000000eac80000)
  to   space 512K, 0% used [0x00000000eac80000,0x00000000eac80000,0x00000000ead00000)
 ParOldGen       total 129536K, used 587K [0x00000000c0000000, 0x00000000c7e80000, 0x00000000eab00000)
  object space 129536K, 0% used [0x00000000c0000000,0x00000000c0092d38,0x00000000c7e80000)
 Metaspace       used 3483K, capacity 4720K, committed 4864K, reserved 1060864K
  class space    used 381K, capacity 424K, committed 512K, reserved 1048576K

Card table byte_map: [0x00000000124c0000,0x00000000126d0000] byte_map_base: 0x0000000011ec0000

Marking Bits: (ParMarkBitMap*) 0x000000006d7413b0
 Begin Bits: [0x0000000012c30000, 0x0000000013c30000)
 End Bits:   [0x0000000013c30000, 0x0000000014c30000)

Polling page: 0x0000000000f20000

CodeCache: size=245760Kb used=1262Kb max_used=1268Kb free=244497Kb
 bounds [0x0000000003100000, 0x0000000003370000, 0x0000000012100000]
 total_blobs=360 nmethods=111 adapters=163
 compilation: enabled

Compilation events (10 events):
Event: 0.612 Thread 0x0000000015827800  112       3       java.util.regex.Pattern$Node::<init> (12 bytes)
Event: 0.612 Thread 0x0000000015827800 nmethod 112 0x0000000003232390 code [0x0000000003232500, 0x00000000032326d0]
Event: 0.612 Thread 0x0000000015827800  113       3       java.util.regex.Pattern$BnM::optimize (179 bytes)
Event: 0.612 Thread 0x0000000015827800 nmethod 113 0x0000000003232790 code [0x00000000032329a0, 0x0000000003233568]
Event: 0.612 Thread 0x0000000015827800  115       3       java.util.regex.Matcher::search (109 bytes)
Event: 0.613 Thread 0x0000000015827800 nmethod 115 0x0000000003233b10 code [0x0000000003233ca0, 0x0000000003234088]
Event: 0.613 Thread 0x0000000015827800  116       3       java.lang.String::compareTo (78 bytes)
Event: 0.613 Thread 0x0000000015827800 nmethod 116 0x00000000032341d0 code [0x0000000003234340, 0x0000000003234690]
Event: 0.613 Thread 0x0000000015827800  118       3       java.util.regex.Pattern::compile (406 bytes)
Event: 0.613 Thread 0x00000000157ee800  120 %     4       java.lang.String::replace @ 55 (127 bytes)

GC Heap History (6 events):
Event: 0.191 GC heap before
{Heap before GC invocations=1 (full 0):
 PSYoungGen      total 1024K, used 512K [0x00000000eab00000, 0x00000000eac80000, 0x0000000100000000)
  eden space 512K, 100% used [0x00000000eab00000,0x00000000eab80000,0x00000000eab80000)
  from space 512K, 0% used [0x00000000eac00000,0x00000000eac00000,0x00000000eac80000)
  to   space 512K, 0% used [0x00000000eab80000,0x00000000eab80000,0x00000000eac00000)
 ParOldGen       total 129536K, used 0K [0x00000000c0000000, 0x00000000c7e80000, 0x00000000eab00000)
  object space 129536K, 0% used [0x00000000c0000000,0x00000000c0000000,0x00000000c7e80000)
 Metaspace       used 1707K, capacity 4480K, committed 4480K, reserved 1056768K
  class space    used 185K, capacity 384K, committed 384K, reserved 1048576K
Event: 0.216 GC heap after
Heap after GC invocations=1 (full 0):
 PSYoungGen      total 1024K, used 499K [0x00000000eab00000, 0x00000000ead00000, 0x0000000100000000)
  eden space 512K, 0% used [0x00000000eab00000,0x00000000eab00000,0x00000000eab80000)
  from space 512K, 97% used [0x00000000eab80000,0x00000000eabfcc20,0x00000000eac00000)
  to   space 512K, 0% used [0x00000000eac80000,0x00000000eac80000,0x00000000ead00000)
 ParOldGen       total 129536K, used 96K [0x00000000c0000000, 0x00000000c7e80000, 0x00000000eab00000)
  object space 129536K, 0% used [0x00000000c0000000,0x00000000c0018000,0x00000000c7e80000)
 Metaspace       used 1707K, capacity 4480K, committed 4480K, reserved 1056768K
  class space    used 185K, capacity 384K, committed 384K, reserved 1048576K
}
Event: 0.511 GC heap before
{Heap before GC invocations=2 (full 0):
 PSYoungGen      total 1024K, used 1010K [0x00000000eab00000, 0x00000000ead00000, 0x0000000100000000)
  eden space 512K, 99% used [0x00000000eab00000,0x00000000eab7fe88,0x00000000eab80000)
  from space 512K, 97% used [0x00000000eab80000,0x00000000eabfcc20,0x00000000eac00000)
  to   space 512K, 0% used [0x00000000eac80000,0x00000000eac80000,0x00000000ead00000)
 ParOldGen       total 129536K, used 96K [0x00000000c0000000, 0x00000000c7e80000, 0x00000000eab00000)
  object space 129536K, 0% used [0x00000000c0000000,0x00000000c0018000,0x00000000c7e80000)
 Metaspace       used 2899K, capacity 4490K, committed 4864K, reserved 1056768K
  class space    used 311K, capacity 386K, committed 512K, reserved 1048576K
Event: 0.515 GC heap after
Heap after GC invocations=2 (full 0):
 PSYoungGen      total 1536K, used 487K [0x00000000eab00000, 0x00000000ead00000, 0x0000000100000000)
  eden space 1024K, 0% used [0x00000000eab00000,0x00000000eab00000,0x00000000eac00000)
  from space 512K, 95% used [0x00000000eac80000,0x00000000eacf9c00,0x00000000ead00000)
  to   space 512K, 0% used [0x00000000eac00000,0x00000000eac00000,0x00000000eac80000)
 ParOldGen       total 129536K, used 304K [0x00000000c0000000, 0x00000000c7e80000, 0x00000000eab00000)
  object space 129536K, 0% used [0x00000000c0000000,0x00000000c004c000,0x00000000c7e80000)
 Metaspace       used 2899K, capacity 4490K, committed 4864K, reserved 1056768K
  class space    used 311K, capacity 386K, committed 512K, reserved 1048576K
}
Event: 0.556 GC heap before
{Heap before GC invocations=3 (full 0):
 PSYoungGen      total 1536K, used 1511K [0x00000000eab00000, 0x00000000ead00000, 0x0000000100000000)
  eden space 1024K, 100% used [0x00000000eab00000,0x00000000eac00000,0x00000000eac00000)
  from space 512K, 95% used [0x00000000eac80000,0x00000000eacf9c00,0x00000000ead00000)
  to   space 512K, 0% used [0x00000000eac00000,0x00000000eac00000,0x00000000eac80000)
 ParOldGen       total 129536K, used 304K [0x00000000c0000000, 0x00000000c7e80000, 0x00000000eab00000)
  object space 129536K, 0% used [0x00000000c0000000,0x00000000c004c000,0x00000000c7e80000)
 Metaspace       used 3456K, capacity 4720K, committed 4864K, reserved 1056768K
  class space    used 379K, capacity 424K, committed 512K, reserved 1048576K
Event: 0.612 GC heap after
Heap after GC invocations=3 (full 0):
 PSYoungGen      total 1536K, used 489K [0x00000000eab00000, 0x00000000ead00000, 0x0000000100000000)
  eden space 1024K, 0% used [0x00000000eab00000,0x00000000eab00000,0x00000000eac00000)
  from space 512K, 95% used [0x00000000eac00000,0x00000000eac7a610,0x00000000eac80000)
  to   space 512K, 0% used [0x00000000eac80000,0x00000000eac80000,0x00000000ead00000)
 ParOldGen       total 129536K, used 587K [0x00000000c0000000, 0x00000000c7e80000, 0x00000000eab00000)
  object space 129536K, 0% used [0x00000000c0000000,0x00000000c0092d38,0x00000000c7e80000)
 Metaspace       used 3456K, capacity 4720K, committed 4864K, reserved 1056768K
  class space    used 379K, capacity 424K, committed 512K, reserved 1048576K
}

Deoptimization events (0 events):
No events

Internal exceptions (10 events):
Event: 0.543 Thread 0x00000000013fd800 Exception <a 'java/security/PrivilegedActionException'> (0x00000000eaba17b8) thrown at [D:\re\workspace\8-2-build-windows-amd64-cygwin\jdk8u5\2488\hotspot\src\share\vm\prims\jvm.cpp, line 1248]
Event: 0.545 Thread 0x00000000013fd800 Exception <a 'java/security/PrivilegedActionException'> (0x00000000eaba4970) thrown at [D:\re\workspace\8-2-build-windows-amd64-cygwin\jdk8u5\2488\hotspot\src\share\vm\prims\jvm.cpp, line 1248]
Event: 0.546 Thread 0x00000000013fd800 Exception <a 'java/security/PrivilegedActionException'> (0x00000000eaba9400) thrown at [D:\re\workspace\8-2-build-windows-amd64-cygwin\jdk8u5\2488\hotspot\src\share\vm\prims\jvm.cpp, line 1248]
Event: 0.546 Thread 0x00000000013fd800 Exception <a 'java/security/PrivilegedActionException'> (0x00000000eabad758) thrown at [D:\re\workspace\8-2-build-windows-amd64-cygwin\jdk8u5\2488\hotspot\src\share\vm\prims\jvm.cpp, line 1248]
Event: 0.546 Thread 0x00000000013fd800 Exception <a 'java/security/PrivilegedActionException'> (0x00000000eabb1250) thrown at [D:\re\workspace\8-2-build-windows-amd64-cygwin\jdk8u5\2488\hotspot\src\share\vm\prims\jvm.cpp, line 1248]
Event: 0.547 Thread 0x00000000013fd800 Exception <a 'java/security/PrivilegedActionException'> (0x00000000eabb6550) thrown at [D:\re\workspace\8-2-build-windows-amd64-cygwin\jdk8u5\2488\hotspot\src\share\vm\prims\jvm.cpp, line 1248]
Event: 0.550 Thread 0x00000000013fd800 Exception <a 'java/security/PrivilegedActionException'> (0x00000000eabbfb60) thrown at [D:\re\workspace\8-2-build-windows-amd64-cygwin\jdk8u5\2488\hotspot\src\share\vm\prims\jvm.cpp, line 1248]
Event: 0.550 Thread 0x00000000013fd800 Exception <a 'java/security/PrivilegedActionException'> (0x00000000eabc5278) thrown at [D:\re\workspace\8-2-build-windows-amd64-cygwin\jdk8u5\2488\hotspot\src\share\vm\prims\jvm.cpp, line 1248]
Event: 0.550 Thread 0x00000000013fd800 Exception <a 'java/security/PrivilegedActionException'> (0x00000000eabc72a8) thrown at [D:\re\workspace\8-2-build-windows-amd64-cygwin\jdk8u5\2488\hotspot\src\share\vm\prims\jvm.cpp, line 1248]
Event: 0.553 Thread 0x00000000013fd800 Exception <a 'java/security/PrivilegedActionException'> (0x00000000eabd8708) thrown at [D:\re\workspace\8-2-build-windows-amd64-cygwin\jdk8u5\2488\hotspot\src\share\vm\prims\jvm.cpp, line 1248]

Events (10 events):
Event: 0.554 loading class java/util/regex/Pattern$BnM
Event: 0.554 loading class java/util/regex/Pattern$BnM done
Event: 0.554 loading class java/util/regex/Pattern$SliceS
Event: 0.554 loading class java/util/regex/Pattern$SliceS done
Event: 0.554 loading class java/util/regex/Matcher
Event: 0.554 loading class java/util/regex/MatchResult
Event: 0.554 loading class java/util/regex/MatchResult done
Event: 0.554 loading class java/util/regex/Matcher done
Event: 0.555 Executing VM operation: ParallelGCFailedAllocation
Event: 0.612 Executing VM operation: ParallelGCFailedAllocation done


Dynamic libraries:
0x00007ff771c80000 - 0x00007ff771cb4000 	C:\Program Files\Java\jdk1.8.0_05\bin\java.exe
0x00007fff65520000 - 0x00007fff656f1000 	C:\WINDOWS\SYSTEM32\ntdll.dll
0x00007fff64a80000 - 0x00007fff64b2b000 	C:\WINDOWS\System32\KERNEL32.DLL
0x00007fff61a10000 - 0x00007fff61c2d000 	C:\WINDOWS\System32\KERNELBASE.dll
0x00007fff64bd0000 - 0x00007fff64c72000 	C:\WINDOWS\System32\ADVAPI32.dll
0x00007fff64630000 - 0x00007fff646ce000 	C:\WINDOWS\System32\msvcrt.dll
0x00007fff64a20000 - 0x00007fff64a79000 	C:\WINDOWS\System32\sechost.dll
0x00007fff65020000 - 0x00007fff65141000 	C:\WINDOWS\System32\RPCRT4.dll
0x00007fff65350000 - 0x00007fff654b5000 	C:\WINDOWS\System32\USER32.dll
0x00007fff62a90000 - 0x00007fff62aae000 	C:\WINDOWS\System32\win32u.dll
0x00007fff65250000 - 0x00007fff65284000 	C:\WINDOWS\System32\GDI32.dll
0x00007fff61c30000 - 0x00007fff61db2000 	C:\WINDOWS\System32\gdi32full.dll
0x00007fff5ced0000 - 0x00007fff5d149000 	C:\WINDOWS\WinSxS\amd64_microsoft.windows.common-controls_6595b64144ccf1df_6.0.14393.447_none_42191651c6827bb3\COMCTL32.dll
0x00007fff646d0000 - 0x00007fff64998000 	C:\WINDOWS\System32\combase.dll
0x00007fff61e70000 - 0x00007fff61f65000 	C:\WINDOWS\System32\ucrtbase.dll
0x00007fff62a20000 - 0x00007fff62a8a000 	C:\WINDOWS\System32\bcryptPrimitives.dll
0x00007fff64b30000 - 0x00007fff64b5e000 	C:\WINDOWS\System32\IMM32.DLL
0x000000006ceb0000 - 0x000000006cf82000 	C:\Program Files\Java\jdk1.8.0_05\jre\bin\msvcr100.dll
0x000000006cf90000 - 0x000000006d7ba000 	C:\Program Files\Java\jdk1.8.0_05\jre\bin\server\jvm.dll
0x00007fff649a0000 - 0x00007fff649a8000 	C:\WINDOWS\System32\PSAPI.DLL
0x00007fff55d80000 - 0x00007fff55d89000 	C:\WINDOWS\SYSTEM32\WSOCK32.dll
0x00007fff64b60000 - 0x00007fff64bca000 	C:\WINDOWS\System32\WS2_32.dll
0x00007fff5faa0000 - 0x00007fff5fac3000 	C:\WINDOWS\SYSTEM32\WINMM.dll
0x00007fff5f800000 - 0x00007fff5f82b000 	C:\WINDOWS\SYSTEM32\WINMMBASE.dll
0x00007fff62120000 - 0x00007fff62162000 	C:\WINDOWS\System32\cfgmgr32.dll
0x000000006e700000 - 0x000000006e70f000 	C:\Program Files\Java\jdk1.8.0_05\jre\bin\verify.dll
0x000000006e6d0000 - 0x000000006e6f8000 	C:\Program Files\Java\jdk1.8.0_05\jre\bin\java.dll
0x000000006e6b0000 - 0x000000006e6c6000 	C:\Program Files\Java\jdk1.8.0_05\jre\bin\zip.dll
0x00007fff63080000 - 0x00007fff64589000 	C:\WINDOWS\System32\SHELL32.dll
0x00007fff62170000 - 0x00007fff6284a000 	C:\WINDOWS\System32\windows.storage.dll
0x00007fff619b0000 - 0x00007fff619fc000 	C:\WINDOWS\System32\powrprof.dll
0x00007fff651f0000 - 0x00007fff65242000 	C:\WINDOWS\System32\shlwapi.dll
0x00007fff619a0000 - 0x00007fff619af000 	C:\WINDOWS\System32\kernel.appcore.dll
0x00007fff61dc0000 - 0x00007fff61e69000 	C:\WINDOWS\System32\shcore.dll
0x00007fff61980000 - 0x00007fff61994000 	C:\WINDOWS\System32\profapi.dll
0x00007fff58df0000 - 0x00007fff58f82000 	C:\WINDOWS\SYSTEM32\dbghelp.dll

VM Arguments:
jvm_args: -Djava.awt.headless=true -Xmx1024M -Dfile.encoding=x-windows-949 -Duser.country=KR -Duser.language=ko -Duser.variant 
java_command: com.android.dx.command.Main --dex --num-threads=4 --output C:\tmp\T04a.02-Exercise-StartNewActivity\app\intermediates\pre-dexed\debug\internal_impl-25.0.1_ac2b945d7d7bc6c3750374d5c19a4cae50cce229.jar C:\tmp\T04a.02-Exercise-StartNewActivity\app\intermediates\exploded-aar\com.android.support\support-media-compat\25.0.1\jars\libs\internal_impl-25.0.1.jar
java_class_path (initial): F:\sdk\build-tools\25.0.1\lib\dx.jar
Launcher Type: SUN_STANDARD

Environment Variables:
JAVA_HOME=C:\Program Files\Java\jdk1.8.0_05
PATH=C:\ProgramData\Oracle\Java\javapath;C:\Program Files (x86)\NVIDIA Corporation\PhysX\Common;C:\Program Files (x86)\Intel\iCLS Client\;C:\Program Files\Intel\iCLS Client\;C:\WINDOWS\system32;C:\WINDOWS;C:\WINDOWS\System32\Wbem;C:\WINDOWS\System32\WindowsPowerShell\v1.0\;C:\Program Files\Microsoft SQL Server\110\Tools\Binn\;C:\Program Files\Microsoft SQL Server\120\Tools\Binn\;C:\Program Files\Intel\Intel(R) Management Engine Components\DAL;C:\Program Files\Intel\Intel(R) Management Engine Components\IPT;C:\Program Files (x86)\Intel\Intel(R) Management Engine Components\DAL;C:\Program Files (x86)\Intel\Intel(R) Management Engine Components\IPT;C:\Program Files\MySQL\MySQL Utilities 1.6\;C:\WINDOWS\system32\config\systemprofile\.dnx\bin;C:\Program Files\Microsoft DNX\Dnvm\;C:\Program Files\Microsoft SQL Server\130\Tools\Binn\;C:\Program Files (x86)\Windows Kits\8.1\Windows Performance Toolkit\;C:\Program Files (x86)\Brackets\command;C:\Python34;C:\Python34\Scripts;C:\Users\user\Anaconda3;C:\Users\user\Anaconda3\Scripts;C:\Users\user\Anaconda3\Library\bin;C:\Program Files\Java\jdk1.8.0_05\bin;C:\Users\user\Downloads\shell.w32-ix86;C:\Users\user\AppData\Local\atom\bin;C:\MinGW\bin;C:\Program Files\MongoDB\Server\3.2\bin;USERPROFILE\AppData\Local\Microsoft\WindowsApps;
USERNAME=user
OS=Windows_NT
PROCESSOR_IDENTIFIER=Intel64 Family 6 Model 60 Stepping 3, GenuineIntel



---------------  S Y S T E M  ---------------

OS: Windows 8.1 , 64 bit Build 9600 

CPU:total 4 (4 cores per cpu, 1 threads per core) family 6 model 60 stepping 3, cmov, cx8, fxsr, mmx, sse, sse2, sse3, ssse3, sse4.1, sse4.2, popcnt, avx, avx2, aes, clmul, erms, tsc, tscinvbit

Memory: 4k page, physical 8342076k(1638276k free), swap 8342076k(115420k free)

vm_info: Java HotSpot(TM) 64-Bit Server VM (25.5-b02) for windows-amd64 JRE (1.8.0_05-b13), built on Mar 18 2014 01:08:39 by "java_re" with MS VC++ 10.0 (VS2010)

time: Thu Jan 12 14:31:35 2017
elapsed time: 1 seconds

