#
# There is insufficient memory for the Java Runtime Environment to continue.
# Native memory allocation (malloc) failed to allocate 32744 bytes for ChunkPool::allocate
# Possible reasons:
#   The system is out of physical RAM or swap space
#   In 32 bit mode, the process size limit was hit
# Possible solutions:
#   Reduce memory load on the system
#   Increase physical memory or swap space
#   Check if swap backing store is full
#   Use 64 bit Java on a 64 bit OS
#   Decrease Java heap size (-Xmx/-Xms)
#   Decrease number of Java threads
#   Decrease Java thread stack sizes (-Xss)
#   Set larger code cache with -XX:ReservedCodeCacheSize=
# This output file may be truncated or incomplete.
#
#  Out of Memory Error (allocation.cpp:271), pid=2112, tid=12404
#
# JRE version: Java(TM) SE Runtime Environment (8.0_05-b13) (build 1.8.0_05-b13)
# Java VM: Java HotSpot(TM) 64-Bit Server VM (25.5-b02 mixed mode windows-amd64 compressed oops)
# Failed to write core dump. Minidumps are not enabled by default on client versions of Windows
#

---------------  T H R E A D  ---------------

Current thread (0x00000000150bb000):  JavaThread "C1 CompilerThread2" daemon [_thread_in_native, id=12404, stack(0x0000000016bb0000,0x0000000016cb0000)]

Stack: [0x0000000016bb0000,0x0000000016cb0000]
Native frames: (J=compiled Java code, j=interpreted, Vv=VM code, C=native code)
V  [jvm.dll+0x308dea]
V  [jvm.dll+0x25def1]
V  [jvm.dll+0x25eb0f]
V  [jvm.dll+0x2564e5]
V  [jvm.dll+0xbcd21]
V  [jvm.dll+0xbd45c]
V  [jvm.dll+0x3e3042]
V  [jvm.dll+0x3ef9ff]
V  [jvm.dll+0x3effa8]
V  [jvm.dll+0x3ebd4f]
V  [jvm.dll+0x3ee737]
V  [jvm.dll+0x3ef02d]
V  [jvm.dll+0x3ef422]
V  [jvm.dll+0x3f43a5]
V  [jvm.dll+0x3f44b0]
V  [jvm.dll+0x3de578]
V  [jvm.dll+0x3de7e1]
V  [jvm.dll+0x3de9a2]
V  [jvm.dll+0x3deb68]
V  [jvm.dll+0x3ded6f]
V  [jvm.dll+0x96702]
V  [jvm.dll+0x96ef3]
V  [jvm.dll+0x2232c4]
V  [jvm.dll+0x27baca]
C  [msvcr100.dll+0x21d9f]
C  [msvcr100.dll+0x21e3b]
C  [KERNEL32.DLL+0x8364]
C  [ntdll.dll+0x670d1]


Current CompileTask:
C1:   1471  806       3       com.android.dx.ssa.SsaRenamer$BlockRenamer::addMapping (143 bytes)


---------------  P R O C E S S  ---------------

Java Threads: ( => current thread )
  0x00000000166bb000 JavaThread "pool-1-thread-4" [_thread_blocked, id=20500, stack(0x0000000017ab0000,0x0000000017bb0000)]
  0x00000000166e2800 JavaThread "pool-1-thread-3" [_thread_blocked, id=11732, stack(0x00000000179b0000,0x0000000017ab0000)]
  0x00000000166e1800 JavaThread "pool-1-thread-2" [_thread_blocked, id=14540, stack(0x00000000178b0000,0x00000000179b0000)]
  0x000000001663e800 JavaThread "pool-2-thread-1" [_thread_blocked, id=1956, stack(0x00000000177b0000,0x00000000178b0000)]
  0x000000001670f800 JavaThread "pool-1-thread-1" [_thread_blocked, id=22272, stack(0x00000000176b0000,0x00000000177b0000)]
  0x0000000016416000 JavaThread "Service Thread" daemon [_thread_blocked, id=6252, stack(0x0000000016cb0000,0x0000000016db0000)]
=>0x00000000150bb000 JavaThread "C1 CompilerThread2" daemon [_thread_in_native, id=12404, stack(0x0000000016bb0000,0x0000000016cb0000)]
  0x000000001507e800 JavaThread "C2 CompilerThread1" daemon [_thread_in_native, id=18864, stack(0x0000000016ab0000,0x0000000016bb0000)]
  0x0000000015073000 JavaThread "C2 CompilerThread0" daemon [_thread_in_native, id=11660, stack(0x00000000169b0000,0x0000000016ab0000)]
  0x0000000015072000 JavaThread "Attach Listener" daemon [_thread_blocked, id=12672, stack(0x00000000168b0000,0x00000000169b0000)]
  0x00000000163f3000 JavaThread "Signal Dispatcher" daemon [_thread_blocked, id=14940, stack(0x00000000167b0000,0x00000000168b0000)]
  0x000000000297f000 JavaThread "Finalizer" daemon [_thread_blocked, id=22088, stack(0x00000000162b0000,0x00000000163b0000)]
  0x0000000015028000 JavaThread "Reference Handler" daemon [_thread_blocked, id=21988, stack(0x00000000161b0000,0x00000000162b0000)]
  0x000000000278d800 JavaThread "main" [_thread_blocked, id=19576, stack(0x0000000002790000,0x0000000002890000)]

Other Threads:
  0x0000000015025800 VMThread [stack: 0x00000000160b0000,0x00000000161b0000] [id=4728]
  0x0000000016418000 WatcherThread [stack: 0x0000000016db0000,0x0000000016eb0000] [id=7536]

VM state:at safepoint (normal execution)

VM Mutex/Monitor currently owned by a thread:  ([mutex/lock_event])
[0x000000000278d210] Threads_lock - owner thread: 0x0000000015025800
[0x000000000278cb90] Heap_lock - owner thread: 0x00000000166e1800

Heap:
 PSYoungGen      total 9216K, used 9195K [0x00000000eab00000, 0x00000000eb700000, 0x0000000100000000)
  eden space 7680K, 100% used [0x00000000eab00000,0x00000000eb280000,0x00000000eb280000)
  from space 1536K, 98% used [0x00000000eb480000,0x00000000eb5fadb0,0x00000000eb600000)
  to   space 2048K, 98% used [0x00000000eb280000,0x00000000eb478018,0x00000000eb480000)
 ParOldGen       total 129536K, used 2092K [0x00000000c0000000, 0x00000000c7e80000, 0x00000000eab00000)
  object space 129536K, 1% used [0x00000000c0000000,0x00000000c020b340,0x00000000c7e80000)
 Metaspace       used 5649K, capacity 6640K, committed 6784K, reserved 1056768K
  class space    used 595K, capacity 616K, committed 640K, reserved 1048576K

Card table byte_map: [0x0000000011d50000,0x0000000011f60000] byte_map_base: 0x0000000011750000

Marking Bits: (ParMarkBitMap*) 0x00000000743213b0
 Begin Bits: [0x00000000124c0000, 0x00000000134c0000)
 End Bits:   [0x00000000134c0000, 0x00000000144c0000)

Polling page: 0x0000000000b90000

CodeCache: size=245760Kb used=2927Kb max_used=2927Kb free=242832Kb
 bounds [0x0000000002990000, 0x0000000002c70000, 0x0000000011990000]
 total_blobs=1047 nmethods=780 adapters=181
 compilation: enabled

Compilation events (10 events):
Event: 1.286 Thread 0x00000000150bb000 nmethod 743 0x0000000002c6cc50 code [0x0000000002c6cdc0, 0x0000000002c6d148]
Event: 1.286 Thread 0x00000000150bb000  741       1       com.android.dx.dex.code.RopTranslator::access$200 (5 bytes)
Event: 1.286 Thread 0x00000000150bb000 nmethod 741 0x0000000002c6d290 code [0x0000000002c6d3e0, 0x0000000002c6d4d0]
Event: 1.286 Thread 0x00000000150bb000  763       1       com.android.dx.dex.file.DexFile::getMethodIds (5 bytes)
Event: 1.286 Thread 0x00000000150bb000 nmethod 763 0x0000000002c6d550 code [0x0000000002c6d6a0, 0x0000000002c6d7b0]
Event: 1.286 Thread 0x00000000150bb000  756       1       java.util.concurrent.locks.AbstractQueuedSynchronizer::getState (5 bytes)
Event: 1.286 Thread 0x00000000150bb000 nmethod 756 0x0000000002c6d810 code [0x0000000002c6d960, 0x0000000002c6da70]
Event: 1.286 Thread 0x00000000150bb000  767       1       com.android.dx.cf.iface.StdMember::getNat (5 bytes)
Event: 1.286 Thread 0x00000000150bb000 nmethod 767 0x0000000002c6dad0 code [0x0000000002c6dc20, 0x0000000002c6dd30]
Event: 1.296 Thread 0x00000000150bb000  806       3       com.android.dx.ssa.SsaRenamer$BlockRenamer::addMapping (143 bytes)

GC Heap History (10 events):
Event: 0.305 GC heap before
{Heap before GC invocations=4 (full 0):
 PSYoungGen      total 1536K, used 1513K [0x00000000eab00000, 0x00000000eae00000, 0x0000000100000000)
  eden space 1024K, 100% used [0x00000000eab00000,0x00000000eac00000,0x00000000eac00000)
  from space 512K, 95% used [0x00000000eac00000,0x00000000eac7a610,0x00000000eac80000)
  to   space 512K, 0% used [0x00000000ead80000,0x00000000ead80000,0x00000000eae00000)
 ParOldGen       total 129536K, used 665K [0x00000000c0000000, 0x00000000c7e80000, 0x00000000eab00000)
  object space 129536K, 0% used [0x00000000c0000000,0x00000000c00a6428,0x00000000c7e80000)
 Metaspace       used 3488K, capacity 4720K, committed 4864K, reserved 1056768K
  class space    used 379K, capacity 424K, committed 512K, reserved 1048576K
Event: 0.306 GC heap after
Heap after GC invocations=4 (full 0):
 PSYoungGen      total 2560K, used 492K [0x00000000eab00000, 0x00000000eae00000, 0x0000000100000000)
  eden space 2048K, 0% used [0x00000000eab00000,0x00000000eab00000,0x00000000ead00000)
  from space 512K, 96% used [0x00000000ead80000,0x00000000eadfb240,0x00000000eae00000)
  to   space 512K, 0% used [0x00000000ead00000,0x00000000ead00000,0x00000000ead80000)
 ParOldGen       total 129536K, used 809K [0x00000000c0000000, 0x00000000c7e80000, 0x00000000eab00000)
  object space 129536K, 0% used [0x00000000c0000000,0x00000000c00ca428,0x00000000c7e80000)
 Metaspace       used 3488K, capacity 4720K, committed 4864K, reserved 1056768K
  class space    used 379K, capacity 424K, committed 512K, reserved 1048576K
}
Event: 0.309 GC heap before
{Heap before GC invocations=5 (full 0):
 PSYoungGen      total 2560K, used 2540K [0x00000000eab00000, 0x00000000eae00000, 0x0000000100000000)
  eden space 2048K, 100% used [0x00000000eab00000,0x00000000ead00000,0x00000000ead00000)
  from space 512K, 96% used [0x00000000ead80000,0x00000000eadfb240,0x00000000eae00000)
  to   space 512K, 0% used [0x00000000ead00000,0x00000000ead00000,0x00000000ead80000)
 ParOldGen       total 129536K, used 809K [0x00000000c0000000, 0x00000000c7e80000, 0x00000000eab00000)
  object space 129536K, 0% used [0x00000000c0000000,0x00000000c00ca428,0x00000000c7e80000)
 Metaspace       used 3494K, capacity 4720K, committed 4864K, reserved 1056768K
  class space    used 379K, capacity 424K, committed 512K, reserved 1048576K
Event: 0.316 GC heap after
Heap after GC invocations=5 (full 0):
 PSYoungGen      total 2560K, used 508K [0x00000000eab00000, 0x00000000eb100000, 0x0000000100000000)
  eden space 2048K, 0% used [0x00000000eab00000,0x00000000eab00000,0x00000000ead00000)
  from space 512K, 99% used [0x00000000ead00000,0x00000000ead7f250,0x00000000ead80000)
  to   space 1024K, 0% used [0x00000000eb000000,0x00000000eb000000,0x00000000eb100000)
 ParOldGen       total 129536K, used 825K [0x00000000c0000000, 0x00000000c7e80000, 0x00000000eab00000)
  object space 129536K, 0% used [0x00000000c0000000,0x00000000c00ce428,0x00000000c7e80000)
 Metaspace       used 3494K, capacity 4720K, committed 4864K, reserved 1056768K
  class space    used 379K, capacity 424K, committed 512K, reserved 1048576K
}
Event: 0.414 GC heap before
{Heap before GC invocations=6 (full 0):
 PSYoungGen      total 2560K, used 2556K [0x00000000eab00000, 0x00000000eb100000, 0x0000000100000000)
  eden space 2048K, 100% used [0x00000000eab00000,0x00000000ead00000,0x00000000ead00000)
  from space 512K, 99% used [0x00000000ead00000,0x00000000ead7f250,0x00000000ead80000)
  to   space 1024K, 0% used [0x00000000eb000000,0x00000000eb000000,0x00000000eb100000)
 ParOldGen       total 129536K, used 825K [0x00000000c0000000, 0x00000000c7e80000, 0x00000000eab00000)
  object space 129536K, 0% used [0x00000000c0000000,0x00000000c00ce428,0x00000000c7e80000)
 Metaspace       used 3780K, capacity 5008K, committed 5120K, reserved 1056768K
  class space    used 421K, capacity 456K, committed 512K, reserved 1048576K
Event: 0.427 GC heap after
Heap after GC invocations=6 (full 0):
 PSYoungGen      total 5120K, used 672K [0x00000000eab00000, 0x00000000eb100000, 0x0000000100000000)
  eden space 4096K, 0% used [0x00000000eab00000,0x00000000eab00000,0x00000000eaf00000)
  from space 1024K, 65% used [0x00000000eb000000,0x00000000eb0a8270,0x00000000eb100000)
  to   space 1024K, 0% used [0x00000000eaf00000,0x00000000eaf00000,0x00000000eb000000)
 ParOldGen       total 129536K, used 825K [0x00000000c0000000, 0x00000000c7e80000, 0x00000000eab00000)
  object space 129536K, 0% used [0x00000000c0000000,0x00000000c00ce428,0x00000000c7e80000)
 Metaspace       used 3780K, capacity 5008K, committed 5120K, reserved 1056768K
  class space    used 421K, capacity 456K, committed 512K, reserved 1048576K
}
Event: 0.932 GC heap before
{Heap before GC invocations=7 (full 0):
 PSYoungGen      total 5120K, used 4768K [0x00000000eab00000, 0x00000000eb100000, 0x0000000100000000)
  eden space 4096K, 100% used [0x00000000eab00000,0x00000000eaf00000,0x00000000eaf00000)
  from space 1024K, 65% used [0x00000000eb000000,0x00000000eb0a8270,0x00000000eb100000)
  to   space 1024K, 0% used [0x00000000eaf00000,0x00000000eaf00000,0x00000000eb000000)
 ParOldGen       total 129536K, used 825K [0x00000000c0000000, 0x00000000c7e80000, 0x00000000eab00000)
  object space 129536K, 0% used [0x00000000c0000000,0x00000000c00ce428,0x00000000c7e80000)
 Metaspace       used 5007K, capacity 6096K, committed 6272K, reserved 1056768K
  class space    used 558K, capacity 584K, committed 640K, reserved 1048576K
Event: 1.106 GC heap after
Heap after GC invocations=7 (full 0):
 PSYoungGen      total 5120K, used 994K [0x00000000eab00000, 0x00000000eb600000, 0x0000000100000000)
  eden space 4096K, 0% used [0x00000000eab00000,0x00000000eab00000,0x00000000eaf00000)
  from space 1024K, 97% used [0x00000000eaf00000,0x00000000eaff8a70,0x00000000eb000000)
  to   space 1536K, 0% used [0x00000000eb480000,0x00000000eb480000,0x00000000eb600000)
 ParOldGen       total 129536K, used 1530K [0x00000000c0000000, 0x00000000c7e80000, 0x00000000eab00000)
  object space 129536K, 1% used [0x00000000c0000000,0x00000000c017e8c0,0x00000000c7e80000)
 Metaspace       used 5007K, capacity 6096K, committed 6272K, reserved 1056768K
  class space    used 558K, capacity 584K, committed 640K, reserved 1048576K
}
Event: 1.226 GC heap before
{Heap before GC invocations=8 (full 0):
 PSYoungGen      total 5120K, used 5090K [0x00000000eab00000, 0x00000000eb600000, 0x0000000100000000)
  eden space 4096K, 100% used [0x00000000eab00000,0x00000000eaf00000,0x00000000eaf00000)
  from space 1024K, 97% used [0x00000000eaf00000,0x00000000eaff8a70,0x00000000eb000000)
  to   space 1536K, 0% used [0x00000000eb480000,0x00000000eb480000,0x00000000eb600000)
 ParOldGen       total 129536K, used 1530K [0x00000000c0000000, 0x00000000c7e80000, 0x00000000eab00000)
  object space 129536K, 1% used [0x00000000c0000000,0x00000000c017e8c0,0x00000000c7e80000)
 Metaspace       used 5456K, capacity 6512K, committed 6784K, reserved 1056768K
  class space    used 588K, capacity 616K, committed 640K, reserved 1048576K
Event: 1.255 GC heap after
Heap after GC invocations=8 (full 0):
 PSYoungGen      total 9216K, used 1515K [0x00000000eab00000, 0x00000000eb700000, 0x0000000100000000)
  eden space 7680K, 0% used [0x00000000eab00000,0x00000000eab00000,0x00000000eb280000)
  from space 1536K, 98% used [0x00000000eb480000,0x00000000eb5fadb0,0x00000000eb600000)
  to   space 2048K, 0% used [0x00000000eb280000,0x00000000eb280000,0x00000000eb480000)
 ParOldGen       total 129536K, used 1610K [0x00000000c0000000, 0x00000000c7e80000, 0x00000000eab00000)
  object space 129536K, 1% used [0x00000000c0000000,0x00000000c01928c0,0x00000000c7e80000)
 Metaspace       used 5456K, capacity 6512K, committed 6784K, reserved 1056768K
  class space    used 588K, capacity 616K, committed 640K, reserved 1048576K
}

Deoptimization events (0 events):
No events

Internal exceptions (10 events):
Event: 1.144 Thread 0x000000001670f800 Exception <a 'java/security/PrivilegedActionException'> (0x00000000eac38dc0) thrown at [D:\re\workspace\8-2-build-windows-amd64-cygwin\jdk8u5\2488\hotspot\src\share\vm\prims\jvm.cpp, line 1248]
Event: 1.144 Thread 0x000000001670f800 Exception <a 'java/security/PrivilegedActionException'> (0x00000000eac3ed48) thrown at [D:\re\workspace\8-2-build-windows-amd64-cygwin\jdk8u5\2488\hotspot\src\share\vm\prims\jvm.cpp, line 1248]
Event: 1.145 Thread 0x000000001670f800 Exception <a 'java/security/PrivilegedActionException'> (0x00000000eac43388) thrown at [D:\re\workspace\8-2-build-windows-amd64-cygwin\jdk8u5\2488\hotspot\src\share\vm\prims\jvm.cpp, line 1248]
Event: 1.157 Thread 0x000000001670f800 Exception <a 'java/security/PrivilegedActionException'> (0x00000000eac6e688) thrown at [D:\re\workspace\8-2-build-windows-amd64-cygwin\jdk8u5\2488\hotspot\src\share\vm\prims\jvm.cpp, line 1248]
Event: 1.169 Thread 0x000000000278d800 Exception <a 'java/security/PrivilegedActionException'> (0x00000000eaca5098) thrown at [D:\re\workspace\8-2-build-windows-amd64-cygwin\jdk8u5\2488\hotspot\src\share\vm\prims\jvm.cpp, line 1248]
Event: 1.172 Thread 0x000000000278d800 Exception <a 'java/security/PrivilegedActionException'> (0x00000000eacc44d8) thrown at [D:\re\workspace\8-2-build-windows-amd64-cygwin\jdk8u5\2488\hotspot\src\share\vm\prims\jvm.cpp, line 1248]
Event: 1.189 Thread 0x000000000278d800 Exception <a 'java/security/PrivilegedActionException'> (0x00000000eacf2b50) thrown at [D:\re\workspace\8-2-build-windows-amd64-cygwin\jdk8u5\2488\hotspot\src\share\vm\prims\jvm.cpp, line 1248]
Event: 1.190 Thread 0x00000000166e1800 Exception <a 'java/security/PrivilegedActionException'> (0x00000000ead0fb78) thrown at [D:\re\workspace\8-2-build-windows-amd64-cygwin\jdk8u5\2488\hotspot\src\share\vm\prims\jvm.cpp, line 1248]
Event: 1.191 Thread 0x000000000278d800 Exception <a 'java/security/PrivilegedActionException'> (0x00000000ead195a0) thrown at [D:\re\workspace\8-2-build-windows-amd64-cygwin\jdk8u5\2488\hotspot\src\share\vm\prims\jvm.cpp, line 1248]
Event: 1.219 Thread 0x000000000278d800 Exception <a 'java/security/PrivilegedActionException'> (0x00000000eae97888) thrown at [D:\re\workspace\8-2-build-windows-amd64-cygwin\jdk8u5\2488\hotspot\src\share\vm\prims\jvm.cpp, line 1248]

Events (10 events):
Event: 1.189 loading class com/android/dx/ssa/back/FirstFitLocalCombiningAllocator$Multiset
Event: 1.189 loading class com/android/dx/ssa/back/FirstFitLocalCombiningAllocator$Multiset done
Event: 1.190 loading class com/android/dx/cf/code/BytecodeArray$ConstantParserVisitor
Event: 1.190 loading class com/android/dx/cf/code/BytecodeArray$ConstantParserVisitor done
Event: 1.191 loading class com/android/dx/dex/file/MethodAnnotationStruct
Event: 1.191 loading class com/android/dx/dex/file/MethodAnnotationStruct done
Event: 1.219 loading class com/android/dx/cf/attrib/AttExceptions
Event: 1.219 loading class com/android/dx/cf/attrib/AttExceptions done
Event: 1.226 Executing VM operation: ParallelGCFailedAllocation
Event: 1.255 Executing VM operation: ParallelGCFailedAllocation done


Dynamic libraries:
0x00007ff796bc0000 - 0x00007ff796bf4000 	C:\Program Files\Java\jdk1.8.0_05\bin\java.exe
0x00007ff9a7460000 - 0x00007ff9a7631000 	C:\WINDOWS\SYSTEM32\ntdll.dll
0x00007ff9a64a0000 - 0x00007ff9a654b000 	C:\WINDOWS\System32\KERNEL32.DLL
0x00007ff9a4220000 - 0x00007ff9a443d000 	C:\WINDOWS\System32\KERNELBASE.dll
0x00007ff9a6d90000 - 0x00007ff9a6e32000 	C:\WINDOWS\System32\ADVAPI32.dll
0x00007ff9a6e40000 - 0x00007ff9a6ede000 	C:\WINDOWS\System32\msvcrt.dll
0x00007ff9a6c60000 - 0x00007ff9a6cb9000 	C:\WINDOWS\System32\sechost.dll
0x00007ff9a7330000 - 0x00007ff9a7451000 	C:\WINDOWS\System32\RPCRT4.dll
0x00007ff9a65b0000 - 0x00007ff9a6715000 	C:\WINDOWS\System32\USER32.dll
0x00007ff9a3950000 - 0x00007ff9a396e000 	C:\WINDOWS\System32\win32u.dll
0x00007ff9a67b0000 - 0x00007ff9a67e4000 	C:\WINDOWS\System32\GDI32.dll
0x00007ff9a47b0000 - 0x00007ff9a4932000 	C:\WINDOWS\System32\gdi32full.dll
0x00007ff99dfe0000 - 0x00007ff99e259000 	C:\WINDOWS\WinSxS\amd64_microsoft.windows.common-controls_6595b64144ccf1df_6.0.14393.447_none_42191651c6827bb3\COMCTL32.dll
0x00007ff9a4bb0000 - 0x00007ff9a4e78000 	C:\WINDOWS\System32\combase.dll
0x00007ff9a45b0000 - 0x00007ff9a46a5000 	C:\WINDOWS\System32\ucrtbase.dll
0x00007ff9a44f0000 - 0x00007ff9a455a000 	C:\WINDOWS\System32\bcryptPrimitives.dll
0x00007ff9a6780000 - 0x00007ff9a67ae000 	C:\WINDOWS\System32\IMM32.DLL
0x0000000073120000 - 0x00000000731f2000 	C:\Program Files\Java\jdk1.8.0_05\jre\bin\msvcr100.dll
0x0000000073b70000 - 0x000000007439a000 	C:\Program Files\Java\jdk1.8.0_05\jre\bin\server\jvm.dll
0x00007ff9a6ee0000 - 0x00007ff9a6ee8000 	C:\WINDOWS\System32\PSAPI.DLL
0x00007ff9a1dd0000 - 0x00007ff9a1df3000 	C:\WINDOWS\SYSTEM32\WINMM.dll
0x00007ff9a1ee0000 - 0x00007ff9a1ee9000 	C:\WINDOWS\SYSTEM32\WSOCK32.dll
0x00007ff9a1d70000 - 0x00007ff9a1d9b000 	C:\WINDOWS\SYSTEM32\WINMMBASE.dll
0x00007ff9a4560000 - 0x00007ff9a45a2000 	C:\WINDOWS\System32\cfgmgr32.dll
0x00007ff9a6ab0000 - 0x00007ff9a6b1a000 	C:\WINDOWS\System32\WS2_32.dll
0x0000000073a80000 - 0x0000000073a8f000 	C:\Program Files\Java\jdk1.8.0_05\jre\bin\verify.dll
0x0000000073a50000 - 0x0000000073a78000 	C:\Program Files\Java\jdk1.8.0_05\jre\bin\java.dll
0x0000000073a30000 - 0x0000000073a46000 	C:\Program Files\Java\jdk1.8.0_05\jre\bin\zip.dll
0x00007ff9a4e80000 - 0x00007ff9a6389000 	C:\WINDOWS\System32\SHELL32.dll
0x00007ff9a3b40000 - 0x00007ff9a421a000 	C:\WINDOWS\System32\windows.storage.dll
0x00007ff9a38d0000 - 0x00007ff9a391c000 	C:\WINDOWS\System32\powrprof.dll
0x00007ff9a6550000 - 0x00007ff9a65a2000 	C:\WINDOWS\System32\shlwapi.dll
0x00007ff9a3920000 - 0x00007ff9a392f000 	C:\WINDOWS\System32\kernel.appcore.dll
0x00007ff9a4940000 - 0x00007ff9a49e9000 	C:\WINDOWS\System32\shcore.dll
0x00007ff9a3930000 - 0x00007ff9a3944000 	C:\WINDOWS\System32\profapi.dll
0x00007ff995cc0000 - 0x00007ff995e52000 	C:\WINDOWS\SYSTEM32\dbghelp.dll

VM Arguments:
jvm_args: -Djava.awt.headless=true -Xmx1024M -Dfile.encoding=x-windows-949 -Duser.country=KR -Duser.language=ko -Duser.variant 
java_command: com.android.dx.command.Main --dex --num-threads=4 --output C:\tmp\T02.03-Exercise-DisplayUrl\app\intermediates\pre-dexed\debug\internal_impl-25.0.1_f98cc4b03d5b272fc79e7020cf892623ea6f898d.jar C:\tmp\T02.03-Exercise-DisplayUrl\app\intermediates\exploded-aar\com.android.support\support-compat\25.0.1\jars\libs\internal_impl-25.0.1.jar
java_class_path (initial): F:\sdk\build-tools\25.0.1\lib\dx.jar
Launcher Type: SUN_STANDARD

Environment Variables:
JAVA_HOME=C:\Program Files\Java\jdk1.8.0_05
PATH=C:\ProgramData\Oracle\Java\javapath;C:\Program Files (x86)\NVIDIA Corporation\PhysX\Common;C:\Program Files (x86)\Intel\iCLS Client\;C:\Program Files\Intel\iCLS Client\;C:\WINDOWS\system32;C:\WINDOWS;C:\WINDOWS\System32\Wbem;C:\WINDOWS\System32\WindowsPowerShell\v1.0\;C:\Program Files\Microsoft SQL Server\110\Tools\Binn\;C:\Program Files\Microsoft SQL Server\120\Tools\Binn\;C:\Program Files\Intel\Intel(R) Management Engine Components\DAL;C:\Program Files\Intel\Intel(R) Management Engine Components\IPT;C:\Program Files (x86)\Intel\Intel(R) Management Engine Components\DAL;C:\Program Files (x86)\Intel\Intel(R) Management Engine Components\IPT;C:\Program Files\MySQL\MySQL Utilities 1.6\;C:\WINDOWS\system32\config\systemprofile\.dnx\bin;C:\Program Files\Microsoft DNX\Dnvm\;C:\Program Files\Microsoft SQL Server\130\Tools\Binn\;C:\Program Files (x86)\Windows Kits\8.1\Windows Performance Toolkit\;C:\Program Files (x86)\Brackets\command;C:\Python34;C:\Python34\Scripts;C:\Users\user\Anaconda3;C:\Users\user\Anaconda3\Scripts;C:\Users\user\Anaconda3\Library\bin;C:\Program Files\Java\jdk1.8.0_05\bin;C:\Users\user\Downloads\shell.w32-ix86;C:\Users\user\AppData\Local\atom\bin;C:\MinGW\bin;C:\Program Files\MongoDB\Server\3.2\bin;USERPROFILE\AppData\Local\Microsoft\WindowsApps;
USERNAME=user
OS=Windows_NT
PROCESSOR_IDENTIFIER=Intel64 Family 6 Model 60 Stepping 3, GenuineIntel



---------------  S Y S T E M  ---------------

OS: Windows 8.1 , 64 bit Build 9600 

CPU:total 4 (4 cores per cpu, 1 threads per core) family 6 model 60 stepping 3, cmov, cx8, fxsr, mmx, sse, sse2, sse3, ssse3, sse4.1, sse4.2, popcnt, avx, avx2, aes, clmul, erms, tsc, tscinvbit

Memory: 4k page, physical 8342076k(1745816k free), swap 8342076k(13840k free)

vm_info: Java HotSpot(TM) 64-Bit Server VM (25.5-b02) for windows-amd64 JRE (1.8.0_05-b13), built on Mar 18 2014 01:08:39 by "java_re" with MS VC++ 10.0 (VS2010)

time: Thu Jan 05 19:37:03 2017
elapsed time: 1 seconds

