#
# There is insufficient memory for the Java Runtime Environment to continue.
# Native memory allocation (malloc) failed to allocate 734816 bytes for Chunk::new
# Possible reasons:
#   The system is out of physical RAM or swap space
#   In 32 bit mode, the process size limit was hit
# Possible solutions:
#   Reduce memory load on the system
#   Increase physical memory or swap space
#   Check if swap backing store is full
#   Use 64 bit Java on a 64 bit OS
#   Decrease Java heap size (-Xmx/-Xms)
#   Decrease number of Java threads
#   Decrease Java thread stack sizes (-Xss)
#   Set larger code cache with -XX:ReservedCodeCacheSize=
# This output file may be truncated or incomplete.
#
#  Out of Memory Error (allocation.cpp:388), pid=8480, tid=11536
#
# JRE version: Java(TM) SE Runtime Environment (8.0_05-b13) (build 1.8.0_05-b13)
# Java VM: Java HotSpot(TM) 64-Bit Server VM (25.5-b02 mixed mode windows-amd64 compressed oops)
# Failed to write core dump. Minidumps are not enabled by default on client versions of Windows
#

---------------  T H R E A D  ---------------

Current thread (0x0000000014fcf800):  JavaThread "C2 CompilerThread1" daemon [_thread_in_native, id=11536, stack(0x0000000016a10000,0x0000000016b10000)]

Stack: [0x0000000016a10000,0x0000000016b10000]
[error occurred during error reporting (printing stack bounds), id 0xc0000005]

Native frames: (J=compiled Java code, j=interpreted, Vv=VM code, C=native code)
V  [jvm.dll+0x308dea]
V  [jvm.dll+0x25def1]
V  [jvm.dll+0x25eb0f]
V  [jvm.dll+0x277136]
V  [jvm.dll+0x27aca3]
V  [jvm.dll+0x59668f]
C  [msvcr100.dll+0x712e3]
V  [jvm.dll+0x595dad]
C  [ntdll.dll+0xaab9d]
C  [ntdll.dll+0x49913]
C  [ntdll.dll+0xa9cba]
V  [jvm.dll+0x1fdd91]


Current CompileTask:
C2:   1827 1404       4       com.android.dx.ssa.back.FirstFitLocalCombiningAllocator$1::processInsn (169 bytes)


---------------  P R O C E S S  ---------------

Java Threads: ( => current thread )
  0x00000000165a3000 JavaThread "pool-1-thread-4" [_thread_blocked, id=10508, stack(0x0000000017210000,0x0000000017310000)]
  0x00000000165a2000 JavaThread "pool-1-thread-3" [_thread_in_Java, id=7148, stack(0x0000000017110000,0x0000000017210000)]
  0x00000000165a1800 JavaThread "pool-1-thread-2" [_thread_blocked, id=10520, stack(0x0000000017010000,0x0000000017110000)]
  0x0000000016583800 JavaThread "pool-2-thread-1" [_thread_blocked, id=11656, stack(0x0000000016f10000,0x0000000017010000)]
  0x0000000016581000 JavaThread "pool-1-thread-1" [_thread_blocked, id=12560, stack(0x0000000016e10000,0x0000000016f10000)]
  0x000000001500d000 JavaThread "Service Thread" daemon [_thread_blocked, id=11828, stack(0x0000000016c10000,0x0000000016d10000)]
  0x0000000015008800 JavaThread "C1 CompilerThread2" daemon [_thread_blocked, id=228, stack(0x0000000016b10000,0x0000000016c10000)]
=>0x0000000014fcf800 JavaThread "C2 CompilerThread1" daemon [_thread_in_native, id=11536, stack(0x0000000016a10000,0x0000000016b10000)]
  0x0000000014fc4000 JavaThread "C2 CompilerThread0" daemon [_thread_in_native, id=2068, stack(0x0000000016910000,0x0000000016a10000)]
  0x0000000014fc3000 JavaThread "Attach Listener" daemon [_thread_blocked, id=7392, stack(0x0000000016810000,0x0000000016910000)]
  0x0000000016353000 JavaThread "Signal Dispatcher" daemon [_thread_blocked, id=4132, stack(0x0000000016710000,0x0000000016810000)]
  0x00000000028cf000 JavaThread "Finalizer" daemon [_thread_blocked, id=5160, stack(0x0000000016210000,0x0000000016310000)]
  0x0000000014f78000 JavaThread "Reference Handler" daemon [_thread_blocked, id=5364, stack(0x0000000016110000,0x0000000016210000)]
  0x000000000242d800 JavaThread "main" [_thread_blocked, id=184, stack(0x0000000002320000,0x0000000002420000)]

Other Threads:
  0x0000000014f75800 VMThread [stack: 0x0000000016010000,0x0000000016110000] [id=9660]
  0x000000001636d000 WatcherThread [stack: 0x0000000016d10000,0x0000000016e10000] [id=10032]

VM state:not at safepoint (normal execution)

VM Mutex/Monitor currently owned by a thread: None

Heap:
 PSYoungGen      total 22528K, used 18213K [0x00000000eab00000, 0x00000000ec480000, 0x0000000100000000)
  eden space 18944K, 85% used [0x00000000eab00000,0x00000000ebae0a68,0x00000000ebd80000)
  from space 3584K, 54% used [0x00000000ec100000,0x00000000ec2e8ab8,0x00000000ec480000)
  to   space 3584K, 0% used [0x00000000ebd80000,0x00000000ebd80000,0x00000000ec100000)
 ParOldGen       total 129536K, used 7292K [0x00000000c0000000, 0x00000000c7e80000, 0x00000000eab00000)
  object space 129536K, 5% used [0x00000000c0000000,0x00000000c071f350,0x00000000c7e80000)
 Metaspace       used 6002K, capacity 6936K, committed 7168K, reserved 1056768K
  class space    used 617K, capacity 656K, committed 768K, reserved 1048576K

Card table byte_map: [0x0000000011ca0000,0x0000000011eb0000] byte_map_base: 0x00000000116a0000

Marking Bits: (ParMarkBitMap*) 0x000000006d7413b0
 Begin Bits: [0x0000000012410000, 0x0000000013410000)
 End Bits:   [0x0000000013410000, 0x0000000014410000)

Polling page: 0x0000000002430000

CodeCache: size=245760Kb used=5955Kb max_used=5955Kb free=239804Kb
 bounds [0x00000000028e0000, 0x0000000002ec0000, 0x00000000118e0000]
 total_blobs=1750 nmethods=1483 adapters=181
 compilation: enabled

Compilation events (10 events):
Event: 1.804 Thread 0x0000000015008800 1493       2       com.android.dx.rop.code.RegisterSpec::withType (13 bytes)
Event: 1.804 Thread 0x0000000015008800 nmethod 1493 0x0000000002e9bfd0 code [0x0000000002e9c140, 0x0000000002e9c2c8]
Event: 1.804 Thread 0x0000000015008800 1494       2       com.android.dx.ssa.SCCP::replaceBranches (142 bytes)
Event: 1.805 Thread 0x0000000015008800 nmethod 1494 0x0000000002e9c390 code [0x0000000002e9c580, 0x0000000002e9cb68]
Event: 1.806 Thread 0x0000000015008800 1495       2       java.util.HashMap$TreeNode::find (172 bytes)
Event: 1.807 Thread 0x0000000015008800 nmethod 1495 0x0000000002e9d110 code [0x0000000002e9d2c0, 0x0000000002e9d6f8]
Event: 1.807 Thread 0x0000000015008800 1496       2       java.util.concurrent.ThreadPoolExecutor::isRunning (10 bytes)
Event: 1.807 Thread 0x0000000015008800 nmethod 1496 0x0000000002e9d9d0 code [0x0000000002e9db20, 0x0000000002e9dc50]
Event: 1.808 Thread 0x0000000015008800 1497       2       com.android.dx.ssa.Dominators::<init> (55 bytes)
Event: 1.809 Thread 0x0000000015008800 nmethod 1497 0x0000000002e9dcd0 code [0x0000000002e9de40, 0x0000000002e9e0f0]

GC Heap History (10 events):
Event: 0.775 GC heap before
{Heap before GC invocations=8 (full 0):
 PSYoungGen      total 5632K, used 5610K [0x00000000eab00000, 0x00000000eb700000, 0x0000000100000000)
  eden space 4096K, 100% used [0x00000000eab00000,0x00000000eaf00000,0x00000000eaf00000)
  from space 1536K, 98% used [0x00000000eaf00000,0x00000000eb07aaa8,0x00000000eb080000)
  to   space 2048K, 0% used [0x00000000eb500000,0x00000000eb500000,0x00000000eb700000)
 ParOldGen       total 129536K, used 1504K [0x00000000c0000000, 0x00000000c7e80000, 0x00000000eab00000)
  object space 129536K, 1% used [0x00000000c0000000,0x00000000c0178100,0x00000000c7e80000)
 Metaspace       used 5568K, capacity 6576K, committed 6784K, reserved 1056768K
  class space    used 596K, capacity 616K, committed 640K, reserved 1048576K
Event: 0.777 GC heap after
Heap after GC invocations=8 (full 0):
 PSYoungGen      total 9728K, used 2024K [0x00000000eab00000, 0x00000000eb800000, 0x0000000100000000)
  eden space 7680K, 0% used [0x00000000eab00000,0x00000000eab00000,0x00000000eb280000)
  from space 2048K, 98% used [0x00000000eb500000,0x00000000eb6fa108,0x00000000eb700000)
  to   space 2560K, 0% used [0x00000000eb280000,0x00000000eb280000,0x00000000eb500000)
 ParOldGen       total 129536K, used 1652K [0x00000000c0000000, 0x00000000c7e80000, 0x00000000eab00000)
  object space 129536K, 1% used [0x00000000c0000000,0x00000000c019d020,0x00000000c7e80000)
 Metaspace       used 5568K, capacity 6576K, committed 6784K, reserved 1056768K
  class space    used 596K, capacity 616K, committed 640K, reserved 1048576K
}
Event: 0.944 GC heap before
{Heap before GC invocations=9 (full 0):
 PSYoungGen      total 9728K, used 9704K [0x00000000eab00000, 0x00000000eb800000, 0x0000000100000000)
  eden space 7680K, 100% used [0x00000000eab00000,0x00000000eb280000,0x00000000eb280000)
  from space 2048K, 98% used [0x00000000eb500000,0x00000000eb6fa108,0x00000000eb700000)
  to   space 2560K, 0% used [0x00000000eb280000,0x00000000eb280000,0x00000000eb500000)
 ParOldGen       total 129536K, used 1652K [0x00000000c0000000, 0x00000000c7e80000, 0x00000000eab00000)
  object space 129536K, 1% used [0x00000000c0000000,0x00000000c019d020,0x00000000c7e80000)
 Metaspace       used 5702K, capacity 6704K, committed 6784K, reserved 1056768K
  class space    used 597K, capacity 616K, committed 640K, reserved 1048576K
Event: 0.974 GC heap after
Heap after GC invocations=9 (full 0):
 PSYoungGen      total 10240K, used 2529K [0x00000000eab00000, 0x00000000ebd00000, 0x0000000100000000)
  eden space 7680K, 0% used [0x00000000eab00000,0x00000000eab00000,0x00000000eb280000)
  from space 2560K, 98% used [0x00000000eb280000,0x00000000eb4f85c0,0x00000000eb500000)
  to   space 3072K, 0% used [0x00000000eba00000,0x00000000eba00000,0x00000000ebd00000)
 ParOldGen       total 129536K, used 2403K [0x00000000c0000000, 0x00000000c7e80000, 0x00000000eab00000)
  object space 129536K, 1% used [0x00000000c0000000,0x00000000c0258f98,0x00000000c7e80000)
 Metaspace       used 5702K, capacity 6704K, committed 6784K, reserved 1056768K
  class space    used 597K, capacity 616K, committed 640K, reserved 1048576K
}
Event: 1.019 GC heap before
{Heap before GC invocations=10 (full 0):
 PSYoungGen      total 10240K, used 10209K [0x00000000eab00000, 0x00000000ebd00000, 0x0000000100000000)
  eden space 7680K, 100% used [0x00000000eab00000,0x00000000eb280000,0x00000000eb280000)
  from space 2560K, 98% used [0x00000000eb280000,0x00000000eb4f85c0,0x00000000eb500000)
  to   space 3072K, 0% used [0x00000000eba00000,0x00000000eba00000,0x00000000ebd00000)
 ParOldGen       total 129536K, used 2403K [0x00000000c0000000, 0x00000000c7e80000, 0x00000000eab00000)
  object space 129536K, 1% used [0x00000000c0000000,0x00000000c0258f98,0x00000000c7e80000)
 Metaspace       used 5779K, capacity 6768K, committed 7040K, reserved 1056768K
  class space    used 597K, capacity 616K, committed 640K, reserved 1048576K
Event: 1.143 GC heap after
Heap after GC invocations=10 (full 0):
 PSYoungGen      total 14848K, used 2752K [0x00000000eab00000, 0x00000000ebe00000, 0x0000000100000000)
  eden space 11776K, 0% used [0x00000000eab00000,0x00000000eab00000,0x00000000eb680000)
  from space 3072K, 89% used [0x00000000eba00000,0x00000000ebcb0010,0x00000000ebd00000)
  to   space 3584K, 0% used [0x00000000eb680000,0x00000000eb680000,0x00000000eba00000)
 ParOldGen       total 129536K, used 3480K [0x00000000c0000000, 0x00000000c7e80000, 0x00000000eab00000)
  object space 129536K, 2% used [0x00000000c0000000,0x00000000c0366160,0x00000000c7e80000)
 Metaspace       used 5779K, capacity 6768K, committed 7040K, reserved 1056768K
  class space    used 597K, capacity 616K, committed 640K, reserved 1048576K
}
Event: 1.206 GC heap before
{Heap before GC invocations=11 (full 0):
 PSYoungGen      total 14848K, used 14528K [0x00000000eab00000, 0x00000000ebe00000, 0x0000000100000000)
  eden space 11776K, 100% used [0x00000000eab00000,0x00000000eb680000,0x00000000eb680000)
  from space 3072K, 89% used [0x00000000eba00000,0x00000000ebcb0010,0x00000000ebd00000)
  to   space 3584K, 0% used [0x00000000eb680000,0x00000000eb680000,0x00000000eba00000)
 ParOldGen       total 129536K, used 3480K [0x00000000c0000000, 0x00000000c7e80000, 0x00000000eab00000)
  object space 129536K, 2% used [0x00000000c0000000,0x00000000c0366160,0x00000000c7e80000)
 Metaspace       used 5840K, capacity 6832K, committed 7040K, reserved 1056768K
  class space    used 597K, capacity 616K, committed 640K, reserved 1048576K
Event: 1.402 GC heap after
Heap after GC invocations=11 (full 0):
 PSYoungGen      total 15360K, used 1664K [0x00000000eab00000, 0x00000000ec480000, 0x0000000100000000)
  eden space 11776K, 0% used [0x00000000eab00000,0x00000000eab00000,0x00000000eb680000)
  from space 3584K, 46% used [0x00000000eb680000,0x00000000eb820000,0x00000000eba00000)
  to   space 3584K, 0% used [0x00000000ec100000,0x00000000ec100000,0x00000000ec480000)
 ParOldGen       total 129536K, used 5807K [0x00000000c0000000, 0x00000000c7e80000, 0x00000000eab00000)
  object space 129536K, 4% used [0x00000000c0000000,0x00000000c05abdd0,0x00000000c7e80000)
 Metaspace       used 5840K, capacity 6832K, committed 7040K, reserved 1056768K
  class space    used 597K, capacity 616K, committed 640K, reserved 1048576K
}
Event: 1.701 GC heap before
{Heap before GC invocations=12 (full 0):
 PSYoungGen      total 15360K, used 13440K [0x00000000eab00000, 0x00000000ec480000, 0x0000000100000000)
  eden space 11776K, 100% used [0x00000000eab00000,0x00000000eb680000,0x00000000eb680000)
  from space 3584K, 46% used [0x00000000eb680000,0x00000000eb820000,0x00000000eba00000)
  to   space 3584K, 0% used [0x00000000ec100000,0x00000000ec100000,0x00000000ec480000)
 ParOldGen       total 129536K, used 5807K [0x00000000c0000000, 0x00000000c7e80000, 0x00000000eab00000)
  object space 129536K, 4% used [0x00000000c0000000,0x00000000c05abdd0,0x00000000c7e80000)
 Metaspace       used 5976K, capacity 6936K, committed 7168K, reserved 1056768K
  class space    used 617K, capacity 656K, committed 768K, reserved 1048576K
Event: 1.777 GC heap after
Heap after GC invocations=12 (full 0):
 PSYoungGen      total 22528K, used 1954K [0x00000000eab00000, 0x00000000ec480000, 0x0000000100000000)
  eden space 18944K, 0% used [0x00000000eab00000,0x00000000eab00000,0x00000000ebd80000)
  from space 3584K, 54% used [0x00000000ec100000,0x00000000ec2e8ab8,0x00000000ec480000)
  to   space 3584K, 0% used [0x00000000ebd80000,0x00000000ebd80000,0x00000000ec100000)
 ParOldGen       total 129536K, used 7292K [0x00000000c0000000, 0x00000000c7e80000, 0x00000000eab00000)
  object space 129536K, 5% used [0x00000000c0000000,0x00000000c071f350,0x00000000c7e80000)
 Metaspace       used 5976K, capacity 6936K, committed 7168K, reserved 1056768K
  class space    used 617K, capacity 656K, committed 768K, reserved 1048576K
}

Deoptimization events (10 events):
Event: 1.150 Thread 0x0000000016581000 Uncommon trap: reason=bimorphic action=maybe_recompile pc=0x0000000002afb2a4 method=java.util.HashMap.getNode(ILjava/lang/Object;)Ljava/util/HashMap$Node; @ 126
Event: 1.428 Thread 0x00000000165a1800 Uncommon trap: reason=null_check action=make_not_entrant pc=0x0000000002b6cf88 method=com.android.dx.ssa.SsaRenamer.getLocalForNewReg(I)Lcom/android/dx/rop/code/LocalItem; @ 19
Event: 1.471 Thread 0x00000000165a2000 Uncommon trap: reason=unreached action=reinterpret pc=0x0000000002c38974 method=com.android.dx.rop.code.LocalItem.hashCode()I @ 25
Event: 1.471 Thread 0x00000000165a2000 Uncommon trap: reason=unreached action=reinterpret pc=0x0000000002bf5418 method=com.android.dx.rop.code.LocalItem.hashCode()I @ 25
Event: 1.471 Thread 0x00000000165a2000 Uncommon trap: reason=unreached action=reinterpret pc=0x0000000002c5b73c method=com.android.dx.rop.code.LocalItem.hashCode()I @ 25
Event: 1.478 Thread 0x00000000165a2000 Uncommon trap: reason=class_check action=maybe_recompile pc=0x0000000002db6ca8 method=com.android.dx.cf.code.BytecodeArray.parseInstruction(ILcom/android/dx/cf/code/BytecodeArray$Visitor;)I @ 987
Event: 1.479 Thread 0x00000000165a2000 Uncommon trap: reason=class_check action=maybe_recompile pc=0x0000000002db6ca8 method=com.android.dx.cf.code.BytecodeArray.parseInstruction(ILcom/android/dx/cf/code/BytecodeArray$Visitor;)I @ 987
Event: 1.484 Thread 0x00000000165a2000 Uncommon trap: reason=unreached action=reinterpret pc=0x0000000002d1cfb0 method=java.util.HashMap.getNode(ILjava/lang/Object;)Ljava/util/HashMap$Node; @ 84
Event: 1.555 Thread 0x00000000165a1800 Uncommon trap: reason=unreached action=reinterpret pc=0x0000000002dac610 method=java.util.HashMap.putVal(ILjava/lang/Object;Ljava/lang/Object;ZZ)Ljava/lang/Object; @ 109
Event: 1.566 Thread 0x00000000165a3000 Uncommon trap: reason=uninitialized action=reinterpret pc=0x0000000002db69d0 method=com.android.dx.cf.code.BytecodeArray.parseInstruction(ILcom/android/dx/cf/code/BytecodeArray$Visitor;)I @ 999

Internal exceptions (10 events):
Event: 0.668 Thread 0x0000000016581000 Exception <a 'java/security/PrivilegedActionException'> (0x00000000eae37d88) thrown at [D:\re\workspace\8-2-build-windows-amd64-cygwin\jdk8u5\2488\hotspot\src\share\vm\prims\jvm.cpp, line 1248]
Event: 0.707 Thread 0x000000000242d800 Exception <a 'java/security/PrivilegedActionException'> (0x00000000eac1e580) thrown at [D:\re\workspace\8-2-build-windows-amd64-cygwin\jdk8u5\2488\hotspot\src\share\vm\prims\jvm.cpp, line 1248]
Event: 0.711 Thread 0x00000000165a3000 Exception <a 'java/security/PrivilegedActionException'> (0x00000000eac55968) thrown at [D:\re\workspace\8-2-build-windows-amd64-cygwin\jdk8u5\2488\hotspot\src\share\vm\prims\jvm.cpp, line 1248]
Event: 0.779 Thread 0x0000000016581000 Exception <a 'java/security/PrivilegedActionException'> (0x00000000eab209c0) thrown at [D:\re\workspace\8-2-build-windows-amd64-cygwin\jdk8u5\2488\hotspot\src\share\vm\prims\jvm.cpp, line 1248]
Event: 0.810 Thread 0x00000000165a3000 Exception <a 'java/security/PrivilegedActionException'> (0x00000000ead1ecb0) thrown at [D:\re\workspace\8-2-build-windows-amd64-cygwin\jdk8u5\2488\hotspot\src\share\vm\prims\jvm.cpp, line 1248]
Event: 0.814 Thread 0x000000000242d800 Exception <a 'java/security/PrivilegedActionException'> (0x00000000ead89f40) thrown at [D:\re\workspace\8-2-build-windows-amd64-cygwin\jdk8u5\2488\hotspot\src\share\vm\prims\jvm.cpp, line 1248]
Event: 1.428 Thread 0x00000000165a1800 Implicit null exception at 0x0000000002b6ad57 to 0x0000000002b6cf61
Event: 1.483 Thread 0x00000000165a2000 Exception <a 'java/lang/ArrayIndexOutOfBoundsException': 18> (0x00000000eae97ae0) thrown at [D:\re\workspace\8-2-build-windows-amd64-cygwin\jdk8u5\2488\hotspot\src\share\vm\interpreter\interpreterRuntime.cpp, line 337]
Event: 1.484 Thread 0x00000000165a2000 Exception <a 'java/lang/ArrayIndexOutOfBoundsException'> (0x00000000eae99578) thrown at [D:\re\workspace\8-2-build-windows-amd64-cygwin\jdk8u5\2488\hotspot\src\share\vm\runtime\sharedRuntime.cpp, line 595]
Event: 1.484 Thread 0x00000000165a2000 Exception <a 'java/lang/ArrayIndexOutOfBoundsException'> (0x00000000eae9a790) thrown at [D:\re\workspace\8-2-build-windows-amd64-cygwin\jdk8u5\2488\hotspot\src\share\vm\runtime\sharedRuntime.cpp, line 595]

Events (10 events):
Event: 1.569 Thread 0x00000000165a3000 DEOPT PACKING pc=0x0000000002c2d77b sp=0x000000001730e690
Event: 1.569 Thread 0x00000000165a3000 DEOPT UNPACKING pc=0x0000000002927604 sp=0x000000001730e458 mode 0
Event: 1.581 Executing VM operation: ParallelGCFailedAllocation
Event: 1.777 Executing VM operation: ParallelGCFailedAllocation done
Event: 1.785 Thread 0x00000000165a1800 DEOPT PACKING pc=0x0000000002c2d4a9 sp=0x000000001710ed00
Event: 1.785 Thread 0x00000000165a1800 DEOPT UNPACKING pc=0x0000000002927604 sp=0x000000001710eac8 mode 0
Event: 1.794 Thread 0x00000000165a2000 DEOPT PACKING pc=0x0000000002c2d792 sp=0x000000001720ea90
Event: 1.794 Thread 0x00000000165a2000 DEOPT UNPACKING pc=0x0000000002927604 sp=0x000000001720e858 mode 0
Event: 1.809 Thread 0x00000000165a2000 DEOPT PACKING pc=0x0000000002c2d77b sp=0x000000001720eb20
Event: 1.809 Thread 0x00000000165a2000 DEOPT UNPACKING pc=0x0000000002927604 sp=0x000000001720e8e8 mode 0


Dynamic libraries:
0x00007ff771c80000 - 0x00007ff771cb4000 	C:\Program Files\Java\jdk1.8.0_05\bin\java.exe
0x00007fff65520000 - 0x00007fff656f1000 	C:\WINDOWS\SYSTEM32\ntdll.dll
0x00007fff64a80000 - 0x00007fff64b2b000 	C:\WINDOWS\System32\KERNEL32.DLL
0x00007fff61a10000 - 0x00007fff61c2d000 	C:\WINDOWS\System32\KERNELBASE.dll
0x00007fff64bd0000 - 0x00007fff64c72000 	C:\WINDOWS\System32\ADVAPI32.dll
0x00007fff64630000 - 0x00007fff646ce000 	C:\WINDOWS\System32\msvcrt.dll
0x00007fff64a20000 - 0x00007fff64a79000 	C:\WINDOWS\System32\sechost.dll
0x00007fff65020000 - 0x00007fff65141000 	C:\WINDOWS\System32\RPCRT4.dll
0x00007fff65350000 - 0x00007fff654b5000 	C:\WINDOWS\System32\USER32.dll
0x00007fff62a90000 - 0x00007fff62aae000 	C:\WINDOWS\System32\win32u.dll
0x00007fff65250000 - 0x00007fff65284000 	C:\WINDOWS\System32\GDI32.dll
0x00007fff61c30000 - 0x00007fff61db2000 	C:\WINDOWS\System32\gdi32full.dll
0x00007fff5ced0000 - 0x00007fff5d149000 	C:\WINDOWS\WinSxS\amd64_microsoft.windows.common-controls_6595b64144ccf1df_6.0.14393.447_none_42191651c6827bb3\COMCTL32.dll
0x00007fff646d0000 - 0x00007fff64998000 	C:\WINDOWS\System32\combase.dll
0x00007fff61e70000 - 0x00007fff61f65000 	C:\WINDOWS\System32\ucrtbase.dll
0x00007fff62a20000 - 0x00007fff62a8a000 	C:\WINDOWS\System32\bcryptPrimitives.dll
0x00007fff64b30000 - 0x00007fff64b5e000 	C:\WINDOWS\System32\IMM32.DLL
0x000000006ceb0000 - 0x000000006cf82000 	C:\Program Files\Java\jdk1.8.0_05\jre\bin\msvcr100.dll
0x000000006cf90000 - 0x000000006d7ba000 	C:\Program Files\Java\jdk1.8.0_05\jre\bin\server\jvm.dll
0x00007fff649a0000 - 0x00007fff649a8000 	C:\WINDOWS\System32\PSAPI.DLL
0x00007fff592d0000 - 0x00007fff592d9000 	C:\WINDOWS\SYSTEM32\WSOCK32.dll
0x00007fff64b60000 - 0x00007fff64bca000 	C:\WINDOWS\System32\WS2_32.dll
0x00007fff5faa0000 - 0x00007fff5fac3000 	C:\WINDOWS\SYSTEM32\WINMM.dll
0x00007fff5f800000 - 0x00007fff5f82b000 	C:\WINDOWS\SYSTEM32\WINMMBASE.dll
0x00007fff62120000 - 0x00007fff62162000 	C:\WINDOWS\System32\cfgmgr32.dll
0x000000006e700000 - 0x000000006e70f000 	C:\Program Files\Java\jdk1.8.0_05\jre\bin\verify.dll
0x000000006e6d0000 - 0x000000006e6f8000 	C:\Program Files\Java\jdk1.8.0_05\jre\bin\java.dll
0x000000006e6b0000 - 0x000000006e6c6000 	C:\Program Files\Java\jdk1.8.0_05\jre\bin\zip.dll
0x00007fff63080000 - 0x00007fff64589000 	C:\WINDOWS\System32\SHELL32.dll
0x00007fff62170000 - 0x00007fff6284a000 	C:\WINDOWS\System32\windows.storage.dll
0x00007fff619b0000 - 0x00007fff619fc000 	C:\WINDOWS\System32\powrprof.dll
0x00007fff651f0000 - 0x00007fff65242000 	C:\WINDOWS\System32\shlwapi.dll
0x00007fff619a0000 - 0x00007fff619af000 	C:\WINDOWS\System32\kernel.appcore.dll
0x00007fff61dc0000 - 0x00007fff61e69000 	C:\WINDOWS\System32\shcore.dll
0x00007fff61980000 - 0x00007fff61994000 	C:\WINDOWS\System32\profapi.dll
0x00007fff58df0000 - 0x00007fff58f82000 	C:\WINDOWS\SYSTEM32\dbghelp.dll

VM Arguments:
jvm_args: -Djava.awt.headless=true -Xmx1024M -Dfile.encoding=x-windows-949 -Duser.country=KR -Duser.language=ko -Duser.variant 
java_command: com.android.dx.command.Main --dex --num-threads=4 --output C:\tmp\T05b.02-Exercise-AddAsyncTaskLoader\app\intermediates\pre-dexed\debug\com.android.support-support-core-ui-25.0.1_12b60b5eda149922d1782d2543e3ed4ee2ec0d0f.jar C:\tmp\T05b.02-Exercise-AddAsyncTaskLoader\app\intermediates\exploded-aar\com.android.support\support-core-ui\25.0.1\jars\classes.jar
java_class_path (initial): F:\sdk\build-tools\25.0.1\lib\dx.jar
Launcher Type: SUN_STANDARD

Environment Variables:
JAVA_HOME=C:\Program Files\Java\jdk1.8.0_05
PATH=C:\ProgramData\Oracle\Java\javapath;C:\Program Files (x86)\NVIDIA Corporation\PhysX\Common;C:\Program Files (x86)\Intel\iCLS Client\;C:\Program Files\Intel\iCLS Client\;C:\WINDOWS\system32;C:\WINDOWS;C:\WINDOWS\System32\Wbem;C:\WINDOWS\System32\WindowsPowerShell\v1.0\;C:\Program Files\Microsoft SQL Server\110\Tools\Binn\;C:\Program Files\Microsoft SQL Server\120\Tools\Binn\;C:\Program Files\Intel\Intel(R) Management Engine Components\DAL;C:\Program Files\Intel\Intel(R) Management Engine Components\IPT;C:\Program Files (x86)\Intel\Intel(R) Management Engine Components\DAL;C:\Program Files (x86)\Intel\Intel(R) Management Engine Components\IPT;C:\Program Files\MySQL\MySQL Utilities 1.6\;C:\WINDOWS\system32\config\systemprofile\.dnx\bin;C:\Program Files\Microsoft DNX\Dnvm\;C:\Program Files\Microsoft SQL Server\130\Tools\Binn\;C:\Program Files (x86)\Windows Kits\8.1\Windows Performance Toolkit\;C:\Program Files (x86)\Brackets\command;C:\Python34;C:\Python34\Scripts;C:\Users\user\Anaconda3;C:\Users\user\Anaconda3\Scripts;C:\Users\user\Anaconda3\Library\bin;C:\Program Files\Java\jdk1.8.0_05\bin;C:\Users\user\Downloads\shell.w32-ix86;C:\Users\user\AppData\Local\atom\bin;C:\MinGW\bin;C:\Program Files\MongoDB\Server\3.2\bin;USERPROFILE\AppData\Local\Microsoft\WindowsApps;
USERNAME=user
OS=Windows_NT
PROCESSOR_IDENTIFIER=Intel64 Family 6 Model 60 Stepping 3, GenuineIntel



---------------  S Y S T E M  ---------------

OS: Windows 8.1 , 64 bit Build 9600 

CPU:total 4 (4 cores per cpu, 1 threads per core) family 6 model 60 stepping 3, cmov, cx8, fxsr, mmx, sse, sse2, sse3, ssse3, sse4.1, sse4.2, popcnt, avx, avx2, aes, clmul, erms, tsc, tscinvbit

Memory: 4k page, physical 8342076k(1965600k free), swap 8342076k(5380k free)

vm_info: Java HotSpot(TM) 64-Bit Server VM (25.5-b02) for windows-amd64 JRE (1.8.0_05-b13), built on Mar 18 2014 01:08:39 by "java_re" with MS VC++ 10.0 (VS2010)

time: Thu Jan 12 15:50:13 2017
elapsed time: 1 seconds

